{"timestamp": "2026-04-07 12:34:27", "event_id": 4688, "channel": "Security", "source": "Microsoft-Windows-Security-Auditing", "computer": "Anish", "event_type": "suspicious_process", "event_type_label": "Suspicious Process Launched", "severity": "HIGH", "severity_int": 3, "user": "labuser", "ip": "", "process_name": "sc.exe", "cmdline": "\"c:\\windows\\system32\\sc.exe\" create evil3 binpath= \"cmd.exe /c echo hacked > c:\\users\\public\\proof2.txt\" start= demand", "logon_type": "", "logon_type_label": "", "logon_risk": "INFO", "privileges": "", "message": "A new process has been created.\r\n\r\nCreator Subject:\r\n\tSecurity ID:\t\tS-1-5-21-1251900359-2259549607-1534340609-1008\r\n\tAccount Name:\t\tlabuser\r\n\tAccount Domain:\t\tANISH\r\n\tLogon ID:\t\t0x178d7d3\r\n\r\nTarget Subject:\r\n\tSecurity ID:\t\tS-1-0-0\r\n\tAccount Name:\t\t-\r\n\tAccount Domain:\t\t-\r\n\tLogon ID:\t\t0x0\r\n\r\nProcess Information:\r\n\tNew Process ID:\t\t0x4e00\r\n\tNew Process Name:\tC\r\n\tToken Elevation Type:\t%%1936\r\n\tMandatory Label:\t\tS-1-16-12288\r\n\tCreator Process ID:\t0x35bc\r\n\tCreator Process Name:\tC\r\n\tProcess Command Lin", "raw_inserts": ["S-1-5-21-1251900359-2259549607-1534340609-1008", "labuser", "ANISH", "0x178d7d3", "0x4e00", "C:\\Windows\\System32\\sc.exe", "%%1936", "0x35bc", "\"C:\\WINDOWS\\system32\\sc.exe\" create evil3 binPath= \"cmd.exe /c echo Hacked > C:\\Users\\Public\\proof2.txt\" start= demand", "S-1-0-0"]}
{"timestamp": "2026-04-07 12:34:27", "event_id": 4674, "channel": "Security", "source": "Microsoft-Windows-Security-Auditing", "computer": "Anish", "event_type": "generic", "event_type_label": "Generic System Event", "severity": "INFO", "severity_int": 0, "user": "ConDrv", "ip": "", "process_name": "", "cmdline": "", "logon_type": "", "logon_type_label": "", "logon_risk": "INFO", "privileges": "", "message": "An operation was attempted on a privileged object.\r\n\r\nSubject:\r\n\tSecurity ID:\t\tS-1-5-21-1251900359-2259549607-1534340609-1008\r\n\tAccount Name:\t\tlabuser\r\n\tAccount Domain:\t\tANISH\r\n\tLogon ID:\t\t0x178d7d3\r\n\r\nObject:\r\n\tObject Server:\tSecurity\r\n\tObject Type:\tFile\r\n\tObject Name:\t\\Device\\ConDrv\r\n\tObject Handle:\t0x4\r\n\r\nProcess Information:\r\n\tProcess ID:\t0x8714\r\n\tProcess Name:\tC:\\Windows\\System32\\sc.exe\r\n\r\nRequested Operation:\r\n\tDesired Access:\t%%1537\r\n\t\t\t\t%%1538\r\n\t\t\t\t%%1539\r\n\t\t\t\t%%1540\r\n\t\t\t\t%%1541\r\n\t\t\t\t%%4", "raw_inserts": ["S-1-5-21-1251900359-2259549607-1534340609-1008", "labuser", "ANISH", "0x178d7d3", "Security", "File", "\\Device\\ConDrv", "0x4", "%%1537\r\n\t\t\t\t%%1538\r\n\t\t\t\t%%1539\r\n\t\t\t\t%%1540\r\n\t\t\t\t%%1541\r\n\t\t\t\t%%4416\r\n\t\t\t\t%%4417\r\n\t\t\t\t%%4418\r\n\t\t\t\t%%4419\r\n\t\t\t\t%%4420\r\n\t\t\t\t%%4421\r\n\t\t\t\t%%4422\r\n\t\t\t\t%%4423\r\n\t\t\t\t%%4424\r\n\t\t\t\t", "SeTakeOwnershipPrivilege"]}
{"timestamp": "2026-04-07 12:34:27", "event_id": 4674, "channel": "Security", "source": "Microsoft-Windows-Security-Auditing", "computer": "Anish", "event_type": "generic", "event_type_label": "Generic System Event", "severity": "INFO", "severity_int": 0, "user": "SM0:34580:304:WilStaging_02", "ip": "", "process_name": "", "cmdline": "", "logon_type": "", "logon_type_label": "", "logon_risk": "INFO", "privileges": "", "message": "An operation was attempted on a privileged object.\r\n\r\nSubject:\r\n\tSecurity ID:\t\tS-1-5-21-1251900359-2259549607-1534340609-1008\r\n\tAccount Name:\t\tlabuser\r\n\tAccount Domain:\t\tANISH\r\n\tLogon ID:\t\t0x178d7d3\r\n\r\nObject:\r\n\tObject Server:\tSecurity\r\n\tObject Type:\tMutant\r\n\tObject Name:\t\\BaseNamedObjects\\SM0:34580:304:WilStaging_02\r\n\tObject Handle:\t0x1e8\r\n\r\nProcess Information:\r\n\tProcess ID:\t0x8714\r\n\tProcess Name:\tC:\\Windows\\System32\\conhost.exe\r\n\r\nRequested Operation:\r\n\tDesired Access:\t%%1537\r\n\t\t\t\t%%1538\r\n\t\t\t", "raw_inserts": ["S-1-5-21-1251900359-2259549607-1534340609-1008", "labuser", "ANISH", "0x178d7d3", "Security", "Mutant", "\\BaseNamedObjects\\SM0:34580:304:WilStaging_02", "0x1e8", "%%1537\r\n\t\t\t\t%%1538\r\n\t\t\t\t%%1539\r\n\t\t\t\t%%1540\r\n\t\t\t\t%%1541\r\n\t\t\t\t%%4448\r\n\t\t\t\t", "SeTakeOwnershipPrivilege"]}
{"timestamp": "2026-04-07 12:34:27", "event_id": 4674, "channel": "Security", "source": "Microsoft-Windows-Security-Auditing", "computer": "Anish", "event_type": "generic", "event_type_label": "Generic System Event", "severity": "INFO", "severity_int": 0, "user": "conhost.exe", "ip": "", "process_name": "", "cmdline": "", "logon_type": "", "logon_type_label": "", "logon_risk": "INFO", "privileges": "", "message": "An operation was attempted on a privileged object.\r\n\r\nSubject:\r\n\tSecurity ID:\t\tS-1-5-21-1251900359-2259549607-1534340609-1008\r\n\tAccount Name:\t\tlabuser\r\n\tAccount Domain:\t\tANISH\r\n\tLogon ID:\t\t0x178d7d3\r\n\r\nObject:\r\n\tObject Server:\tSecurity\r\n\tObject Type:\t-\r\n\tObject Name:\t-\r\n\tObject Handle:\t0x1e8\r\n\r\nProcess Information:\r\n\tProcess ID:\t0x8714\r\n\tProcess Name:\tC:\\Windows\\System32\\conhost.exe\r\n\r\nRequested Operation:\r\n\tDesired Access:\t2031617\r\n\tPrivileges:\t\tSeTakeOwnershipPrivilege\r\n", "raw_inserts": ["S-1-5-21-1251900359-2259549607-1534340609-1008", "labuser", "ANISH", "0x178d7d3", "Security", "-", "-", "0x1e8", "2031617", "SeTakeOwnershipPrivilege"]}
{"timestamp": "2026-04-07 12:34:27", "event_id": 4674, "channel": "Security", "source": "Microsoft-Windows-Security-Auditing", "computer": "Anish", "event_type": "generic", "event_type_label": "Generic System Event", "severity": "INFO", "severity_int": 0, "user": "SM0:34580:304:WilStaging_02_p0", "ip": "", "process_name": "", "cmdline": "", "logon_type": "", "logon_type_label": "", "logon_risk": "INFO", "privileges": "", "message": "An operation was attempted on a privileged object.\r\n\r\nSubject:\r\n\tSecurity ID:\t\tS-1-5-21-1251900359-2259549607-1534340609-1008\r\n\tAccount Name:\t\tlabuser\r\n\tAccount Domain:\t\tANISH\r\n\tLogon ID:\t\t0x178d7d3\r\n\r\nObject:\r\n\tObject Server:\tSecurity\r\n\tObject Type:\tSemaphore\r\n\tObject Name:\t\\BaseNamedObjects\\SM0:34580:304:WilStaging_02_p0\r\n\tObject Handle:\t0x1ec\r\n\r\nProcess Information:\r\n\tProcess ID:\t0x8714\r\n\tProcess Name:\tC:\\Windows\\System32\\conhost.exe\r\n\r\nRequested Operation:\r\n\tDesired Access:\t%%1537\r\n\t\t\t\t%%153", "raw_inserts": ["S-1-5-21-1251900359-2259549607-1534340609-1008", "labuser", "ANISH", "0x178d7d3", "Security", "Semaphore", "\\BaseNamedObjects\\SM0:34580:304:WilStaging_02_p0", "0x1ec", "%%1537\r\n\t\t\t\t%%1538\r\n\t\t\t\t%%1539\r\n\t\t\t\t%%1540\r\n\t\t\t\t%%1541\r\n\t\t\t\t%%4528\r\n\t\t\t\t%%4529\r\n\t\t\t\t", "SeTakeOwnershipPrivilege"]}
{"timestamp": "2026-04-07 12:34:27", "event_id": 4674, "channel": "Security", "source": "Microsoft-Windows-Security-Auditing", "computer": "Anish", "event_type": "generic", "event_type_label": "Generic System Event", "severity": "INFO", "severity_int": 0, "user": "SM0:34580:304:WilStaging_02_p0h", "ip": "", "process_name": "", "cmdline": "", "logon_type": "", "logon_type_label": "", "logon_risk": "INFO", "privileges": "", "message": "An operation was attempted on a privileged object.\r\n\r\nSubject:\r\n\tSecurity ID:\t\tS-1-5-21-1251900359-2259549607-1534340609-1008\r\n\tAccount Name:\t\tlabuser\r\n\tAccount Domain:\t\tANISH\r\n\tLogon ID:\t\t0x178d7d3\r\n\r\nObject:\r\n\tObject Server:\tSecurity\r\n\tObject Type:\tSemaphore\r\n\tObject Name:\t\\BaseNamedObjects\\SM0:34580:304:WilStaging_02_p0h\r\n\tObject Handle:\t0x1f0\r\n\r\nProcess Information:\r\n\tProcess ID:\t0x8714\r\n\tProcess Name:\tC:\\Windows\\System32\\conhost.exe\r\n\r\nRequested Operation:\r\n\tDesired Access:\t%%1537\r\n\t\t\t\t%%15", "raw_inserts": ["S-1-5-21-1251900359-2259549607-1534340609-1008", "labuser", "ANISH", "0x178d7d3", "Security", "Semaphore", "\\BaseNamedObjects\\SM0:34580:304:WilStaging_02_p0h", "0x1f0", "%%1537\r\n\t\t\t\t%%1538\r\n\t\t\t\t%%1539\r\n\t\t\t\t%%1540\r\n\t\t\t\t%%1541\r\n\t\t\t\t%%4528\r\n\t\t\t\t%%4529\r\n\t\t\t\t", "SeTakeOwnershipPrivilege"]}
{"timestamp": "2026-04-07 12:34:27", "event_id": 4674, "channel": "Security", "source": "Microsoft-Windows-Security-Auditing", "computer": "Anish", "event_type": "generic", "event_type_label": "Generic System Event", "severity": "INFO", "severity_int": 0, "user": "SM0:34580:120:WilError_03", "ip": "", "process_name": "", "cmdline": "", "logon_type": "", "logon_type_label": "", "logon_risk": "INFO", "privileges": "", "message": "An operation was attempted on a privileged object.\r\n\r\nSubject:\r\n\tSecurity ID:\t\tS-1-5-21-1251900359-2259549607-1534340609-1008\r\n\tAccount Name:\t\tlabuser\r\n\tAccount Domain:\t\tANISH\r\n\tLogon ID:\t\t0x178d7d3\r\n\r\nObject:\r\n\tObject Server:\tSecurity\r\n\tObject Type:\tMutant\r\n\tObject Name:\t\\BaseNamedObjects\\SM0:34580:120:WilError_03\r\n\tObject Handle:\t0x218\r\n\r\nProcess Information:\r\n\tProcess ID:\t0x8714\r\n\tProcess Name:\tC:\\Windows\\System32\\conhost.exe\r\n\r\nRequested Operation:\r\n\tDesired Access:\t%%1537\r\n\t\t\t\t%%1538\r\n\t\t\t\t%", "raw_inserts": ["S-1-5-21-1251900359-2259549607-1534340609-1008", "labuser", "ANISH", "0x178d7d3", "Security", "Mutant", "\\BaseNamedObjects\\SM0:34580:120:WilError_03", "0x218", "%%1537\r\n\t\t\t\t%%1538\r\n\t\t\t\t%%1539\r\n\t\t\t\t%%1540\r\n\t\t\t\t%%1541\r\n\t\t\t\t%%4448\r\n\t\t\t\t", "SeTakeOwnershipPrivilege"]}
{"timestamp": "2026-04-07 12:34:27", "event_id": 4674, "channel": "Security", "source": "Microsoft-Windows-Security-Auditing", "computer": "Anish", "event_type": "generic", "event_type_label": "Generic System Event", "severity": "INFO", "severity_int": 0, "user": "SM0:34580:120:WilError_03_p0", "ip": "", "process_name": "", "cmdline": "", "logon_type": "", "logon_type_label": "", "logon_risk": "INFO", "privileges": "", "message": "An operation was attempted on a privileged object.\r\n\r\nSubject:\r\n\tSecurity ID:\t\tS-1-5-21-1251900359-2259549607-1534340609-1008\r\n\tAccount Name:\t\tlabuser\r\n\tAccount Domain:\t\tANISH\r\n\tLogon ID:\t\t0x178d7d3\r\n\r\nObject:\r\n\tObject Server:\tSecurity\r\n\tObject Type:\tSemaphore\r\n\tObject Name:\t\\BaseNamedObjects\\SM0:34580:120:WilError_03_p0\r\n\tObject Handle:\t0x21c\r\n\r\nProcess Information:\r\n\tProcess ID:\t0x8714\r\n\tProcess Name:\tC:\\Windows\\System32\\conhost.exe\r\n\r\nRequested Operation:\r\n\tDesired Access:\t%%1537\r\n\t\t\t\t%%1538\r", "raw_inserts": ["S-1-5-21-1251900359-2259549607-1534340609-1008", "labuser", "ANISH", "0x178d7d3", "Security", "Semaphore", "\\BaseNamedObjects\\SM0:34580:120:WilError_03_p0", "0x21c", "%%1537\r\n\t\t\t\t%%1538\r\n\t\t\t\t%%1539\r\n\t\t\t\t%%1540\r\n\t\t\t\t%%1541\r\n\t\t\t\t%%4528\r\n\t\t\t\t%%4529\r\n\t\t\t\t", "SeTakeOwnershipPrivilege"]}
{"timestamp": "2026-04-07 12:34:27", "event_id": 4674, "channel": "Security", "source": "Microsoft-Windows-Security-Auditing", "computer": "Anish", "event_type": "generic", "event_type_label": "Generic System Event", "severity": "INFO", "severity_int": 0, "user": "SM0:34580:120:WilError_03_p0h", "ip": "", "process_name": "", "cmdline": "", "logon_type": "", "logon_type_label": "", "logon_risk": "INFO", "privileges": "", "message": "An operation was attempted on a privileged object.\r\n\r\nSubject:\r\n\tSecurity ID:\t\tS-1-5-21-1251900359-2259549607-1534340609-1008\r\n\tAccount Name:\t\tlabuser\r\n\tAccount Domain:\t\tANISH\r\n\tLogon ID:\t\t0x178d7d3\r\n\r\nObject:\r\n\tObject Server:\tSecurity\r\n\tObject Type:\tSemaphore\r\n\tObject Name:\t\\BaseNamedObjects\\SM0:34580:120:WilError_03_p0h\r\n\tObject Handle:\t0x220\r\n\r\nProcess Information:\r\n\tProcess ID:\t0x8714\r\n\tProcess Name:\tC:\\Windows\\System32\\conhost.exe\r\n\r\nRequested Operation:\r\n\tDesired Access:\t%%1537\r\n\t\t\t\t%%1538", "raw_inserts": ["S-1-5-21-1251900359-2259549607-1534340609-1008", "labuser", "ANISH", "0x178d7d3", "Security", "Semaphore", "\\BaseNamedObjects\\SM0:34580:120:WilError_03_p0h", "0x220", "%%1537\r\n\t\t\t\t%%1538\r\n\t\t\t\t%%1539\r\n\t\t\t\t%%1540\r\n\t\t\t\t%%1541\r\n\t\t\t\t%%4528\r\n\t\t\t\t%%4529\r\n\t\t\t\t", "SeTakeOwnershipPrivilege"]}
{"timestamp": "2026-04-07 12:34:27", "event_id": 4697, "channel": "Security", "source": "Microsoft-Windows-Security-Auditing", "computer": "Anish", "event_type": "service_installed", "event_type_label": "New Service Installed", "severity": "HIGH", "severity_int": 3, "user": "S-1-5-21-1251900359-2259549607-1534340609-1008", "ip": "", "process_name": "", "cmdline": "", "logon_type": "", "logon_type_label": "", "logon_risk": "INFO", "privileges": "", "message": "A service was installed in the system.\r\n\r\nSubject:\r\n\tSecurity ID:\t\tS-1-5-21-1251900359-2259549607-1534340609-1008\r\n\tAccount Name:\t\tlabuser\r\n\tAccount Domain:\t\tANISH\r\n\tLogon ID:\t\t0x178d7d3\r\n\r\nService Information:\r\n\tService Name: \t\tevil3\r\n\tService File Name:\tcmd.exe /c echo Hacked > C:\\Users\\Public\\proof2.txt\r\n\tService Type: \t\t0x10\r\n\tService Start Type:\t3\r\n\tService Account: \t\tLocalSystem\r\n", "raw_inserts": ["S-1-5-21-1251900359-2259549607-1534340609-1008", "labuser", "ANISH", "0x178d7d3", "evil3", "cmd.exe /c echo Hacked > C:\\Users\\Public\\proof2.txt", "0x10", "3", "LocalSystem", "128071114403349996"]}
{"timestamp": "2026-04-07 12:34:27", "event_id": 4689, "channel": "Security", "source": "Microsoft-Windows-Security-Auditing", "computer": "Anish", "event_type": "generic", "event_type_label": "Generic System Event", "severity": "INFO", "severity_int": 0, "user": "sc.exe", "ip": "", "process_name": "", "cmdline": "", "logon_type": "", "logon_type_label": "", "logon_risk": "INFO", "privileges": "", "message": "A process has exited.\r\n\r\nSubject:\r\n\tSecurity ID:\t\tS-1-5-21-1251900359-2259549607-1534340609-1008\r\n\tAccount Name:\t\tlabuser\r\n\tAccount Domain:\t\tANISH\r\n\tLogon ID:\t\t0x178d7d3\r\n\r\nProcess Information:\r\n\tProcess ID:\t0x4e00\r\n\tProcess Name:\tC:\\Windows\\System32\\sc.exe\r\n\tExit Status:\t0x0\r\n", "raw_inserts": ["S-1-5-21-1251900359-2259549607-1534340609-1008", "labuser", "ANISH", "0x178d7d3", "0x0", "0x4e00", "C:\\Windows\\System32\\sc.exe"]}
{"timestamp": "2026-04-07 12:34:27", "event_id": 4689, "channel": "Security", "source": "Microsoft-Windows-Security-Auditing", "computer": "Anish", "event_type": "generic", "event_type_label": "Generic System Event", "severity": "INFO", "severity_int": 0, "user": "conhost.exe", "ip": "", "process_name": "", "cmdline": "", "logon_type": "", "logon_type_label": "", "logon_risk": "INFO", "privileges": "", "message": "A process has exited.\r\n\r\nSubject:\r\n\tSecurity ID:\t\tS-1-5-21-1251900359-2259549607-1534340609-1008\r\n\tAccount Name:\t\tlabuser\r\n\tAccount Domain:\t\tANISH\r\n\tLogon ID:\t\t0x178d7d3\r\n\r\nProcess Information:\r\n\tProcess ID:\t0x8714\r\n\tProcess Name:\tC:\\Windows\\System32\\conhost.exe\r\n\tExit Status:\t0x0\r\n", "raw_inserts": ["S-1-5-21-1251900359-2259549607-1534340609-1008", "labuser", "ANISH", "0x178d7d3", "0x0", "0x8714", "C:\\Windows\\System32\\conhost.exe"]}
{"timestamp": "2026-04-07 12:34:27", "event_id": 4674, "channel": "Security", "source": "Microsoft-Windows-Security-Auditing", "computer": "Anish", "event_type": "generic", "event_type_label": "Generic System Event", "severity": "INFO", "severity_int": 0, "user": "SM0:12548:304:WilStaging_02", "ip": "", "process_name": "", "cmdline": "", "logon_type": "", "logon_type_label": "", "logon_risk": "INFO", "privileges": "", "message": "An operation was attempted on a privileged object.\r\n\r\nSubject:\r\n\tSecurity ID:\t\tS-1-5-21-1251900359-2259549607-1534340609-1008\r\n\tAccount Name:\t\tlabuser\r\n\tAccount Domain:\t\tANISH\r\n\tLogon ID:\t\t0x178d7d3\r\n\r\nObject:\r\n\tObject Server:\tSecurity\r\n\tObject Type:\tMutant\r\n\tObject Name:\t\\BaseNamedObjects\\SM0:12548:304:WilStaging_02\r\n\tObject Handle:\t0x1c8\r\n\r\nProcess Information:\r\n\tProcess ID:\t0x3104\r\n\tProcess Name:\tC:\\Windows\\System32\\conhost.exe\r\n\r\nRequested Operation:\r\n\tDesired Access:\t%%1537\r\n\t\t\t\t%%1538\r\n\t\t\t", "raw_inserts": ["S-1-5-21-1251900359-2259549607-1534340609-1008", "labuser", "ANISH", "0x178d7d3", "Security", "Mutant", "\\BaseNamedObjects\\SM0:12548:304:WilStaging_02", "0x1c8", "%%1537\r\n\t\t\t\t%%1538\r\n\t\t\t\t%%1539\r\n\t\t\t\t%%1540\r\n\t\t\t\t%%1541\r\n\t\t\t\t%%4448\r\n\t\t\t\t", "SeTakeOwnershipPrivilege"]}
{"timestamp": "2026-04-07 12:34:27", "event_id": 4674, "channel": "Security", "source": "Microsoft-Windows-Security-Auditing", "computer": "Anish", "event_type": "generic", "event_type_label": "Generic System Event", "severity": "INFO", "severity_int": 0, "user": "SM0:12548:304:WilStaging_02_p0", "ip": "", "process_name": "", "cmdline": "", "logon_type": "", "logon_type_label": "", "logon_risk": "INFO", "privileges": "", "message": "An operation was attempted on a privileged object.\r\n\r\nSubject:\r\n\tSecurity ID:\t\tS-1-5-21-1251900359-2259549607-1534340609-1008\r\n\tAccount Name:\t\tlabuser\r\n\tAccount Domain:\t\tANISH\r\n\tLogon ID:\t\t0x178d7d3\r\n\r\nObject:\r\n\tObject Server:\tSecurity\r\n\tObject Type:\tSemaphore\r\n\tObject Name:\t\\BaseNamedObjects\\SM0:12548:304:WilStaging_02_p0\r\n\tObject Handle:\t0x1cc\r\n\r\nProcess Information:\r\n\tProcess ID:\t0x3104\r\n\tProcess Name:\tC:\\Windows\\System32\\conhost.exe\r\n\r\nRequested Operation:\r\n\tDesired Access:\t%%1537\r\n\t\t\t\t%%153", "raw_inserts": ["S-1-5-21-1251900359-2259549607-1534340609-1008", "labuser", "ANISH", "0x178d7d3", "Security", "Semaphore", "\\BaseNamedObjects\\SM0:12548:304:WilStaging_02_p0", "0x1cc", "%%1537\r\n\t\t\t\t%%1538\r\n\t\t\t\t%%1539\r\n\t\t\t\t%%1540\r\n\t\t\t\t%%1541\r\n\t\t\t\t%%4528\r\n\t\t\t\t%%4529\r\n\t\t\t\t", "SeTakeOwnershipPrivilege"]}
{"timestamp": "2026-04-07 12:34:27", "event_id": 4674, "channel": "Security", "source": "Microsoft-Windows-Security-Auditing", "computer": "Anish", "event_type": "generic", "event_type_label": "Generic System Event", "severity": "INFO", "severity_int": 0, "user": "SM0:12548:304:WilStaging_02_p0h", "ip": "", "process_name": "", "cmdline": "", "logon_type": "", "logon_type_label": "", "logon_risk": "INFO", "privileges": "", "message": "An operation was attempted on a privileged object.\r\n\r\nSubject:\r\n\tSecurity ID:\t\tS-1-5-21-1251900359-2259549607-1534340609-1008\r\n\tAccount Name:\t\tlabuser\r\n\tAccount Domain:\t\tANISH\r\n\tLogon ID:\t\t0x178d7d3\r\n\r\nObject:\r\n\tObject Server:\tSecurity\r\n\tObject Type:\tSemaphore\r\n\tObject Name:\t\\BaseNamedObjects\\SM0:12548:304:WilStaging_02_p0h\r\n\tObject Handle:\t0x1d0\r\n\r\nProcess Information:\r\n\tProcess ID:\t0x3104\r\n\tProcess Name:\tC:\\Windows\\System32\\conhost.exe\r\n\r\nRequested Operation:\r\n\tDesired Access:\t%%1537\r\n\t\t\t\t%%15", "raw_inserts": ["S-1-5-21-1251900359-2259549607-1534340609-1008", "labuser", "ANISH", "0x178d7d3", "Security", "Semaphore", "\\BaseNamedObjects\\SM0:12548:304:WilStaging_02_p0h", "0x1d0", "%%1537\r\n\t\t\t\t%%1538\r\n\t\t\t\t%%1539\r\n\t\t\t\t%%1540\r\n\t\t\t\t%%1541\r\n\t\t\t\t%%4528\r\n\t\t\t\t%%4529\r\n\t\t\t\t", "SeTakeOwnershipPrivilege"]}
{"timestamp": "2026-04-07 12:34:27", "event_id": 4674, "channel": "Security", "source": "Microsoft-Windows-Security-Auditing", "computer": "Anish", "event_type": "generic", "event_type_label": "Generic System Event", "severity": "INFO", "severity_int": 0, "user": "SM0:12548:120:WilError_03", "ip": "", "process_name": "", "cmdline": "", "logon_type": "", "logon_type_label": "", "logon_risk": "INFO", "privileges": "", "message": "An operation was attempted on a privileged object.\r\n\r\nSubject:\r\n\tSecurity ID:\t\tS-1-5-21-1251900359-2259549607-1534340609-1008\r\n\tAccount Name:\t\tlabuser\r\n\tAccount Domain:\t\tANISH\r\n\tLogon ID:\t\t0x178d7d3\r\n\r\nObject:\r\n\tObject Server:\tSecurity\r\n\tObject Type:\tMutant\r\n\tObject Name:\t\\BaseNamedObjects\\SM0:12548:120:WilError_03\r\n\tObject Handle:\t0x204\r\n\r\nProcess Information:\r\n\tProcess ID:\t0x3104\r\n\tProcess Name:\tC:\\Windows\\System32\\conhost.exe\r\n\r\nRequested Operation:\r\n\tDesired Access:\t%%1537\r\n\t\t\t\t%%1538\r\n\t\t\t\t%", "raw_inserts": ["S-1-5-21-1251900359-2259549607-1534340609-1008", "labuser", "ANISH", "0x178d7d3", "Security", "Mutant", "\\BaseNamedObjects\\SM0:12548:120:WilError_03", "0x204", "%%1537\r\n\t\t\t\t%%1538\r\n\t\t\t\t%%1539\r\n\t\t\t\t%%1540\r\n\t\t\t\t%%1541\r\n\t\t\t\t%%4448\r\n\t\t\t\t", "SeTakeOwnershipPrivilege"]}
{"timestamp": "2026-04-07 12:34:27", "event_id": 4674, "channel": "Security", "source": "Microsoft-Windows-Security-Auditing", "computer": "Anish", "event_type": "generic", "event_type_label": "Generic System Event", "severity": "INFO", "severity_int": 0, "user": "SM0:12548:120:WilError_03_p0", "ip": "", "process_name": "", "cmdline": "", "logon_type": "", "logon_type_label": "", "logon_risk": "INFO", "privileges": "", "message": "An operation was attempted on a privileged object.\r\n\r\nSubject:\r\n\tSecurity ID:\t\tS-1-5-21-1251900359-2259549607-1534340609-1008\r\n\tAccount Name:\t\tlabuser\r\n\tAccount Domain:\t\tANISH\r\n\tLogon ID:\t\t0x178d7d3\r\n\r\nObject:\r\n\tObject Server:\tSecurity\r\n\tObject Type:\tSemaphore\r\n\tObject Name:\t\\BaseNamedObjects\\SM0:12548:120:WilError_03_p0\r\n\tObject Handle:\t0x208\r\n\r\nProcess Information:\r\n\tProcess ID:\t0x3104\r\n\tProcess Name:\tC:\\Windows\\System32\\conhost.exe\r\n\r\nRequested Operation:\r\n\tDesired Access:\t%%1537\r\n\t\t\t\t%%1538\r", "raw_inserts": ["S-1-5-21-1251900359-2259549607-1534340609-1008", "labuser", "ANISH", "0x178d7d3", "Security", "Semaphore", "\\BaseNamedObjects\\SM0:12548:120:WilError_03_p0", "0x208", "%%1537\r\n\t\t\t\t%%1538\r\n\t\t\t\t%%1539\r\n\t\t\t\t%%1540\r\n\t\t\t\t%%1541\r\n\t\t\t\t%%4528\r\n\t\t\t\t%%4529\r\n\t\t\t\t", "SeTakeOwnershipPrivilege"]}
{"timestamp": "2026-04-07 12:34:27", "event_id": 4674, "channel": "Security", "source": "Microsoft-Windows-Security-Auditing", "computer": "Anish", "event_type": "generic", "event_type_label": "Generic System Event", "severity": "INFO", "severity_int": 0, "user": "SM0:12548:120:WilError_03_p0h", "ip": "", "process_name": "", "cmdline": "", "logon_type": "", "logon_type_label": "", "logon_risk": "INFO", "privileges": "", "message": "An operation was attempted on a privileged object.\r\n\r\nSubject:\r\n\tSecurity ID:\t\tS-1-5-21-1251900359-2259549607-1534340609-1008\r\n\tAccount Name:\t\tlabuser\r\n\tAccount Domain:\t\tANISH\r\n\tLogon ID:\t\t0x178d7d3\r\n\r\nObject:\r\n\tObject Server:\tSecurity\r\n\tObject Type:\tSemaphore\r\n\tObject Name:\t\\BaseNamedObjects\\SM0:12548:120:WilError_03_p0h\r\n\tObject Handle:\t0x20c\r\n\r\nProcess Information:\r\n\tProcess ID:\t0x3104\r\n\tProcess Name:\tC:\\Windows\\System32\\conhost.exe\r\n\r\nRequested Operation:\r\n\tDesired Access:\t%%1537\r\n\t\t\t\t%%1538", "raw_inserts": ["S-1-5-21-1251900359-2259549607-1534340609-1008", "labuser", "ANISH", "0x178d7d3", "Security", "Semaphore", "\\BaseNamedObjects\\SM0:12548:120:WilError_03_p0h", "0x20c", "%%1537\r\n\t\t\t\t%%1538\r\n\t\t\t\t%%1539\r\n\t\t\t\t%%1540\r\n\t\t\t\t%%1541\r\n\t\t\t\t%%4528\r\n\t\t\t\t%%4529\r\n\t\t\t\t", "SeTakeOwnershipPrivilege"]}
{"timestamp": "2026-04-07 12:34:27", "event_id": 4688, "channel": "Security", "source": "Microsoft-Windows-Security-Auditing", "computer": "Anish", "event_type": "suspicious_process", "event_type_label": "Suspicious Process Launched", "severity": "HIGH", "severity_int": 3, "user": "ANISH$", "ip": "", "process_name": "cmd.exe", "cmdline": "cmd.exe /c echo hacked > c:\\users\\public\\proof2.txt", "logon_type": "", "logon_type_label": "", "logon_risk": "INFO", "privileges": "", "message": "A new process has been created.\r\n\r\nCreator Subject:\r\n\tSecurity ID:\t\tS-1-5-18\r\n\tAccount Name:\t\tANISH$\r\n\tAccount Domain:\t\tWORKGROUP\r\n\tLogon ID:\t\t0x3e7\r\n\r\nTarget Subject:\r\n\tSecurity ID:\t\tS-1-0-0\r\n\tAccount Name:\t\t-\r\n\tAccount Domain:\t\t-\r\n\tLogon ID:\t\t0x0\r\n\r\nProcess Information:\r\n\tNew Process ID:\t\t0x6408\r\n\tNew Process Name:\tC\r\n\tToken Elevation Type:\t%%1936\r\n\tMandatory Label:\t\tS-1-16-16384\r\n\tCreator Process ID:\t0x544\r\n\tCreator Process Name:\tC\r\n\tProcess Command Line:\tc\r\n\r\nToken Elevation Type indicates t", "raw_inserts": ["S-1-5-18", "ANISH$", "WORKGROUP", "0x3e7", "0x6408", "C:\\Windows\\System32\\cmd.exe", "%%1936", "0x544", "cmd.exe /c echo Hacked > C:\\Users\\Public\\proof2.txt", "S-1-0-0"]}
{"timestamp": "2026-04-07 12:34:27", "event_id": 4689, "channel": "Security", "source": "Microsoft-Windows-Security-Auditing", "computer": "Anish", "event_type": "generic", "event_type_label": "Generic System Event", "severity": "INFO", "severity_int": 0, "user": "cmd.exe", "ip": "", "process_name": "", "cmdline": "", "logon_type": "", "logon_type_label": "", "logon_risk": "INFO", "privileges": "", "message": "A process has exited.\r\n\r\nSubject:\r\n\tSecurity ID:\t\tS-1-5-18\r\n\tAccount Name:\t\tANISH$\r\n\tAccount Domain:\t\tWORKGROUP\r\n\tLogon ID:\t\t0x3e7\r\n\r\nProcess Information:\r\n\tProcess ID:\t0x6408\r\n\tProcess Name:\tC:\\Windows\\System32\\cmd.exe\r\n\tExit Status:\t0x0\r\n", "raw_inserts": ["S-1-5-18", "ANISH$", "WORKGROUP", "0x3e7", "0x0", "0x6408", "C:\\Windows\\System32\\cmd.exe"]}
{"timestamp": "2026-04-07 12:34:28", "event_id": 5156, "channel": "Security", "source": "Microsoft-Windows-Security-Auditing", "computer": "Anish", "event_type": "generic", "event_type_label": "Generic System Event", "severity": "INFO", "severity_int": 0, "user": "lghub_agent.exe", "ip": "", "process_name": "", "cmdline": "", "logon_type": "", "logon_type_label": "", "logon_risk": "INFO", "privileges": "", "message": "The Windows Filtering Platform has permitted a connection.\r\n\r\nApplication Information:\r\n\tProcess ID:\t\t9828\r\n\tApplication Name:\t\\device\\harddiskvolume4\\program files\\lghub\\lghub_agent.exe\r\n\r\nNetwork Information:\r\n\tDirection:\t\t%%14593\r\n\tSource Address:\t\t127.0.0.1\r\n\tSource Port:\t\t48513\r\n\tDestination Address:\t127.0.0.1\r\n\tDestination Port:\t\t28194\r\n\tProtocol:\t\t6\r\n\tInterface Index:\t\t1\r\n\r\nFilter Information:\r\n\tFilter Origin:\t\tAppContainer Loopback\r\n\tFilter Run-Time ID:\t67110\r\n\tLayer Name:\t\t%%14611\r\n\tLay", "raw_inserts": ["9828", "\\device\\harddiskvolume4\\program files\\lghub\\lghub_agent.exe", "%%14593", "127.0.0.1", "48513", "127.0.0.1", "28194", "6", "1", "AppContainer Loopback"]}
{"timestamp": "2026-04-07 12:34:29", "event_id": 5156, "channel": "Security", "source": "Microsoft-Windows-Security-Auditing", "computer": "Anish", "event_type": "generic", "event_type_label": "Generic System Event", "severity": "INFO", "severity_int": 0, "user": "firefox.exe", "ip": "", "process_name": "", "cmdline": "", "logon_type": "", "logon_type_label": "", "logon_risk": "INFO", "privileges": "", "message": "The Windows Filtering Platform has permitted a connection.\r\n\r\nApplication Information:\r\n\tProcess ID:\t\t5256\r\n\tApplication Name:\t\\device\\harddiskvolume4\\program files\\mozilla firefox\\firefox.exe\r\n\r\nNetwork Information:\r\n\tDirection:\t\t%%14593\r\n\tSource Address:\t\t127.0.0.1\r\n\tSource Port:\t\t48514\r\n\tDestination Address:\t127.0.0.1\r\n\tDestination Port:\t\t5000\r\n\tProtocol:\t\t6\r\n\tInterface Index:\t\t1\r\n\r\nFilter Information:\r\n\tFilter Origin:\t\tAppContainer Loopback\r\n\tFilter Run-Time ID:\t67110\r\n\tLayer Name:\t\t%%14611\r", "raw_inserts": ["5256", "\\device\\harddiskvolume4\\program files\\mozilla firefox\\firefox.exe", "%%14593", "127.0.0.1", "48514", "127.0.0.1", "5000", "6", "1", "AppContainer Loopback"]}
{"timestamp": "2026-04-07 12:34:29", "event_id": 5156, "channel": "Security", "source": "Microsoft-Windows-Security-Auditing", "computer": "Anish", "event_type": "generic", "event_type_label": "Generic System Event", "severity": "INFO", "severity_int": 0, "user": "python.exe", "ip": "", "process_name": "", "cmdline": "", "logon_type": "", "logon_type_label": "", "logon_risk": "INFO", "privileges": "", "message": "The Windows Filtering Platform has permitted a connection.\r\n\r\nApplication Information:\r\n\tProcess ID:\t\t19868\r\n\tApplication Name:\t\\device\\harddiskvolume4\\users\\nitro 5\\appdata\\local\\programs\\python\\python312\\python.exe\r\n\r\nNetwork Information:\r\n\tDirection:\t\t%%14592\r\n\tSource Address:\t\t127.0.0.1\r\n\tSource Port:\t\t48514\r\n\tDestination Address:\t127.0.0.1\r\n\tDestination Port:\t\t5000\r\n\tProtocol:\t\t6\r\n\tInterface Index:\t\t1\r\n\r\nFilter Information:\r\n\tFilter Origin:\t\tAppContainer Loopback\r\n\tFilter Run-Time ID:\t67104", "raw_inserts": ["19868", "\\device\\harddiskvolume4\\users\\nitro 5\\appdata\\local\\programs\\python\\python312\\python.exe", "%%14592", "127.0.0.1", "48514", "127.0.0.1", "5000", "6", "1", "AppContainer Loopback"]}
{"timestamp": "2026-04-07 12:34:34", "event_id": 5156, "channel": "Security", "source": "Microsoft-Windows-Security-Auditing", "computer": "Anish", "event_type": "generic", "event_type_label": "Generic System Event", "severity": "INFO", "severity_int": 0, "user": "lghub_agent.exe", "ip": "", "process_name": "", "cmdline": "", "logon_type": "", "logon_type_label": "", "logon_risk": "INFO", "privileges": "", "message": "The Windows Filtering Platform has permitted a connection.\r\n\r\nApplication Information:\r\n\tProcess ID:\t\t9828\r\n\tApplication Name:\t\\device\\harddiskvolume4\\program files\\lghub\\lghub_agent.exe\r\n\r\nNetwork Information:\r\n\tDirection:\t\t%%14593\r\n\tSource Address:\t\t127.0.0.1\r\n\tSource Port:\t\t48535\r\n\tDestination Address:\t127.0.0.1\r\n\tDestination Port:\t\t28194\r\n\tProtocol:\t\t6\r\n\tInterface Index:\t\t1\r\n\r\nFilter Information:\r\n\tFilter Origin:\t\tAppContainer Loopback\r\n\tFilter Run-Time ID:\t67110\r\n\tLayer Name:\t\t%%14611\r\n\tLay", "raw_inserts": ["9828", "\\device\\harddiskvolume4\\program files\\lghub\\lghub_agent.exe", "%%14593", "127.0.0.1", "48535", "127.0.0.1", "28194", "6", "1", "AppContainer Loopback"]}
{"timestamp": "2026-04-07 12:34:36", "event_id": 5156, "channel": "Security", "source": "Microsoft-Windows-Security-Auditing", "computer": "Anish", "event_type": "generic", "event_type_label": "Generic System Event", "severity": "INFO", "severity_int": 0, "user": "adskaccessservice.exe", "ip": "", "process_name": "", "cmdline": "", "logon_type": "", "logon_type_label": "", "logon_risk": "INFO", "privileges": "", "message": "The Windows Filtering Platform has permitted a connection.\r\n\r\nApplication Information:\r\n\tProcess ID:\t\t10124\r\n\tApplication Name:\t\\device\\harddiskvolume4\\program files\\autodesk\\adodis\\v1\\setup\\adskaccessservice.exe\r\n\r\nNetwork Information:\r\n\tDirection:\t\t%%14593\r\n\tSource Address:\t\t127.0.0.1\r\n\tSource Port:\t\t48536\r\n\tDestination Address:\t127.0.0.1\r\n\tDestination Port:\t\t49675\r\n\tProtocol:\t\t6\r\n\tInterface Index:\t\t1\r\n\r\nFilter Information:\r\n\tFilter Origin:\t\tAppContainer Loopback\r\n\tFilter Run-Time ID:\t67110\r\n\t", "raw_inserts": ["10124", "\\device\\harddiskvolume4\\program files\\autodesk\\adodis\\v1\\setup\\adskaccessservice.exe", "%%14593", "127.0.0.1", "48536", "127.0.0.1", "49675", "6", "1", "AppContainer Loopback"]}
{"timestamp": "2026-04-07 12:34:36", "event_id": 5156, "channel": "Security", "source": "Microsoft-Windows-Security-Auditing", "computer": "Anish", "event_type": "generic", "event_type_label": "Generic System Event", "severity": "INFO", "severity_int": 0, "user": "cer_service.exe", "ip": "", "process_name": "", "cmdline": "", "logon_type": "", "logon_type_label": "", "logon_risk": "INFO", "privileges": "", "message": "The Windows Filtering Platform has permitted a connection.\r\n\r\nApplication Information:\r\n\tProcess ID:\t\t5136\r\n\tApplication Name:\t\\device\\harddiskvolume4\\program files\\autodesk\\autodesk cer\\service\\cer_service.exe\r\n\r\nNetwork Information:\r\n\tDirection:\t\t%%14592\r\n\tSource Address:\t\t127.0.0.1\r\n\tSource Port:\t\t48536\r\n\tDestination Address:\t127.0.0.1\r\n\tDestination Port:\t\t49675\r\n\tProtocol:\t\t6\r\n\tInterface Index:\t\t1\r\n\r\nFilter Information:\r\n\tFilter Origin:\t\tAppContainer Loopback\r\n\tFilter Run-Time ID:\t67104\r\n\tLa", "raw_inserts": ["5136", "\\device\\harddiskvolume4\\program files\\autodesk\\autodesk cer\\service\\cer_service.exe", "%%14592", "127.0.0.1", "48536", "127.0.0.1", "49675", "6", "1", "AppContainer Loopback"]}
{"timestamp": "2026-04-07 12:34:38", "event_id": 5158, "channel": "Security", "source": "Microsoft-Windows-Security-Auditing", "computer": "Anish", "event_type": "generic", "event_type_label": "Generic System Event", "severity": "INFO", "severity_int": 0, "user": "code.exe", "ip": "", "process_name": "", "cmdline": "", "logon_type": "", "logon_type_label": "", "logon_risk": "INFO", "privileges": "", "message": "The Windows Filtering Platform has permitted a bind to a local port.\r\n\r\nApplication Information:\r\n\tProcess ID:\t\t15748\r\n\tApplication Name:\t\\device\\harddiskvolume4\\users\\nitro 5\\appdata\\local\\programs\\microsoft vs code\\code.exe\r\n\r\nNetwork Information:\r\n\tSource Address:\t\t::\r\n\tSource Port:\t\t49704\r\n\tProtocol:\t\t17\r\n\r\nFilter Information:\r\n\tFilter Run-Time ID:\t0\r\n\tLayer Name:\t\t%%14608\r\n\tLayer Run-Time ID:\t36\r\n", "raw_inserts": ["15748", "\\device\\harddiskvolume4\\users\\nitro 5\\appdata\\local\\programs\\microsoft vs code\\code.exe", "::", "49704", "17", "0", "%%14608", "36"]}
{"timestamp": "2026-04-07 12:34:38", "event_id": 5156, "channel": "Security", "source": "Microsoft-Windows-Security-Auditing", "computer": "Anish", "event_type": "generic", "event_type_label": "Generic System Event", "severity": "INFO", "severity_int": 0, "user": "code.exe", "ip": "", "process_name": "", "cmdline": "", "logon_type": "", "logon_type_label": "", "logon_risk": "INFO", "privileges": "", "message": "The Windows Filtering Platform has permitted a connection.\r\n\r\nApplication Information:\r\n\tProcess ID:\t\t15748\r\n\tApplication Name:\t\\device\\harddiskvolume4\\users\\nitro 5\\appdata\\local\\programs\\microsoft vs code\\code.exe\r\n\r\nNetwork Information:\r\n\tDirection:\t\t%%14593\r\n\tSource Address:\t\t10.156.117.84\r\n\tSource Port:\t\t59642\r\n\tDestination Address:\t1.1.1.1\r\n\tDestination Port:\t\t53\r\n\tProtocol:\t\t17\r\n\tInterface Index:\t\t3\r\n\r\nFilter Information:\r\n\tFilter Origin:\t\tUnknown\r\n\tFilter Run-Time ID:\t0\r\n\tLayer Name:\t\t%%", "raw_inserts": ["15748", "\\device\\harddiskvolume4\\users\\nitro 5\\appdata\\local\\programs\\microsoft vs code\\code.exe", "%%14593", "10.156.117.84", "59642", "1.1.1.1", "53", "17", "3", "Unknown"]}
{"timestamp": "2026-04-07 12:34:39", "event_id": 5158, "channel": "Security", "source": "Microsoft-Windows-Security-Auditing", "computer": "Anish", "event_type": "generic", "event_type_label": "Generic System Event", "severity": "INFO", "severity_int": 0, "user": "msedgewebview2.exe", "ip": "", "process_name": "", "cmdline": "", "logon_type": "", "logon_type_label": "", "logon_risk": "INFO", "privileges": "", "message": "The Windows Filtering Platform has permitted a bind to a local port.\r\n\r\nApplication Information:\r\n\tProcess ID:\t\t22556\r\n\tApplication Name:\t\\device\\harddiskvolume4\\program files (x86)\\microsoft\\edgewebview\\application\\146.0.3856.97\\msedgewebview2.exe\r\n\r\nNetwork Information:\r\n\tSource Address:\t\t::\r\n\tSource Port:\t\t61825\r\n\tProtocol:\t\t17\r\n\r\nFilter Information:\r\n\tFilter Run-Time ID:\t0\r\n\tLayer Name:\t\t%%14608\r\n\tLayer Run-Time ID:\t36\r\n", "raw_inserts": ["22556", "\\device\\harddiskvolume4\\program files (x86)\\microsoft\\edgewebview\\application\\146.0.3856.97\\msedgewebview2.exe", "::", "61825", "17", "0", "%%14608", "36"]}
{"timestamp": "2026-04-07 12:34:40", "event_id": 5156, "channel": "Security", "source": "Microsoft-Windows-Security-Auditing", "computer": "Anish", "event_type": "generic", "event_type_label": "Generic System Event", "severity": "INFO", "severity_int": 0, "user": "lghub_agent.exe", "ip": "", "process_name": "", "cmdline": "", "logon_type": "", "logon_type_label": "", "logon_risk": "INFO", "privileges": "", "message": "The Windows Filtering Platform has permitted a connection.\r\n\r\nApplication Information:\r\n\tProcess ID:\t\t9828\r\n\tApplication Name:\t\\device\\harddiskvolume4\\program files\\lghub\\lghub_agent.exe\r\n\r\nNetwork Information:\r\n\tDirection:\t\t%%14593\r\n\tSource Address:\t\t127.0.0.1\r\n\tSource Port:\t\t48538\r\n\tDestination Address:\t127.0.0.1\r\n\tDestination Port:\t\t28194\r\n\tProtocol:\t\t6\r\n\tInterface Index:\t\t1\r\n\r\nFilter Information:\r\n\tFilter Origin:\t\tAppContainer Loopback\r\n\tFilter Run-Time ID:\t67110\r\n\tLayer Name:\t\t%%14611\r\n\tLay", "raw_inserts": ["9828", "\\device\\harddiskvolume4\\program files\\lghub\\lghub_agent.exe", "%%14593", "127.0.0.1", "48538", "127.0.0.1", "28194", "6", "1", "AppContainer Loopback"]}
{"timestamp": "2026-04-07 12:34:40", "event_id": 5156, "channel": "Security", "source": "Microsoft-Windows-Security-Auditing", "computer": "Anish", "event_type": "generic", "event_type_label": "Generic System Event", "severity": "INFO", "severity_int": 0, "user": "svchost.exe", "ip": "", "process_name": "", "cmdline": "", "logon_type": "", "logon_type_label": "", "logon_risk": "INFO", "privileges": "", "message": "The Windows Filtering Platform has permitted a connection.\r\n\r\nApplication Information:\r\n\tProcess ID:\t\t3164\r\n\tApplication Name:\t\\device\\harddiskvolume4\\windows\\system32\\svchost.exe\r\n\r\nNetwork Information:\r\n\tDirection:\t\t%%14593\r\n\tSource Address:\t\t10.156.117.84\r\n\tSource Port:\t\t63938\r\n\tDestination Address:\t1.0.0.1\r\n\tDestination Port:\t\t53\r\n\tProtocol:\t\t17\r\n\tInterface Index:\t\t3\r\n\r\nFilter Information:\r\n\tFilter Origin:\t\tUnknown\r\n\tFilter Run-Time ID:\t0\r\n\tLayer Name:\t\t%%14611\r\n\tLayer Run-Time ID:\t48\r\n\tRemo", "raw_inserts": ["3164", "\\device\\harddiskvolume4\\windows\\system32\\svchost.exe", "%%14593", "10.156.117.84", "63938", "1.0.0.1", "53", "17", "3", "Unknown"]}
{"timestamp": "2026-04-07 12:34:40", "event_id": 5158, "channel": "Security", "source": "Microsoft-Windows-Security-Auditing", "computer": "Anish", "event_type": "generic", "event_type_label": "Generic System Event", "severity": "INFO", "severity_int": 0, "user": "svchost.exe", "ip": "", "process_name": "", "cmdline": "", "logon_type": "", "logon_type_label": "", "logon_risk": "INFO", "privileges": "", "message": "The Windows Filtering Platform has permitted a bind to a local port.\r\n\r\nApplication Information:\r\n\tProcess ID:\t\t3164\r\n\tApplication Name:\t\\device\\harddiskvolume4\\windows\\system32\\svchost.exe\r\n\r\nNetwork Information:\r\n\tSource Address:\t\t::\r\n\tSource Port:\t\t65272\r\n\tProtocol:\t\t17\r\n\r\nFilter Information:\r\n\tFilter Run-Time ID:\t0\r\n\tLayer Name:\t\t%%14608\r\n\tLayer Run-Time ID:\t36\r\n", "raw_inserts": ["3164", "\\device\\harddiskvolume4\\windows\\system32\\svchost.exe", "::", "65272", "17", "0", "%%14608", "36"]}
{"timestamp": "2026-04-07 12:34:40", "event_id": 5156, "channel": "Security", "source": "Microsoft-Windows-Security-Auditing", "computer": "Anish", "event_type": "generic", "event_type_label": "Generic System Event", "severity": "INFO", "severity_int": 0, "user": "firefox.exe", "ip": "", "process_name": "", "cmdline": "", "logon_type": "", "logon_type_label": "", "logon_risk": "INFO", "privileges": "", "message": "The Windows Filtering Platform has permitted a connection.\r\n\r\nApplication Information:\r\n\tProcess ID:\t\t5256\r\n\tApplication Name:\t\\device\\harddiskvolume4\\program files\\mozilla firefox\\firefox.exe\r\n\r\nNetwork Information:\r\n\tDirection:\t\t%%14593\r\n\tSource Address:\t\t10.156.117.84\r\n\tSource Port:\t\t48539\r\n\tDestination Address:\t34.107.243.93\r\n\tDestination Port:\t\t443\r\n\tProtocol:\t\t6\r\n\tInterface Index:\t\t3\r\n\r\nFilter Information:\r\n\tFilter Origin:\t\tUnknown\r\n\tFilter Run-Time ID:\t0\r\n\tLayer Name:\t\t%%14611\r\n\tLayer Run", "raw_inserts": ["5256", "\\device\\harddiskvolume4\\program files\\mozilla firefox\\firefox.exe", "%%14593", "10.156.117.84", "48539", "34.107.243.93", "443", "6", "3", "Unknown"]}
{"timestamp": "2026-04-07 12:34:43", "event_id": 5156, "channel": "Security", "source": "Microsoft-Windows-Security-Auditing", "computer": "Anish", "event_type": "generic", "event_type_label": "Generic System Event", "severity": "INFO", "severity_int": 0, "user": "wazuh-agent.exe", "ip": "", "process_name": "", "cmdline": "", "logon_type": "", "logon_type_label": "", "logon_risk": "INFO", "privileges": "", "message": "The Windows Filtering Platform has permitted a connection.\r\n\r\nApplication Information:\r\n\tProcess ID:\t\t5772\r\n\tApplication Name:\t\\device\\harddiskvolume4\\program files (x86)\\ossec-agent\\wazuh-agent.exe\r\n\r\nNetwork Information:\r\n\tDirection:\t\t%%14593\r\n\tSource Address:\t\t10.156.117.84\r\n\tSource Port:\t\t48543\r\n\tDestination Address:\t192.168.0.108\r\n\tDestination Port:\t\t1514\r\n\tProtocol:\t\t6\r\n\tInterface Index:\t\t3\r\n\r\nFilter Information:\r\n\tFilter Origin:\t\tUnknown\r\n\tFilter Run-Time ID:\t0\r\n\tLayer Name:\t\t%%14611\r\n\tLa", "raw_inserts": ["5772", "\\device\\harddiskvolume4\\program files (x86)\\ossec-agent\\wazuh-agent.exe", "%%14593", "10.156.117.84", "48543", "192.168.0.108", "1514", "6", "3", "Unknown"]}
{"timestamp": "2026-04-07 12:34:45", "event_id": 5156, "channel": "Security", "source": "Microsoft-Windows-Security-Auditing", "computer": "Anish", "event_type": "generic", "event_type_label": "Generic System Event", "severity": "INFO", "severity_int": 0, "user": "python.exe", "ip": "", "process_name": "", "cmdline": "", "logon_type": "", "logon_type_label": "", "logon_risk": "INFO", "privileges": "", "message": "The Windows Filtering Platform has permitted a connection.\r\n\r\nApplication Information:\r\n\tProcess ID:\t\t19868\r\n\tApplication Name:\t\\device\\harddiskvolume4\\users\\nitro 5\\appdata\\local\\programs\\python\\python312\\python.exe\r\n\r\nNetwork Information:\r\n\tDirection:\t\t%%14592\r\n\tSource Address:\t\t127.0.0.1\r\n\tSource Port:\t\t48544\r\n\tDestination Address:\t127.0.0.1\r\n\tDestination Port:\t\t5000\r\n\tProtocol:\t\t6\r\n\tInterface Index:\t\t1\r\n\r\nFilter Information:\r\n\tFilter Origin:\t\tAppContainer Loopback\r\n\tFilter Run-Time ID:\t67104", "raw_inserts": ["19868", "\\device\\harddiskvolume4\\users\\nitro 5\\appdata\\local\\programs\\python\\python312\\python.exe", "%%14592", "127.0.0.1", "48544", "127.0.0.1", "5000", "6", "1", "AppContainer Loopback"]}
{"timestamp": "2026-04-07 12:34:46", "event_id": 5156, "channel": "Security", "source": "Microsoft-Windows-Security-Auditing", "computer": "Anish", "event_type": "generic", "event_type_label": "Generic System Event", "severity": "INFO", "severity_int": 0, "user": "lghub_agent.exe", "ip": "", "process_name": "", "cmdline": "", "logon_type": "", "logon_type_label": "", "logon_risk": "INFO", "privileges": "", "message": "The Windows Filtering Platform has permitted a connection.\r\n\r\nApplication Information:\r\n\tProcess ID:\t\t9828\r\n\tApplication Name:\t\\device\\harddiskvolume4\\program files\\lghub\\lghub_agent.exe\r\n\r\nNetwork Information:\r\n\tDirection:\t\t%%14593\r\n\tSource Address:\t\t127.0.0.1\r\n\tSource Port:\t\t48549\r\n\tDestination Address:\t127.0.0.1\r\n\tDestination Port:\t\t28194\r\n\tProtocol:\t\t6\r\n\tInterface Index:\t\t1\r\n\r\nFilter Information:\r\n\tFilter Origin:\t\tAppContainer Loopback\r\n\tFilter Run-Time ID:\t67110\r\n\tLayer Name:\t\t%%14611\r\n\tLay", "raw_inserts": ["9828", "\\device\\harddiskvolume4\\program files\\lghub\\lghub_agent.exe", "%%14593", "127.0.0.1", "48549", "127.0.0.1", "28194", "6", "1", "AppContainer Loopback"]}
{"timestamp": "2026-04-07 12:34:46", "event_id": 5156, "channel": "Security", "source": "Microsoft-Windows-Security-Auditing", "computer": "Anish", "event_type": "generic", "event_type_label": "Generic System Event", "severity": "INFO", "severity_int": 0, "user": "adskaccessservice.exe", "ip": "", "process_name": "", "cmdline": "", "logon_type": "", "logon_type_label": "", "logon_risk": "INFO", "privileges": "", "message": "The Windows Filtering Platform has permitted a connection.\r\n\r\nApplication Information:\r\n\tProcess ID:\t\t10124\r\n\tApplication Name:\t\\device\\harddiskvolume4\\program files\\autodesk\\adodis\\v1\\setup\\adskaccessservice.exe\r\n\r\nNetwork Information:\r\n\tDirection:\t\t%%14593\r\n\tSource Address:\t\t127.0.0.1\r\n\tSource Port:\t\t48550\r\n\tDestination Address:\t127.0.0.1\r\n\tDestination Port:\t\t49675\r\n\tProtocol:\t\t6\r\n\tInterface Index:\t\t1\r\n\r\nFilter Information:\r\n\tFilter Origin:\t\tAppContainer Loopback\r\n\tFilter Run-Time ID:\t67110\r\n\t", "raw_inserts": ["10124", "\\device\\harddiskvolume4\\program files\\autodesk\\adodis\\v1\\setup\\adskaccessservice.exe", "%%14593", "127.0.0.1", "48550", "127.0.0.1", "49675", "6", "1", "AppContainer Loopback"]}
{"timestamp": "2026-04-07 12:34:46", "event_id": 5156, "channel": "Security", "source": "Microsoft-Windows-Security-Auditing", "computer": "Anish", "event_type": "generic", "event_type_label": "Generic System Event", "severity": "INFO", "severity_int": 0, "user": "cer_service.exe", "ip": "", "process_name": "", "cmdline": "", "logon_type": "", "logon_type_label": "", "logon_risk": "INFO", "privileges": "", "message": "The Windows Filtering Platform has permitted a connection.\r\n\r\nApplication Information:\r\n\tProcess ID:\t\t5136\r\n\tApplication Name:\t\\device\\harddiskvolume4\\program files\\autodesk\\autodesk cer\\service\\cer_service.exe\r\n\r\nNetwork Information:\r\n\tDirection:\t\t%%14592\r\n\tSource Address:\t\t127.0.0.1\r\n\tSource Port:\t\t48550\r\n\tDestination Address:\t127.0.0.1\r\n\tDestination Port:\t\t49675\r\n\tProtocol:\t\t6\r\n\tInterface Index:\t\t1\r\n\r\nFilter Information:\r\n\tFilter Origin:\t\tAppContainer Loopback\r\n\tFilter Run-Time ID:\t67104\r\n\tLa", "raw_inserts": ["5136", "\\device\\harddiskvolume4\\program files\\autodesk\\autodesk cer\\service\\cer_service.exe", "%%14592", "127.0.0.1", "48550", "127.0.0.1", "49675", "6", "1", "AppContainer Loopback"]}
{"timestamp": "2026-04-07 12:34:50", "event_id": 5156, "channel": "Security", "source": "Microsoft-Windows-Security-Auditing", "computer": "Anish", "event_type": "generic", "event_type_label": "Generic System Event", "severity": "INFO", "severity_int": 0, "user": "SYSTEM", "ip": "", "process_name": "", "cmdline": "", "logon_type": "", "logon_type_label": "", "logon_risk": "INFO", "privileges": "", "message": "The Windows Filtering Platform has permitted a connection.\r\n\r\nApplication Information:\r\n\tProcess ID:\t\t4\r\n\tApplication Name:\tSystem\r\n\r\nNetwork Information:\r\n\tDirection:\t\t%%14592\r\n\tSource Address:\t\t192.168.56.102\r\n\tSource Port:\t\t36296\r\n\tDestination Address:\t192.168.56.1\r\n\tDestination Port:\t\t5985\r\n\tProtocol:\t\t6\r\n\tInterface Index:\t\t18\r\n\r\nFilter Information:\r\n\tFilter Origin:\t\tUnknown\r\n\tFilter Run-Time ID:\t0\r\n\tLayer Name:\t\t%%14610\r\n\tLayer Run-Time ID:\t44\r\n\tRemote User ID:\t\tS-1-0-0\r\n\tRemote Machine ID:", "raw_inserts": ["4", "System", "%%14592", "192.168.56.102", "36296", "192.168.56.1", "5985", "6", "18", "Unknown"]}
{"timestamp": "2026-04-07 12:34:50", "event_id": 4634, "channel": "Security", "source": "Microsoft-Windows-Security-Auditing", "computer": "Anish", "event_type": "logoff", "event_type_label": "User Logoff", "severity": "INFO", "severity_int": 0, "user": "labuser", "ip": "", "process_name": "", "cmdline": "", "logon_type": "", "logon_type_label": "", "logon_risk": "INFO", "privileges": "", "message": "An account was logged off.\r\n\r\nSubject:\r\n\tSecurity ID:\t\tS-1-5-21-1251900359-2259549607-1534340609-1008\r\n\tAccount Name:\t\tlabuser\r\n\tAccount Domain:\t\tANISH\r\n\tLogon ID:\t\t0x1886b39\r\n\r\nLogon Type:\t\t\t3\r\n\r\nThis event is generated when a logon session is destroyed. It may be positively correlated with a logon event using the Logon ID value. Logon IDs are only unique between reboots on the same computer.\r\n", "raw_inserts": ["S-1-5-21-1251900359-2259549607-1534340609-1008", "labuser", "ANISH", "0x1886b39", "3"]}
{"timestamp": "2026-04-07 12:34:50", "event_id": 4776, "channel": "Security", "source": "Microsoft-Windows-Security-Auditing", "computer": "Anish", "event_type": "generic", "event_type_label": "Generic System Event", "severity": "INFO", "severity_int": 0, "user": "SYSTEM", "ip": "", "process_name": "", "cmdline": "", "logon_type": "", "logon_type_label": "", "logon_risk": "INFO", "privileges": "", "message": "The computer attempted to validate the credentials for an account.\r\n\r\nAuthentication Package:\tMICROSOFT_AUTHENTICATION_PACKAGE_V1_0\r\nLogon Account:\tlabuser\r\nSource Workstation:\t\r\nError Code:\t0x0\r\n", "raw_inserts": ["MICROSOFT_AUTHENTICATION_PACKAGE_V1_0", "labuser", "", "0x0"]}
