{"timestamp": "2026-04-07 12:32:14", "event_id": 4674, "channel": "Security", "source": "Microsoft-Windows-Security-Auditing", "computer": "Anish", "event_type": "generic", "event_type_label": "Generic System Event", "severity": "INFO", "severity_int": 0, "user": "FX:13AA4F1F", "ip": "", "process_name": "", "cmdline": "", "logon_type": "", "logon_type_label": "", "logon_risk": "INFO", "privileges": "", "message": "An operation was attempted on a privileged object.\r\n\r\nSubject:\r\n\tSecurity ID:\t\tS-1-5-21-1251900359-2259549607-1534340609-1008\r\n\tAccount Name:\t\tlabuser\r\n\tAccount Domain:\t\tANISH\r\n\tLogon ID:\t\t0x178d7d3\r\n\r\nObject:\r\n\tObject Server:\tSecurity\r\n\tObject Type:\tKey\r\n\tObject Name:\t\\REGISTRY\\MACHINE\\SOFTWARE\\Microsoft\\WindowsSelfHost\\FIDs\\ByFID\\FX:13AA4F1F\r\n\tObject Handle:\t0x4fc\r\n\r\nProcess Information:\r\n\tProcess ID:\t0x6130\r\n\tProcess Name:\tC:\\Windows\\System32\\WerFault.exe\r\n\r\nRequested Operation:\r\n\tDesired Acc", "raw_inserts": ["S-1-5-21-1251900359-2259549607-1534340609-1008", "labuser", "ANISH", "0x178d7d3", "Security", "Key", "\\REGISTRY\\MACHINE\\SOFTWARE\\Microsoft\\WindowsSelfHost\\FIDs\\ByFID\\FX:13AA4F1F", "0x4fc", "%%1537\r\n\t\t\t\t%%1538\r\n\t\t\t\t%%1539\r\n\t\t\t\t%%1540\r\n\t\t\t\t%%4432\r\n\t\t\t\t%%4433\r\n\t\t\t\t%%4434\r\n\t\t\t\t%%4435\r\n\t\t\t\t%%4436\r\n\t\t\t\t%%4437\r\n\t\t\t\t", "SeTakeOwnershipPrivilege"]}
{"timestamp": "2026-04-07 12:32:14", "event_id": 4674, "channel": "Security", "source": "Microsoft-Windows-Security-Auditing", "computer": "Anish", "event_type": "generic", "event_type_label": "Generic System Event", "severity": "INFO", "severity_int": 0, "user": "FX:13AB429C", "ip": "", "process_name": "", "cmdline": "", "logon_type": "", "logon_type_label": "", "logon_risk": "INFO", "privileges": "", "message": "An operation was attempted on a privileged object.\r\n\r\nSubject:\r\n\tSecurity ID:\t\tS-1-5-21-1251900359-2259549607-1534340609-1008\r\n\tAccount Name:\t\tlabuser\r\n\tAccount Domain:\t\tANISH\r\n\tLogon ID:\t\t0x178d7d3\r\n\r\nObject:\r\n\tObject Server:\tSecurity\r\n\tObject Type:\tKey\r\n\tObject Name:\t\\REGISTRY\\MACHINE\\SOFTWARE\\Microsoft\\WindowsSelfHost\\FIDs\\ByFID\\FX:13AB429C\r\n\tObject Handle:\t0x4fc\r\n\r\nProcess Information:\r\n\tProcess ID:\t0x6130\r\n\tProcess Name:\tC:\\Windows\\System32\\WerFault.exe\r\n\r\nRequested Operation:\r\n\tDesired Acc", "raw_inserts": ["S-1-5-21-1251900359-2259549607-1534340609-1008", "labuser", "ANISH", "0x178d7d3", "Security", "Key", "\\REGISTRY\\MACHINE\\SOFTWARE\\Microsoft\\WindowsSelfHost\\FIDs\\ByFID\\FX:13AB429C", "0x4fc", "%%1537\r\n\t\t\t\t%%1538\r\n\t\t\t\t%%1539\r\n\t\t\t\t%%1540\r\n\t\t\t\t%%4432\r\n\t\t\t\t%%4433\r\n\t\t\t\t%%4434\r\n\t\t\t\t%%4435\r\n\t\t\t\t%%4436\r\n\t\t\t\t%%4437\r\n\t\t\t\t", "SeTakeOwnershipPrivilege"]}
{"timestamp": "2026-04-07 12:32:14", "event_id": 4674, "channel": "Security", "source": "Microsoft-Windows-Security-Auditing", "computer": "Anish", "event_type": "generic", "event_type_label": "Generic System Event", "severity": "INFO", "severity_int": 0, "user": "FX:13ACDA82", "ip": "", "process_name": "", "cmdline": "", "logon_type": "", "logon_type_label": "", "logon_risk": "INFO", "privileges": "", "message": "An operation was attempted on a privileged object.\r\n\r\nSubject:\r\n\tSecurity ID:\t\tS-1-5-21-1251900359-2259549607-1534340609-1008\r\n\tAccount Name:\t\tlabuser\r\n\tAccount Domain:\t\tANISH\r\n\tLogon ID:\t\t0x178d7d3\r\n\r\nObject:\r\n\tObject Server:\tSecurity\r\n\tObject Type:\tKey\r\n\tObject Name:\t\\REGISTRY\\MACHINE\\SOFTWARE\\Microsoft\\WindowsSelfHost\\FIDs\\ByFID\\FX:13ACDA82\r\n\tObject Handle:\t0x4fc\r\n\r\nProcess Information:\r\n\tProcess ID:\t0x6130\r\n\tProcess Name:\tC:\\Windows\\System32\\WerFault.exe\r\n\r\nRequested Operation:\r\n\tDesired Acc", "raw_inserts": ["S-1-5-21-1251900359-2259549607-1534340609-1008", "labuser", "ANISH", "0x178d7d3", "Security", "Key", "\\REGISTRY\\MACHINE\\SOFTWARE\\Microsoft\\WindowsSelfHost\\FIDs\\ByFID\\FX:13ACDA82", "0x4fc", "%%1537\r\n\t\t\t\t%%1538\r\n\t\t\t\t%%1539\r\n\t\t\t\t%%1540\r\n\t\t\t\t%%4432\r\n\t\t\t\t%%4433\r\n\t\t\t\t%%4434\r\n\t\t\t\t%%4435\r\n\t\t\t\t%%4436\r\n\t\t\t\t%%4437\r\n\t\t\t\t", "SeTakeOwnershipPrivilege"]}
{"timestamp": "2026-04-07 12:32:14", "event_id": 4674, "channel": "Security", "source": "Microsoft-Windows-Security-Auditing", "computer": "Anish", "event_type": "generic", "event_type_label": "Generic System Event", "severity": "INFO", "severity_int": 0, "user": "FX:13AD2543", "ip": "", "process_name": "", "cmdline": "", "logon_type": "", "logon_type_label": "", "logon_risk": "INFO", "privileges": "", "message": "An operation was attempted on a privileged object.\r\n\r\nSubject:\r\n\tSecurity ID:\t\tS-1-5-21-1251900359-2259549607-1534340609-1008\r\n\tAccount Name:\t\tlabuser\r\n\tAccount Domain:\t\tANISH\r\n\tLogon ID:\t\t0x178d7d3\r\n\r\nObject:\r\n\tObject Server:\tSecurity\r\n\tObject Type:\tKey\r\n\tObject Name:\t\\REGISTRY\\MACHINE\\SOFTWARE\\Microsoft\\WindowsSelfHost\\FIDs\\ByFID\\FX:13AD2543\r\n\tObject Handle:\t0x4fc\r\n\r\nProcess Information:\r\n\tProcess ID:\t0x6130\r\n\tProcess Name:\tC:\\Windows\\System32\\WerFault.exe\r\n\r\nRequested Operation:\r\n\tDesired Acc", "raw_inserts": ["S-1-5-21-1251900359-2259549607-1534340609-1008", "labuser", "ANISH", "0x178d7d3", "Security", "Key", "\\REGISTRY\\MACHINE\\SOFTWARE\\Microsoft\\WindowsSelfHost\\FIDs\\ByFID\\FX:13AD2543", "0x4fc", "%%1537\r\n\t\t\t\t%%1538\r\n\t\t\t\t%%1539\r\n\t\t\t\t%%1540\r\n\t\t\t\t%%4432\r\n\t\t\t\t%%4433\r\n\t\t\t\t%%4434\r\n\t\t\t\t%%4435\r\n\t\t\t\t%%4436\r\n\t\t\t\t%%4437\r\n\t\t\t\t", "SeTakeOwnershipPrivilege"]}
{"timestamp": "2026-04-07 12:32:14", "event_id": 4674, "channel": "Security", "source": "Microsoft-Windows-Security-Auditing", "computer": "Anish", "event_type": "generic", "event_type_label": "Generic System Event", "severity": "INFO", "severity_int": 0, "user": "FX:13AE181D", "ip": "", "process_name": "", "cmdline": "", "logon_type": "", "logon_type_label": "", "logon_risk": "INFO", "privileges": "", "message": "An operation was attempted on a privileged object.\r\n\r\nSubject:\r\n\tSecurity ID:\t\tS-1-5-21-1251900359-2259549607-1534340609-1008\r\n\tAccount Name:\t\tlabuser\r\n\tAccount Domain:\t\tANISH\r\n\tLogon ID:\t\t0x178d7d3\r\n\r\nObject:\r\n\tObject Server:\tSecurity\r\n\tObject Type:\tKey\r\n\tObject Name:\t\\REGISTRY\\MACHINE\\SOFTWARE\\Microsoft\\WindowsSelfHost\\FIDs\\ByFID\\FX:13AE181D\r\n\tObject Handle:\t0x4fc\r\n\r\nProcess Information:\r\n\tProcess ID:\t0x6130\r\n\tProcess Name:\tC:\\Windows\\System32\\WerFault.exe\r\n\r\nRequested Operation:\r\n\tDesired Acc", "raw_inserts": ["S-1-5-21-1251900359-2259549607-1534340609-1008", "labuser", "ANISH", "0x178d7d3", "Security", "Key", "\\REGISTRY\\MACHINE\\SOFTWARE\\Microsoft\\WindowsSelfHost\\FIDs\\ByFID\\FX:13AE181D", "0x4fc", "%%1537\r\n\t\t\t\t%%1538\r\n\t\t\t\t%%1539\r\n\t\t\t\t%%1540\r\n\t\t\t\t%%4432\r\n\t\t\t\t%%4433\r\n\t\t\t\t%%4434\r\n\t\t\t\t%%4435\r\n\t\t\t\t%%4436\r\n\t\t\t\t%%4437\r\n\t\t\t\t", "SeTakeOwnershipPrivilege"]}
{"timestamp": "2026-04-07 12:32:14", "event_id": 4674, "channel": "Security", "source": "Microsoft-Windows-Security-Auditing", "computer": "Anish", "event_type": "generic", "event_type_label": "Generic System Event", "severity": "INFO", "severity_int": 0, "user": "FX:233D40B9", "ip": "", "process_name": "", "cmdline": "", "logon_type": "", "logon_type_label": "", "logon_risk": "INFO", "privileges": "", "message": "An operation was attempted on a privileged object.\r\n\r\nSubject:\r\n\tSecurity ID:\t\tS-1-5-21-1251900359-2259549607-1534340609-1008\r\n\tAccount Name:\t\tlabuser\r\n\tAccount Domain:\t\tANISH\r\n\tLogon ID:\t\t0x178d7d3\r\n\r\nObject:\r\n\tObject Server:\tSecurity\r\n\tObject Type:\tKey\r\n\tObject Name:\t\\REGISTRY\\MACHINE\\SOFTWARE\\Microsoft\\WindowsSelfHost\\FIDs\\ByFID\\FX:233D40B9\r\n\tObject Handle:\t0x4fc\r\n\r\nProcess Information:\r\n\tProcess ID:\t0x6130\r\n\tProcess Name:\tC:\\Windows\\System32\\WerFault.exe\r\n\r\nRequested Operation:\r\n\tDesired Acc", "raw_inserts": ["S-1-5-21-1251900359-2259549607-1534340609-1008", "labuser", "ANISH", "0x178d7d3", "Security", "Key", "\\REGISTRY\\MACHINE\\SOFTWARE\\Microsoft\\WindowsSelfHost\\FIDs\\ByFID\\FX:233D40B9", "0x4fc", "%%1537\r\n\t\t\t\t%%1538\r\n\t\t\t\t%%1539\r\n\t\t\t\t%%1540\r\n\t\t\t\t%%4432\r\n\t\t\t\t%%4433\r\n\t\t\t\t%%4434\r\n\t\t\t\t%%4435\r\n\t\t\t\t%%4436\r\n\t\t\t\t%%4437\r\n\t\t\t\t", "SeTakeOwnershipPrivilege"]}
{"timestamp": "2026-04-07 12:32:14", "event_id": 4674, "channel": "Security", "source": "Microsoft-Windows-Security-Auditing", "computer": "Anish", "event_type": "generic", "event_type_label": "Generic System Event", "severity": "INFO", "severity_int": 0, "user": "FX:364DC9B", "ip": "", "process_name": "", "cmdline": "", "logon_type": "", "logon_type_label": "", "logon_risk": "INFO", "privileges": "", "message": "An operation was attempted on a privileged object.\r\n\r\nSubject:\r\n\tSecurity ID:\t\tS-1-5-21-1251900359-2259549607-1534340609-1008\r\n\tAccount Name:\t\tlabuser\r\n\tAccount Domain:\t\tANISH\r\n\tLogon ID:\t\t0x178d7d3\r\n\r\nObject:\r\n\tObject Server:\tSecurity\r\n\tObject Type:\tKey\r\n\tObject Name:\t\\REGISTRY\\MACHINE\\SOFTWARE\\Microsoft\\WindowsSelfHost\\FIDs\\ByFID\\FX:364DC9B\r\n\tObject Handle:\t0x4fc\r\n\r\nProcess Information:\r\n\tProcess ID:\t0x6130\r\n\tProcess Name:\tC:\\Windows\\System32\\WerFault.exe\r\n\r\nRequested Operation:\r\n\tDesired Acce", "raw_inserts": ["S-1-5-21-1251900359-2259549607-1534340609-1008", "labuser", "ANISH", "0x178d7d3", "Security", "Key", "\\REGISTRY\\MACHINE\\SOFTWARE\\Microsoft\\WindowsSelfHost\\FIDs\\ByFID\\FX:364DC9B", "0x4fc", "%%1537\r\n\t\t\t\t%%1538\r\n\t\t\t\t%%1539\r\n\t\t\t\t%%1540\r\n\t\t\t\t%%4432\r\n\t\t\t\t%%4433\r\n\t\t\t\t%%4434\r\n\t\t\t\t%%4435\r\n\t\t\t\t%%4436\r\n\t\t\t\t%%4437\r\n\t\t\t\t", "SeTakeOwnershipPrivilege"]}
{"timestamp": "2026-04-07 12:32:14", "event_id": 4674, "channel": "Security", "source": "Microsoft-Windows-Security-Auditing", "computer": "Anish", "event_type": "generic", "event_type_label": "Generic System Event", "severity": "INFO", "severity_int": 0, "user": "FX:380B1F9", "ip": "", "process_name": "", "cmdline": "", "logon_type": "", "logon_type_label": "", "logon_risk": "INFO", "privileges": "", "message": "An operation was attempted on a privileged object.\r\n\r\nSubject:\r\n\tSecurity ID:\t\tS-1-5-21-1251900359-2259549607-1534340609-1008\r\n\tAccount Name:\t\tlabuser\r\n\tAccount Domain:\t\tANISH\r\n\tLogon ID:\t\t0x178d7d3\r\n\r\nObject:\r\n\tObject Server:\tSecurity\r\n\tObject Type:\tKey\r\n\tObject Name:\t\\REGISTRY\\MACHINE\\SOFTWARE\\Microsoft\\WindowsSelfHost\\FIDs\\ByFID\\FX:380B1F9\r\n\tObject Handle:\t0x4fc\r\n\r\nProcess Information:\r\n\tProcess ID:\t0x6130\r\n\tProcess Name:\tC:\\Windows\\System32\\WerFault.exe\r\n\r\nRequested Operation:\r\n\tDesired Acce", "raw_inserts": ["S-1-5-21-1251900359-2259549607-1534340609-1008", "labuser", "ANISH", "0x178d7d3", "Security", "Key", "\\REGISTRY\\MACHINE\\SOFTWARE\\Microsoft\\WindowsSelfHost\\FIDs\\ByFID\\FX:380B1F9", "0x4fc", "%%1537\r\n\t\t\t\t%%1538\r\n\t\t\t\t%%1539\r\n\t\t\t\t%%1540\r\n\t\t\t\t%%4432\r\n\t\t\t\t%%4433\r\n\t\t\t\t%%4434\r\n\t\t\t\t%%4435\r\n\t\t\t\t%%4436\r\n\t\t\t\t%%4437\r\n\t\t\t\t", "SeTakeOwnershipPrivilege"]}
{"timestamp": "2026-04-07 12:32:14", "event_id": 4674, "channel": "Security", "source": "Microsoft-Windows-Security-Auditing", "computer": "Anish", "event_type": "generic", "event_type_label": "Generic System Event", "severity": "INFO", "severity_int": 0, "user": "FX:394DFC2", "ip": "", "process_name": "", "cmdline": "", "logon_type": "", "logon_type_label": "", "logon_risk": "INFO", "privileges": "", "message": "An operation was attempted on a privileged object.\r\n\r\nSubject:\r\n\tSecurity ID:\t\tS-1-5-21-1251900359-2259549607-1534340609-1008\r\n\tAccount Name:\t\tlabuser\r\n\tAccount Domain:\t\tANISH\r\n\tLogon ID:\t\t0x178d7d3\r\n\r\nObject:\r\n\tObject Server:\tSecurity\r\n\tObject Type:\tKey\r\n\tObject Name:\t\\REGISTRY\\MACHINE\\SOFTWARE\\Microsoft\\WindowsSelfHost\\FIDs\\ByFID\\FX:394DFC2\r\n\tObject Handle:\t0x4fc\r\n\r\nProcess Information:\r\n\tProcess ID:\t0x6130\r\n\tProcess Name:\tC:\\Windows\\System32\\WerFault.exe\r\n\r\nRequested Operation:\r\n\tDesired Acce", "raw_inserts": ["S-1-5-21-1251900359-2259549607-1534340609-1008", "labuser", "ANISH", "0x178d7d3", "Security", "Key", "\\REGISTRY\\MACHINE\\SOFTWARE\\Microsoft\\WindowsSelfHost\\FIDs\\ByFID\\FX:394DFC2", "0x4fc", "%%1537\r\n\t\t\t\t%%1538\r\n\t\t\t\t%%1539\r\n\t\t\t\t%%1540\r\n\t\t\t\t%%4432\r\n\t\t\t\t%%4433\r\n\t\t\t\t%%4434\r\n\t\t\t\t%%4435\r\n\t\t\t\t%%4436\r\n\t\t\t\t%%4437\r\n\t\t\t\t", "SeTakeOwnershipPrivilege"]}
{"timestamp": "2026-04-07 12:32:14", "event_id": 4674, "channel": "Security", "source": "Microsoft-Windows-Security-Auditing", "computer": "Anish", "event_type": "generic", "event_type_label": "Generic System Event", "severity": "INFO", "severity_int": 0, "user": "FX:3A4714B", "ip": "", "process_name": "", "cmdline": "", "logon_type": "", "logon_type_label": "", "logon_risk": "INFO", "privileges": "", "message": "An operation was attempted on a privileged object.\r\n\r\nSubject:\r\n\tSecurity ID:\t\tS-1-5-21-1251900359-2259549607-1534340609-1008\r\n\tAccount Name:\t\tlabuser\r\n\tAccount Domain:\t\tANISH\r\n\tLogon ID:\t\t0x178d7d3\r\n\r\nObject:\r\n\tObject Server:\tSecurity\r\n\tObject Type:\tKey\r\n\tObject Name:\t\\REGISTRY\\MACHINE\\SOFTWARE\\Microsoft\\WindowsSelfHost\\FIDs\\ByFID\\FX:3A4714B\r\n\tObject Handle:\t0x4fc\r\n\r\nProcess Information:\r\n\tProcess ID:\t0x6130\r\n\tProcess Name:\tC:\\Windows\\System32\\WerFault.exe\r\n\r\nRequested Operation:\r\n\tDesired Acce", "raw_inserts": ["S-1-5-21-1251900359-2259549607-1534340609-1008", "labuser", "ANISH", "0x178d7d3", "Security", "Key", "\\REGISTRY\\MACHINE\\SOFTWARE\\Microsoft\\WindowsSelfHost\\FIDs\\ByFID\\FX:3A4714B", "0x4fc", "%%1537\r\n\t\t\t\t%%1538\r\n\t\t\t\t%%1539\r\n\t\t\t\t%%1540\r\n\t\t\t\t%%4432\r\n\t\t\t\t%%4433\r\n\t\t\t\t%%4434\r\n\t\t\t\t%%4435\r\n\t\t\t\t%%4436\r\n\t\t\t\t%%4437\r\n\t\t\t\t", "SeTakeOwnershipPrivilege"]}
{"timestamp": "2026-04-07 12:32:14", "event_id": 4674, "channel": "Security", "source": "Microsoft-Windows-Security-Auditing", "computer": "Anish", "event_type": "generic", "event_type_label": "Generic System Event", "severity": "INFO", "severity_int": 0, "user": "FX:3AA50EC", "ip": "", "process_name": "", "cmdline": "", "logon_type": "", "logon_type_label": "", "logon_risk": "INFO", "privileges": "", "message": "An operation was attempted on a privileged object.\r\n\r\nSubject:\r\n\tSecurity ID:\t\tS-1-5-21-1251900359-2259549607-1534340609-1008\r\n\tAccount Name:\t\tlabuser\r\n\tAccount Domain:\t\tANISH\r\n\tLogon ID:\t\t0x178d7d3\r\n\r\nObject:\r\n\tObject Server:\tSecurity\r\n\tObject Type:\tKey\r\n\tObject Name:\t\\REGISTRY\\MACHINE\\SOFTWARE\\Microsoft\\WindowsSelfHost\\FIDs\\ByFID\\FX:3AA50EC\r\n\tObject Handle:\t0x4fc\r\n\r\nProcess Information:\r\n\tProcess ID:\t0x6130\r\n\tProcess Name:\tC:\\Windows\\System32\\WerFault.exe\r\n\r\nRequested Operation:\r\n\tDesired Acce", "raw_inserts": ["S-1-5-21-1251900359-2259549607-1534340609-1008", "labuser", "ANISH", "0x178d7d3", "Security", "Key", "\\REGISTRY\\MACHINE\\SOFTWARE\\Microsoft\\WindowsSelfHost\\FIDs\\ByFID\\FX:3AA50EC", "0x4fc", "%%1537\r\n\t\t\t\t%%1538\r\n\t\t\t\t%%1539\r\n\t\t\t\t%%1540\r\n\t\t\t\t%%4432\r\n\t\t\t\t%%4433\r\n\t\t\t\t%%4434\r\n\t\t\t\t%%4435\r\n\t\t\t\t%%4436\r\n\t\t\t\t%%4437\r\n\t\t\t\t", "SeTakeOwnershipPrivilege"]}
{"timestamp": "2026-04-07 12:32:14", "event_id": 5156, "channel": "Security", "source": "Microsoft-Windows-Security-Auditing", "computer": "Anish", "event_type": "generic", "event_type_label": "Generic System Event", "severity": "INFO", "severity_int": 0, "user": "svchost.exe", "ip": "", "process_name": "", "cmdline": "", "logon_type": "", "logon_type_label": "", "logon_risk": "INFO", "privileges": "", "message": "The Windows Filtering Platform has permitted a connection.\r\n\r\nApplication Information:\r\n\tProcess ID:\t\t16808\r\n\tApplication Name:\t\\device\\harddiskvolume4\\windows\\system32\\svchost.exe\r\n\r\nNetwork Information:\r\n\tDirection:\t\t%%14593\r\n\tSource Address:\t\t10.156.117.84\r\n\tSource Port:\t\t53500\r\n\tDestination Address:\t20.190.146.37\r\n\tDestination Port:\t\t443\r\n\tProtocol:\t\t6\r\n\tInterface Index:\t\t3\r\n\r\nFilter Information:\r\n\tFilter Origin:\t\tUnknown\r\n\tFilter Run-Time ID:\t0\r\n\tLayer Name:\t\t%%14611\r\n\tLayer Run-Time ID:\t48", "raw_inserts": ["16808", "\\device\\harddiskvolume4\\windows\\system32\\svchost.exe", "%%14593", "10.156.117.84", "53500", "20.190.146.37", "443", "6", "3", "Unknown"]}
{"timestamp": "2026-04-07 12:32:15", "event_id": 5156, "channel": "Security", "source": "Microsoft-Windows-Security-Auditing", "computer": "Anish", "event_type": "generic", "event_type_label": "Generic System Event", "severity": "INFO", "severity_int": 0, "user": "firefox.exe", "ip": "", "process_name": "", "cmdline": "", "logon_type": "", "logon_type_label": "", "logon_risk": "INFO", "privileges": "", "message": "The Windows Filtering Platform has permitted a connection.\r\n\r\nApplication Information:\r\n\tProcess ID:\t\t5256\r\n\tApplication Name:\t\\device\\harddiskvolume4\\program files\\mozilla firefox\\firefox.exe\r\n\r\nNetwork Information:\r\n\tDirection:\t\t%%14593\r\n\tSource Address:\t\t127.0.0.1\r\n\tSource Port:\t\t53501\r\n\tDestination Address:\t127.0.0.1\r\n\tDestination Port:\t\t5000\r\n\tProtocol:\t\t6\r\n\tInterface Index:\t\t1\r\n\r\nFilter Information:\r\n\tFilter Origin:\t\tAppContainer Loopback\r\n\tFilter Run-Time ID:\t67110\r\n\tLayer Name:\t\t%%14611\r", "raw_inserts": ["5256", "\\device\\harddiskvolume4\\program files\\mozilla firefox\\firefox.exe", "%%14593", "127.0.0.1", "53501", "127.0.0.1", "5000", "6", "1", "AppContainer Loopback"]}
{"timestamp": "2026-04-07 12:32:15", "event_id": 5156, "channel": "Security", "source": "Microsoft-Windows-Security-Auditing", "computer": "Anish", "event_type": "generic", "event_type_label": "Generic System Event", "severity": "INFO", "severity_int": 0, "user": "python.exe", "ip": "", "process_name": "", "cmdline": "", "logon_type": "", "logon_type_label": "", "logon_risk": "INFO", "privileges": "", "message": "The Windows Filtering Platform has permitted a connection.\r\n\r\nApplication Information:\r\n\tProcess ID:\t\t19868\r\n\tApplication Name:\t\\device\\harddiskvolume4\\users\\nitro 5\\appdata\\local\\programs\\python\\python312\\python.exe\r\n\r\nNetwork Information:\r\n\tDirection:\t\t%%14592\r\n\tSource Address:\t\t127.0.0.1\r\n\tSource Port:\t\t53501\r\n\tDestination Address:\t127.0.0.1\r\n\tDestination Port:\t\t5000\r\n\tProtocol:\t\t6\r\n\tInterface Index:\t\t1\r\n\r\nFilter Information:\r\n\tFilter Origin:\t\tAppContainer Loopback\r\n\tFilter Run-Time ID:\t67104", "raw_inserts": ["19868", "\\device\\harddiskvolume4\\users\\nitro 5\\appdata\\local\\programs\\python\\python312\\python.exe", "%%14592", "127.0.0.1", "53501", "127.0.0.1", "5000", "6", "1", "AppContainer Loopback"]}
{"timestamp": "2026-04-07 12:32:15", "event_id": 4674, "channel": "Security", "source": "Microsoft-Windows-Security-Auditing", "computer": "Anish", "event_type": "generic", "event_type_label": "Generic System Event", "severity": "INFO", "severity_int": 0, "user": "Parameters", "ip": "", "process_name": "", "cmdline": "", "logon_type": "", "logon_type_label": "", "logon_risk": "INFO", "privileges": "", "message": "An operation was attempted on a privileged object.\r\n\r\nSubject:\r\n\tSecurity ID:\t\tS-1-5-21-1251900359-2259549607-1534340609-1008\r\n\tAccount Name:\t\tlabuser\r\n\tAccount Domain:\t\tANISH\r\n\tLogon ID:\t\t0x178d7d3\r\n\r\nObject:\r\n\tObject Server:\tSecurity\r\n\tObject Type:\tKey\r\n\tObject Name:\t\\REGISTRY\\MACHINE\\SYSTEM\\ControlSet001\\Services\\WinSock2\\Parameters\r\n\tObject Handle:\t0x5a4\r\n\r\nProcess Information:\r\n\tProcess ID:\t0x6130\r\n\tProcess Name:\tC:\\Windows\\System32\\WerFault.exe\r\n\r\nRequested Operation:\r\n\tDesired Access:\t%%1", "raw_inserts": ["S-1-5-21-1251900359-2259549607-1534340609-1008", "labuser", "ANISH", "0x178d7d3", "Security", "Key", "\\REGISTRY\\MACHINE\\SYSTEM\\ControlSet001\\Services\\WinSock2\\Parameters", "0x5a4", "%%1537\r\n\t\t\t\t%%1538\r\n\t\t\t\t%%1539\r\n\t\t\t\t%%1540\r\n\t\t\t\t%%4432\r\n\t\t\t\t%%4433\r\n\t\t\t\t%%4434\r\n\t\t\t\t%%4435\r\n\t\t\t\t%%4436\r\n\t\t\t\t%%4437\r\n\t\t\t\t", "SeTakeOwnershipPrivilege"]}
{"timestamp": "2026-04-07 12:32:16", "event_id": 5156, "channel": "Security", "source": "Microsoft-Windows-Security-Auditing", "computer": "Anish", "event_type": "generic", "event_type_label": "Generic System Event", "severity": "INFO", "severity_int": 0, "user": "werfault.exe", "ip": "", "process_name": "", "cmdline": "", "logon_type": "", "logon_type_label": "", "logon_risk": "INFO", "privileges": "", "message": "The Windows Filtering Platform has permitted a connection.\r\n\r\nApplication Information:\r\n\tProcess ID:\t\t24880\r\n\tApplication Name:\t\\device\\harddiskvolume4\\windows\\system32\\werfault.exe\r\n\r\nNetwork Information:\r\n\tDirection:\t\t%%14593\r\n\tSource Address:\t\t10.156.117.84\r\n\tSource Port:\t\t53521\r\n\tDestination Address:\t172.178.240.162\r\n\tDestination Port:\t\t443\r\n\tProtocol:\t\t6\r\n\tInterface Index:\t\t3\r\n\r\nFilter Information:\r\n\tFilter Origin:\t\tUnknown\r\n\tFilter Run-Time ID:\t0\r\n\tLayer Name:\t\t%%14611\r\n\tLayer Run-Time ID:", "raw_inserts": ["24880", "\\device\\harddiskvolume4\\windows\\system32\\werfault.exe", "%%14593", "10.156.117.84", "53521", "172.178.240.162", "443", "6", "3", "Unknown"]}
{"timestamp": "2026-04-07 12:32:16", "event_id": 5156, "channel": "Security", "source": "Microsoft-Windows-Security-Auditing", "computer": "Anish", "event_type": "generic", "event_type_label": "Generic System Event", "severity": "INFO", "severity_int": 0, "user": "adskaccessservice.exe", "ip": "", "process_name": "", "cmdline": "", "logon_type": "", "logon_type_label": "", "logon_risk": "INFO", "privileges": "", "message": "The Windows Filtering Platform has permitted a connection.\r\n\r\nApplication Information:\r\n\tProcess ID:\t\t10124\r\n\tApplication Name:\t\\device\\harddiskvolume4\\program files\\autodesk\\adodis\\v1\\setup\\adskaccessservice.exe\r\n\r\nNetwork Information:\r\n\tDirection:\t\t%%14593\r\n\tSource Address:\t\t127.0.0.1\r\n\tSource Port:\t\t53523\r\n\tDestination Address:\t127.0.0.1\r\n\tDestination Port:\t\t49675\r\n\tProtocol:\t\t6\r\n\tInterface Index:\t\t1\r\n\r\nFilter Information:\r\n\tFilter Origin:\t\tAppContainer Loopback\r\n\tFilter Run-Time ID:\t67110\r\n\t", "raw_inserts": ["10124", "\\device\\harddiskvolume4\\program files\\autodesk\\adodis\\v1\\setup\\adskaccessservice.exe", "%%14593", "127.0.0.1", "53523", "127.0.0.1", "49675", "6", "1", "AppContainer Loopback"]}
{"timestamp": "2026-04-07 12:32:16", "event_id": 5156, "channel": "Security", "source": "Microsoft-Windows-Security-Auditing", "computer": "Anish", "event_type": "generic", "event_type_label": "Generic System Event", "severity": "INFO", "severity_int": 0, "user": "cer_service.exe", "ip": "", "process_name": "", "cmdline": "", "logon_type": "", "logon_type_label": "", "logon_risk": "INFO", "privileges": "", "message": "The Windows Filtering Platform has permitted a connection.\r\n\r\nApplication Information:\r\n\tProcess ID:\t\t5136\r\n\tApplication Name:\t\\device\\harddiskvolume4\\program files\\autodesk\\autodesk cer\\service\\cer_service.exe\r\n\r\nNetwork Information:\r\n\tDirection:\t\t%%14592\r\n\tSource Address:\t\t127.0.0.1\r\n\tSource Port:\t\t53523\r\n\tDestination Address:\t127.0.0.1\r\n\tDestination Port:\t\t49675\r\n\tProtocol:\t\t6\r\n\tInterface Index:\t\t1\r\n\r\nFilter Information:\r\n\tFilter Origin:\t\tAppContainer Loopback\r\n\tFilter Run-Time ID:\t67104\r\n\tLa", "raw_inserts": ["5136", "\\device\\harddiskvolume4\\program files\\autodesk\\autodesk cer\\service\\cer_service.exe", "%%14592", "127.0.0.1", "53523", "127.0.0.1", "49675", "6", "1", "AppContainer Loopback"]}
{"timestamp": "2026-04-07 12:32:18", "event_id": 4674, "channel": "Security", "source": "Microsoft-Windows-Security-Auditing", "computer": "Anish", "event_type": "generic", "event_type_label": "Generic System Event", "severity": "INFO", "severity_int": 0, "user": "svchost.exe", "ip": "", "process_name": "", "cmdline": "", "logon_type": "", "logon_type_label": "", "logon_risk": "INFO", "privileges": "", "message": "An operation was attempted on a privileged object.\r\n\r\nSubject:\r\n\tSecurity ID:\t\tS-1-5-21-1251900359-2259549607-1534340609-1008\r\n\tAccount Name:\t\tlabuser\r\n\tAccount Domain:\t\tANISH\r\n\tLogon ID:\t\t0x178d7d3\r\n\r\nObject:\r\n\tObject Server:\tSecurity\r\n\tObject Type:\t-\r\n\tObject Name:\t-\r\n\tObject Handle:\t0x3f4\r\n\r\nProcess Information:\r\n\tProcess ID:\t0xfa4\r\n\tProcess Name:\tC:\\Windows\\System32\\svchost.exe\r\n\r\nRequested Operation:\r\n\tDesired Access:\t983103\r\n\tPrivileges:\t\tSeTakeOwnershipPrivilege\r\n", "raw_inserts": ["S-1-5-21-1251900359-2259549607-1534340609-1008", "labuser", "ANISH", "0x178d7d3", "Security", "-", "-", "0x3f4", "983103", "SeTakeOwnershipPrivilege"]}
{"timestamp": "2026-04-07 12:32:18", "event_id": 5156, "channel": "Security", "source": "Microsoft-Windows-Security-Auditing", "computer": "Anish", "event_type": "generic", "event_type_label": "Generic System Event", "severity": "INFO", "severity_int": 0, "user": "wazuh-agent.exe", "ip": "", "process_name": "", "cmdline": "", "logon_type": "", "logon_type_label": "", "logon_risk": "INFO", "privileges": "", "message": "The Windows Filtering Platform has permitted a connection.\r\n\r\nApplication Information:\r\n\tProcess ID:\t\t5772\r\n\tApplication Name:\t\\device\\harddiskvolume4\\program files (x86)\\ossec-agent\\wazuh-agent.exe\r\n\r\nNetwork Information:\r\n\tDirection:\t\t%%14593\r\n\tSource Address:\t\t10.156.117.84\r\n\tSource Port:\t\t53524\r\n\tDestination Address:\t192.168.0.108\r\n\tDestination Port:\t\t1514\r\n\tProtocol:\t\t6\r\n\tInterface Index:\t\t3\r\n\r\nFilter Information:\r\n\tFilter Origin:\t\tUnknown\r\n\tFilter Run-Time ID:\t0\r\n\tLayer Name:\t\t%%14611\r\n\tLa", "raw_inserts": ["5772", "\\device\\harddiskvolume4\\program files (x86)\\ossec-agent\\wazuh-agent.exe", "%%14593", "10.156.117.84", "53524", "192.168.0.108", "1514", "6", "3", "Unknown"]}
{"timestamp": "2026-04-07 12:32:19", "event_id": 5156, "channel": "Security", "source": "Microsoft-Windows-Security-Auditing", "computer": "Anish", "event_type": "generic", "event_type_label": "Generic System Event", "severity": "INFO", "severity_int": 0, "user": "lghub_agent.exe", "ip": "", "process_name": "", "cmdline": "", "logon_type": "", "logon_type_label": "", "logon_risk": "INFO", "privileges": "", "message": "The Windows Filtering Platform has permitted a connection.\r\n\r\nApplication Information:\r\n\tProcess ID:\t\t9828\r\n\tApplication Name:\t\\device\\harddiskvolume4\\program files\\lghub\\lghub_agent.exe\r\n\r\nNetwork Information:\r\n\tDirection:\t\t%%14593\r\n\tSource Address:\t\t127.0.0.1\r\n\tSource Port:\t\t53525\r\n\tDestination Address:\t127.0.0.1\r\n\tDestination Port:\t\t28194\r\n\tProtocol:\t\t6\r\n\tInterface Index:\t\t1\r\n\r\nFilter Information:\r\n\tFilter Origin:\t\tAppContainer Loopback\r\n\tFilter Run-Time ID:\t67110\r\n\tLayer Name:\t\t%%14611\r\n\tLay", "raw_inserts": ["9828", "\\device\\harddiskvolume4\\program files\\lghub\\lghub_agent.exe", "%%14593", "127.0.0.1", "53525", "127.0.0.1", "28194", "6", "1", "AppContainer Loopback"]}
{"timestamp": "2026-04-07 12:32:20", "event_id": 4674, "channel": "Security", "source": "Microsoft-Windows-Security-Auditing", "computer": "Anish", "event_type": "generic", "event_type_label": "Generic System Event", "severity": "INFO", "severity_int": 0, "user": "SM0:24880:304:WilStaging_02", "ip": "", "process_name": "", "cmdline": "", "logon_type": "", "logon_type_label": "", "logon_risk": "INFO", "privileges": "", "message": "An operation was attempted on a privileged object.\r\n\r\nSubject:\r\n\tSecurity ID:\t\tS-1-5-21-1251900359-2259549607-1534340609-1008\r\n\tAccount Name:\t\tlabuser\r\n\tAccount Domain:\t\tANISH\r\n\tLogon ID:\t\t0x178d7d3\r\n\r\nObject:\r\n\tObject Server:\tSecurity\r\n\tObject Type:\tMutant\r\n\tObject Name:\t\\BaseNamedObjects\\SM0:24880:304:WilStaging_02\r\n\tObject Handle:\t0x4dc\r\n\r\nProcess Information:\r\n\tProcess ID:\t0x6130\r\n\tProcess Name:\tC:\\Windows\\System32\\WerFault.exe\r\n\r\nRequested Operation:\r\n\tDesired Access:\t%%1537\r\n\t\t\t\t%%1538\r\n\t\t", "raw_inserts": ["S-1-5-21-1251900359-2259549607-1534340609-1008", "labuser", "ANISH", "0x178d7d3", "Security", "Mutant", "\\BaseNamedObjects\\SM0:24880:304:WilStaging_02", "0x4dc", "%%1537\r\n\t\t\t\t%%1538\r\n\t\t\t\t%%1539\r\n\t\t\t\t%%1540\r\n\t\t\t\t%%1541\r\n\t\t\t\t%%4448\r\n\t\t\t\t", "SeTakeOwnershipPrivilege"]}
{"timestamp": "2026-04-07 12:32:20", "event_id": 4674, "channel": "Security", "source": "Microsoft-Windows-Security-Auditing", "computer": "Anish", "event_type": "generic", "event_type_label": "Generic System Event", "severity": "INFO", "severity_int": 0, "user": "WerFault.exe", "ip": "", "process_name": "", "cmdline": "", "logon_type": "", "logon_type_label": "", "logon_risk": "INFO", "privileges": "", "message": "An operation was attempted on a privileged object.\r\n\r\nSubject:\r\n\tSecurity ID:\t\tS-1-5-21-1251900359-2259549607-1534340609-1008\r\n\tAccount Name:\t\tlabuser\r\n\tAccount Domain:\t\tANISH\r\n\tLogon ID:\t\t0x178d7d3\r\n\r\nObject:\r\n\tObject Server:\tSecurity\r\n\tObject Type:\t-\r\n\tObject Name:\t-\r\n\tObject Handle:\t0x4dc\r\n\r\nProcess Information:\r\n\tProcess ID:\t0x6130\r\n\tProcess Name:\tC:\\Windows\\System32\\WerFault.exe\r\n\r\nRequested Operation:\r\n\tDesired Access:\t2031617\r\n\tPrivileges:\t\tSeTakeOwnershipPrivilege\r\n", "raw_inserts": ["S-1-5-21-1251900359-2259549607-1534340609-1008", "labuser", "ANISH", "0x178d7d3", "Security", "-", "-", "0x4dc", "2031617", "SeTakeOwnershipPrivilege"]}
{"timestamp": "2026-04-07 12:32:20", "event_id": 4674, "channel": "Security", "source": "Microsoft-Windows-Security-Auditing", "computer": "Anish", "event_type": "generic", "event_type_label": "Generic System Event", "severity": "INFO", "severity_int": 0, "user": "SM0:24880:304:WilStaging_02_p0", "ip": "", "process_name": "", "cmdline": "", "logon_type": "", "logon_type_label": "", "logon_risk": "INFO", "privileges": "", "message": "An operation was attempted on a privileged object.\r\n\r\nSubject:\r\n\tSecurity ID:\t\tS-1-5-21-1251900359-2259549607-1534340609-1008\r\n\tAccount Name:\t\tlabuser\r\n\tAccount Domain:\t\tANISH\r\n\tLogon ID:\t\t0x178d7d3\r\n\r\nObject:\r\n\tObject Server:\tSecurity\r\n\tObject Type:\tSemaphore\r\n\tObject Name:\t\\BaseNamedObjects\\SM0:24880:304:WilStaging_02_p0\r\n\tObject Handle:\t0x57c\r\n\r\nProcess Information:\r\n\tProcess ID:\t0x6130\r\n\tProcess Name:\tC:\\Windows\\System32\\WerFault.exe\r\n\r\nRequested Operation:\r\n\tDesired Access:\t%%1537\r\n\t\t\t\t%%15", "raw_inserts": ["S-1-5-21-1251900359-2259549607-1534340609-1008", "labuser", "ANISH", "0x178d7d3", "Security", "Semaphore", "\\BaseNamedObjects\\SM0:24880:304:WilStaging_02_p0", "0x57c", "%%1537\r\n\t\t\t\t%%1538\r\n\t\t\t\t%%1539\r\n\t\t\t\t%%1540\r\n\t\t\t\t%%1541\r\n\t\t\t\t%%4528\r\n\t\t\t\t%%4529\r\n\t\t\t\t", "SeTakeOwnershipPrivilege"]}
{"timestamp": "2026-04-07 12:32:20", "event_id": 4674, "channel": "Security", "source": "Microsoft-Windows-Security-Auditing", "computer": "Anish", "event_type": "generic", "event_type_label": "Generic System Event", "severity": "INFO", "severity_int": 0, "user": "SM0:24880:304:WilStaging_02_p0h", "ip": "", "process_name": "", "cmdline": "", "logon_type": "", "logon_type_label": "", "logon_risk": "INFO", "privileges": "", "message": "An operation was attempted on a privileged object.\r\n\r\nSubject:\r\n\tSecurity ID:\t\tS-1-5-21-1251900359-2259549607-1534340609-1008\r\n\tAccount Name:\t\tlabuser\r\n\tAccount Domain:\t\tANISH\r\n\tLogon ID:\t\t0x178d7d3\r\n\r\nObject:\r\n\tObject Server:\tSecurity\r\n\tObject Type:\tSemaphore\r\n\tObject Name:\t\\BaseNamedObjects\\SM0:24880:304:WilStaging_02_p0h\r\n\tObject Handle:\t0x5a4\r\n\r\nProcess Information:\r\n\tProcess ID:\t0x6130\r\n\tProcess Name:\tC:\\Windows\\System32\\WerFault.exe\r\n\r\nRequested Operation:\r\n\tDesired Access:\t%%1537\r\n\t\t\t\t%%1", "raw_inserts": ["S-1-5-21-1251900359-2259549607-1534340609-1008", "labuser", "ANISH", "0x178d7d3", "Security", "Semaphore", "\\BaseNamedObjects\\SM0:24880:304:WilStaging_02_p0h", "0x5a4", "%%1537\r\n\t\t\t\t%%1538\r\n\t\t\t\t%%1539\r\n\t\t\t\t%%1540\r\n\t\t\t\t%%1541\r\n\t\t\t\t%%4528\r\n\t\t\t\t%%4529\r\n\t\t\t\t", "SeTakeOwnershipPrivilege"]}
{"timestamp": "2026-04-07 12:32:20", "event_id": 4674, "channel": "Security", "source": "Microsoft-Windows-Security-Auditing", "computer": "Anish", "event_type": "generic", "event_type_label": "Generic System Event", "severity": "INFO", "severity_int": 0, "user": "CPSS", "ip": "", "process_name": "", "cmdline": "", "logon_type": "", "logon_type_label": "", "logon_risk": "INFO", "privileges": "", "message": "An operation was attempted on a privileged object.\r\n\r\nSubject:\r\n\tSecurity ID:\t\tS-1-5-21-1251900359-2259549607-1534340609-1008\r\n\tAccount Name:\t\tlabuser\r\n\tAccount Domain:\t\tANISH\r\n\tLogon ID:\t\t0x178d7d3\r\n\r\nObject:\r\n\tObject Server:\tSecurity\r\n\tObject Type:\tKey\r\n\tObject Name:\t\\REGISTRY\\MACHINE\\SOFTWARE\\Microsoft\\Windows\\CurrentVersion\\CPSS\r\n\tObject Handle:\t0x474\r\n\r\nProcess Information:\r\n\tProcess ID:\t0x6130\r\n\tProcess Name:\tC:\\Windows\\System32\\WerFault.exe\r\n\r\nRequested Operation:\r\n\tDesired Access:\t%%1537", "raw_inserts": ["S-1-5-21-1251900359-2259549607-1534340609-1008", "labuser", "ANISH", "0x178d7d3", "Security", "Key", "\\REGISTRY\\MACHINE\\SOFTWARE\\Microsoft\\Windows\\CurrentVersion\\CPSS", "0x474", "%%1537\r\n\t\t\t\t%%1538\r\n\t\t\t\t%%1539\r\n\t\t\t\t%%1540\r\n\t\t\t\t%%4432\r\n\t\t\t\t%%4433\r\n\t\t\t\t%%4434\r\n\t\t\t\t%%4435\r\n\t\t\t\t%%4436\r\n\t\t\t\t%%4437\r\n\t\t\t\t", "SeTakeOwnershipPrivilege"]}
{"timestamp": "2026-04-07 12:32:20", "event_id": 4674, "channel": "Security", "source": "Microsoft-Windows-Security-Auditing", "computer": "Anish", "event_type": "generic", "event_type_label": "Generic System Event", "severity": "INFO", "severity_int": 0, "user": "Store", "ip": "", "process_name": "", "cmdline": "", "logon_type": "", "logon_type_label": "", "logon_risk": "INFO", "privileges": "", "message": "An operation was attempted on a privileged object.\r\n\r\nSubject:\r\n\tSecurity ID:\t\tS-1-5-21-1251900359-2259549607-1534340609-1008\r\n\tAccount Name:\t\tlabuser\r\n\tAccount Domain:\t\tANISH\r\n\tLogon ID:\t\t0x178d7d3\r\n\r\nObject:\r\n\tObject Server:\tSecurity\r\n\tObject Type:\tKey\r\n\tObject Name:\t\\REGISTRY\\MACHINE\\SOFTWARE\\Microsoft\\Windows\\CurrentVersion\\CPSS\\Store\r\n\tObject Handle:\t0x56c\r\n\r\nProcess Information:\r\n\tProcess ID:\t0x6130\r\n\tProcess Name:\tC:\\Windows\\System32\\WerFault.exe\r\n\r\nRequested Operation:\r\n\tDesired Access:\t", "raw_inserts": ["S-1-5-21-1251900359-2259549607-1534340609-1008", "labuser", "ANISH", "0x178d7d3", "Security", "Key", "\\REGISTRY\\MACHINE\\SOFTWARE\\Microsoft\\Windows\\CurrentVersion\\CPSS\\Store", "0x56c", "%%1537\r\n\t\t\t\t%%1538\r\n\t\t\t\t%%1539\r\n\t\t\t\t%%1540\r\n\t\t\t\t%%4432\r\n\t\t\t\t%%4433\r\n\t\t\t\t%%4434\r\n\t\t\t\t%%4435\r\n\t\t\t\t%%4436\r\n\t\t\t\t%%4437\r\n\t\t\t\t", "SeTakeOwnershipPrivilege"]}
{"timestamp": "2026-04-07 12:32:20", "event_id": 4674, "channel": "Security", "source": "Microsoft-Windows-Security-Auditing", "computer": "Anish", "event_type": "generic", "event_type_label": "Generic System Event", "severity": "INFO", "severity_int": 0, "user": "AllowTelemetry", "ip": "", "process_name": "", "cmdline": "", "logon_type": "", "logon_type_label": "", "logon_risk": "INFO", "privileges": "", "message": "An operation was attempted on a privileged object.\r\n\r\nSubject:\r\n\tSecurity ID:\t\tS-1-5-21-1251900359-2259549607-1534340609-1008\r\n\tAccount Name:\t\tlabuser\r\n\tAccount Domain:\t\tANISH\r\n\tLogon ID:\t\t0x178d7d3\r\n\r\nObject:\r\n\tObject Server:\tSecurity\r\n\tObject Type:\tKey\r\n\tObject Name:\t\\REGISTRY\\MACHINE\\SOFTWARE\\Microsoft\\Windows\\CurrentVersion\\CPSS\\Store\\AllowTelemetry\r\n\tObject Handle:\t0x574\r\n\r\nProcess Information:\r\n\tProcess ID:\t0x6130\r\n\tProcess Name:\tC:\\Windows\\System32\\WerFault.exe\r\n\r\nRequested Operation:\r\n\tD", "raw_inserts": ["S-1-5-21-1251900359-2259549607-1534340609-1008", "labuser", "ANISH", "0x178d7d3", "Security", "Key", "\\REGISTRY\\MACHINE\\SOFTWARE\\Microsoft\\Windows\\CurrentVersion\\CPSS\\Store\\AllowTelemetry", "0x574", "%%1537\r\n\t\t\t\t%%1538\r\n\t\t\t\t%%1539\r\n\t\t\t\t%%1540\r\n\t\t\t\t%%4432\r\n\t\t\t\t%%4433\r\n\t\t\t\t%%4434\r\n\t\t\t\t%%4435\r\n\t\t\t\t%%4436\r\n\t\t\t\t%%4437\r\n\t\t\t\t", "SeTakeOwnershipPrivilege"]}
{"timestamp": "2026-04-07 12:32:20", "event_id": 4674, "channel": "Security", "source": "Microsoft-Windows-Security-Auditing", "computer": "Anish", "event_type": "generic", "event_type_label": "Generic System Event", "severity": "INFO", "severity_int": 0, "user": "DataCollection", "ip": "", "process_name": "", "cmdline": "", "logon_type": "", "logon_type_label": "", "logon_risk": "INFO", "privileges": "", "message": "An operation was attempted on a privileged object.\r\n\r\nSubject:\r\n\tSecurity ID:\t\tS-1-5-21-1251900359-2259549607-1534340609-1008\r\n\tAccount Name:\t\tlabuser\r\n\tAccount Domain:\t\tANISH\r\n\tLogon ID:\t\t0x178d7d3\r\n\r\nObject:\r\n\tObject Server:\tSecurity\r\n\tObject Type:\tKey\r\n\tObject Name:\t\\REGISTRY\\MACHINE\\SOFTWARE\\Microsoft\\Windows\\CurrentVersion\\Policies\\DataCollection\r\n\tObject Handle:\t0x56c\r\n\r\nProcess Information:\r\n\tProcess ID:\t0x6130\r\n\tProcess Name:\tC:\\Windows\\System32\\WerFault.exe\r\n\r\nRequested Operation:\r\n\tDes", "raw_inserts": ["S-1-5-21-1251900359-2259549607-1534340609-1008", "labuser", "ANISH", "0x178d7d3", "Security", "Key", "\\REGISTRY\\MACHINE\\SOFTWARE\\Microsoft\\Windows\\CurrentVersion\\Policies\\DataCollection", "0x56c", "%%1537\r\n\t\t\t\t%%1538\r\n\t\t\t\t%%1539\r\n\t\t\t\t%%1540\r\n\t\t\t\t%%4432\r\n\t\t\t\t%%4433\r\n\t\t\t\t%%4434\r\n\t\t\t\t%%4435\r\n\t\t\t\t%%4436\r\n\t\t\t\t%%4437\r\n\t\t\t\t", "SeTakeOwnershipPrivilege"]}
{"timestamp": "2026-04-07 12:32:20", "event_id": 4674, "channel": "Security", "source": "Microsoft-Windows-Security-Auditing", "computer": "Anish", "event_type": "generic", "event_type_label": "Generic System Event", "severity": "INFO", "severity_int": 0, "user": "FX:124117A5", "ip": "", "process_name": "", "cmdline": "", "logon_type": "", "logon_type_label": "", "logon_risk": "INFO", "privileges": "", "message": "An operation was attempted on a privileged object.\r\n\r\nSubject:\r\n\tSecurity ID:\t\tS-1-5-21-1251900359-2259549607-1534340609-1008\r\n\tAccount Name:\t\tlabuser\r\n\tAccount Domain:\t\tANISH\r\n\tLogon ID:\t\t0x178d7d3\r\n\r\nObject:\r\n\tObject Server:\tSecurity\r\n\tObject Type:\tKey\r\n\tObject Name:\t\\REGISTRY\\MACHINE\\SOFTWARE\\Microsoft\\WindowsSelfHost\\FIDs\\ByFID\\FX:124117A5\r\n\tObject Handle:\t0x554\r\n\r\nProcess Information:\r\n\tProcess ID:\t0x6130\r\n\tProcess Name:\tC:\\Windows\\System32\\WerFault.exe\r\n\r\nRequested Operation:\r\n\tDesired Acc", "raw_inserts": ["S-1-5-21-1251900359-2259549607-1534340609-1008", "labuser", "ANISH", "0x178d7d3", "Security", "Key", "\\REGISTRY\\MACHINE\\SOFTWARE\\Microsoft\\WindowsSelfHost\\FIDs\\ByFID\\FX:124117A5", "0x554", "%%1537\r\n\t\t\t\t%%1538\r\n\t\t\t\t%%1539\r\n\t\t\t\t%%1540\r\n\t\t\t\t%%4432\r\n\t\t\t\t%%4433\r\n\t\t\t\t%%4434\r\n\t\t\t\t%%4435\r\n\t\t\t\t%%4436\r\n\t\t\t\t%%4437\r\n\t\t\t\t", "SeTakeOwnershipPrivilege"]}
{"timestamp": "2026-04-07 12:32:20", "event_id": 4674, "channel": "Security", "source": "Microsoft-Windows-Security-Auditing", "computer": "Anish", "event_type": "generic", "event_type_label": "Generic System Event", "severity": "INFO", "severity_int": 0, "user": "FX:12AAB1C3", "ip": "", "process_name": "", "cmdline": "", "logon_type": "", "logon_type_label": "", "logon_risk": "INFO", "privileges": "", "message": "An operation was attempted on a privileged object.\r\n\r\nSubject:\r\n\tSecurity ID:\t\tS-1-5-21-1251900359-2259549607-1534340609-1008\r\n\tAccount Name:\t\tlabuser\r\n\tAccount Domain:\t\tANISH\r\n\tLogon ID:\t\t0x178d7d3\r\n\r\nObject:\r\n\tObject Server:\tSecurity\r\n\tObject Type:\tKey\r\n\tObject Name:\t\\REGISTRY\\MACHINE\\SOFTWARE\\Microsoft\\WindowsSelfHost\\FIDs\\ByFID\\FX:12AAB1C3\r\n\tObject Handle:\t0x554\r\n\r\nProcess Information:\r\n\tProcess ID:\t0x6130\r\n\tProcess Name:\tC:\\Windows\\System32\\WerFault.exe\r\n\r\nRequested Operation:\r\n\tDesired Acc", "raw_inserts": ["S-1-5-21-1251900359-2259549607-1534340609-1008", "labuser", "ANISH", "0x178d7d3", "Security", "Key", "\\REGISTRY\\MACHINE\\SOFTWARE\\Microsoft\\WindowsSelfHost\\FIDs\\ByFID\\FX:12AAB1C3", "0x554", "%%1537\r\n\t\t\t\t%%1538\r\n\t\t\t\t%%1539\r\n\t\t\t\t%%1540\r\n\t\t\t\t%%4432\r\n\t\t\t\t%%4433\r\n\t\t\t\t%%4434\r\n\t\t\t\t%%4435\r\n\t\t\t\t%%4436\r\n\t\t\t\t%%4437\r\n\t\t\t\t", "SeTakeOwnershipPrivilege"]}
{"timestamp": "2026-04-07 12:32:20", "event_id": 4674, "channel": "Security", "source": "Microsoft-Windows-Security-Auditing", "computer": "Anish", "event_type": "generic", "event_type_label": "Generic System Event", "severity": "INFO", "severity_int": 0, "user": "FX:12C80CE4", "ip": "", "process_name": "", "cmdline": "", "logon_type": "", "logon_type_label": "", "logon_risk": "INFO", "privileges": "", "message": "An operation was attempted on a privileged object.\r\n\r\nSubject:\r\n\tSecurity ID:\t\tS-1-5-21-1251900359-2259549607-1534340609-1008\r\n\tAccount Name:\t\tlabuser\r\n\tAccount Domain:\t\tANISH\r\n\tLogon ID:\t\t0x178d7d3\r\n\r\nObject:\r\n\tObject Server:\tSecurity\r\n\tObject Type:\tKey\r\n\tObject Name:\t\\REGISTRY\\MACHINE\\SOFTWARE\\Microsoft\\WindowsSelfHost\\FIDs\\ByFID\\FX:12C80CE4\r\n\tObject Handle:\t0x554\r\n\r\nProcess Information:\r\n\tProcess ID:\t0x6130\r\n\tProcess Name:\tC:\\Windows\\System32\\WerFault.exe\r\n\r\nRequested Operation:\r\n\tDesired Acc", "raw_inserts": ["S-1-5-21-1251900359-2259549607-1534340609-1008", "labuser", "ANISH", "0x178d7d3", "Security", "Key", "\\REGISTRY\\MACHINE\\SOFTWARE\\Microsoft\\WindowsSelfHost\\FIDs\\ByFID\\FX:12C80CE4", "0x554", "%%1537\r\n\t\t\t\t%%1538\r\n\t\t\t\t%%1539\r\n\t\t\t\t%%1540\r\n\t\t\t\t%%4432\r\n\t\t\t\t%%4433\r\n\t\t\t\t%%4434\r\n\t\t\t\t%%4435\r\n\t\t\t\t%%4436\r\n\t\t\t\t%%4437\r\n\t\t\t\t", "SeTakeOwnershipPrivilege"]}
{"timestamp": "2026-04-07 12:32:20", "event_id": 4674, "channel": "Security", "source": "Microsoft-Windows-Security-Auditing", "computer": "Anish", "event_type": "generic", "event_type_label": "Generic System Event", "severity": "INFO", "severity_int": 0, "user": "FX:12ECE1E8", "ip": "", "process_name": "", "cmdline": "", "logon_type": "", "logon_type_label": "", "logon_risk": "INFO", "privileges": "", "message": "An operation was attempted on a privileged object.\r\n\r\nSubject:\r\n\tSecurity ID:\t\tS-1-5-21-1251900359-2259549607-1534340609-1008\r\n\tAccount Name:\t\tlabuser\r\n\tAccount Domain:\t\tANISH\r\n\tLogon ID:\t\t0x178d7d3\r\n\r\nObject:\r\n\tObject Server:\tSecurity\r\n\tObject Type:\tKey\r\n\tObject Name:\t\\REGISTRY\\MACHINE\\SOFTWARE\\Microsoft\\WindowsSelfHost\\FIDs\\ByFID\\FX:12ECE1E8\r\n\tObject Handle:\t0x554\r\n\r\nProcess Information:\r\n\tProcess ID:\t0x6130\r\n\tProcess Name:\tC:\\Windows\\System32\\WerFault.exe\r\n\r\nRequested Operation:\r\n\tDesired Acc", "raw_inserts": ["S-1-5-21-1251900359-2259549607-1534340609-1008", "labuser", "ANISH", "0x178d7d3", "Security", "Key", "\\REGISTRY\\MACHINE\\SOFTWARE\\Microsoft\\WindowsSelfHost\\FIDs\\ByFID\\FX:12ECE1E8", "0x554", "%%1537\r\n\t\t\t\t%%1538\r\n\t\t\t\t%%1539\r\n\t\t\t\t%%1540\r\n\t\t\t\t%%4432\r\n\t\t\t\t%%4433\r\n\t\t\t\t%%4434\r\n\t\t\t\t%%4435\r\n\t\t\t\t%%4436\r\n\t\t\t\t%%4437\r\n\t\t\t\t", "SeTakeOwnershipPrivilege"]}
{"timestamp": "2026-04-07 12:32:20", "event_id": 4674, "channel": "Security", "source": "Microsoft-Windows-Security-Auditing", "computer": "Anish", "event_type": "generic", "event_type_label": "Generic System Event", "severity": "INFO", "severity_int": 0, "user": "FX:12F2E40E", "ip": "", "process_name": "", "cmdline": "", "logon_type": "", "logon_type_label": "", "logon_risk": "INFO", "privileges": "", "message": "An operation was attempted on a privileged object.\r\n\r\nSubject:\r\n\tSecurity ID:\t\tS-1-5-21-1251900359-2259549607-1534340609-1008\r\n\tAccount Name:\t\tlabuser\r\n\tAccount Domain:\t\tANISH\r\n\tLogon ID:\t\t0x178d7d3\r\n\r\nObject:\r\n\tObject Server:\tSecurity\r\n\tObject Type:\tKey\r\n\tObject Name:\t\\REGISTRY\\MACHINE\\SOFTWARE\\Microsoft\\WindowsSelfHost\\FIDs\\ByFID\\FX:12F2E40E\r\n\tObject Handle:\t0x554\r\n\r\nProcess Information:\r\n\tProcess ID:\t0x6130\r\n\tProcess Name:\tC:\\Windows\\System32\\WerFault.exe\r\n\r\nRequested Operation:\r\n\tDesired Acc", "raw_inserts": ["S-1-5-21-1251900359-2259549607-1534340609-1008", "labuser", "ANISH", "0x178d7d3", "Security", "Key", "\\REGISTRY\\MACHINE\\SOFTWARE\\Microsoft\\WindowsSelfHost\\FIDs\\ByFID\\FX:12F2E40E", "0x554", "%%1537\r\n\t\t\t\t%%1538\r\n\t\t\t\t%%1539\r\n\t\t\t\t%%1540\r\n\t\t\t\t%%4432\r\n\t\t\t\t%%4433\r\n\t\t\t\t%%4434\r\n\t\t\t\t%%4435\r\n\t\t\t\t%%4436\r\n\t\t\t\t%%4437\r\n\t\t\t\t", "SeTakeOwnershipPrivilege"]}
{"timestamp": "2026-04-07 12:32:20", "event_id": 4674, "channel": "Security", "source": "Microsoft-Windows-Security-Auditing", "computer": "Anish", "event_type": "generic", "event_type_label": "Generic System Event", "severity": "INFO", "severity_int": 0, "user": "FX:12FF4FDD", "ip": "", "process_name": "", "cmdline": "", "logon_type": "", "logon_type_label": "", "logon_risk": "INFO", "privileges": "", "message": "An operation was attempted on a privileged object.\r\n\r\nSubject:\r\n\tSecurity ID:\t\tS-1-5-21-1251900359-2259549607-1534340609-1008\r\n\tAccount Name:\t\tlabuser\r\n\tAccount Domain:\t\tANISH\r\n\tLogon ID:\t\t0x178d7d3\r\n\r\nObject:\r\n\tObject Server:\tSecurity\r\n\tObject Type:\tKey\r\n\tObject Name:\t\\REGISTRY\\MACHINE\\SOFTWARE\\Microsoft\\WindowsSelfHost\\FIDs\\ByFID\\FX:12FF4FDD\r\n\tObject Handle:\t0x554\r\n\r\nProcess Information:\r\n\tProcess ID:\t0x6130\r\n\tProcess Name:\tC:\\Windows\\System32\\WerFault.exe\r\n\r\nRequested Operation:\r\n\tDesired Acc", "raw_inserts": ["S-1-5-21-1251900359-2259549607-1534340609-1008", "labuser", "ANISH", "0x178d7d3", "Security", "Key", "\\REGISTRY\\MACHINE\\SOFTWARE\\Microsoft\\WindowsSelfHost\\FIDs\\ByFID\\FX:12FF4FDD", "0x554", "%%1537\r\n\t\t\t\t%%1538\r\n\t\t\t\t%%1539\r\n\t\t\t\t%%1540\r\n\t\t\t\t%%4432\r\n\t\t\t\t%%4433\r\n\t\t\t\t%%4434\r\n\t\t\t\t%%4435\r\n\t\t\t\t%%4436\r\n\t\t\t\t%%4437\r\n\t\t\t\t", "SeTakeOwnershipPrivilege"]}
{"timestamp": "2026-04-07 12:32:20", "event_id": 4674, "channel": "Security", "source": "Microsoft-Windows-Security-Auditing", "computer": "Anish", "event_type": "generic", "event_type_label": "Generic System Event", "severity": "INFO", "severity_int": 0, "user": "FX:1304E767", "ip": "", "process_name": "", "cmdline": "", "logon_type": "", "logon_type_label": "", "logon_risk": "INFO", "privileges": "", "message": "An operation was attempted on a privileged object.\r\n\r\nSubject:\r\n\tSecurity ID:\t\tS-1-5-21-1251900359-2259549607-1534340609-1008\r\n\tAccount Name:\t\tlabuser\r\n\tAccount Domain:\t\tANISH\r\n\tLogon ID:\t\t0x178d7d3\r\n\r\nObject:\r\n\tObject Server:\tSecurity\r\n\tObject Type:\tKey\r\n\tObject Name:\t\\REGISTRY\\MACHINE\\SOFTWARE\\Microsoft\\WindowsSelfHost\\FIDs\\ByFID\\FX:1304E767\r\n\tObject Handle:\t0x554\r\n\r\nProcess Information:\r\n\tProcess ID:\t0x6130\r\n\tProcess Name:\tC:\\Windows\\System32\\WerFault.exe\r\n\r\nRequested Operation:\r\n\tDesired Acc", "raw_inserts": ["S-1-5-21-1251900359-2259549607-1534340609-1008", "labuser", "ANISH", "0x178d7d3", "Security", "Key", "\\REGISTRY\\MACHINE\\SOFTWARE\\Microsoft\\WindowsSelfHost\\FIDs\\ByFID\\FX:1304E767", "0x554", "%%1537\r\n\t\t\t\t%%1538\r\n\t\t\t\t%%1539\r\n\t\t\t\t%%1540\r\n\t\t\t\t%%4432\r\n\t\t\t\t%%4433\r\n\t\t\t\t%%4434\r\n\t\t\t\t%%4435\r\n\t\t\t\t%%4436\r\n\t\t\t\t%%4437\r\n\t\t\t\t", "SeTakeOwnershipPrivilege"]}
