{"timestamp": "2026-04-07 12:32:13", "event_id": 1000, "channel": "Microsoft-Windows-PowerShell/Operational", "source": "Application Error", "computer": "Anish", "event_type": "generic", "event_type_label": "Generic System Event", "severity": "INFO", "severity_int": 0, "user": "Notepad.exe", "ip": "", "process_name": "", "cmdline": "", "logon_type": "", "logon_type_label": "", "logon_risk": "INFO", "privileges": "", "message": "<The description for Event ID ( 1000 ) in Source ( 'Application Error' ) could not be found. It contains the following insertion string(s):'Notepad.exe, 11.2510.14.0, 695e3b32, Microsoft.UI.Xaml.dll, 3.1.7.0, 95521e8a, c000027b, 000000000039ce55, 0x7b58, 0x1dcc65c75f31a34, C:\\\\Program Files\\\\WindowsApps\\\\Microsoft.WindowsNotepad_11.2510.14.0_x64__8wekyb3d8bbwe\\\\Notepad\\\\Notepad.exe, C:\\\\Program Files\\\\WindowsApps\\\\Microsoft.WindowsAppRuntime.1.7_7000.785.2325.0_x64__8wekyb3d8bbwe\\\\Microsoft.UI.X", "raw_inserts": ["Notepad.exe", "11.2510.14.0", "695e3b32", "Microsoft.UI.Xaml.dll", "3.1.7.0", "95521e8a", "c000027b", "000000000039ce55", "0x7b58", "0x1dcc65c75f31a34"]}
{"timestamp": "2026-04-07 12:32:13", "event_id": 4688, "channel": "Security", "source": "Microsoft-Windows-Security-Auditing", "computer": "Anish", "event_type": "process_created", "event_type_label": "New Process Created", "severity": "LOW", "severity_int": 1, "user": "labuser", "ip": "", "process_name": "notepad.exe", "cmdline": "\"c:\\windows\\system32\\notepad.exe\"", "logon_type": "", "logon_type_label": "", "logon_risk": "INFO", "privileges": "", "message": "A new process has been created.\r\n\r\nCreator Subject:\r\n\tSecurity ID:\t\tS-1-5-21-1251900359-2259549607-1534340609-1008\r\n\tAccount Name:\t\tlabuser\r\n\tAccount Domain:\t\tANISH\r\n\tLogon ID:\t\t0x178d7d3\r\n\r\nTarget Subject:\r\n\tSecurity ID:\t\tS-1-0-0\r\n\tAccount Name:\t\t-\r\n\tAccount Domain:\t\t-\r\n\tLogon ID:\t\t0x0\r\n\r\nProcess Information:\r\n\tNew Process ID:\t\t0x5f4\r\n\tNew Process Name:\tC\r\n\tToken Elevation Type:\t%%1936\r\n\tMandatory Label:\t\tS-1-16-12288\r\n\tCreator Process ID:\t0x35bc\r\n\tCreator Process Name:\tC\r\n\tProcess Command Line", "raw_inserts": ["S-1-5-21-1251900359-2259549607-1534340609-1008", "labuser", "ANISH", "0x178d7d3", "0x5f4", "C:\\Program Files\\WindowsApps\\Microsoft.WindowsNotepad_11.2510.14.0_x64__8wekyb3d8bbwe\\Notepad\\Notepad.exe", "%%1936", "0x35bc", "\"C:\\WINDOWS\\system32\\notepad.exe\" ", "S-1-0-0"]}
{"timestamp": "2026-04-07 12:32:13", "event_id": 5156, "channel": "Security", "source": "Microsoft-Windows-Security-Auditing", "computer": "Anish", "event_type": "generic", "event_type_label": "Generic System Event", "severity": "INFO", "severity_int": 0, "user": "lghub_agent.exe", "ip": "", "process_name": "", "cmdline": "", "logon_type": "", "logon_type_label": "", "logon_risk": "INFO", "privileges": "", "message": "The Windows Filtering Platform has permitted a connection.\r\n\r\nApplication Information:\r\n\tProcess ID:\t\t9828\r\n\tApplication Name:\t\\device\\harddiskvolume4\\program files\\lghub\\lghub_agent.exe\r\n\r\nNetwork Information:\r\n\tDirection:\t\t%%14593\r\n\tSource Address:\t\t127.0.0.1\r\n\tSource Port:\t\t53499\r\n\tDestination Address:\t127.0.0.1\r\n\tDestination Port:\t\t28194\r\n\tProtocol:\t\t6\r\n\tInterface Index:\t\t1\r\n\r\nFilter Information:\r\n\tFilter Origin:\t\tAppContainer Loopback\r\n\tFilter Run-Time ID:\t67110\r\n\tLayer Name:\t\t%%14611\r\n\tLay", "raw_inserts": ["9828", "\\device\\harddiskvolume4\\program files\\lghub\\lghub_agent.exe", "%%14593", "127.0.0.1", "53499", "127.0.0.1", "28194", "6", "1", "AppContainer Loopback"]}
{"timestamp": "2026-04-07 12:32:13", "event_id": 4674, "channel": "Security", "source": "Microsoft-Windows-Security-Auditing", "computer": "Anish", "event_type": "generic", "event_type_label": "Generic System Event", "severity": "INFO", "severity_int": 0, "user": "S-1-15-2-1050576210-4101474698-56307613-2706264498-167457550-835605972-784472318", "ip": "", "process_name": "", "cmdline": "", "logon_type": "", "logon_type_label": "", "logon_risk": "INFO", "privileges": "", "message": "An operation was attempted on a privileged object.\r\n\r\nSubject:\r\n\tSecurity ID:\t\tS-1-5-21-1251900359-2259549607-1534340609-1008\r\n\tAccount Name:\t\tlabuser\r\n\tAccount Domain:\t\tANISH\r\n\tLogon ID:\t\t0x178d7d3\r\n\r\nObject:\r\n\tObject Server:\tSecurity\r\n\tObject Type:\tDirectory\r\n\tObject Name:\t\\Sessions\\0\\AppContainerNamedObjects\\S-1-15-2-1050576210-4101474698-56307613-2706264498-167457550-835605972-784472318\r\n\tObject Handle:\t0x5f0\r\n\r\nProcess Information:\r\n\tProcess ID:\t0x3068\r\n\tProcess Name:\tC:\\Windows\\System32\\sv", "raw_inserts": ["S-1-5-21-1251900359-2259549607-1534340609-1008", "labuser", "ANISH", "0x178d7d3", "Security", "Directory", "\\Sessions\\0\\AppContainerNamedObjects\\S-1-15-2-1050576210-4101474698-56307613-2706264498-167457550-835605972-784472318", "0x5f0", "%%1537\r\n\t\t\t\t%%1538\r\n\t\t\t\t%%1539\r\n\t\t\t\t%%1540\r\n\t\t\t\t%%4368\r\n\t\t\t\t%%4369\r\n\t\t\t\t%%4370\r\n\t\t\t\t%%4371\r\n\t\t\t\t", "SeTakeOwnershipPrivilege"]}
{"timestamp": "2026-04-07 12:32:13", "event_id": 4674, "channel": "Security", "source": "Microsoft-Windows-Security-Auditing", "computer": "Anish", "event_type": "generic", "event_type_label": "Generic System Event", "severity": "INFO", "severity_int": 0, "user": "RPC Control", "ip": "", "process_name": "", "cmdline": "", "logon_type": "", "logon_type_label": "", "logon_risk": "INFO", "privileges": "", "message": "An operation was attempted on a privileged object.\r\n\r\nSubject:\r\n\tSecurity ID:\t\tS-1-5-21-1251900359-2259549607-1534340609-1008\r\n\tAccount Name:\t\tlabuser\r\n\tAccount Domain:\t\tANISH\r\n\tLogon ID:\t\t0x178d7d3\r\n\r\nObject:\r\n\tObject Server:\tSecurity\r\n\tObject Type:\tDirectory\r\n\tObject Name:\t\\Sessions\\0\\AppContainerNamedObjects\\S-1-15-2-1050576210-4101474698-56307613-2706264498-167457550-835605972-784472318\\RPC Control\r\n\tObject Handle:\t0x620\r\n\r\nProcess Information:\r\n\tProcess ID:\t0x3068\r\n\tProcess Name:\tC:\\Windows", "raw_inserts": ["S-1-5-21-1251900359-2259549607-1534340609-1008", "labuser", "ANISH", "0x178d7d3", "Security", "Directory", "\\Sessions\\0\\AppContainerNamedObjects\\S-1-15-2-1050576210-4101474698-56307613-2706264498-167457550-835605972-784472318\\RPC Control", "0x620", "%%1537\r\n\t\t\t\t%%1538\r\n\t\t\t\t%%1539\r\n\t\t\t\t%%1540\r\n\t\t\t\t%%4368\r\n\t\t\t\t%%4369\r\n\t\t\t\t%%4370\r\n\t\t\t\t%%4371\r\n\t\t\t\t", "SeTakeOwnershipPrivilege"]}
{"timestamp": "2026-04-07 12:32:13", "event_id": 4674, "channel": "Security", "source": "Microsoft-Windows-Security-Auditing", "computer": "Anish", "event_type": "generic", "event_type_label": "Generic System Event", "severity": "INFO", "severity_int": 0, "user": "Global", "ip": "", "process_name": "", "cmdline": "", "logon_type": "", "logon_type_label": "", "logon_risk": "INFO", "privileges": "", "message": "An operation was attempted on a privileged object.\r\n\r\nSubject:\r\n\tSecurity ID:\t\tS-1-5-21-1251900359-2259549607-1534340609-1008\r\n\tAccount Name:\t\tlabuser\r\n\tAccount Domain:\t\tANISH\r\n\tLogon ID:\t\t0x178d7d3\r\n\r\nObject:\r\n\tObject Server:\tSecurity\r\n\tObject Type:\tDirectory\r\n\tObject Name:\t\\Sessions\\0\\AppContainerNamedObjects\\S-1-15-2-1050576210-4101474698-56307613-2706264498-167457550-835605972-784472318\\Global\r\n\tObject Handle:\t0x614\r\n\r\nProcess Information:\r\n\tProcess ID:\t0x3068\r\n\tProcess Name:\tC:\\Windows\\Syst", "raw_inserts": ["S-1-5-21-1251900359-2259549607-1534340609-1008", "labuser", "ANISH", "0x178d7d3", "Security", "Directory", "\\Sessions\\0\\AppContainerNamedObjects\\S-1-15-2-1050576210-4101474698-56307613-2706264498-167457550-835605972-784472318\\Global", "0x614", "%%1537\r\n\t\t\t\t%%1538\r\n\t\t\t\t%%1539\r\n\t\t\t\t%%1540\r\n\t\t\t\t%%4368\r\n\t\t\t\t%%4369\r\n\t\t\t\t%%4370\r\n\t\t\t\t%%4371\r\n\t\t\t\t", "SeTakeOwnershipPrivilege"]}
{"timestamp": "2026-04-07 12:32:13", "event_id": 4673, "channel": "Security", "source": "Microsoft-Windows-Security-Auditing", "computer": "Anish", "event_type": "generic", "event_type_label": "Generic System Event", "severity": "INFO", "severity_int": 0, "user": "svchost.exe", "ip": "", "process_name": "", "cmdline": "", "logon_type": "", "logon_type_label": "", "logon_risk": "INFO", "privileges": "", "message": "A privileged service was called.\r\n\r\nSubject:\r\n\tSecurity ID:\t\tS-1-5-21-1251900359-2259549607-1534340609-1008\r\n\tAccount Name:\t\tlabuser\r\n\tAccount Domain:\t\tANISH\r\n\tLogon ID:\t\t0x178d7d3\r\n\r\nService:\r\n\tServer:\tSecurity\r\n\tService Name:\t-\r\n\r\nProcess:\r\n\tProcess ID:\t0x3068\r\n\tProcess Name:\tC:\\Windows\\System32\\svchost.exe\r\n\r\nService Request Information:\r\n\tPrivileges:\t\tSeTcbPrivilege\r\n", "raw_inserts": ["S-1-5-21-1251900359-2259549607-1534340609-1008", "labuser", "ANISH", "0x178d7d3", "Security", "-", "SeTcbPrivilege", "0x3068", "C:\\Windows\\System32\\svchost.exe"]}
{"timestamp": "2026-04-07 12:32:13", "event_id": 4674, "channel": "Security", "source": "Microsoft-Windows-Security-Auditing", "computer": "Anish", "event_type": "generic", "event_type_label": "Generic System Event", "severity": "INFO", "severity_int": 0, "user": "ConDrv", "ip": "", "process_name": "", "cmdline": "", "logon_type": "", "logon_type_label": "", "logon_risk": "INFO", "privileges": "", "message": "An operation was attempted on a privileged object.\r\n\r\nSubject:\r\n\tSecurity ID:\t\tS-1-5-21-1251900359-2259549607-1534340609-1008\r\n\tAccount Name:\t\tlabuser\r\n\tAccount Domain:\t\tANISH\r\n\tLogon ID:\t\t0x178d7d3\r\n\r\nObject:\r\n\tObject Server:\tSecurity\r\n\tObject Type:\tFile\r\n\tObject Name:\t\\Device\\ConDrv\r\n\tObject Handle:\t0x4\r\n\r\nProcess Information:\r\n\tProcess ID:\t0x6610\r\n\tProcess Name:\tC:\\Windows\\System32\\cmd.exe\r\n\r\nRequested Operation:\r\n\tDesired Access:\t%%1537\r\n\t\t\t\t%%1538\r\n\t\t\t\t%%1539\r\n\t\t\t\t%%1540\r\n\t\t\t\t%%1541\r\n\t\t\t\t%%", "raw_inserts": ["S-1-5-21-1251900359-2259549607-1534340609-1008", "labuser", "ANISH", "0x178d7d3", "Security", "File", "\\Device\\ConDrv", "0x4", "%%1537\r\n\t\t\t\t%%1538\r\n\t\t\t\t%%1539\r\n\t\t\t\t%%1540\r\n\t\t\t\t%%1541\r\n\t\t\t\t%%4416\r\n\t\t\t\t%%4417\r\n\t\t\t\t%%4418\r\n\t\t\t\t%%4419\r\n\t\t\t\t%%4420\r\n\t\t\t\t%%4421\r\n\t\t\t\t%%4422\r\n\t\t\t\t%%4423\r\n\t\t\t\t%%4424\r\n\t\t\t\t", "SeTakeOwnershipPrivilege"]}
{"timestamp": "2026-04-07 12:32:13", "event_id": 4674, "channel": "Security", "source": "Microsoft-Windows-Security-Auditing", "computer": "Anish", "event_type": "generic", "event_type_label": "Generic System Event", "severity": "INFO", "severity_int": 0, "user": "SM0:26128:304:WilStaging_02", "ip": "", "process_name": "", "cmdline": "", "logon_type": "", "logon_type_label": "", "logon_risk": "INFO", "privileges": "", "message": "An operation was attempted on a privileged object.\r\n\r\nSubject:\r\n\tSecurity ID:\t\tS-1-5-21-1251900359-2259549607-1534340609-1008\r\n\tAccount Name:\t\tlabuser\r\n\tAccount Domain:\t\tANISH\r\n\tLogon ID:\t\t0x178d7d3\r\n\r\nObject:\r\n\tObject Server:\tSecurity\r\n\tObject Type:\tMutant\r\n\tObject Name:\t\\BaseNamedObjects\\SM0:26128:304:WilStaging_02\r\n\tObject Handle:\t0x1c8\r\n\r\nProcess Information:\r\n\tProcess ID:\t0x6610\r\n\tProcess Name:\tC:\\Windows\\System32\\conhost.exe\r\n\r\nRequested Operation:\r\n\tDesired Access:\t%%1537\r\n\t\t\t\t%%1538\r\n\t\t\t", "raw_inserts": ["S-1-5-21-1251900359-2259549607-1534340609-1008", "labuser", "ANISH", "0x178d7d3", "Security", "Mutant", "\\BaseNamedObjects\\SM0:26128:304:WilStaging_02", "0x1c8", "%%1537\r\n\t\t\t\t%%1538\r\n\t\t\t\t%%1539\r\n\t\t\t\t%%1540\r\n\t\t\t\t%%1541\r\n\t\t\t\t%%4448\r\n\t\t\t\t", "SeTakeOwnershipPrivilege"]}
{"timestamp": "2026-04-07 12:32:13", "event_id": 4674, "channel": "Security", "source": "Microsoft-Windows-Security-Auditing", "computer": "Anish", "event_type": "generic", "event_type_label": "Generic System Event", "severity": "INFO", "severity_int": 0, "user": "conhost.exe", "ip": "", "process_name": "", "cmdline": "", "logon_type": "", "logon_type_label": "", "logon_risk": "INFO", "privileges": "", "message": "An operation was attempted on a privileged object.\r\n\r\nSubject:\r\n\tSecurity ID:\t\tS-1-5-21-1251900359-2259549607-1534340609-1008\r\n\tAccount Name:\t\tlabuser\r\n\tAccount Domain:\t\tANISH\r\n\tLogon ID:\t\t0x178d7d3\r\n\r\nObject:\r\n\tObject Server:\tSecurity\r\n\tObject Type:\t-\r\n\tObject Name:\t-\r\n\tObject Handle:\t0x1c8\r\n\r\nProcess Information:\r\n\tProcess ID:\t0x6610\r\n\tProcess Name:\tC:\\Windows\\System32\\conhost.exe\r\n\r\nRequested Operation:\r\n\tDesired Access:\t2031617\r\n\tPrivileges:\t\tSeTakeOwnershipPrivilege\r\n", "raw_inserts": ["S-1-5-21-1251900359-2259549607-1534340609-1008", "labuser", "ANISH", "0x178d7d3", "Security", "-", "-", "0x1c8", "2031617", "SeTakeOwnershipPrivilege"]}
{"timestamp": "2026-04-07 12:32:13", "event_id": 4674, "channel": "Security", "source": "Microsoft-Windows-Security-Auditing", "computer": "Anish", "event_type": "generic", "event_type_label": "Generic System Event", "severity": "INFO", "severity_int": 0, "user": "SM0:26128:304:WilStaging_02_p0", "ip": "", "process_name": "", "cmdline": "", "logon_type": "", "logon_type_label": "", "logon_risk": "INFO", "privileges": "", "message": "An operation was attempted on a privileged object.\r\n\r\nSubject:\r\n\tSecurity ID:\t\tS-1-5-21-1251900359-2259549607-1534340609-1008\r\n\tAccount Name:\t\tlabuser\r\n\tAccount Domain:\t\tANISH\r\n\tLogon ID:\t\t0x178d7d3\r\n\r\nObject:\r\n\tObject Server:\tSecurity\r\n\tObject Type:\tSemaphore\r\n\tObject Name:\t\\BaseNamedObjects\\SM0:26128:304:WilStaging_02_p0\r\n\tObject Handle:\t0x1cc\r\n\r\nProcess Information:\r\n\tProcess ID:\t0x6610\r\n\tProcess Name:\tC:\\Windows\\System32\\conhost.exe\r\n\r\nRequested Operation:\r\n\tDesired Access:\t%%1537\r\n\t\t\t\t%%153", "raw_inserts": ["S-1-5-21-1251900359-2259549607-1534340609-1008", "labuser", "ANISH", "0x178d7d3", "Security", "Semaphore", "\\BaseNamedObjects\\SM0:26128:304:WilStaging_02_p0", "0x1cc", "%%1537\r\n\t\t\t\t%%1538\r\n\t\t\t\t%%1539\r\n\t\t\t\t%%1540\r\n\t\t\t\t%%1541\r\n\t\t\t\t%%4528\r\n\t\t\t\t%%4529\r\n\t\t\t\t", "SeTakeOwnershipPrivilege"]}
{"timestamp": "2026-04-07 12:32:13", "event_id": 4674, "channel": "Security", "source": "Microsoft-Windows-Security-Auditing", "computer": "Anish", "event_type": "generic", "event_type_label": "Generic System Event", "severity": "INFO", "severity_int": 0, "user": "SM0:26128:304:WilStaging_02_p0h", "ip": "", "process_name": "", "cmdline": "", "logon_type": "", "logon_type_label": "", "logon_risk": "INFO", "privileges": "", "message": "An operation was attempted on a privileged object.\r\n\r\nSubject:\r\n\tSecurity ID:\t\tS-1-5-21-1251900359-2259549607-1534340609-1008\r\n\tAccount Name:\t\tlabuser\r\n\tAccount Domain:\t\tANISH\r\n\tLogon ID:\t\t0x178d7d3\r\n\r\nObject:\r\n\tObject Server:\tSecurity\r\n\tObject Type:\tSemaphore\r\n\tObject Name:\t\\BaseNamedObjects\\SM0:26128:304:WilStaging_02_p0h\r\n\tObject Handle:\t0x1d0\r\n\r\nProcess Information:\r\n\tProcess ID:\t0x6610\r\n\tProcess Name:\tC:\\Windows\\System32\\conhost.exe\r\n\r\nRequested Operation:\r\n\tDesired Access:\t%%1537\r\n\t\t\t\t%%15", "raw_inserts": ["S-1-5-21-1251900359-2259549607-1534340609-1008", "labuser", "ANISH", "0x178d7d3", "Security", "Semaphore", "\\BaseNamedObjects\\SM0:26128:304:WilStaging_02_p0h", "0x1d0", "%%1537\r\n\t\t\t\t%%1538\r\n\t\t\t\t%%1539\r\n\t\t\t\t%%1540\r\n\t\t\t\t%%1541\r\n\t\t\t\t%%4528\r\n\t\t\t\t%%4529\r\n\t\t\t\t", "SeTakeOwnershipPrivilege"]}
{"timestamp": "2026-04-07 12:32:13", "event_id": 4674, "channel": "Security", "source": "Microsoft-Windows-Security-Auditing", "computer": "Anish", "event_type": "generic", "event_type_label": "Generic System Event", "severity": "INFO", "severity_int": 0, "user": "SM0:26128:120:WilError_03", "ip": "", "process_name": "", "cmdline": "", "logon_type": "", "logon_type_label": "", "logon_risk": "INFO", "privileges": "", "message": "An operation was attempted on a privileged object.\r\n\r\nSubject:\r\n\tSecurity ID:\t\tS-1-5-21-1251900359-2259549607-1534340609-1008\r\n\tAccount Name:\t\tlabuser\r\n\tAccount Domain:\t\tANISH\r\n\tLogon ID:\t\t0x178d7d3\r\n\r\nObject:\r\n\tObject Server:\tSecurity\r\n\tObject Type:\tMutant\r\n\tObject Name:\t\\BaseNamedObjects\\SM0:26128:120:WilError_03\r\n\tObject Handle:\t0x204\r\n\r\nProcess Information:\r\n\tProcess ID:\t0x6610\r\n\tProcess Name:\tC:\\Windows\\System32\\conhost.exe\r\n\r\nRequested Operation:\r\n\tDesired Access:\t%%1537\r\n\t\t\t\t%%1538\r\n\t\t\t\t%", "raw_inserts": ["S-1-5-21-1251900359-2259549607-1534340609-1008", "labuser", "ANISH", "0x178d7d3", "Security", "Mutant", "\\BaseNamedObjects\\SM0:26128:120:WilError_03", "0x204", "%%1537\r\n\t\t\t\t%%1538\r\n\t\t\t\t%%1539\r\n\t\t\t\t%%1540\r\n\t\t\t\t%%1541\r\n\t\t\t\t%%4448\r\n\t\t\t\t", "SeTakeOwnershipPrivilege"]}
{"timestamp": "2026-04-07 12:32:13", "event_id": 4674, "channel": "Security", "source": "Microsoft-Windows-Security-Auditing", "computer": "Anish", "event_type": "generic", "event_type_label": "Generic System Event", "severity": "INFO", "severity_int": 0, "user": "SM0:26128:120:WilError_03_p0", "ip": "", "process_name": "", "cmdline": "", "logon_type": "", "logon_type_label": "", "logon_risk": "INFO", "privileges": "", "message": "An operation was attempted on a privileged object.\r\n\r\nSubject:\r\n\tSecurity ID:\t\tS-1-5-21-1251900359-2259549607-1534340609-1008\r\n\tAccount Name:\t\tlabuser\r\n\tAccount Domain:\t\tANISH\r\n\tLogon ID:\t\t0x178d7d3\r\n\r\nObject:\r\n\tObject Server:\tSecurity\r\n\tObject Type:\tSemaphore\r\n\tObject Name:\t\\BaseNamedObjects\\SM0:26128:120:WilError_03_p0\r\n\tObject Handle:\t0x208\r\n\r\nProcess Information:\r\n\tProcess ID:\t0x6610\r\n\tProcess Name:\tC:\\Windows\\System32\\conhost.exe\r\n\r\nRequested Operation:\r\n\tDesired Access:\t%%1537\r\n\t\t\t\t%%1538\r", "raw_inserts": ["S-1-5-21-1251900359-2259549607-1534340609-1008", "labuser", "ANISH", "0x178d7d3", "Security", "Semaphore", "\\BaseNamedObjects\\SM0:26128:120:WilError_03_p0", "0x208", "%%1537\r\n\t\t\t\t%%1538\r\n\t\t\t\t%%1539\r\n\t\t\t\t%%1540\r\n\t\t\t\t%%1541\r\n\t\t\t\t%%4528\r\n\t\t\t\t%%4529\r\n\t\t\t\t", "SeTakeOwnershipPrivilege"]}
{"timestamp": "2026-04-07 12:32:13", "event_id": 4674, "channel": "Security", "source": "Microsoft-Windows-Security-Auditing", "computer": "Anish", "event_type": "generic", "event_type_label": "Generic System Event", "severity": "INFO", "severity_int": 0, "user": "SM0:26128:120:WilError_03_p0h", "ip": "", "process_name": "", "cmdline": "", "logon_type": "", "logon_type_label": "", "logon_risk": "INFO", "privileges": "", "message": "An operation was attempted on a privileged object.\r\n\r\nSubject:\r\n\tSecurity ID:\t\tS-1-5-21-1251900359-2259549607-1534340609-1008\r\n\tAccount Name:\t\tlabuser\r\n\tAccount Domain:\t\tANISH\r\n\tLogon ID:\t\t0x178d7d3\r\n\r\nObject:\r\n\tObject Server:\tSecurity\r\n\tObject Type:\tSemaphore\r\n\tObject Name:\t\\BaseNamedObjects\\SM0:26128:120:WilError_03_p0h\r\n\tObject Handle:\t0x20c\r\n\r\nProcess Information:\r\n\tProcess ID:\t0x6610\r\n\tProcess Name:\tC:\\Windows\\System32\\conhost.exe\r\n\r\nRequested Operation:\r\n\tDesired Access:\t%%1537\r\n\t\t\t\t%%1538", "raw_inserts": ["S-1-5-21-1251900359-2259549607-1534340609-1008", "labuser", "ANISH", "0x178d7d3", "Security", "Semaphore", "\\BaseNamedObjects\\SM0:26128:120:WilError_03_p0h", "0x20c", "%%1537\r\n\t\t\t\t%%1538\r\n\t\t\t\t%%1539\r\n\t\t\t\t%%1540\r\n\t\t\t\t%%1541\r\n\t\t\t\t%%4528\r\n\t\t\t\t%%4529\r\n\t\t\t\t", "SeTakeOwnershipPrivilege"]}
{"timestamp": "2026-04-07 12:32:13", "event_id": 4674, "channel": "Security", "source": "Microsoft-Windows-Security-Auditing", "computer": "Anish", "event_type": "generic", "event_type_label": "Generic System Event", "severity": "INFO", "severity_int": 0, "user": "SM0:9960:304:WilStaging_02", "ip": "", "process_name": "", "cmdline": "", "logon_type": "", "logon_type_label": "", "logon_risk": "INFO", "privileges": "", "message": "An operation was attempted on a privileged object.\r\n\r\nSubject:\r\n\tSecurity ID:\t\tS-1-5-21-1251900359-2259549607-1534340609-1008\r\n\tAccount Name:\t\tlabuser\r\n\tAccount Domain:\t\tANISH\r\n\tLogon ID:\t\t0x178d7d3\r\n\r\nObject:\r\n\tObject Server:\tSecurity\r\n\tObject Type:\tMutant\r\n\tObject Name:\t\\BaseNamedObjects\\SM0:9960:304:WilStaging_02\r\n\tObject Handle:\t0xc4\r\n\r\nProcess Information:\r\n\tProcess ID:\t0x26e8\r\n\tProcess Name:\tC:\\Windows\\System32\\cmd.exe\r\n\r\nRequested Operation:\r\n\tDesired Access:\t%%1537\r\n\t\t\t\t%%1538\r\n\t\t\t\t%%153", "raw_inserts": ["S-1-5-21-1251900359-2259549607-1534340609-1008", "labuser", "ANISH", "0x178d7d3", "Security", "Mutant", "\\BaseNamedObjects\\SM0:9960:304:WilStaging_02", "0xc4", "%%1537\r\n\t\t\t\t%%1538\r\n\t\t\t\t%%1539\r\n\t\t\t\t%%1540\r\n\t\t\t\t%%1541\r\n\t\t\t\t%%4448\r\n\t\t\t\t", "SeTakeOwnershipPrivilege"]}
{"timestamp": "2026-04-07 12:32:13", "event_id": 4674, "channel": "Security", "source": "Microsoft-Windows-Security-Auditing", "computer": "Anish", "event_type": "generic", "event_type_label": "Generic System Event", "severity": "INFO", "severity_int": 0, "user": "cmd.exe", "ip": "", "process_name": "", "cmdline": "", "logon_type": "", "logon_type_label": "", "logon_risk": "INFO", "privileges": "", "message": "An operation was attempted on a privileged object.\r\n\r\nSubject:\r\n\tSecurity ID:\t\tS-1-5-21-1251900359-2259549607-1534340609-1008\r\n\tAccount Name:\t\tlabuser\r\n\tAccount Domain:\t\tANISH\r\n\tLogon ID:\t\t0x178d7d3\r\n\r\nObject:\r\n\tObject Server:\tSecurity\r\n\tObject Type:\t-\r\n\tObject Name:\t-\r\n\tObject Handle:\t0xc4\r\n\r\nProcess Information:\r\n\tProcess ID:\t0x26e8\r\n\tProcess Name:\tC:\\Windows\\System32\\cmd.exe\r\n\r\nRequested Operation:\r\n\tDesired Access:\t2031617\r\n\tPrivileges:\t\tSeTakeOwnershipPrivilege\r\n", "raw_inserts": ["S-1-5-21-1251900359-2259549607-1534340609-1008", "labuser", "ANISH", "0x178d7d3", "Security", "-", "-", "0xc4", "2031617", "SeTakeOwnershipPrivilege"]}
{"timestamp": "2026-04-07 12:32:13", "event_id": 4674, "channel": "Security", "source": "Microsoft-Windows-Security-Auditing", "computer": "Anish", "event_type": "generic", "event_type_label": "Generic System Event", "severity": "INFO", "severity_int": 0, "user": "SM0:9960:304:WilStaging_02_p0", "ip": "", "process_name": "", "cmdline": "", "logon_type": "", "logon_type_label": "", "logon_risk": "INFO", "privileges": "", "message": "An operation was attempted on a privileged object.\r\n\r\nSubject:\r\n\tSecurity ID:\t\tS-1-5-21-1251900359-2259549607-1534340609-1008\r\n\tAccount Name:\t\tlabuser\r\n\tAccount Domain:\t\tANISH\r\n\tLogon ID:\t\t0x178d7d3\r\n\r\nObject:\r\n\tObject Server:\tSecurity\r\n\tObject Type:\tSemaphore\r\n\tObject Name:\t\\BaseNamedObjects\\SM0:9960:304:WilStaging_02_p0\r\n\tObject Handle:\t0xc8\r\n\r\nProcess Information:\r\n\tProcess ID:\t0x26e8\r\n\tProcess Name:\tC:\\Windows\\System32\\cmd.exe\r\n\r\nRequested Operation:\r\n\tDesired Access:\t%%1537\r\n\t\t\t\t%%1538\r\n\t\t\t", "raw_inserts": ["S-1-5-21-1251900359-2259549607-1534340609-1008", "labuser", "ANISH", "0x178d7d3", "Security", "Semaphore", "\\BaseNamedObjects\\SM0:9960:304:WilStaging_02_p0", "0xc8", "%%1537\r\n\t\t\t\t%%1538\r\n\t\t\t\t%%1539\r\n\t\t\t\t%%1540\r\n\t\t\t\t%%1541\r\n\t\t\t\t%%4528\r\n\t\t\t\t%%4529\r\n\t\t\t\t", "SeTakeOwnershipPrivilege"]}
{"timestamp": "2026-04-07 12:32:13", "event_id": 4674, "channel": "Security", "source": "Microsoft-Windows-Security-Auditing", "computer": "Anish", "event_type": "generic", "event_type_label": "Generic System Event", "severity": "INFO", "severity_int": 0, "user": "SM0:9960:304:WilStaging_02_p0h", "ip": "", "process_name": "", "cmdline": "", "logon_type": "", "logon_type_label": "", "logon_risk": "INFO", "privileges": "", "message": "An operation was attempted on a privileged object.\r\n\r\nSubject:\r\n\tSecurity ID:\t\tS-1-5-21-1251900359-2259549607-1534340609-1008\r\n\tAccount Name:\t\tlabuser\r\n\tAccount Domain:\t\tANISH\r\n\tLogon ID:\t\t0x178d7d3\r\n\r\nObject:\r\n\tObject Server:\tSecurity\r\n\tObject Type:\tSemaphore\r\n\tObject Name:\t\\BaseNamedObjects\\SM0:9960:304:WilStaging_02_p0h\r\n\tObject Handle:\t0xcc\r\n\r\nProcess Information:\r\n\tProcess ID:\t0x26e8\r\n\tProcess Name:\tC:\\Windows\\System32\\cmd.exe\r\n\r\nRequested Operation:\r\n\tDesired Access:\t%%1537\r\n\t\t\t\t%%1538\r\n\t\t", "raw_inserts": ["S-1-5-21-1251900359-2259549607-1534340609-1008", "labuser", "ANISH", "0x178d7d3", "Security", "Semaphore", "\\BaseNamedObjects\\SM0:9960:304:WilStaging_02_p0h", "0xcc", "%%1537\r\n\t\t\t\t%%1538\r\n\t\t\t\t%%1539\r\n\t\t\t\t%%1540\r\n\t\t\t\t%%1541\r\n\t\t\t\t%%4528\r\n\t\t\t\t%%4529\r\n\t\t\t\t", "SeTakeOwnershipPrivilege"]}
{"timestamp": "2026-04-07 12:32:13", "event_id": 4674, "channel": "Security", "source": "Microsoft-Windows-Security-Auditing", "computer": "Anish", "event_type": "generic", "event_type_label": "Generic System Event", "severity": "INFO", "severity_int": 0, "user": "SM0:1524:304:WilStaging_02", "ip": "", "process_name": "", "cmdline": "", "logon_type": "", "logon_type_label": "", "logon_risk": "INFO", "privileges": "", "message": "An operation was attempted on a privileged object.\r\n\r\nSubject:\r\n\tSecurity ID:\t\tS-1-5-21-1251900359-2259549607-1534340609-1008\r\n\tAccount Name:\t\tlabuser\r\n\tAccount Domain:\t\tANISH\r\n\tLogon ID:\t\t0x178d7d3\r\n\r\nObject:\r\n\tObject Server:\tSecurity\r\n\tObject Type:\tMutant\r\n\tObject Name:\t\\BaseNamedObjects\\SM0:1524:304:WilStaging_02\r\n\tObject Handle:\t0x290\r\n\r\nProcess Information:\r\n\tProcess ID:\t0x5f4\r\n\tProcess Name:\tC:\\Program Files\\WindowsApps\\Microsoft.WindowsNotepad_11.2510.14.0_x64__8wekyb3d8bbwe\\Notepad\\Notep", "raw_inserts": ["S-1-5-21-1251900359-2259549607-1534340609-1008", "labuser", "ANISH", "0x178d7d3", "Security", "Mutant", "\\BaseNamedObjects\\SM0:1524:304:WilStaging_02", "0x290", "%%1537\r\n\t\t\t\t%%1538\r\n\t\t\t\t%%1539\r\n\t\t\t\t%%1540\r\n\t\t\t\t%%1541\r\n\t\t\t\t%%4448\r\n\t\t\t\t", "SeTakeOwnershipPrivilege"]}
{"timestamp": "2026-04-07 12:32:13", "event_id": 4674, "channel": "Security", "source": "Microsoft-Windows-Security-Auditing", "computer": "Anish", "event_type": "generic", "event_type_label": "Generic System Event", "severity": "INFO", "severity_int": 0, "user": "Notepad.exe", "ip": "", "process_name": "", "cmdline": "", "logon_type": "", "logon_type_label": "", "logon_risk": "INFO", "privileges": "", "message": "An operation was attempted on a privileged object.\r\n\r\nSubject:\r\n\tSecurity ID:\t\tS-1-5-21-1251900359-2259549607-1534340609-1008\r\n\tAccount Name:\t\tlabuser\r\n\tAccount Domain:\t\tANISH\r\n\tLogon ID:\t\t0x178d7d3\r\n\r\nObject:\r\n\tObject Server:\tSecurity\r\n\tObject Type:\t-\r\n\tObject Name:\t-\r\n\tObject Handle:\t0x290\r\n\r\nProcess Information:\r\n\tProcess ID:\t0x5f4\r\n\tProcess Name:\tC:\\Program Files\\WindowsApps\\Microsoft.WindowsNotepad_11.2510.14.0_x64__8wekyb3d8bbwe\\Notepad\\Notepad.exe\r\n\r\nRequested Operation:\r\n\tDesired Access:", "raw_inserts": ["S-1-5-21-1251900359-2259549607-1534340609-1008", "labuser", "ANISH", "0x178d7d3", "Security", "-", "-", "0x290", "2031617", "SeTakeOwnershipPrivilege"]}
{"timestamp": "2026-04-07 12:32:13", "event_id": 4674, "channel": "Security", "source": "Microsoft-Windows-Security-Auditing", "computer": "Anish", "event_type": "generic", "event_type_label": "Generic System Event", "severity": "INFO", "severity_int": 0, "user": "SM0:1524:304:WilStaging_02_p0", "ip": "", "process_name": "", "cmdline": "", "logon_type": "", "logon_type_label": "", "logon_risk": "INFO", "privileges": "", "message": "An operation was attempted on a privileged object.\r\n\r\nSubject:\r\n\tSecurity ID:\t\tS-1-5-21-1251900359-2259549607-1534340609-1008\r\n\tAccount Name:\t\tlabuser\r\n\tAccount Domain:\t\tANISH\r\n\tLogon ID:\t\t0x178d7d3\r\n\r\nObject:\r\n\tObject Server:\tSecurity\r\n\tObject Type:\tSemaphore\r\n\tObject Name:\t\\BaseNamedObjects\\SM0:1524:304:WilStaging_02_p0\r\n\tObject Handle:\t0x294\r\n\r\nProcess Information:\r\n\tProcess ID:\t0x5f4\r\n\tProcess Name:\tC:\\Program Files\\WindowsApps\\Microsoft.WindowsNotepad_11.2510.14.0_x64__8wekyb3d8bbwe\\Notepad", "raw_inserts": ["S-1-5-21-1251900359-2259549607-1534340609-1008", "labuser", "ANISH", "0x178d7d3", "Security", "Semaphore", "\\BaseNamedObjects\\SM0:1524:304:WilStaging_02_p0", "0x294", "%%1537\r\n\t\t\t\t%%1538\r\n\t\t\t\t%%1539\r\n\t\t\t\t%%1540\r\n\t\t\t\t%%1541\r\n\t\t\t\t%%4528\r\n\t\t\t\t%%4529\r\n\t\t\t\t", "SeTakeOwnershipPrivilege"]}
{"timestamp": "2026-04-07 12:32:13", "event_id": 4674, "channel": "Security", "source": "Microsoft-Windows-Security-Auditing", "computer": "Anish", "event_type": "generic", "event_type_label": "Generic System Event", "severity": "INFO", "severity_int": 0, "user": "SM0:1524:304:WilStaging_02_p0h", "ip": "", "process_name": "", "cmdline": "", "logon_type": "", "logon_type_label": "", "logon_risk": "INFO", "privileges": "", "message": "An operation was attempted on a privileged object.\r\n\r\nSubject:\r\n\tSecurity ID:\t\tS-1-5-21-1251900359-2259549607-1534340609-1008\r\n\tAccount Name:\t\tlabuser\r\n\tAccount Domain:\t\tANISH\r\n\tLogon ID:\t\t0x178d7d3\r\n\r\nObject:\r\n\tObject Server:\tSecurity\r\n\tObject Type:\tSemaphore\r\n\tObject Name:\t\\BaseNamedObjects\\SM0:1524:304:WilStaging_02_p0h\r\n\tObject Handle:\t0x298\r\n\r\nProcess Information:\r\n\tProcess ID:\t0x5f4\r\n\tProcess Name:\tC:\\Program Files\\WindowsApps\\Microsoft.WindowsNotepad_11.2510.14.0_x64__8wekyb3d8bbwe\\Notepa", "raw_inserts": ["S-1-5-21-1251900359-2259549607-1534340609-1008", "labuser", "ANISH", "0x178d7d3", "Security", "Semaphore", "\\BaseNamedObjects\\SM0:1524:304:WilStaging_02_p0h", "0x298", "%%1537\r\n\t\t\t\t%%1538\r\n\t\t\t\t%%1539\r\n\t\t\t\t%%1540\r\n\t\t\t\t%%1541\r\n\t\t\t\t%%4528\r\n\t\t\t\t%%4529\r\n\t\t\t\t", "SeTakeOwnershipPrivilege"]}
{"timestamp": "2026-04-07 12:32:13", "event_id": 4674, "channel": "Security", "source": "Microsoft-Windows-Security-Auditing", "computer": "Anish", "event_type": "generic", "event_type_label": "Generic System Event", "severity": "INFO", "severity_int": 0, "user": "SM0:31576:304:WilStaging_02", "ip": "", "process_name": "", "cmdline": "", "logon_type": "", "logon_type_label": "", "logon_risk": "INFO", "privileges": "", "message": "An operation was attempted on a privileged object.\r\n\r\nSubject:\r\n\tSecurity ID:\t\tS-1-5-21-1251900359-2259549607-1534340609-1008\r\n\tAccount Name:\t\tlabuser\r\n\tAccount Domain:\t\tANISH\r\n\tLogon ID:\t\t0x178d7d3\r\n\r\nObject:\r\n\tObject Server:\tSecurity\r\n\tObject Type:\tMutant\r\n\tObject Name:\t\\BaseNamedObjects\\SM0:31576:304:WilStaging_02\r\n\tObject Handle:\t0x284\r\n\r\nProcess Information:\r\n\tProcess ID:\t0x7b58\r\n\tProcess Name:\tC:\\Program Files\\WindowsApps\\Microsoft.WindowsNotepad_11.2510.14.0_x64__8wekyb3d8bbwe\\Notepad\\Not", "raw_inserts": ["S-1-5-21-1251900359-2259549607-1534340609-1008", "labuser", "ANISH", "0x178d7d3", "Security", "Mutant", "\\BaseNamedObjects\\SM0:31576:304:WilStaging_02", "0x284", "%%1537\r\n\t\t\t\t%%1538\r\n\t\t\t\t%%1539\r\n\t\t\t\t%%1540\r\n\t\t\t\t%%1541\r\n\t\t\t\t%%4448\r\n\t\t\t\t", "SeTakeOwnershipPrivilege"]}
{"timestamp": "2026-04-07 12:32:13", "event_id": 4674, "channel": "Security", "source": "Microsoft-Windows-Security-Auditing", "computer": "Anish", "event_type": "generic", "event_type_label": "Generic System Event", "severity": "INFO", "severity_int": 0, "user": "SM0:31576:304:WilStaging_02_p0", "ip": "", "process_name": "", "cmdline": "", "logon_type": "", "logon_type_label": "", "logon_risk": "INFO", "privileges": "", "message": "An operation was attempted on a privileged object.\r\n\r\nSubject:\r\n\tSecurity ID:\t\tS-1-5-21-1251900359-2259549607-1534340609-1008\r\n\tAccount Name:\t\tlabuser\r\n\tAccount Domain:\t\tANISH\r\n\tLogon ID:\t\t0x178d7d3\r\n\r\nObject:\r\n\tObject Server:\tSecurity\r\n\tObject Type:\tSemaphore\r\n\tObject Name:\t\\BaseNamedObjects\\SM0:31576:304:WilStaging_02_p0\r\n\tObject Handle:\t0x288\r\n\r\nProcess Information:\r\n\tProcess ID:\t0x7b58\r\n\tProcess Name:\tC:\\Program Files\\WindowsApps\\Microsoft.WindowsNotepad_11.2510.14.0_x64__8wekyb3d8bbwe\\Notep", "raw_inserts": ["S-1-5-21-1251900359-2259549607-1534340609-1008", "labuser", "ANISH", "0x178d7d3", "Security", "Semaphore", "\\BaseNamedObjects\\SM0:31576:304:WilStaging_02_p0", "0x288", "%%1537\r\n\t\t\t\t%%1538\r\n\t\t\t\t%%1539\r\n\t\t\t\t%%1540\r\n\t\t\t\t%%1541\r\n\t\t\t\t%%4528\r\n\t\t\t\t%%4529\r\n\t\t\t\t", "SeTakeOwnershipPrivilege"]}
{"timestamp": "2026-04-07 12:32:13", "event_id": 4674, "channel": "Security", "source": "Microsoft-Windows-Security-Auditing", "computer": "Anish", "event_type": "generic", "event_type_label": "Generic System Event", "severity": "INFO", "severity_int": 0, "user": "SM0:31576:304:WilStaging_02_p0h", "ip": "", "process_name": "", "cmdline": "", "logon_type": "", "logon_type_label": "", "logon_risk": "INFO", "privileges": "", "message": "An operation was attempted on a privileged object.\r\n\r\nSubject:\r\n\tSecurity ID:\t\tS-1-5-21-1251900359-2259549607-1534340609-1008\r\n\tAccount Name:\t\tlabuser\r\n\tAccount Domain:\t\tANISH\r\n\tLogon ID:\t\t0x178d7d3\r\n\r\nObject:\r\n\tObject Server:\tSecurity\r\n\tObject Type:\tSemaphore\r\n\tObject Name:\t\\BaseNamedObjects\\SM0:31576:304:WilStaging_02_p0h\r\n\tObject Handle:\t0x28c\r\n\r\nProcess Information:\r\n\tProcess ID:\t0x7b58\r\n\tProcess Name:\tC:\\Program Files\\WindowsApps\\Microsoft.WindowsNotepad_11.2510.14.0_x64__8wekyb3d8bbwe\\Note", "raw_inserts": ["S-1-5-21-1251900359-2259549607-1534340609-1008", "labuser", "ANISH", "0x178d7d3", "Security", "Semaphore", "\\BaseNamedObjects\\SM0:31576:304:WilStaging_02_p0h", "0x28c", "%%1537\r\n\t\t\t\t%%1538\r\n\t\t\t\t%%1539\r\n\t\t\t\t%%1540\r\n\t\t\t\t%%1541\r\n\t\t\t\t%%4528\r\n\t\t\t\t%%4529\r\n\t\t\t\t", "SeTakeOwnershipPrivilege"]}
{"timestamp": "2026-04-07 12:32:13", "event_id": 4674, "channel": "Security", "source": "Microsoft-Windows-Security-Auditing", "computer": "Anish", "event_type": "generic", "event_type_label": "Generic System Event", "severity": "INFO", "severity_int": 0, "user": "SM0:19544:304:WilStaging_02", "ip": "", "process_name": "", "cmdline": "", "logon_type": "", "logon_type_label": "", "logon_risk": "INFO", "privileges": "", "message": "An operation was attempted on a privileged object.\r\n\r\nSubject:\r\n\tSecurity ID:\t\tS-1-5-21-1251900359-2259549607-1534340609-1008\r\n\tAccount Name:\t\tlabuser\r\n\tAccount Domain:\t\tANISH\r\n\tLogon ID:\t\t0x178d7d3\r\n\r\nObject:\r\n\tObject Server:\tSecurity\r\n\tObject Type:\tMutant\r\n\tObject Name:\t\\BaseNamedObjects\\SM0:19544:304:WilStaging_02\r\n\tObject Handle:\t0x1d0\r\n\r\nProcess Information:\r\n\tProcess ID:\t0x4c58\r\n\tProcess Name:\tC:\\Windows\\System32\\conhost.exe\r\n\r\nRequested Operation:\r\n\tDesired Access:\t%%1537\r\n\t\t\t\t%%1538\r\n\t\t\t", "raw_inserts": ["S-1-5-21-1251900359-2259549607-1534340609-1008", "labuser", "ANISH", "0x178d7d3", "Security", "Mutant", "\\BaseNamedObjects\\SM0:19544:304:WilStaging_02", "0x1d0", "%%1537\r\n\t\t\t\t%%1538\r\n\t\t\t\t%%1539\r\n\t\t\t\t%%1540\r\n\t\t\t\t%%1541\r\n\t\t\t\t%%4448\r\n\t\t\t\t", "SeTakeOwnershipPrivilege"]}
{"timestamp": "2026-04-07 12:32:13", "event_id": 4674, "channel": "Security", "source": "Microsoft-Windows-Security-Auditing", "computer": "Anish", "event_type": "generic", "event_type_label": "Generic System Event", "severity": "INFO", "severity_int": 0, "user": "SM0:19544:304:WilStaging_02_p0", "ip": "", "process_name": "", "cmdline": "", "logon_type": "", "logon_type_label": "", "logon_risk": "INFO", "privileges": "", "message": "An operation was attempted on a privileged object.\r\n\r\nSubject:\r\n\tSecurity ID:\t\tS-1-5-21-1251900359-2259549607-1534340609-1008\r\n\tAccount Name:\t\tlabuser\r\n\tAccount Domain:\t\tANISH\r\n\tLogon ID:\t\t0x178d7d3\r\n\r\nObject:\r\n\tObject Server:\tSecurity\r\n\tObject Type:\tSemaphore\r\n\tObject Name:\t\\BaseNamedObjects\\SM0:19544:304:WilStaging_02_p0\r\n\tObject Handle:\t0x1d4\r\n\r\nProcess Information:\r\n\tProcess ID:\t0x4c58\r\n\tProcess Name:\tC:\\Windows\\System32\\conhost.exe\r\n\r\nRequested Operation:\r\n\tDesired Access:\t%%1537\r\n\t\t\t\t%%153", "raw_inserts": ["S-1-5-21-1251900359-2259549607-1534340609-1008", "labuser", "ANISH", "0x178d7d3", "Security", "Semaphore", "\\BaseNamedObjects\\SM0:19544:304:WilStaging_02_p0", "0x1d4", "%%1537\r\n\t\t\t\t%%1538\r\n\t\t\t\t%%1539\r\n\t\t\t\t%%1540\r\n\t\t\t\t%%1541\r\n\t\t\t\t%%4528\r\n\t\t\t\t%%4529\r\n\t\t\t\t", "SeTakeOwnershipPrivilege"]}
{"timestamp": "2026-04-07 12:32:13", "event_id": 4674, "channel": "Security", "source": "Microsoft-Windows-Security-Auditing", "computer": "Anish", "event_type": "generic", "event_type_label": "Generic System Event", "severity": "INFO", "severity_int": 0, "user": "SM0:19544:304:WilStaging_02_p0h", "ip": "", "process_name": "", "cmdline": "", "logon_type": "", "logon_type_label": "", "logon_risk": "INFO", "privileges": "", "message": "An operation was attempted on a privileged object.\r\n\r\nSubject:\r\n\tSecurity ID:\t\tS-1-5-21-1251900359-2259549607-1534340609-1008\r\n\tAccount Name:\t\tlabuser\r\n\tAccount Domain:\t\tANISH\r\n\tLogon ID:\t\t0x178d7d3\r\n\r\nObject:\r\n\tObject Server:\tSecurity\r\n\tObject Type:\tSemaphore\r\n\tObject Name:\t\\BaseNamedObjects\\SM0:19544:304:WilStaging_02_p0h\r\n\tObject Handle:\t0x1d8\r\n\r\nProcess Information:\r\n\tProcess ID:\t0x4c58\r\n\tProcess Name:\tC:\\Windows\\System32\\conhost.exe\r\n\r\nRequested Operation:\r\n\tDesired Access:\t%%1537\r\n\t\t\t\t%%15", "raw_inserts": ["S-1-5-21-1251900359-2259549607-1534340609-1008", "labuser", "ANISH", "0x178d7d3", "Security", "Semaphore", "\\BaseNamedObjects\\SM0:19544:304:WilStaging_02_p0h", "0x1d8", "%%1537\r\n\t\t\t\t%%1538\r\n\t\t\t\t%%1539\r\n\t\t\t\t%%1540\r\n\t\t\t\t%%1541\r\n\t\t\t\t%%4528\r\n\t\t\t\t%%4529\r\n\t\t\t\t", "SeTakeOwnershipPrivilege"]}
{"timestamp": "2026-04-07 12:32:13", "event_id": 4674, "channel": "Security", "source": "Microsoft-Windows-Security-Auditing", "computer": "Anish", "event_type": "generic", "event_type_label": "Generic System Event", "severity": "INFO", "severity_int": 0, "user": "SM0:19544:120:WilError_03", "ip": "", "process_name": "", "cmdline": "", "logon_type": "", "logon_type_label": "", "logon_risk": "INFO", "privileges": "", "message": "An operation was attempted on a privileged object.\r\n\r\nSubject:\r\n\tSecurity ID:\t\tS-1-5-21-1251900359-2259549607-1534340609-1008\r\n\tAccount Name:\t\tlabuser\r\n\tAccount Domain:\t\tANISH\r\n\tLogon ID:\t\t0x178d7d3\r\n\r\nObject:\r\n\tObject Server:\tSecurity\r\n\tObject Type:\tMutant\r\n\tObject Name:\t\\BaseNamedObjects\\SM0:19544:120:WilError_03\r\n\tObject Handle:\t0x210\r\n\r\nProcess Information:\r\n\tProcess ID:\t0x4c58\r\n\tProcess Name:\tC:\\Windows\\System32\\conhost.exe\r\n\r\nRequested Operation:\r\n\tDesired Access:\t%%1537\r\n\t\t\t\t%%1538\r\n\t\t\t\t%", "raw_inserts": ["S-1-5-21-1251900359-2259549607-1534340609-1008", "labuser", "ANISH", "0x178d7d3", "Security", "Mutant", "\\BaseNamedObjects\\SM0:19544:120:WilError_03", "0x210", "%%1537\r\n\t\t\t\t%%1538\r\n\t\t\t\t%%1539\r\n\t\t\t\t%%1540\r\n\t\t\t\t%%1541\r\n\t\t\t\t%%4448\r\n\t\t\t\t", "SeTakeOwnershipPrivilege"]}
{"timestamp": "2026-04-07 12:32:13", "event_id": 4674, "channel": "Security", "source": "Microsoft-Windows-Security-Auditing", "computer": "Anish", "event_type": "generic", "event_type_label": "Generic System Event", "severity": "INFO", "severity_int": 0, "user": "SM0:19544:120:WilError_03_p0", "ip": "", "process_name": "", "cmdline": "", "logon_type": "", "logon_type_label": "", "logon_risk": "INFO", "privileges": "", "message": "An operation was attempted on a privileged object.\r\n\r\nSubject:\r\n\tSecurity ID:\t\tS-1-5-21-1251900359-2259549607-1534340609-1008\r\n\tAccount Name:\t\tlabuser\r\n\tAccount Domain:\t\tANISH\r\n\tLogon ID:\t\t0x178d7d3\r\n\r\nObject:\r\n\tObject Server:\tSecurity\r\n\tObject Type:\tSemaphore\r\n\tObject Name:\t\\BaseNamedObjects\\SM0:19544:120:WilError_03_p0\r\n\tObject Handle:\t0x214\r\n\r\nProcess Information:\r\n\tProcess ID:\t0x4c58\r\n\tProcess Name:\tC:\\Windows\\System32\\conhost.exe\r\n\r\nRequested Operation:\r\n\tDesired Access:\t%%1537\r\n\t\t\t\t%%1538\r", "raw_inserts": ["S-1-5-21-1251900359-2259549607-1534340609-1008", "labuser", "ANISH", "0x178d7d3", "Security", "Semaphore", "\\BaseNamedObjects\\SM0:19544:120:WilError_03_p0", "0x214", "%%1537\r\n\t\t\t\t%%1538\r\n\t\t\t\t%%1539\r\n\t\t\t\t%%1540\r\n\t\t\t\t%%1541\r\n\t\t\t\t%%4528\r\n\t\t\t\t%%4529\r\n\t\t\t\t", "SeTakeOwnershipPrivilege"]}
{"timestamp": "2026-04-07 12:32:13", "event_id": 4674, "channel": "Security", "source": "Microsoft-Windows-Security-Auditing", "computer": "Anish", "event_type": "generic", "event_type_label": "Generic System Event", "severity": "INFO", "severity_int": 0, "user": "SM0:19544:120:WilError_03_p0h", "ip": "", "process_name": "", "cmdline": "", "logon_type": "", "logon_type_label": "", "logon_risk": "INFO", "privileges": "", "message": "An operation was attempted on a privileged object.\r\n\r\nSubject:\r\n\tSecurity ID:\t\tS-1-5-21-1251900359-2259549607-1534340609-1008\r\n\tAccount Name:\t\tlabuser\r\n\tAccount Domain:\t\tANISH\r\n\tLogon ID:\t\t0x178d7d3\r\n\r\nObject:\r\n\tObject Server:\tSecurity\r\n\tObject Type:\tSemaphore\r\n\tObject Name:\t\\BaseNamedObjects\\SM0:19544:120:WilError_03_p0h\r\n\tObject Handle:\t0x218\r\n\r\nProcess Information:\r\n\tProcess ID:\t0x4c58\r\n\tProcess Name:\tC:\\Windows\\System32\\conhost.exe\r\n\r\nRequested Operation:\r\n\tDesired Access:\t%%1537\r\n\t\t\t\t%%1538", "raw_inserts": ["S-1-5-21-1251900359-2259549607-1534340609-1008", "labuser", "ANISH", "0x178d7d3", "Security", "Semaphore", "\\BaseNamedObjects\\SM0:19544:120:WilError_03_p0h", "0x218", "%%1537\r\n\t\t\t\t%%1538\r\n\t\t\t\t%%1539\r\n\t\t\t\t%%1540\r\n\t\t\t\t%%1541\r\n\t\t\t\t%%4528\r\n\t\t\t\t%%4529\r\n\t\t\t\t", "SeTakeOwnershipPrivilege"]}
{"timestamp": "2026-04-07 12:32:13", "event_id": 4674, "channel": "Security", "source": "Microsoft-Windows-Security-Auditing", "computer": "Anish", "event_type": "generic", "event_type_label": "Generic System Event", "severity": "INFO", "severity_int": 0, "user": "SM0:3304:304:WilStaging_02", "ip": "", "process_name": "", "cmdline": "", "logon_type": "", "logon_type_label": "", "logon_risk": "INFO", "privileges": "", "message": "An operation was attempted on a privileged object.\r\n\r\nSubject:\r\n\tSecurity ID:\t\tS-1-5-21-1251900359-2259549607-1534340609-1008\r\n\tAccount Name:\t\tlabuser\r\n\tAccount Domain:\t\tANISH\r\n\tLogon ID:\t\t0x178d7d3\r\n\r\nObject:\r\n\tObject Server:\tSecurity\r\n\tObject Type:\tMutant\r\n\tObject Name:\t\\BaseNamedObjects\\SM0:3304:304:WilStaging_02\r\n\tObject Handle:\t0x178\r\n\r\nProcess Information:\r\n\tProcess ID:\t0xce8\r\n\tProcess Name:\tC:\\Windows\\System32\\WindowsPowerShell\\v1.0\\powershell.exe\r\n\r\nRequested Operation:\r\n\tDesired Access:", "raw_inserts": ["S-1-5-21-1251900359-2259549607-1534340609-1008", "labuser", "ANISH", "0x178d7d3", "Security", "Mutant", "\\BaseNamedObjects\\SM0:3304:304:WilStaging_02", "0x178", "%%1537\r\n\t\t\t\t%%1538\r\n\t\t\t\t%%1539\r\n\t\t\t\t%%1540\r\n\t\t\t\t%%1541\r\n\t\t\t\t%%4448\r\n\t\t\t\t", "SeTakeOwnershipPrivilege"]}
{"timestamp": "2026-04-07 12:32:13", "event_id": 4674, "channel": "Security", "source": "Microsoft-Windows-Security-Auditing", "computer": "Anish", "event_type": "generic", "event_type_label": "Generic System Event", "severity": "INFO", "severity_int": 0, "user": "powershell.exe", "ip": "", "process_name": "", "cmdline": "", "logon_type": "", "logon_type_label": "", "logon_risk": "INFO", "privileges": "", "message": "An operation was attempted on a privileged object.\r\n\r\nSubject:\r\n\tSecurity ID:\t\tS-1-5-21-1251900359-2259549607-1534340609-1008\r\n\tAccount Name:\t\tlabuser\r\n\tAccount Domain:\t\tANISH\r\n\tLogon ID:\t\t0x178d7d3\r\n\r\nObject:\r\n\tObject Server:\tSecurity\r\n\tObject Type:\t-\r\n\tObject Name:\t-\r\n\tObject Handle:\t0x178\r\n\r\nProcess Information:\r\n\tProcess ID:\t0xce8\r\n\tProcess Name:\tC:\\Windows\\System32\\WindowsPowerShell\\v1.0\\powershell.exe\r\n\r\nRequested Operation:\r\n\tDesired Access:\t2031617\r\n\tPrivileges:\t\tSeTakeOwnershipPrivilege", "raw_inserts": ["S-1-5-21-1251900359-2259549607-1534340609-1008", "labuser", "ANISH", "0x178d7d3", "Security", "-", "-", "0x178", "2031617", "SeTakeOwnershipPrivilege"]}
{"timestamp": "2026-04-07 12:32:13", "event_id": 4674, "channel": "Security", "source": "Microsoft-Windows-Security-Auditing", "computer": "Anish", "event_type": "generic", "event_type_label": "Generic System Event", "severity": "INFO", "severity_int": 0, "user": "SM0:3304:304:WilStaging_02_p0", "ip": "", "process_name": "", "cmdline": "", "logon_type": "", "logon_type_label": "", "logon_risk": "INFO", "privileges": "", "message": "An operation was attempted on a privileged object.\r\n\r\nSubject:\r\n\tSecurity ID:\t\tS-1-5-21-1251900359-2259549607-1534340609-1008\r\n\tAccount Name:\t\tlabuser\r\n\tAccount Domain:\t\tANISH\r\n\tLogon ID:\t\t0x178d7d3\r\n\r\nObject:\r\n\tObject Server:\tSecurity\r\n\tObject Type:\tSemaphore\r\n\tObject Name:\t\\BaseNamedObjects\\SM0:3304:304:WilStaging_02_p0\r\n\tObject Handle:\t0x17c\r\n\r\nProcess Information:\r\n\tProcess ID:\t0xce8\r\n\tProcess Name:\tC:\\Windows\\System32\\WindowsPowerShell\\v1.0\\powershell.exe\r\n\r\nRequested Operation:\r\n\tDesired A", "raw_inserts": ["S-1-5-21-1251900359-2259549607-1534340609-1008", "labuser", "ANISH", "0x178d7d3", "Security", "Semaphore", "\\BaseNamedObjects\\SM0:3304:304:WilStaging_02_p0", "0x17c", "%%1537\r\n\t\t\t\t%%1538\r\n\t\t\t\t%%1539\r\n\t\t\t\t%%1540\r\n\t\t\t\t%%1541\r\n\t\t\t\t%%4528\r\n\t\t\t\t%%4529\r\n\t\t\t\t", "SeTakeOwnershipPrivilege"]}
{"timestamp": "2026-04-07 12:32:13", "event_id": 4674, "channel": "Security", "source": "Microsoft-Windows-Security-Auditing", "computer": "Anish", "event_type": "generic", "event_type_label": "Generic System Event", "severity": "INFO", "severity_int": 0, "user": "SM0:3304:304:WilStaging_02_p0h", "ip": "", "process_name": "", "cmdline": "", "logon_type": "", "logon_type_label": "", "logon_risk": "INFO", "privileges": "", "message": "An operation was attempted on a privileged object.\r\n\r\nSubject:\r\n\tSecurity ID:\t\tS-1-5-21-1251900359-2259549607-1534340609-1008\r\n\tAccount Name:\t\tlabuser\r\n\tAccount Domain:\t\tANISH\r\n\tLogon ID:\t\t0x178d7d3\r\n\r\nObject:\r\n\tObject Server:\tSecurity\r\n\tObject Type:\tSemaphore\r\n\tObject Name:\t\\BaseNamedObjects\\SM0:3304:304:WilStaging_02_p0h\r\n\tObject Handle:\t0x180\r\n\r\nProcess Information:\r\n\tProcess ID:\t0xce8\r\n\tProcess Name:\tC:\\Windows\\System32\\WindowsPowerShell\\v1.0\\powershell.exe\r\n\r\nRequested Operation:\r\n\tDesired ", "raw_inserts": ["S-1-5-21-1251900359-2259549607-1534340609-1008", "labuser", "ANISH", "0x178d7d3", "Security", "Semaphore", "\\BaseNamedObjects\\SM0:3304:304:WilStaging_02_p0h", "0x180", "%%1537\r\n\t\t\t\t%%1538\r\n\t\t\t\t%%1539\r\n\t\t\t\t%%1540\r\n\t\t\t\t%%1541\r\n\t\t\t\t%%4528\r\n\t\t\t\t%%4529\r\n\t\t\t\t", "SeTakeOwnershipPrivilege"]}
{"timestamp": "2026-04-07 12:32:13", "event_id": 4674, "channel": "Security", "source": "Microsoft-Windows-Security-Auditing", "computer": "Anish", "event_type": "generic", "event_type_label": "Generic System Event", "severity": "INFO", "severity_int": 0, "user": "{04b41c37-fc02-b8d9-b947-97cffdf3d692}", "ip": "", "process_name": "", "cmdline": "", "logon_type": "", "logon_type_label": "", "logon_risk": "INFO", "privileges": "", "message": "An operation was attempted on a privileged object.\r\n\r\nSubject:\r\n\tSecurity ID:\t\tS-1-5-21-1251900359-2259549607-1534340609-1008\r\n\tAccount Name:\t\tlabuser\r\n\tAccount Domain:\t\tANISH\r\n\tLogon ID:\t\t0x178d7d3\r\n\r\nObject:\r\n\tObject Server:\tSecurity\r\n\tObject Type:\tKey\r\n\tObject Name:\t\\REGISTRY\\A\\{04b41c37-fc02-b8d9-b947-97cffdf3d692}\r\n\tObject Handle:\t0x488\r\n\r\nProcess Information:\r\n\tProcess ID:\t0x7b58\r\n\tProcess Name:\tC:\\Program Files\\WindowsApps\\Microsoft.WindowsNotepad_11.2510.14.0_x64__8wekyb3d8bbwe\\Notepad\\N", "raw_inserts": ["S-1-5-21-1251900359-2259549607-1534340609-1008", "labuser", "ANISH", "0x178d7d3", "Security", "Key", "\\REGISTRY\\A\\{04b41c37-fc02-b8d9-b947-97cffdf3d692}", "0x488", "%%1537\r\n\t\t\t\t%%1538\r\n\t\t\t\t%%1539\r\n\t\t\t\t%%1540\r\n\t\t\t\t%%4432\r\n\t\t\t\t%%4433\r\n\t\t\t\t%%4434\r\n\t\t\t\t%%4435\r\n\t\t\t\t%%4436\r\n\t\t\t\t%%4437\r\n\t\t\t\t", "SeTakeOwnershipPrivilege"]}
