{"timestamp": "2026-04-07 12:36:42", "event_id": 4779, "channel": "Security", "source": "Microsoft-Windows-Security-Auditing", "computer": "Anish", "event_type": "generic", "event_type_label": "Generic System Event", "severity": "INFO", "severity_int": 0, "user": "SYSTEM", "ip": "", "process_name": "", "cmdline": "", "logon_type": "", "logon_type_label": "", "logon_risk": "INFO", "privileges": "", "message": "A session was disconnected from a Window Station.\r\n\r\nSubject:\r\n\tAccount Name:\t\tNitro 5\r\n\tAccount Domain:\t\tANISH\r\n\tLogon ID:\t\t0x5e27e\r\n\r\nSession:\r\n\tSession Name:\t\tConsole\r\n\r\nAdditional Information:\r\n\tClient Name:\t\tUnknown\r\n\tClient Address:\t\tLOCAL\r\n\r\n\r\nThis event is generated when a user disconnects from an existing Terminal Services session, or when a user switches away from an existing desktop using Fast User Switching.\r\n", "raw_inserts": ["Nitro 5", "ANISH", "0x5e27e", "Console", "Unknown", "LOCAL"]}
{"timestamp": "2026-04-07 12:36:43", "event_id": 5158, "channel": "Security", "source": "Microsoft-Windows-Security-Auditing", "computer": "Anish", "event_type": "generic", "event_type_label": "Generic System Event", "severity": "INFO", "severity_int": 0, "user": "msedgewebview2.exe", "ip": "", "process_name": "", "cmdline": "", "logon_type": "", "logon_type_label": "", "logon_risk": "INFO", "privileges": "", "message": "The Windows Filtering Platform has permitted a bind to a local port.\r\n\r\nApplication Information:\r\n\tProcess ID:\t\t21964\r\n\tApplication Name:\t\\device\\harddiskvolume4\\program files (x86)\\microsoft\\edgewebview\\application\\146.0.3856.97\\msedgewebview2.exe\r\n\r\nNetwork Information:\r\n\tSource Address:\t\t::\r\n\tSource Port:\t\t61944\r\n\tProtocol:\t\t17\r\n\r\nFilter Information:\r\n\tFilter Run-Time ID:\t0\r\n\tLayer Name:\t\t%%14608\r\n\tLayer Run-Time ID:\t36\r\n", "raw_inserts": ["21964", "\\device\\harddiskvolume4\\program files (x86)\\microsoft\\edgewebview\\application\\146.0.3856.97\\msedgewebview2.exe", "::", "61944", "17", "0", "%%14608", "36"]}
{"timestamp": "2026-04-07 12:36:43", "event_id": 5156, "channel": "Security", "source": "Microsoft-Windows-Security-Auditing", "computer": "Anish", "event_type": "generic", "event_type_label": "Generic System Event", "severity": "INFO", "severity_int": 0, "user": "msedgewebview2.exe", "ip": "", "process_name": "", "cmdline": "", "logon_type": "", "logon_type_label": "", "logon_risk": "INFO", "privileges": "", "message": "The Windows Filtering Platform has permitted a connection.\r\n\r\nApplication Information:\r\n\tProcess ID:\t\t21964\r\n\tApplication Name:\t\\device\\harddiskvolume4\\program files (x86)\\microsoft\\edgewebview\\application\\146.0.3856.97\\msedgewebview2.exe\r\n\r\nNetwork Information:\r\n\tDirection:\t\t%%14593\r\n\tSource Address:\t\t10.156.117.84\r\n\tSource Port:\t\t56262\r\n\tDestination Address:\t1.1.1.1\r\n\tDestination Port:\t\t53\r\n\tProtocol:\t\t17\r\n\tInterface Index:\t\t3\r\n\r\nFilter Information:\r\n\tFilter Origin:\t\tUnknown\r\n\tFilter Run-Time ", "raw_inserts": ["21964", "\\device\\harddiskvolume4\\program files (x86)\\microsoft\\edgewebview\\application\\146.0.3856.97\\msedgewebview2.exe", "%%14593", "10.156.117.84", "56262", "1.1.1.1", "53", "17", "3", "Unknown"]}
{"timestamp": "2026-04-07 12:36:43", "event_id": 4673, "channel": "Security", "source": "Microsoft-Windows-Security-Auditing", "computer": "Anish", "event_type": "generic", "event_type_label": "Generic System Event", "severity": "INFO", "severity_int": 0, "user": "dwm.exe", "ip": "", "process_name": "", "cmdline": "", "logon_type": "", "logon_type_label": "", "logon_risk": "INFO", "privileges": "", "message": "A privileged service was called.\r\n\r\nSubject:\r\n\tSecurity ID:\t\tS-1-5-90-0-3\r\n\tAccount Name:\t\tDWM-3\r\n\tAccount Domain:\t\tWindow Manager\r\n\tLogon ID:\t\t0x1903178\r\n\r\nService:\r\n\tServer:\tSecurity\r\n\tService Name:\t-\r\n\r\nProcess:\r\n\tProcess ID:\t0x6558\r\n\tProcess Name:\tC:\\Windows\\System32\\dwm.exe\r\n\r\nService Request Information:\r\n\tPrivileges:\t\tSeTcbPrivilege\r\n", "raw_inserts": ["S-1-5-90-0-3", "DWM-3", "Window Manager", "0x1903178", "Security", "-", "SeTcbPrivilege", "0x6558", "C:\\Windows\\System32\\dwm.exe"]}
{"timestamp": "2026-04-07 12:36:43", "event_id": 5158, "channel": "Security", "source": "Microsoft-Windows-Security-Auditing", "computer": "Anish", "event_type": "generic", "event_type_label": "Generic System Event", "severity": "INFO", "severity_int": 0, "user": "svchost.exe", "ip": "", "process_name": "", "cmdline": "", "logon_type": "", "logon_type_label": "", "logon_risk": "INFO", "privileges": "", "message": "The Windows Filtering Platform has permitted a bind to a local port.\r\n\r\nApplication Information:\r\n\tProcess ID:\t\t3164\r\n\tApplication Name:\t\\device\\harddiskvolume4\\windows\\system32\\svchost.exe\r\n\r\nNetwork Information:\r\n\tSource Address:\t\t::\r\n\tSource Port:\t\t51497\r\n\tProtocol:\t\t17\r\n\r\nFilter Information:\r\n\tFilter Run-Time ID:\t0\r\n\tLayer Name:\t\t%%14608\r\n\tLayer Run-Time ID:\t36\r\n", "raw_inserts": ["3164", "\\device\\harddiskvolume4\\windows\\system32\\svchost.exe", "::", "51497", "17", "0", "%%14608", "36"]}
{"timestamp": "2026-04-07 12:36:43", "event_id": 5156, "channel": "Security", "source": "Microsoft-Windows-Security-Auditing", "computer": "Anish", "event_type": "generic", "event_type_label": "Generic System Event", "severity": "INFO", "severity_int": 0, "user": "svchost.exe", "ip": "", "process_name": "", "cmdline": "", "logon_type": "", "logon_type_label": "", "logon_risk": "INFO", "privileges": "", "message": "The Windows Filtering Platform has permitted a connection.\r\n\r\nApplication Information:\r\n\tProcess ID:\t\t3164\r\n\tApplication Name:\t\\device\\harddiskvolume4\\windows\\system32\\svchost.exe\r\n\r\nNetwork Information:\r\n\tDirection:\t\t%%14593\r\n\tSource Address:\t\t10.156.117.84\r\n\tSource Port:\t\t51497\r\n\tDestination Address:\t1.1.1.1\r\n\tDestination Port:\t\t53\r\n\tProtocol:\t\t17\r\n\tInterface Index:\t\t3\r\n\r\nFilter Information:\r\n\tFilter Origin:\t\tUnknown\r\n\tFilter Run-Time ID:\t0\r\n\tLayer Name:\t\t%%14611\r\n\tLayer Run-Time ID:\t48\r\n\tRemo", "raw_inserts": ["3164", "\\device\\harddiskvolume4\\windows\\system32\\svchost.exe", "%%14593", "10.156.117.84", "51497", "1.1.1.1", "53", "17", "3", "Unknown"]}
{"timestamp": "2026-04-07 12:36:43", "event_id": 4690, "channel": "Security", "source": "Microsoft-Windows-Security-Auditing", "computer": "Anish", "event_type": "generic", "event_type_label": "Generic System Event", "severity": "INFO", "severity_int": 0, "user": "SYSTEM", "ip": "", "process_name": "", "cmdline": "", "logon_type": "", "logon_type_label": "", "logon_risk": "INFO", "privileges": "", "message": "An attempt was made to duplicate a handle to an object.\r\n\r\nSubject:\r\n\tSecurity ID:\t\tS-1-5-18\r\n\tAccount Name:\t\tANISH$\r\n\tAccount Domain:\t\tWORKGROUP\r\n\tLogon ID:\t\t0x3e7\r\n\r\nSource Handle Information:\r\n\tSource Handle ID:\t0x27c\r\n\tSource Process ID:\t0x783c\r\n\r\nNew Handle Information:\r\n\tTarget Handle ID:\t0x3418\r\n\tTarget Process ID:\t0x4\r\n", "raw_inserts": ["S-1-5-18", "ANISH$", "WORKGROUP", "0x3e7", "0x27c", "0x783c", "0x3418", "0x4"]}
{"timestamp": "2026-04-07 12:36:44", "event_id": 5156, "channel": "Security", "source": "Microsoft-Windows-Security-Auditing", "computer": "Anish", "event_type": "generic", "event_type_label": "Generic System Event", "severity": "INFO", "severity_int": 0, "user": "lghub_updater.exe", "ip": "", "process_name": "", "cmdline": "", "logon_type": "", "logon_type_label": "", "logon_risk": "INFO", "privileges": "", "message": "The Windows Filtering Platform has permitted a connection.\r\n\r\nApplication Information:\r\n\tProcess ID:\t\t5324\r\n\tApplication Name:\t\\device\\harddiskvolume4\\program files\\lghub\\lghub_updater.exe\r\n\r\nNetwork Information:\r\n\tDirection:\t\t%%14593\r\n\tSource Address:\t\t10.156.117.84\r\n\tSource Port:\t\t18141\r\n\tDestination Address:\t35.186.247.156\r\n\tDestination Port:\t\t443\r\n\tProtocol:\t\t6\r\n\tInterface Index:\t\t3\r\n\r\nFilter Information:\r\n\tFilter Origin:\t\tUnknown\r\n\tFilter Run-Time ID:\t0\r\n\tLayer Name:\t\t%%14611\r\n\tLayer Run-Ti", "raw_inserts": ["5324", "\\device\\harddiskvolume4\\program files\\lghub\\lghub_updater.exe", "%%14593", "10.156.117.84", "18141", "35.186.247.156", "443", "6", "3", "Unknown"]}
{"timestamp": "2026-04-07 12:36:43", "event_id": 267, "channel": "System", "source": "Win32k", "computer": "Anish", "event_type": "generic", "event_type_label": "Generic System Event", "severity": "INFO", "severity_int": 0, "user": "SYSTEM", "ip": "", "process_name": "", "cmdline": "", "logon_type": "", "logon_type_label": "", "logon_risk": "INFO", "privileges": "", "message": "Touch/Touchpad Hardware Quality Assurance verification succeeded.\r\n", "raw_inserts": [""]}
{"timestamp": "2026-04-07 12:36:44", "event_id": 7001, "channel": "System", "source": "Microsoft-Windows-Winlogon", "computer": "Anish", "event_type": "generic", "event_type_label": "Generic System Event", "severity": "INFO", "severity_int": 0, "user": "SYSTEM", "ip": "", "process_name": "", "cmdline": "", "logon_type": "", "logon_type_label": "", "logon_risk": "INFO", "privileges": "", "message": "User Logon Notification for Customer Experience Improvement Program\r\n", "raw_inserts": ["3", "S-1-5-21-1251900359-2259549607-1534340609-1008"]}
{"timestamp": "2026-04-07 12:36:45", "event_id": 10016, "channel": "System", "source": "DCOM", "computer": "Anish", "event_type": "generic", "event_type_label": "Generic System Event", "severity": "INFO", "severity_int": 0, "user": "SYSTEM", "ip": "", "process_name": "", "cmdline": "", "logon_type": "", "logon_type_label": "", "logon_risk": "INFO", "privileges": "", "message": "<The description for Event ID ( 10016 ) in Source ( 'DCOM' ) could not be found. It contains the following insertion string(s):'application-specific, Local, Activation, {6B3B8D23-FA8D-40B9-8DBD-B950333E2C52}, {4839DDB7-58C2-48F5-8283-E1D1807D0D7D}, NT AUTHORITY, LOCAL SERVICE, S-1-5-19, LocalHost (Using LRPC), Unavailable, Unavailable'.>", "raw_inserts": ["application-specific", "Local", "Activation", "{6B3B8D23-FA8D-40B9-8DBD-B950333E2C52}", "{4839DDB7-58C2-48F5-8283-E1D1807D0D7D}", "NT AUTHORITY", "LOCAL SERVICE", "S-1-5-19", "LocalHost (Using LRPC)", "Unavailable"]}
{"timestamp": "2026-04-07 12:36:44", "event_id": 5156, "channel": "Security", "source": "Microsoft-Windows-Security-Auditing", "computer": "Anish", "event_type": "generic", "event_type_label": "Generic System Event", "severity": "INFO", "severity_int": 0, "user": "firefox.exe", "ip": "", "process_name": "", "cmdline": "", "logon_type": "", "logon_type_label": "", "logon_risk": "INFO", "privileges": "", "message": "The Windows Filtering Platform has permitted a connection.\r\n\r\nApplication Information:\r\n\tProcess ID:\t\t5256\r\n\tApplication Name:\t\\device\\harddiskvolume4\\program files\\mozilla firefox\\firefox.exe\r\n\r\nNetwork Information:\r\n\tDirection:\t\t%%14593\r\n\tSource Address:\t\t127.0.0.1\r\n\tSource Port:\t\t13839\r\n\tDestination Address:\t127.0.0.1\r\n\tDestination Port:\t\t5000\r\n\tProtocol:\t\t6\r\n\tInterface Index:\t\t1\r\n\r\nFilter Information:\r\n\tFilter Origin:\t\tAppContainer Loopback\r\n\tFilter Run-Time ID:\t67110\r\n\tLayer Name:\t\t%%14611\r", "raw_inserts": ["5256", "\\device\\harddiskvolume4\\program files\\mozilla firefox\\firefox.exe", "%%14593", "127.0.0.1", "13839", "127.0.0.1", "5000", "6", "1", "AppContainer Loopback"]}
{"timestamp": "2026-04-07 12:36:44", "event_id": 5156, "channel": "Security", "source": "Microsoft-Windows-Security-Auditing", "computer": "Anish", "event_type": "generic", "event_type_label": "Generic System Event", "severity": "INFO", "severity_int": 0, "user": "python.exe", "ip": "", "process_name": "", "cmdline": "", "logon_type": "", "logon_type_label": "", "logon_risk": "INFO", "privileges": "", "message": "The Windows Filtering Platform has permitted a connection.\r\n\r\nApplication Information:\r\n\tProcess ID:\t\t19868\r\n\tApplication Name:\t\\device\\harddiskvolume4\\users\\nitro 5\\appdata\\local\\programs\\python\\python312\\python.exe\r\n\r\nNetwork Information:\r\n\tDirection:\t\t%%14592\r\n\tSource Address:\t\t127.0.0.1\r\n\tSource Port:\t\t13839\r\n\tDestination Address:\t127.0.0.1\r\n\tDestination Port:\t\t5000\r\n\tProtocol:\t\t6\r\n\tInterface Index:\t\t1\r\n\r\nFilter Information:\r\n\tFilter Origin:\t\tAppContainer Loopback\r\n\tFilter Run-Time ID:\t67104", "raw_inserts": ["19868", "\\device\\harddiskvolume4\\users\\nitro 5\\appdata\\local\\programs\\python\\python312\\python.exe", "%%14592", "127.0.0.1", "13839", "127.0.0.1", "5000", "6", "1", "AppContainer Loopback"]}
{"timestamp": "2026-04-07 12:36:44", "event_id": 4689, "channel": "Security", "source": "Microsoft-Windows-Security-Auditing", "computer": "Anish", "event_type": "generic", "event_type_label": "Generic System Event", "severity": "INFO", "severity_int": 0, "user": "logi_crashpad_handler.exe", "ip": "", "process_name": "", "cmdline": "", "logon_type": "", "logon_type_label": "", "logon_risk": "INFO", "privileges": "", "message": "A process has exited.\r\n\r\nSubject:\r\n\tSecurity ID:\t\tS-1-5-18\r\n\tAccount Name:\t\tANISH$\r\n\tAccount Domain:\t\tWORKGROUP\r\n\tLogon ID:\t\t0x3e7\r\n\r\nProcess Information:\r\n\tProcess ID:\t0x85d8\r\n\tProcess Name:\tC:\\Program Files\\LGHUB\\logi_crashpad_handler.exe\r\n\tExit Status:\t0xf\r\n", "raw_inserts": ["S-1-5-18", "ANISH$", "WORKGROUP", "0x3e7", "0xf", "0x85d8", "C:\\Program Files\\LGHUB\\logi_crashpad_handler.exe"]}
{"timestamp": "2026-04-07 12:36:44", "event_id": 4673, "channel": "Security", "source": "Microsoft-Windows-Security-Auditing", "computer": "Anish", "event_type": "generic", "event_type_label": "Generic System Event", "severity": "INFO", "severity_int": 0, "user": "svchost.exe", "ip": "", "process_name": "", "cmdline": "", "logon_type": "", "logon_type_label": "", "logon_risk": "INFO", "privileges": "", "message": "A privileged service was called.\r\n\r\nSubject:\r\n\tSecurity ID:\t\tS-1-5-21-1251900359-2259549607-1534340609-1006\r\n\tAccount Name:\t\tNitro 5\r\n\tAccount Domain:\t\tANISH\r\n\tLogon ID:\t\t0x5e27e\r\n\r\nService:\r\n\tServer:\tSecurity\r\n\tService Name:\t-\r\n\r\nProcess:\r\n\tProcess ID:\t0x63c\r\n\tProcess Name:\tC:\\Windows\\System32\\svchost.exe\r\n\r\nService Request Information:\r\n\tPrivileges:\t\tSeTcbPrivilege\r\n", "raw_inserts": ["S-1-5-21-1251900359-2259549607-1534340609-1006", "Nitro 5", "ANISH", "0x5e27e", "Security", "-", "SeTcbPrivilege", "0x63c", "C:\\Windows\\System32\\svchost.exe"]}
{"timestamp": "2026-04-07 12:36:45", "event_id": 4697, "channel": "Security", "source": "Microsoft-Windows-Security-Auditing", "computer": "Anish", "event_type": "service_installed", "event_type_label": "New Service Installed", "severity": "HIGH", "severity_int": 3, "user": "S-1-5-18", "ip": "", "process_name": "", "cmdline": "", "logon_type": "", "logon_type_label": "", "logon_risk": "INFO", "privileges": "", "message": "A service was installed in the system.\r\n\r\nSubject:\r\n\tSecurity ID:\t\tS-1-5-18\r\n\tAccount Name:\t\tANISH$\r\n\tAccount Domain:\t\tWORKGROUP\r\n\tLogon ID:\t\t0x3e7\r\n\r\nService Information:\r\n\tService Name: \t\tAarSvc_193bb9d\r\n\tService File Name:\tC:\\WINDOWS\\system32\\svchost.exe -k AarSvcGroup -p\r\n\tService Type: \t\t0xe0\r\n\tService Start Type:\t3\r\n\tService Account: \t\tLocalSystem\r\n", "raw_inserts": ["S-1-5-18", "ANISH$", "WORKGROUP", "0x3e7", "AarSvc_193bb9d", "C:\\WINDOWS\\system32\\svchost.exe -k AarSvcGroup -p", "0xe0", "3", "LocalSystem", "128071114403348520"]}
{"timestamp": "2026-04-07 12:36:45", "event_id": 4689, "channel": "Security", "source": "Microsoft-Windows-Security-Auditing", "computer": "Anish", "event_type": "generic", "event_type_label": "Generic System Event", "severity": "INFO", "severity_int": 0, "user": "backgroundTaskHost.exe", "ip": "", "process_name": "", "cmdline": "", "logon_type": "", "logon_type_label": "", "logon_risk": "INFO", "privileges": "", "message": "A process has exited.\r\n\r\nSubject:\r\n\tSecurity ID:\t\tS-1-5-21-1251900359-2259549607-1534340609-1006\r\n\tAccount Name:\t\tNitro 5\r\n\tAccount Domain:\t\tANISH\r\n\tLogon ID:\t\t0x5e27e\r\n\r\nProcess Information:\r\n\tProcess ID:\t0x79e8\r\n\tProcess Name:\tC:\\Windows\\System32\\backgroundTaskHost.exe\r\n\tExit Status:\t0x1\r\n", "raw_inserts": ["S-1-5-21-1251900359-2259549607-1534340609-1006", "Nitro 5", "ANISH", "0x5e27e", "0x1", "0x79e8", "C:\\Windows\\System32\\backgroundTaskHost.exe"]}
{"timestamp": "2026-04-07 12:36:45", "event_id": 4689, "channel": "Security", "source": "Microsoft-Windows-Security-Auditing", "computer": "Anish", "event_type": "generic", "event_type_label": "Generic System Event", "severity": "INFO", "severity_int": 0, "user": "rundll32.exe", "ip": "", "process_name": "", "cmdline": "", "logon_type": "", "logon_type_label": "", "logon_risk": "INFO", "privileges": "", "message": "A process has exited.\r\n\r\nSubject:\r\n\tSecurity ID:\t\tS-1-5-21-1251900359-2259549607-1534340609-1008\r\n\tAccount Name:\t\tlabuser\r\n\tAccount Domain:\t\tANISH\r\n\tLogon ID:\t\t0x1901bdd\r\n\r\nProcess Information:\r\n\tProcess ID:\t0x75a8\r\n\tProcess Name:\tC:\\Windows\\System32\\rundll32.exe\r\n\tExit Status:\t0x0\r\n", "raw_inserts": ["S-1-5-21-1251900359-2259549607-1534340609-1008", "labuser", "ANISH", "0x1901bdd", "0x0", "0x75a8", "C:\\Windows\\System32\\rundll32.exe"]}
{"timestamp": "2026-04-07 12:36:45", "event_id": 5058, "channel": "Security", "source": "Microsoft-Windows-Security-Auditing", "computer": "Anish", "event_type": "generic", "event_type_label": "Generic System Event", "severity": "INFO", "severity_int": 0, "user": "de7cf8a7901d2ad13e5c67c29e5d1662_233b6cf4-3112-43db-b875-4a2c77f9db7e", "ip": "", "process_name": "", "cmdline": "", "logon_type": "", "logon_type_label": "", "logon_risk": "INFO", "privileges": "", "message": "Key file operation.\r\n\r\nSubject:\r\n\tSecurity ID:\t\tS-1-5-21-1251900359-2259549607-1534340609-1008\r\n\tAccount Name:\t\tlabuser\r\n\tAccount Domain:\t\tANISH\r\n\tLogon ID:\t\t0x1901bdd\r\n\r\nProcess Information:\r\n\tProcess ID:\t\t32956\r\n\tProcess Creation Time:\t2026-04-07T07:06:45.0928017Z\r\n\r\nCryptographic Parameters:\r\n\tProvider Name:\tMicrosoft Software Key Storage Provider\r\n\tAlgorithm Name:\tUNKNOWN\r\n\tKey Name:\tMicrosoft Connected Devices Platform device certificate\r\n\tKey Type:\t%%2500\r\n\r\nKey File Operation Information:", "raw_inserts": ["S-1-5-21-1251900359-2259549607-1534340609-1008", "labuser", "ANISH", "0x1901bdd", "32956", "2026-04-07T07:06:45.0928017Z", "Microsoft Software Key Storage Provider", "UNKNOWN", "Microsoft Connected Devices Platform device certificate", "%%2500"]}
{"timestamp": "2026-04-07 12:36:45", "event_id": 5061, "channel": "Security", "source": "Microsoft-Windows-Security-Auditing", "computer": "Anish", "event_type": "generic", "event_type_label": "Generic System Event", "severity": "INFO", "severity_int": 0, "user": "SYSTEM", "ip": "", "process_name": "", "cmdline": "", "logon_type": "", "logon_type_label": "", "logon_risk": "INFO", "privileges": "", "message": "Cryptographic operation.\r\n\r\nSubject:\r\n\tSecurity ID:\t\tS-1-5-21-1251900359-2259549607-1534340609-1008\r\n\tAccount Name:\t\tlabuser\r\n\tAccount Domain:\t\tANISH\r\n\tLogon ID:\t\t0x1901bdd\r\n\r\nCryptographic Parameters:\r\n\tProvider Name:\tMicrosoft Software Key Storage Provider\r\n\tAlgorithm Name:\tECDSA_P256\r\n\tKey Name:\tMicrosoft Connected Devices Platform device certificate\r\n\tKey Type:\t%%2500\r\n\r\nCryptographic Operation:\r\n\tOperation:\t%%2480\r\n\tReturn Code:\t0x0\r\n", "raw_inserts": ["S-1-5-21-1251900359-2259549607-1534340609-1008", "labuser", "ANISH", "0x1901bdd", "Microsoft Software Key Storage Provider", "ECDSA_P256", "Microsoft Connected Devices Platform device certificate", "%%2500", "%%2480", "0x0"]}
{"timestamp": "2026-04-07 12:36:45", "event_id": 5059, "channel": "Security", "source": "Microsoft-Windows-Security-Auditing", "computer": "Anish", "event_type": "generic", "event_type_label": "Generic System Event", "severity": "INFO", "severity_int": 0, "user": "SYSTEM", "ip": "", "process_name": "", "cmdline": "", "logon_type": "", "logon_type_label": "", "logon_risk": "INFO", "privileges": "", "message": "Key migration operation.\r\n\r\nSubject:\r\n\tSecurity ID:\t\tS-1-5-21-1251900359-2259549607-1534340609-1008\r\n\tAccount Name:\t\tlabuser\r\n\tAccount Domain:\t\tANISH\r\n\tLogon ID:\t\t0x1901bdd\r\n\r\nProcess Information:\r\n\tProcess ID:\t\t32956\r\n\tProcess Creation Time:\t2026-04-07T07:06:45.0928017Z\r\n\r\nCryptographic Parameters:\r\n\tProvider Name:\tMicrosoft Software Key Storage Provider\r\n\tAlgorithm Name:\tECDSA_P256\r\n\tKey Name:\tMicrosoft Connected Devices Platform device certificate\r\n\tKey Type:\t%%2500\r\n\r\nAdditional Information:", "raw_inserts": ["S-1-5-21-1251900359-2259549607-1534340609-1008", "labuser", "ANISH", "0x1901bdd", "32956", "2026-04-07T07:06:45.0928017Z", "Microsoft Software Key Storage Provider", "ECDSA_P256", "Microsoft Connected Devices Platform device certificate", "%%2500"]}
{"timestamp": "2026-04-07 12:36:45", "event_id": 4689, "channel": "Security", "source": "Microsoft-Windows-Security-Auditing", "computer": "Anish", "event_type": "generic", "event_type_label": "Generic System Event", "severity": "INFO", "severity_int": 0, "user": "ListCheck.exe", "ip": "", "process_name": "", "cmdline": "", "logon_type": "", "logon_type_label": "", "logon_risk": "INFO", "privileges": "", "message": "A process has exited.\r\n\r\nSubject:\r\n\tSecurity ID:\t\tS-1-5-21-1251900359-2259549607-1534340609-1008\r\n\tAccount Name:\t\tlabuser\r\n\tAccount Domain:\t\tANISH\r\n\tLogon ID:\t\t0x1901ba3\r\n\r\nProcess Information:\r\n\tProcess ID:\t0x6a0\r\n\tProcess Name:\tC:\\ProgramData\\oem\\UpgradeTool\\ListCheck.exe\r\n\tExit Status:\t0x0\r\n", "raw_inserts": ["S-1-5-21-1251900359-2259549607-1534340609-1008", "labuser", "ANISH", "0x1901ba3", "0x0", "0x6a0", "C:\\ProgramData\\oem\\UpgradeTool\\ListCheck.exe"]}
{"timestamp": "2026-04-07 12:36:45", "event_id": 4688, "channel": "Security", "source": "Microsoft-Windows-Security-Auditing", "computer": "Anish", "event_type": "process_created", "event_type_label": "New Process Created", "severity": "LOW", "severity_int": 1, "user": "labuser", "ip": "", "process_name": "shellhost.exe", "cmdline": "\"c:\\windows\\system32\\shellhost.exe\"", "logon_type": "", "logon_type_label": "", "logon_risk": "INFO", "privileges": "", "message": "A new process has been created.\r\n\r\nCreator Subject:\r\n\tSecurity ID:\t\tS-1-5-21-1251900359-2259549607-1534340609-1008\r\n\tAccount Name:\t\tlabuser\r\n\tAccount Domain:\t\tANISH\r\n\tLogon ID:\t\t0x1901bdd\r\n\r\nTarget Subject:\r\n\tSecurity ID:\t\tS-1-0-0\r\n\tAccount Name:\t\t-\r\n\tAccount Domain:\t\t-\r\n\tLogon ID:\t\t0x0\r\n\r\nProcess Information:\r\n\tNew Process ID:\t\t0x6e04\r\n\tNew Process Name:\tC\r\n\tToken Elevation Type:\t%%1938\r\n\tMandatory Label:\t\tS-1-16-8192\r\n\tCreator Process ID:\t0x1bf0\r\n\tCreator Process Name:\tC\r\n\tProcess Command Line", "raw_inserts": ["S-1-5-21-1251900359-2259549607-1534340609-1008", "labuser", "ANISH", "0x1901bdd", "0x6e04", "C:\\Windows\\System32\\ShellHost.exe", "%%1938", "0x1bf0", "\"C:\\Windows\\System32\\ShellHost.exe\"", "S-1-0-0"]}
{"timestamp": "2026-04-07 12:36:45", "event_id": 4689, "channel": "Security", "source": "Microsoft-Windows-Security-Auditing", "computer": "Anish", "event_type": "generic", "event_type_label": "Generic System Event", "severity": "INFO", "severity_int": 0, "user": "opushutil.exe", "ip": "", "process_name": "", "cmdline": "", "logon_type": "", "logon_type_label": "", "logon_risk": "INFO", "privileges": "", "message": "A process has exited.\r\n\r\nSubject:\r\n\tSecurity ID:\t\tS-1-5-21-1251900359-2259549607-1534340609-1008\r\n\tAccount Name:\t\tlabuser\r\n\tAccount Domain:\t\tANISH\r\n\tLogon ID:\t\t0x1901bdd\r\n\r\nProcess Information:\r\n\tProcess ID:\t0x83f0\r\n\tProcess Name:\tC:\\Program Files\\Microsoft Office\\root\\vfs\\ProgramFilesCommonX64\\Microsoft Shared\\OFFICE16\\opushutil.exe\r\n\tExit Status:\t0xc000022d\r\n", "raw_inserts": ["S-1-5-21-1251900359-2259549607-1534340609-1008", "labuser", "ANISH", "0x1901bdd", "0xc000022d", "0x83f0", "C:\\Program Files\\Microsoft Office\\root\\vfs\\ProgramFilesCommonX64\\Microsoft Shared\\OFFICE16\\opushutil.exe"]}
{"timestamp": "2026-04-07 12:36:45", "event_id": 4689, "channel": "Security", "source": "Microsoft-Windows-Security-Auditing", "computer": "Anish", "event_type": "generic", "event_type_label": "Generic System Event", "severity": "INFO", "severity_int": 0, "user": "svchost.exe", "ip": "", "process_name": "", "cmdline": "", "logon_type": "", "logon_type_label": "", "logon_risk": "INFO", "privileges": "", "message": "A process has exited.\r\n\r\nSubject:\r\n\tSecurity ID:\t\tS-1-5-18\r\n\tAccount Name:\t\tANISH$\r\n\tAccount Domain:\t\tWORKGROUP\r\n\tLogon ID:\t\t0x3e7\r\n\r\nProcess Information:\r\n\tProcess ID:\t0x7d58\r\n\tProcess Name:\tC:\\Windows\\System32\\svchost.exe\r\n\tExit Status:\t0x0\r\n", "raw_inserts": ["S-1-5-18", "ANISH$", "WORKGROUP", "0x3e7", "0x0", "0x7d58", "C:\\Windows\\System32\\svchost.exe"]}
{"timestamp": "2026-04-07 12:36:45", "event_id": 4689, "channel": "Security", "source": "Microsoft-Windows-Security-Auditing", "computer": "Anish", "event_type": "generic", "event_type_label": "Generic System Event", "severity": "INFO", "severity_int": 0, "user": "MDMAgent.exe", "ip": "", "process_name": "", "cmdline": "", "logon_type": "", "logon_type_label": "", "logon_risk": "INFO", "privileges": "", "message": "A process has exited.\r\n\r\nSubject:\r\n\tSecurity ID:\t\tS-1-5-18\r\n\tAccount Name:\t\tANISH$\r\n\tAccount Domain:\t\tWORKGROUP\r\n\tLogon ID:\t\t0x3e7\r\n\r\nProcess Information:\r\n\tProcess ID:\t0x846c\r\n\tProcess Name:\tC:\\Windows\\System32\\MDMAgent.exe\r\n\tExit Status:\t0x0\r\n", "raw_inserts": ["S-1-5-18", "ANISH$", "WORKGROUP", "0x3e7", "0x0", "0x846c", "C:\\Windows\\System32\\MDMAgent.exe"]}
{"timestamp": "2026-04-07 12:36:45", "event_id": 4689, "channel": "Security", "source": "Microsoft-Windows-Security-Auditing", "computer": "Anish", "event_type": "generic", "event_type_label": "Generic System Event", "severity": "INFO", "severity_int": 0, "user": "taskhostw.exe", "ip": "", "process_name": "", "cmdline": "", "logon_type": "", "logon_type_label": "", "logon_risk": "INFO", "privileges": "", "message": "A process has exited.\r\n\r\nSubject:\r\n\tSecurity ID:\t\tS-1-5-21-1251900359-2259549607-1534340609-1008\r\n\tAccount Name:\t\tlabuser\r\n\tAccount Domain:\t\tANISH\r\n\tLogon ID:\t\t0x1901bdd\r\n\r\nProcess Information:\r\n\tProcess ID:\t0x3614\r\n\tProcess Name:\tC:\\Windows\\System32\\taskhostw.exe\r\n\tExit Status:\t0x0\r\n", "raw_inserts": ["S-1-5-21-1251900359-2259549607-1534340609-1008", "labuser", "ANISH", "0x1901bdd", "0x0", "0x3614", "C:\\Windows\\System32\\taskhostw.exe"]}
{"timestamp": "2026-04-07 12:36:46", "event_id": 4689, "channel": "Security", "source": "Microsoft-Windows-Security-Auditing", "computer": "Anish", "event_type": "generic", "event_type_label": "Generic System Event", "severity": "INFO", "severity_int": 0, "user": "unsecapp.exe", "ip": "", "process_name": "", "cmdline": "", "logon_type": "", "logon_type_label": "", "logon_risk": "INFO", "privileges": "", "message": "A process has exited.\r\n\r\nSubject:\r\n\tSecurity ID:\t\tS-1-5-21-1251900359-2259549607-1534340609-1006\r\n\tAccount Name:\t\tNitro 5\r\n\tAccount Domain:\t\tANISH\r\n\tLogon ID:\t\t0x5e27e\r\n\r\nProcess Information:\r\n\tProcess ID:\t0x6e1c\r\n\tProcess Name:\tC:\\Windows\\System32\\wbem\\unsecapp.exe\r\n\tExit Status:\t0x0\r\n", "raw_inserts": ["S-1-5-21-1251900359-2259549607-1534340609-1006", "Nitro 5", "ANISH", "0x5e27e", "0x0", "0x6e1c", "C:\\Windows\\System32\\wbem\\unsecapp.exe"]}
{"timestamp": "2026-04-07 12:36:46", "event_id": 5156, "channel": "Security", "source": "Microsoft-Windows-Security-Auditing", "computer": "Anish", "event_type": "generic", "event_type_label": "Generic System Event", "severity": "INFO", "severity_int": 0, "user": "gamingservices.exe", "ip": "", "process_name": "", "cmdline": "", "logon_type": "", "logon_type_label": "", "logon_risk": "INFO", "privileges": "", "message": "The Windows Filtering Platform has permitted a connection.\r\n\r\nApplication Information:\r\n\tProcess ID:\t\t11504\r\n\tApplication Name:\t\\device\\harddiskvolume4\\program files\\windowsapps\\microsoft.gamingservices_34.111.20001.0_x64__8wekyb3d8bbwe\\gamingservices.exe\r\n\r\nNetwork Information:\r\n\tDirection:\t\t%%14593\r\n\tSource Address:\t\t10.156.117.84\r\n\tSource Port:\t\t13860\r\n\tDestination Address:\t40.65.111.94\r\n\tDestination Port:\t\t443\r\n\tProtocol:\t\t6\r\n\tInterface Index:\t\t3\r\n\r\nFilter Information:\r\n\tFilter Origin:\t\tUnkn", "raw_inserts": ["11504", "\\device\\harddiskvolume4\\program files\\windowsapps\\microsoft.gamingservices_34.111.20001.0_x64__8wekyb3d8bbwe\\gamingservices.exe", "%%14593", "10.156.117.84", "13860", "40.65.111.94", "443", "6", "3", "Unknown"]}
{"timestamp": "2026-04-07 12:36:46", "event_id": 4697, "channel": "Security", "source": "Microsoft-Windows-Security-Auditing", "computer": "Anish", "event_type": "service_installed", "event_type_label": "New Service Installed", "severity": "HIGH", "severity_int": 3, "user": "S-1-5-21-1251900359-2259549607-1534340609-1006", "ip": "", "process_name": "", "cmdline": "", "logon_type": "", "logon_type_label": "", "logon_risk": "INFO", "privileges": "", "message": "A service was installed in the system.\r\n\r\nSubject:\r\n\tSecurity ID:\t\tS-1-5-21-1251900359-2259549607-1534340609-1006\r\n\tAccount Name:\t\tNitro 5\r\n\tAccount Domain:\t\tANISH\r\n\tLogon ID:\t\t0x5dfcd\r\n\r\nService Information:\r\n\tService Name: \t\tRTCore64\r\n\tService File Name:\tC:\\Program Files (x86)\\MSI Afterburner\\RTCore64.sys\r\n\tService Type: \t\t0x1\r\n\tService Start Type:\t3\r\n\tService Account: \t\tLocalSystem\r\n", "raw_inserts": ["S-1-5-21-1251900359-2259549607-1534340609-1006", "Nitro 5", "ANISH", "0x5dfcd", "RTCore64", "C:\\Program Files (x86)\\MSI Afterburner\\RTCore64.sys", "0x1", "3", "LocalSystem", "128071114403350036"]}
{"timestamp": "2026-04-07 12:36:46", "event_id": 4689, "channel": "Security", "source": "Microsoft-Windows-Security-Auditing", "computer": "Anish", "event_type": "generic", "event_type_label": "Generic System Event", "severity": "INFO", "severity_int": 0, "user": "MoNotificationUx.exe", "ip": "", "process_name": "", "cmdline": "", "logon_type": "", "logon_type_label": "", "logon_risk": "INFO", "privileges": "", "message": "A process has exited.\r\n\r\nSubject:\r\n\tSecurity ID:\t\tS-1-5-21-1251900359-2259549607-1534340609-1008\r\n\tAccount Name:\t\tlabuser\r\n\tAccount Domain:\t\tANISH\r\n\tLogon ID:\t\t0x1901bdd\r\n\r\nProcess Information:\r\n\tProcess ID:\t0x74e8\r\n\tProcess Name:\tC:\\Windows\\UUS\\Packages\\Preview\\amd64\\MoNotificationUx.exe\r\n\tExit Status:\t0x0\r\n", "raw_inserts": ["S-1-5-21-1251900359-2259549607-1534340609-1008", "labuser", "ANISH", "0x1901bdd", "0x0", "0x74e8", "C:\\Windows\\UUS\\Packages\\Preview\\amd64\\MoNotificationUx.exe"]}
{"timestamp": "2026-04-07 12:36:46", "event_id": 5156, "channel": "Security", "source": "Microsoft-Windows-Security-Auditing", "computer": "Anish", "event_type": "generic", "event_type_label": "Generic System Event", "severity": "INFO", "severity_int": 0, "user": "adskaccessservice.exe", "ip": "", "process_name": "", "cmdline": "", "logon_type": "", "logon_type_label": "", "logon_risk": "INFO", "privileges": "", "message": "The Windows Filtering Platform has permitted a connection.\r\n\r\nApplication Information:\r\n\tProcess ID:\t\t10124\r\n\tApplication Name:\t\\device\\harddiskvolume4\\program files\\autodesk\\adodis\\v1\\setup\\adskaccessservice.exe\r\n\r\nNetwork Information:\r\n\tDirection:\t\t%%14593\r\n\tSource Address:\t\t127.0.0.1\r\n\tSource Port:\t\t13861\r\n\tDestination Address:\t127.0.0.1\r\n\tDestination Port:\t\t49675\r\n\tProtocol:\t\t6\r\n\tInterface Index:\t\t1\r\n\r\nFilter Information:\r\n\tFilter Origin:\t\tAppContainer Loopback\r\n\tFilter Run-Time ID:\t67110\r\n\t", "raw_inserts": ["10124", "\\device\\harddiskvolume4\\program files\\autodesk\\adodis\\v1\\setup\\adskaccessservice.exe", "%%14593", "127.0.0.1", "13861", "127.0.0.1", "49675", "6", "1", "AppContainer Loopback"]}
{"timestamp": "2026-04-07 12:36:46", "event_id": 5156, "channel": "Security", "source": "Microsoft-Windows-Security-Auditing", "computer": "Anish", "event_type": "generic", "event_type_label": "Generic System Event", "severity": "INFO", "severity_int": 0, "user": "cer_service.exe", "ip": "", "process_name": "", "cmdline": "", "logon_type": "", "logon_type_label": "", "logon_risk": "INFO", "privileges": "", "message": "The Windows Filtering Platform has permitted a connection.\r\n\r\nApplication Information:\r\n\tProcess ID:\t\t5136\r\n\tApplication Name:\t\\device\\harddiskvolume4\\program files\\autodesk\\autodesk cer\\service\\cer_service.exe\r\n\r\nNetwork Information:\r\n\tDirection:\t\t%%14592\r\n\tSource Address:\t\t127.0.0.1\r\n\tSource Port:\t\t13861\r\n\tDestination Address:\t127.0.0.1\r\n\tDestination Port:\t\t49675\r\n\tProtocol:\t\t6\r\n\tInterface Index:\t\t1\r\n\r\nFilter Information:\r\n\tFilter Origin:\t\tAppContainer Loopback\r\n\tFilter Run-Time ID:\t67104\r\n\tLa", "raw_inserts": ["5136", "\\device\\harddiskvolume4\\program files\\autodesk\\autodesk cer\\service\\cer_service.exe", "%%14592", "127.0.0.1", "13861", "127.0.0.1", "49675", "6", "1", "AppContainer Loopback"]}
{"timestamp": "2026-04-07 12:36:46", "event_id": 4689, "channel": "Security", "source": "Microsoft-Windows-Security-Auditing", "computer": "Anish", "event_type": "generic", "event_type_label": "Generic System Event", "severity": "INFO", "severity_int": 0, "user": "SoftLandingTask.exe", "ip": "", "process_name": "", "cmdline": "", "logon_type": "", "logon_type_label": "", "logon_risk": "INFO", "privileges": "", "message": "A process has exited.\r\n\r\nSubject:\r\n\tSecurity ID:\t\tS-1-5-21-1251900359-2259549607-1534340609-1008\r\n\tAccount Name:\t\tlabuser\r\n\tAccount Domain:\t\tANISH\r\n\tLogon ID:\t\t0x1901bdd\r\n\r\nProcess Information:\r\n\tProcess ID:\t0x6524\r\n\tProcess Name:\tC:\\Windows\\SystemApps\\MicrosoftWindows.Client.CBS_cw5n1h2txyewy\\SoftLandingTask\\SoftLandingTask.exe\r\n\tExit Status:\t0x0\r\n", "raw_inserts": ["S-1-5-21-1251900359-2259549607-1534340609-1008", "labuser", "ANISH", "0x1901bdd", "0x0", "0x6524", "C:\\Windows\\SystemApps\\MicrosoftWindows.Client.CBS_cw5n1h2txyewy\\SoftLandingTask\\SoftLandingTask.exe"]}
{"timestamp": "2026-04-07 12:36:46", "event_id": 5156, "channel": "Security", "source": "Microsoft-Windows-Security-Auditing", "computer": "Anish", "event_type": "generic", "event_type_label": "Generic System Event", "severity": "INFO", "severity_int": 0, "user": "nvdisplay.container.exe", "ip": "", "process_name": "", "cmdline": "", "logon_type": "", "logon_type_label": "", "logon_risk": "INFO", "privileges": "", "message": "The Windows Filtering Platform has permitted a connection.\r\n\r\nApplication Information:\r\n\tProcess ID:\t\t10808\r\n\tApplication Name:\t\\device\\harddiskvolume4\\windows\\system32\\driverstore\\filerepository\\nvaci.inf_amd64_626c799c5444666f\\display.nvcontainer\\nvdisplay.container.exe\r\n\r\nNetwork Information:\r\n\tDirection:\t\t%%14593\r\n\tSource Address:\t\t10.156.117.84\r\n\tSource Port:\t\t13862\r\n\tDestination Address:\t23.58.95.153\r\n\tDestination Port:\t\t443\r\n\tProtocol:\t\t6\r\n\tInterface Index:\t\t3\r\n\r\nFilter Information:\r\n\tFil", "raw_inserts": ["10808", "\\device\\harddiskvolume4\\windows\\system32\\driverstore\\filerepository\\nvaci.inf_amd64_626c799c5444666f\\display.nvcontainer\\nvdisplay.container.exe", "%%14593", "10.156.117.84", "13862", "23.58.95.153", "443", "6", "3", "Unknown"]}
{"timestamp": "2026-04-07 12:36:47", "event_id": 5156, "channel": "Security", "source": "Microsoft-Windows-Security-Auditing", "computer": "Anish", "event_type": "generic", "event_type_label": "Generic System Event", "severity": "INFO", "severity_int": 0, "user": "opushutil.exe", "ip": "", "process_name": "", "cmdline": "", "logon_type": "", "logon_type_label": "", "logon_risk": "INFO", "privileges": "", "message": "The Windows Filtering Platform has permitted a connection.\r\n\r\nApplication Information:\r\n\tProcess ID:\t\t18736\r\n\tApplication Name:\t\\device\\harddiskvolume4\\program files\\microsoft office\\root\\vfs\\programfilescommonx64\\microsoft shared\\office16\\opushutil.exe\r\n\r\nNetwork Information:\r\n\tDirection:\t\t%%14593\r\n\tSource Address:\t\t10.156.117.84\r\n\tSource Port:\t\t13868\r\n\tDestination Address:\t52.182.143.208\r\n\tDestination Port:\t\t443\r\n\tProtocol:\t\t6\r\n\tInterface Index:\t\t3\r\n\r\nFilter Information:\r\n\tFilter Origin:\t\tUnkn", "raw_inserts": ["18736", "\\device\\harddiskvolume4\\program files\\microsoft office\\root\\vfs\\programfilescommonx64\\microsoft shared\\office16\\opushutil.exe", "%%14593", "10.156.117.84", "13868", "52.182.143.208", "443", "6", "3", "Unknown"]}
{"timestamp": "2026-04-07 12:36:46", "event_id": 7045, "channel": "System", "source": "Service Control Manager", "computer": "Anish", "event_type": "service_installed", "event_type_label": "New Service Installed", "severity": "HIGH", "severity_int": 3, "user": "RTCore64.sys", "ip": "", "process_name": "", "cmdline": "", "logon_type": "", "logon_type_label": "", "logon_risk": "INFO", "privileges": "", "message": "A service was installed in the system.\r\n\r\nService Name:  RTCore64\r\nService File Name:  C:\\Program Files (x86)\\MSI Afterburner\\RTCore64.sys\r\nService Type:  kernel mode driver\r\nService Start Type:  demand start\r\nService Account:  \r\n", "raw_inserts": ["RTCore64", "C:\\Program Files (x86)\\MSI Afterburner\\RTCore64.sys", "kernel mode driver", "demand start", ""]}
{"timestamp": "2026-04-07 12:36:47", "event_id": 4673, "channel": "Security", "source": "Microsoft-Windows-Security-Auditing", "computer": "Anish", "event_type": "generic", "event_type_label": "Generic System Event", "severity": "INFO", "severity_int": 0, "user": "explorer.exe", "ip": "", "process_name": "", "cmdline": "", "logon_type": "", "logon_type_label": "", "logon_risk": "INFO", "privileges": "", "message": "A privileged service was called.\r\n\r\nSubject:\r\n\tSecurity ID:\t\tS-1-5-21-1251900359-2259549607-1534340609-1008\r\n\tAccount Name:\t\tlabuser\r\n\tAccount Domain:\t\tANISH\r\n\tLogon ID:\t\t0x1901bdd\r\n\r\nService:\r\n\tServer:\tSecurity\r\n\tService Name:\t-\r\n\r\nProcess:\r\n\tProcess ID:\t0x831c\r\n\tProcess Name:\tC:\\Windows\\explorer.exe\r\n\r\nService Request Information:\r\n\tPrivileges:\t\tSeTcbPrivilege\r\n", "raw_inserts": ["S-1-5-21-1251900359-2259549607-1534340609-1008", "labuser", "ANISH", "0x1901bdd", "Security", "-", "SeTcbPrivilege", "0x831c", "C:\\Windows\\explorer.exe"]}
{"timestamp": "2026-04-07 12:36:47", "event_id": 4673, "channel": "Security", "source": "Microsoft-Windows-Security-Auditing", "computer": "Anish", "event_type": "generic", "event_type_label": "Generic System Event", "severity": "INFO", "severity_int": 0, "user": "RuntimeBroker.exe", "ip": "", "process_name": "", "cmdline": "", "logon_type": "", "logon_type_label": "", "logon_risk": "INFO", "privileges": "", "message": "A privileged service was called.\r\n\r\nSubject:\r\n\tSecurity ID:\t\tS-1-5-21-1251900359-2259549607-1534340609-1008\r\n\tAccount Name:\t\tlabuser\r\n\tAccount Domain:\t\tANISH\r\n\tLogon ID:\t\t0x1901bdd\r\n\r\nService:\r\n\tServer:\tSecurity\r\n\tService Name:\t-\r\n\r\nProcess:\r\n\tProcess ID:\t0x7ddc\r\n\tProcess Name:\tC:\\Windows\\System32\\RuntimeBroker.exe\r\n\r\nService Request Information:\r\n\tPrivileges:\t\tSeTcbPrivilege\r\n", "raw_inserts": ["S-1-5-21-1251900359-2259549607-1534340609-1008", "labuser", "ANISH", "0x1901bdd", "Security", "-", "SeTcbPrivilege", "0x7ddc", "C:\\Windows\\System32\\RuntimeBroker.exe"]}
{"timestamp": "2026-04-07 12:36:48", "event_id": 4689, "channel": "Security", "source": "Microsoft-Windows-Security-Auditing", "computer": "Anish", "event_type": "generic", "event_type_label": "Generic System Event", "severity": "INFO", "severity_int": 0, "user": "dbInstaller.exe", "ip": "", "process_name": "", "cmdline": "", "logon_type": "", "logon_type_label": "", "logon_risk": "INFO", "privileges": "", "message": "A process has exited.\r\n\r\nSubject:\r\n\tSecurity ID:\t\tS-1-5-18\r\n\tAccount Name:\t\tANISH$\r\n\tAccount Domain:\t\tWORKGROUP\r\n\tLogon ID:\t\t0x3e7\r\n\r\nProcess Information:\r\n\tProcess ID:\t0x5fcc\r\n\tProcess Name:\tC:\\Windows\\System32\\DriverStore\\FileRepository\\nvaci.inf_amd64_626c799c5444666f\\dbInstaller.exe\r\n\tExit Status:\t0x1\r\n", "raw_inserts": ["S-1-5-18", "ANISH$", "WORKGROUP", "0x3e7", "0x1", "0x5fcc", "C:\\Windows\\System32\\DriverStore\\FileRepository\\nvaci.inf_amd64_626c799c5444666f\\dbInstaller.exe"]}
{"timestamp": "2026-04-07 12:36:48", "event_id": 5158, "channel": "Security", "source": "Microsoft-Windows-Security-Auditing", "computer": "Anish", "event_type": "generic", "event_type_label": "Generic System Event", "severity": "INFO", "severity_int": 0, "user": "nvcontainer.exe", "ip": "", "process_name": "", "cmdline": "", "logon_type": "", "logon_type_label": "", "logon_risk": "INFO", "privileges": "", "message": "The Windows Filtering Platform has permitted a bind to a local port.\r\n\r\nApplication Information:\r\n\tProcess ID:\t\t28264\r\n\tApplication Name:\t\\device\\harddiskvolume4\\program files\\nvidia corporation\\nvcontainer\\nvcontainer.exe\r\n\r\nNetwork Information:\r\n\tSource Address:\t\t127.0.0.1\r\n\tSource Port:\t\t53361\r\n\tProtocol:\t\t17\r\n\r\nFilter Information:\r\n\tFilter Run-Time ID:\t0\r\n\tLayer Name:\t\t%%14608\r\n\tLayer Run-Time ID:\t36\r\n", "raw_inserts": ["28264", "\\device\\harddiskvolume4\\program files\\nvidia corporation\\nvcontainer\\nvcontainer.exe", "127.0.0.1", "53361", "17", "0", "%%14608", "36"]}
{"timestamp": "2026-04-07 12:36:48", "event_id": 4695, "channel": "Security", "source": "Microsoft-Windows-Security-Auditing", "computer": "Anish", "event_type": "generic", "event_type_label": "Generic System Event", "severity": "INFO", "severity_int": 0, "user": "SYSTEM", "ip": "", "process_name": "", "cmdline": "", "logon_type": "", "logon_type_label": "", "logon_risk": "INFO", "privileges": "", "message": "Unprotection of auditable protected data was attempted.\r\n\r\nSubject:\r\n\tSecurity ID:\t\tS-1-5-21-1251900359-2259549607-1534340609-1008\r\n\tAccount Name:\t\tlabuser\r\n\tAccount Domain:\t\tANISH\r\n\tLogon ID:\t\t0x1901bdd\r\n\r\nProtected Data:\r\n\tData Description:\tMicrosoft Edge\r\n\tKey Identifier:\ta2746f69-47bc-4225-9460-d2d7c21b4d95\r\n\tProtected Data Flags:\t0x0\r\n\tProtection Algorithms:\tAES-256 , SHA2-512 \r\n\r\nStatus Information:\r\n\tStatus Code:\t0x0\r\n", "raw_inserts": ["S-1-5-21-1251900359-2259549607-1534340609-1008", "labuser", "ANISH", "0x1901bdd", "a2746f69-47bc-4225-9460-d2d7c21b4d95", "Microsoft Edge", "0x0", "AES-256 , SHA2-512 ", "0x0"]}
{"timestamp": "2026-04-07 12:36:48", "event_id": 4689, "channel": "Security", "source": "Microsoft-Windows-Security-Auditing", "computer": "Anish", "event_type": "generic", "event_type_label": "Generic System Event", "severity": "INFO", "severity_int": 0, "user": "LogonUI.exe", "ip": "", "process_name": "", "cmdline": "", "logon_type": "", "logon_type_label": "", "logon_risk": "INFO", "privileges": "", "message": "A process has exited.\r\n\r\nSubject:\r\n\tSecurity ID:\t\tS-1-5-18\r\n\tAccount Name:\t\tANISH$\r\n\tAccount Domain:\t\tWORKGROUP\r\n\tLogon ID:\t\t0x3e7\r\n\r\nProcess Information:\r\n\tProcess ID:\t0x7280\r\n\tProcess Name:\tC:\\Windows\\System32\\LogonUI.exe\r\n\tExit Status:\t0x0\r\n", "raw_inserts": ["S-1-5-18", "ANISH$", "WORKGROUP", "0x3e7", "0x0", "0x7280", "C:\\Windows\\System32\\LogonUI.exe"]}
{"timestamp": "2026-04-07 12:36:48", "event_id": 4673, "channel": "Security", "source": "Microsoft-Windows-Security-Auditing", "computer": "Anish", "event_type": "generic", "event_type_label": "Generic System Event", "severity": "INFO", "severity_int": 0, "user": "CrossDeviceService.exe", "ip": "", "process_name": "", "cmdline": "", "logon_type": "", "logon_type_label": "", "logon_risk": "INFO", "privileges": "", "message": "A privileged service was called.\r\n\r\nSubject:\r\n\tSecurity ID:\t\tS-1-5-21-1251900359-2259549607-1534340609-1008\r\n\tAccount Name:\t\tlabuser\r\n\tAccount Domain:\t\tANISH\r\n\tLogon ID:\t\t0x1901bdd\r\n\r\nService:\r\n\tServer:\tSecurity\r\n\tService Name:\t-\r\n\r\nProcess:\r\n\tProcess ID:\t0x7290\r\n\tProcess Name:\tC:\\Program Files\\WindowsApps\\MicrosoftWindows.CrossDevice_1.26011.30.0_x64__cw5n1h2txyewy\\CrossDeviceService.exe\r\n\r\nService Request Information:\r\n\tPrivileges:\t\tSeLoadDriverPrivilege\r\n", "raw_inserts": ["S-1-5-21-1251900359-2259549607-1534340609-1008", "labuser", "ANISH", "0x1901bdd", "Security", "-", "SeLoadDriverPrivilege", "0x7290", "C:\\Program Files\\WindowsApps\\MicrosoftWindows.CrossDevice_1.26011.30.0_x64__cw5n1h2txyewy\\CrossDeviceService.exe"]}
{"timestamp": "2026-04-07 12:36:48", "event_id": 5156, "channel": "Security", "source": "Microsoft-Windows-Security-Auditing", "computer": "Anish", "event_type": "generic", "event_type_label": "Generic System Event", "severity": "INFO", "severity_int": 0, "user": "nvcontainer.exe", "ip": "", "process_name": "", "cmdline": "", "logon_type": "", "logon_type_label": "", "logon_risk": "INFO", "privileges": "", "message": "The Windows Filtering Platform has permitted a connection.\r\n\r\nApplication Information:\r\n\tProcess ID:\t\t28264\r\n\tApplication Name:\t\\device\\harddiskvolume4\\program files\\nvidia corporation\\nvcontainer\\nvcontainer.exe\r\n\r\nNetwork Information:\r\n\tDirection:\t\t%%14593\r\n\tSource Address:\t\t127.0.0.1\r\n\tSource Port:\t\t53361\r\n\tDestination Address:\t127.0.0.1\r\n\tDestination Port:\t\t10030\r\n\tProtocol:\t\t17\r\n\tInterface Index:\t\t1\r\n\r\nFilter Information:\r\n\tFilter Origin:\t\tAppContainer Loopback\r\n\tFilter Run-Time ID:\t67110\r\n", "raw_inserts": ["28264", "\\device\\harddiskvolume4\\program files\\nvidia corporation\\nvcontainer\\nvcontainer.exe", "%%14593", "127.0.0.1", "53361", "127.0.0.1", "10030", "17", "1", "AppContainer Loopback"]}
{"timestamp": "2026-04-07 12:36:48", "event_id": 4670, "channel": "Security", "source": "Microsoft-Windows-Security-Auditing", "computer": "Anish", "event_type": "generic", "event_type_label": "Generic System Event", "severity": "INFO", "severity_int": 0, "user": "msedgewebview2.exe", "ip": "", "process_name": "", "cmdline": "", "logon_type": "", "logon_type_label": "", "logon_risk": "INFO", "privileges": "", "message": "Permissions on an object were changed.\r\n\r\nSubject:\r\n\tSecurity ID:\t\tS-1-5-21-1251900359-2259549607-1534340609-1008\r\n\tAccount Name:\t\tlabuser\r\n\tAccount Domain:\t\tANISH\r\n\tLogon ID:\t\t0x1901bdd\r\n\r\nObject:\r\n\tObject Server:\tSecurity\r\n\tObject Type:\tToken\r\n\tObject Name:\t-\r\n\tHandle ID:\t0x8b4\r\n\r\nProcess:\r\n\tProcess ID:\t0x6ac0\r\n\tProcess Name:\tC:\\Program Files (x86)\\Microsoft\\EdgeWebView\\Application\\146.0.3856.97\\msedgewebview2.exe\r\n\r\nPermissions Change:\r\n\tOriginal Security Descriptor:\tD:(A;;GA;;;S-1-5-21-12519", "raw_inserts": ["S-1-5-21-1251900359-2259549607-1534340609-1008", "labuser", "ANISH", "0x1901bdd", "Security", "Token", "-", "0x8b4", "D:(A;;GA;;;S-1-5-21-1251900359-2259549607-1534340609-1008)(A;;GA;;;SY)(A;;GXGR;;;S-1-5-5-0-26221381)(A;;GA;;;S-1-15-2-283421221-3183566570-1718213290-751554359-3541592344-2312209569-3374928651)", "D:(A;;GA;;;S-1-0-3138145002-4012524022-479015154-1603232561)(A;;RC;;;OW)(A;;GA;;;S-1-5-21-1251900359-2259549607-1534340609-1008)(A;;GA;;;SY)(A;;GA;;;S-1-15-2-283421221-3183566570-1718213290-751554359-3541592344-2312209569-3374928651)"]}
{"timestamp": "2026-04-07 12:36:49", "event_id": 5156, "channel": "Security", "source": "Microsoft-Windows-Security-Auditing", "computer": "Anish", "event_type": "generic", "event_type_label": "Generic System Event", "severity": "INFO", "severity_int": 0, "user": "startmenuexperiencehost.exe", "ip": "", "process_name": "", "cmdline": "", "logon_type": "", "logon_type_label": "", "logon_risk": "INFO", "privileges": "", "message": "The Windows Filtering Platform has permitted a connection.\r\n\r\nApplication Information:\r\n\tProcess ID:\t\t18224\r\n\tApplication Name:\t\\device\\harddiskvolume4\\windows\\systemapps\\microsoft.windows.startmenuexperiencehost_cw5n1h2txyewy\\startmenuexperiencehost.exe\r\n\r\nNetwork Information:\r\n\tDirection:\t\t%%14593\r\n\tSource Address:\t\t10.156.117.84\r\n\tSource Port:\t\t1489\r\n\tDestination Address:\t52.110.14.151\r\n\tDestination Port:\t\t443\r\n\tProtocol:\t\t6\r\n\tInterface Index:\t\t3\r\n\r\nFilter Information:\r\n\tFilter Origin:\t\tUnkno", "raw_inserts": ["18224", "\\device\\harddiskvolume4\\windows\\systemapps\\microsoft.windows.startmenuexperiencehost_cw5n1h2txyewy\\startmenuexperiencehost.exe", "%%14593", "10.156.117.84", "1489", "52.110.14.151", "443", "6", "3", "Unknown"]}
