{"timestamp": "2026-04-07 12:36:26", "event_id": 5156, "channel": "Security", "source": "Microsoft-Windows-Security-Auditing", "computer": "Anish", "event_type": "generic", "event_type_label": "Generic System Event", "severity": "INFO", "severity_int": 0, "user": "cer_service.exe", "ip": "", "process_name": "", "cmdline": "", "logon_type": "", "logon_type_label": "", "logon_risk": "INFO", "privileges": "", "message": "The Windows Filtering Platform has permitted a connection.\r\n\r\nApplication Information:\r\n\tProcess ID:\t\t5136\r\n\tApplication Name:\t\\device\\harddiskvolume4\\program files\\autodesk\\autodesk cer\\service\\cer_service.exe\r\n\r\nNetwork Information:\r\n\tDirection:\t\t%%14592\r\n\tSource Address:\t\t127.0.0.1\r\n\tSource Port:\t\t48640\r\n\tDestination Address:\t127.0.0.1\r\n\tDestination Port:\t\t49675\r\n\tProtocol:\t\t6\r\n\tInterface Index:\t\t1\r\n\r\nFilter Information:\r\n\tFilter Origin:\t\tAppContainer Loopback\r\n\tFilter Run-Time ID:\t67104\r\n\tLa", "raw_inserts": ["5136", "\\device\\harddiskvolume4\\program files\\autodesk\\autodesk cer\\service\\cer_service.exe", "%%14592", "127.0.0.1", "48640", "127.0.0.1", "49675", "6", "1", "AppContainer Loopback"]}
{"timestamp": "2026-04-07 12:36:27", "event_id": 4688, "channel": "Security", "source": "Microsoft-Windows-Security-Auditing", "computer": "Anish", "event_type": "process_created", "event_type_label": "New Process Created", "severity": "LOW", "severity_int": 1, "user": "ANISH$", "ip": "", "process_name": "logonui.exe", "cmdline": "\"logonui.exe\" /flags:0x0 /state0:0xa3027855 /state1:0x41c64e6d", "logon_type": "", "logon_type_label": "", "logon_risk": "INFO", "privileges": "", "message": "A new process has been created.\r\n\r\nCreator Subject:\r\n\tSecurity ID:\t\tS-1-5-18\r\n\tAccount Name:\t\tANISH$\r\n\tAccount Domain:\t\tWORKGROUP\r\n\tLogon ID:\t\t0x3e7\r\n\r\nTarget Subject:\r\n\tSecurity ID:\t\tS-1-0-0\r\n\tAccount Name:\t\t-\r\n\tAccount Domain:\t\t-\r\n\tLogon ID:\t\t0x0\r\n\r\nProcess Information:\r\n\tNew Process ID:\t\t0x8374\r\n\tNew Process Name:\tC\r\n\tToken Elevation Type:\t%%1936\r\n\tMandatory Label:\t\tS-1-16-16384\r\n\tCreator Process ID:\t0x584\r\n\tCreator Process Name:\tC\r\n\tProcess Command Line:\t\"\r\n\r\nToken Elevation Type indicates t", "raw_inserts": ["S-1-5-18", "ANISH$", "WORKGROUP", "0x3e7", "0x8374", "C:\\Windows\\System32\\LogonUI.exe", "%%1936", "0x584", "\"LogonUI.exe\" /flags:0x0 /state0:0xa3027855 /state1:0x41c64e6d", "S-1-0-0"]}
{"timestamp": "2026-04-07 12:36:27", "event_id": 4800, "channel": "Security", "source": "Microsoft-Windows-Security-Auditing", "computer": "Anish", "event_type": "generic", "event_type_label": "Generic System Event", "severity": "INFO", "severity_int": 0, "user": "SYSTEM", "ip": "", "process_name": "", "cmdline": "", "logon_type": "", "logon_type_label": "", "logon_risk": "INFO", "privileges": "", "message": "The workstation was locked.\r\n\r\nSubject:\r\n\tSecurity ID:\t\tS-1-5-21-1251900359-2259549607-1534340609-1006\r\n\tAccount Name:\t\tNitro 5\r\n\tAccount Domain:\t\tANISH\r\n\tLogon ID:\t\t0x5e27e\r\n\tSession ID:\t1\r\n", "raw_inserts": ["S-1-5-21-1251900359-2259549607-1534340609-1006", "Nitro 5", "ANISH", "0x5e27e", "1"]}
{"timestamp": "2026-04-07 12:36:27", "event_id": 5156, "channel": "Security", "source": "Microsoft-Windows-Security-Auditing", "computer": "Anish", "event_type": "generic", "event_type_label": "Generic System Event", "severity": "INFO", "severity_int": 0, "user": "svchost.exe", "ip": "", "process_name": "", "cmdline": "", "logon_type": "", "logon_type_label": "", "logon_risk": "INFO", "privileges": "", "message": "The Windows Filtering Platform has permitted a connection.\r\n\r\nApplication Information:\r\n\tProcess ID:\t\t7720\r\n\tApplication Name:\t\\device\\harddiskvolume4\\windows\\system32\\svchost.exe\r\n\r\nNetwork Information:\r\n\tDirection:\t\t%%14593\r\n\tSource Address:\t\t127.0.0.1\r\n\tSource Port:\t\t1900\r\n\tDestination Address:\t239.255.255.250\r\n\tDestination Port:\t\t1900\r\n\tProtocol:\t\t17\r\n\tInterface Index:\t\t1\r\n\r\nFilter Information:\r\n\tFilter Origin:\t\tUnknown\r\n\tFilter Run-Time ID:\t0\r\n\tLayer Name:\t\t%%14611\r\n\tLayer Run-Time ID:\t48\r\n", "raw_inserts": ["7720", "\\device\\harddiskvolume4\\windows\\system32\\svchost.exe", "%%14593", "127.0.0.1", "1900", "239.255.255.250", "1900", "17", "1", "Unknown"]}
{"timestamp": "2026-04-07 12:36:27", "event_id": 4624, "channel": "Security", "source": "Microsoft-Windows-Security-Auditing", "computer": "Anish", "event_type": "successful_login", "event_type_label": "Successful Logon", "severity": "INFO", "severity_int": 0, "user": "services.exe", "ip": "", "process_name": "", "cmdline": "", "logon_type": "5", "logon_type_label": "Service", "logon_risk": "LOW", "privileges": "", "message": "An account was successfully logged on.\r\n\r\nSubject:\r\n\tSecurity ID:\t\tS-1-5-18\r\n\tAccount Name:\t\tANISH$\r\n\tAccount Domain:\t\tWORKGROUP\r\n\tLogon ID:\t\t0x3e7\r\n\r\nLogon Information:\r\n\tLogon Type:\t\t5\r\n\tRestricted Admin Mode:\t-\r\n\tRemote Credential Guard:\t-\r\n\tVirtual Account:\t\t%%1843\r\n\tElevated Token:\t\t%%1842\r\n\r\nImpersonation Level:\t\t%%1833\r\n\r\nNew Logon:\r\n\tSecurity ID:\t\tS-1-5-18\r\n\tAccount Name:\t\tSYSTEM\r\n\tAccount Domain:\t\tNT AUTHORITY\r\n\tLogon ID:\t\t0x3e7\r\n\tLinked Logon ID:\t\t0x0\r\n\tNetwork Account Name:\t-\r\n\tNetwor", "raw_inserts": ["S-1-5-18", "ANISH$", "WORKGROUP", "0x3e7", "S-1-5-18", "SYSTEM", "NT AUTHORITY", "0x3e7", "5", "Advapi  "]}
{"timestamp": "2026-04-07 12:36:27", "event_id": 4627, "channel": "Security", "source": "Microsoft-Windows-Security-Auditing", "computer": "Anish", "event_type": "generic", "event_type_label": "Generic System Event", "severity": "INFO", "severity_int": 0, "user": "SYSTEM", "ip": "", "process_name": "", "cmdline": "", "logon_type": "", "logon_type_label": "", "logon_risk": "INFO", "privileges": "", "message": "Group membership information.\r\n\r\nSubject:\r\n\tSecurity ID:\t\tS-1-5-18\r\n\tAccount Name:\t\tANISH$\r\n\tAccount Domain:\t\tWORKGROUP\r\n\tLogon ID:\t\t0x3e7\r\n\r\nLogon Type:\t\t\t5\r\n\r\nNew Logon:\r\n\tSecurity ID:\t\tS-1-5-18\r\n\tAccount Name:\t\tSYSTEM\r\n\tAccount Domain:\t\tNT AUTHORITY\r\n\tLogon ID:\t\t0x3e7\r\n\r\nEvent in sequence:\t\t1 of 1\r\n\r\nGroup Membership:\t\t\t\r\n\t\t%{S-1-5-32-544}\r\n\t\t%{S-1-1-0}\r\n\t\t%{S-1-5-11}\r\n\t\t%{S-1-16-16384}\r\n\r\nThe subject fields indicate the account on the local system which requested the logon. This is most comm", "raw_inserts": ["S-1-5-18", "ANISH$", "WORKGROUP", "0x3e7", "S-1-5-18", "SYSTEM", "NT AUTHORITY", "0x3e7", "5", "1"]}
{"timestamp": "2026-04-07 12:36:27", "event_id": 4672, "channel": "Security", "source": "Microsoft-Windows-Security-Auditing", "computer": "Anish", "event_type": "privilege_assigned", "event_type_label": "Special Privileges Assigned", "severity": "HIGH", "severity_int": 3, "user": "SYSTEM", "ip": "", "process_name": "", "cmdline": "", "logon_type": "", "logon_type_label": "", "logon_risk": "INFO", "privileges": "NT AUTHORITY", "message": "Special privileges assigned to new logon.\r\n\r\nSubject:\r\n\tSecurity ID:\t\tS-1-5-18\r\n\tAccount Name:\t\tSYSTEM\r\n\tAccount Domain:\t\tNT AUTHORITY\r\n\tLogon ID:\t\t0x3e7\r\n\r\nPrivileges:\t\tSeAssignPrimaryTokenPrivilege\r\n\t\t\tSeTcbPrivilege\r\n\t\t\tSeSecurityPrivilege\r\n\t\t\tSeTakeOwnershipPrivilege\r\n\t\t\tSeLoadDriverPrivilege\r\n\t\t\tSeBackupPrivilege\r\n\t\t\tSeRestorePrivilege\r\n\t\t\tSeDebugPrivilege\r\n\t\t\tSeAuditPrivilege\r\n\t\t\tSeSystemEnvironmentPrivilege\r\n\t\t\tSeImpersonatePrivilege\r\n\t\t\tSeDelegateSessionUserImpersonatePrivilege\r\n", "raw_inserts": ["S-1-5-18", "SYSTEM", "NT AUTHORITY", "0x3e7", "SeAssignPrimaryTokenPrivilege\r\n\t\t\tSeTcbPrivilege\r\n\t\t\tSeSecurityPrivilege\r\n\t\t\tSeTakeOwnershipPrivilege\r\n\t\t\tSeLoadDriverPrivilege\r\n\t\t\tSeBackupPrivilege\r\n\t\t\tSeRestorePrivilege\r\n\t\t\tSeDebugPrivilege\r\n\t\t\tSeAuditPrivilege\r\n\t\t\tSeSystemEnvironmentPrivilege\r\n\t\t\tSeImpersonatePrivilege\r\n\t\t\tSeDelegateSessionUserImpersonatePrivilege"]}
{"timestamp": "2026-04-07 12:36:27", "event_id": 4670, "channel": "Security", "source": "Microsoft-Windows-Security-Auditing", "computer": "Anish", "event_type": "generic", "event_type_label": "Generic System Event", "severity": "INFO", "severity_int": 0, "user": "services.exe", "ip": "", "process_name": "", "cmdline": "", "logon_type": "", "logon_type_label": "", "logon_risk": "INFO", "privileges": "", "message": "Permissions on an object were changed.\r\n\r\nSubject:\r\n\tSecurity ID:\t\tS-1-5-18\r\n\tAccount Name:\t\tANISH$\r\n\tAccount Domain:\t\tWORKGROUP\r\n\tLogon ID:\t\t0x3e7\r\n\r\nObject:\r\n\tObject Server:\tSecurity\r\n\tObject Type:\tToken\r\n\tObject Name:\t-\r\n\tHandle ID:\t0x1328\r\n\r\nProcess:\r\n\tProcess ID:\t0x544\r\n\tProcess Name:\tC:\\Windows\\System32\\services.exe\r\n\r\nPermissions Change:\r\n\tOriginal Security Descriptor:\tD:(A;;GA;;;SY)(A;;RCGXGR;;;BA)\r\n\tNew Security Descriptor:\tD:(A;;GA;;;SY)(A;;RC;;;OW)(A;;GA;;;S-1-5-80-2736834059-14927452", "raw_inserts": ["S-1-5-18", "ANISH$", "WORKGROUP", "0x3e7", "Security", "Token", "-", "0x1328", "D:(A;;GA;;;SY)(A;;RCGXGR;;;BA)", "D:(A;;GA;;;SY)(A;;RC;;;OW)(A;;GA;;;S-1-5-80-2736834059-149274525-2748960781-3866326010-3340841336)"]}
{"timestamp": "2026-04-07 12:36:27", "event_id": 4673, "channel": "Security", "source": "Microsoft-Windows-Security-Auditing", "computer": "Anish", "event_type": "generic", "event_type_label": "Generic System Event", "severity": "INFO", "severity_int": 0, "user": "lsass.exe", "ip": "", "process_name": "", "cmdline": "", "logon_type": "", "logon_type_label": "", "logon_risk": "INFO", "privileges": "", "message": "A privileged service was called.\r\n\r\nSubject:\r\n\tSecurity ID:\t\tS-1-5-18\r\n\tAccount Name:\t\tANISH$\r\n\tAccount Domain:\t\tWORKGROUP\r\n\tLogon ID:\t\t0x3e7\r\n\r\nService:\r\n\tServer:\tNT Local Security Authority / Authentication Service\r\n\tService Name:\tLsaRegisterLogonProcess()\r\n\r\nProcess:\r\n\tProcess ID:\t0x560\r\n\tProcess Name:\tC:\\Windows\\System32\\lsass.exe\r\n\r\nService Request Information:\r\n\tPrivileges:\t\tSeTcbPrivilege\r\n", "raw_inserts": ["S-1-5-18", "ANISH$", "WORKGROUP", "0x3e7", "NT Local Security Authority / Authentication Service", "LsaRegisterLogonProcess()", "SeTcbPrivilege", "0x560", "C:\\Windows\\System32\\lsass.exe"]}
{"timestamp": "2026-04-07 12:36:27", "event_id": 5156, "channel": "Security", "source": "Microsoft-Windows-Security-Auditing", "computer": "Anish", "event_type": "generic", "event_type_label": "Generic System Event", "severity": "INFO", "severity_int": 0, "user": "lockapp.exe", "ip": "", "process_name": "", "cmdline": "", "logon_type": "", "logon_type_label": "", "logon_risk": "INFO", "privileges": "", "message": "The Windows Filtering Platform has permitted a connection.\r\n\r\nApplication Information:\r\n\tProcess ID:\t\t26744\r\n\tApplication Name:\t\\device\\harddiskvolume4\\windows\\systemapps\\microsoft.lockapp_cw5n1h2txyewy\\lockapp.exe\r\n\r\nNetwork Information:\r\n\tDirection:\t\t%%14593\r\n\tSource Address:\t\t10.156.117.84\r\n\tSource Port:\t\t48642\r\n\tDestination Address:\t40.74.79.222\r\n\tDestination Port:\t\t443\r\n\tProtocol:\t\t6\r\n\tInterface Index:\t\t3\r\n\r\nFilter Information:\r\n\tFilter Origin:\t\tUnknown\r\n\tFilter Run-Time ID:\t69328\r\n\tLayer N", "raw_inserts": ["26744", "\\device\\harddiskvolume4\\windows\\systemapps\\microsoft.lockapp_cw5n1h2txyewy\\lockapp.exe", "%%14593", "10.156.117.84", "48642", "40.74.79.222", "443", "6", "3", "Unknown"]}
{"timestamp": "2026-04-07 12:36:27", "event_id": 114, "channel": "System", "source": "Microsoft-Windows-HttpService", "computer": "Anish", "event_type": "generic", "event_type_label": "Generic System Event", "severity": "INFO", "severity_int": 0, "user": "svchost.exe", "ip": "", "process_name": "", "cmdline": "", "logon_type": "", "logon_type_label": "", "logon_risk": "INFO", "privileges": "", "message": "Removed URL (http://*:2869/) from URL group (18302628899055468545). Process Id 19412 Executable path \\Device\\HarddiskVolume4\\Windows\\System32\\svchost.exe, User S-1-5-19\r\n", "raw_inserts": ["18302628899055468545", "http://*:2869/", "19412", "\\Device\\HarddiskVolume4\\Windows\\System32\\svchost.exe", "S-1-5-19"]}
{"timestamp": "2026-04-07 12:36:28", "event_id": 5156, "channel": "Security", "source": "Microsoft-Windows-Security-Auditing", "computer": "Anish", "event_type": "generic", "event_type_label": "Generic System Event", "severity": "INFO", "severity_int": 0, "user": "lghub_agent.exe", "ip": "", "process_name": "", "cmdline": "", "logon_type": "", "logon_type_label": "", "logon_risk": "INFO", "privileges": "", "message": "The Windows Filtering Platform has permitted a connection.\r\n\r\nApplication Information:\r\n\tProcess ID:\t\t9828\r\n\tApplication Name:\t\\device\\harddiskvolume4\\program files\\lghub\\lghub_agent.exe\r\n\r\nNetwork Information:\r\n\tDirection:\t\t%%14593\r\n\tSource Address:\t\t127.0.0.1\r\n\tSource Port:\t\t48645\r\n\tDestination Address:\t127.0.0.1\r\n\tDestination Port:\t\t28194\r\n\tProtocol:\t\t6\r\n\tInterface Index:\t\t1\r\n\r\nFilter Information:\r\n\tFilter Origin:\t\tAppContainer Loopback\r\n\tFilter Run-Time ID:\t67110\r\n\tLayer Name:\t\t%%14611\r\n\tLay", "raw_inserts": ["9828", "\\device\\harddiskvolume4\\program files\\lghub\\lghub_agent.exe", "%%14593", "127.0.0.1", "48645", "127.0.0.1", "28194", "6", "1", "AppContainer Loopback"]}
{"timestamp": "2026-04-07 12:36:28", "event_id": 5156, "channel": "Security", "source": "Microsoft-Windows-Security-Auditing", "computer": "Anish", "event_type": "generic", "event_type_label": "Generic System Event", "severity": "INFO", "severity_int": 0, "user": "firefox.exe", "ip": "", "process_name": "", "cmdline": "", "logon_type": "", "logon_type_label": "", "logon_risk": "INFO", "privileges": "", "message": "The Windows Filtering Platform has permitted a connection.\r\n\r\nApplication Information:\r\n\tProcess ID:\t\t5256\r\n\tApplication Name:\t\\device\\harddiskvolume4\\program files\\mozilla firefox\\firefox.exe\r\n\r\nNetwork Information:\r\n\tDirection:\t\t%%14593\r\n\tSource Address:\t\t127.0.0.1\r\n\tSource Port:\t\t48646\r\n\tDestination Address:\t127.0.0.1\r\n\tDestination Port:\t\t5000\r\n\tProtocol:\t\t6\r\n\tInterface Index:\t\t1\r\n\r\nFilter Information:\r\n\tFilter Origin:\t\tAppContainer Loopback\r\n\tFilter Run-Time ID:\t67110\r\n\tLayer Name:\t\t%%14611\r", "raw_inserts": ["5256", "\\device\\harddiskvolume4\\program files\\mozilla firefox\\firefox.exe", "%%14593", "127.0.0.1", "48646", "127.0.0.1", "5000", "6", "1", "AppContainer Loopback"]}
{"timestamp": "2026-04-07 12:36:28", "event_id": 5156, "channel": "Security", "source": "Microsoft-Windows-Security-Auditing", "computer": "Anish", "event_type": "generic", "event_type_label": "Generic System Event", "severity": "INFO", "severity_int": 0, "user": "python.exe", "ip": "", "process_name": "", "cmdline": "", "logon_type": "", "logon_type_label": "", "logon_risk": "INFO", "privileges": "", "message": "The Windows Filtering Platform has permitted a connection.\r\n\r\nApplication Information:\r\n\tProcess ID:\t\t19868\r\n\tApplication Name:\t\\device\\harddiskvolume4\\users\\nitro 5\\appdata\\local\\programs\\python\\python312\\python.exe\r\n\r\nNetwork Information:\r\n\tDirection:\t\t%%14592\r\n\tSource Address:\t\t127.0.0.1\r\n\tSource Port:\t\t48646\r\n\tDestination Address:\t127.0.0.1\r\n\tDestination Port:\t\t5000\r\n\tProtocol:\t\t6\r\n\tInterface Index:\t\t1\r\n\r\nFilter Information:\r\n\tFilter Origin:\t\tAppContainer Loopback\r\n\tFilter Run-Time ID:\t67104", "raw_inserts": ["19868", "\\device\\harddiskvolume4\\users\\nitro 5\\appdata\\local\\programs\\python\\python312\\python.exe", "%%14592", "127.0.0.1", "48646", "127.0.0.1", "5000", "6", "1", "AppContainer Loopback"]}
{"timestamp": "2026-04-07 12:36:28", "event_id": 4689, "channel": "Security", "source": "Microsoft-Windows-Security-Auditing", "computer": "Anish", "event_type": "generic", "event_type_label": "Generic System Event", "severity": "INFO", "severity_int": 0, "user": "ListCheck.exe", "ip": "", "process_name": "", "cmdline": "", "logon_type": "", "logon_type_label": "", "logon_risk": "INFO", "privileges": "", "message": "A process has exited.\r\n\r\nSubject:\r\n\tSecurity ID:\t\tS-1-5-21-1251900359-2259549607-1534340609-1006\r\n\tAccount Name:\t\tNitro 5\r\n\tAccount Domain:\t\tANISH\r\n\tLogon ID:\t\t0x5dfcd\r\n\r\nProcess Information:\r\n\tProcess ID:\t0x333c\r\n\tProcess Name:\tC:\\ProgramData\\oem\\UpgradeTool\\ListCheck.exe\r\n\tExit Status:\t0x0\r\n", "raw_inserts": ["S-1-5-21-1251900359-2259549607-1534340609-1006", "Nitro 5", "ANISH", "0x5dfcd", "0x0", "0x333c", "C:\\ProgramData\\oem\\UpgradeTool\\ListCheck.exe"]}
{"timestamp": "2026-04-07 12:36:29", "event_id": 4689, "channel": "Security", "source": "Microsoft-Windows-Security-Auditing", "computer": "Anish", "event_type": "generic", "event_type_label": "Generic System Event", "severity": "INFO", "severity_int": 0, "user": "svchost.exe", "ip": "", "process_name": "", "cmdline": "", "logon_type": "", "logon_type_label": "", "logon_risk": "INFO", "privileges": "", "message": "A process has exited.\r\n\r\nSubject:\r\n\tSecurity ID:\t\tS-1-5-18\r\n\tAccount Name:\t\tANISH$\r\n\tAccount Domain:\t\tWORKGROUP\r\n\tLogon ID:\t\t0x3e7\r\n\r\nProcess Information:\r\n\tProcess ID:\t0x78c8\r\n\tProcess Name:\tC:\\Windows\\System32\\svchost.exe\r\n\tExit Status:\t0x0\r\n", "raw_inserts": ["S-1-5-18", "ANISH$", "WORKGROUP", "0x3e7", "0x0", "0x78c8", "C:\\Windows\\System32\\svchost.exe"]}
{"timestamp": "2026-04-07 12:36:33", "event_id": 5156, "channel": "Security", "source": "Microsoft-Windows-Security-Auditing", "computer": "Anish", "event_type": "generic", "event_type_label": "Generic System Event", "severity": "INFO", "severity_int": 0, "user": "svchost.exe", "ip": "", "process_name": "", "cmdline": "", "logon_type": "", "logon_type_label": "", "logon_risk": "INFO", "privileges": "", "message": "The Windows Filtering Platform has permitted a connection.\r\n\r\nApplication Information:\r\n\tProcess ID:\t\t7720\r\n\tApplication Name:\t\\device\\harddiskvolume4\\windows\\system32\\svchost.exe\r\n\r\nNetwork Information:\r\n\tDirection:\t\t%%14592\r\n\tSource Address:\t\t127.0.0.1\r\n\tSource Port:\t\t1900\r\n\tDestination Address:\t239.255.255.250\r\n\tDestination Port:\t\t1900\r\n\tProtocol:\t\t17\r\n\tInterface Index:\t\t1\r\n\r\nFilter Information:\r\n\tFilter Origin:\t\tAppContainer Loopback\r\n\tFilter Run-Time ID:\t67104\r\n\tLayer Name:\t\t%%14610\r\n\tLayer", "raw_inserts": ["7720", "\\device\\harddiskvolume4\\windows\\system32\\svchost.exe", "%%14592", "127.0.0.1", "1900", "239.255.255.250", "1900", "17", "1", "AppContainer Loopback"]}
{"timestamp": "2026-04-07 12:36:33", "event_id": 4673, "channel": "Security", "source": "Microsoft-Windows-Security-Auditing", "computer": "Anish", "event_type": "generic", "event_type_label": "Generic System Event", "severity": "INFO", "severity_int": 0, "user": "lsass.exe", "ip": "", "process_name": "", "cmdline": "", "logon_type": "", "logon_type_label": "", "logon_risk": "INFO", "privileges": "", "message": "A privileged service was called.\r\n\r\nSubject:\r\n\tSecurity ID:\t\tS-1-5-18\r\n\tAccount Name:\t\tANISH$\r\n\tAccount Domain:\t\tWORKGROUP\r\n\tLogon ID:\t\t0x3e7\r\n\r\nService:\r\n\tServer:\tSecurity Account Manager\r\n\tService Name:\tSecurity Account Manager\r\n\r\nProcess:\r\n\tProcess ID:\t0x560\r\n\tProcess Name:\tC:\\Windows\\System32\\lsass.exe\r\n\r\nService Request Information:\r\n\tPrivileges:\t\tSeTcbPrivilege\r\n", "raw_inserts": ["S-1-5-18", "ANISH$", "WORKGROUP", "0x3e7", "Security Account Manager", "Security Account Manager", "SeTcbPrivilege", "0x560", "C:\\Windows\\System32\\lsass.exe"]}
{"timestamp": "2026-04-07 12:36:34", "event_id": 5156, "channel": "Security", "source": "Microsoft-Windows-Security-Auditing", "computer": "Anish", "event_type": "generic", "event_type_label": "Generic System Event", "severity": "INFO", "severity_int": 0, "user": "lghub_agent.exe", "ip": "", "process_name": "", "cmdline": "", "logon_type": "", "logon_type_label": "", "logon_risk": "INFO", "privileges": "", "message": "The Windows Filtering Platform has permitted a connection.\r\n\r\nApplication Information:\r\n\tProcess ID:\t\t9828\r\n\tApplication Name:\t\\device\\harddiskvolume4\\program files\\lghub\\lghub_agent.exe\r\n\r\nNetwork Information:\r\n\tDirection:\t\t%%14593\r\n\tSource Address:\t\t127.0.0.1\r\n\tSource Port:\t\t48655\r\n\tDestination Address:\t127.0.0.1\r\n\tDestination Port:\t\t28194\r\n\tProtocol:\t\t6\r\n\tInterface Index:\t\t1\r\n\r\nFilter Information:\r\n\tFilter Origin:\t\tAppContainer Loopback\r\n\tFilter Run-Time ID:\t67110\r\n\tLayer Name:\t\t%%14611\r\n\tLay", "raw_inserts": ["9828", "\\device\\harddiskvolume4\\program files\\lghub\\lghub_agent.exe", "%%14593", "127.0.0.1", "48655", "127.0.0.1", "28194", "6", "1", "AppContainer Loopback"]}
{"timestamp": "2026-04-07 12:36:36", "event_id": 5156, "channel": "Security", "source": "Microsoft-Windows-Security-Auditing", "computer": "Anish", "event_type": "generic", "event_type_label": "Generic System Event", "severity": "INFO", "severity_int": 0, "user": "adskaccessservice.exe", "ip": "", "process_name": "", "cmdline": "", "logon_type": "", "logon_type_label": "", "logon_risk": "INFO", "privileges": "", "message": "The Windows Filtering Platform has permitted a connection.\r\n\r\nApplication Information:\r\n\tProcess ID:\t\t10124\r\n\tApplication Name:\t\\device\\harddiskvolume4\\program files\\autodesk\\adodis\\v1\\setup\\adskaccessservice.exe\r\n\r\nNetwork Information:\r\n\tDirection:\t\t%%14593\r\n\tSource Address:\t\t127.0.0.1\r\n\tSource Port:\t\t48656\r\n\tDestination Address:\t127.0.0.1\r\n\tDestination Port:\t\t49675\r\n\tProtocol:\t\t6\r\n\tInterface Index:\t\t1\r\n\r\nFilter Information:\r\n\tFilter Origin:\t\tAppContainer Loopback\r\n\tFilter Run-Time ID:\t67110\r\n\t", "raw_inserts": ["10124", "\\device\\harddiskvolume4\\program files\\autodesk\\adodis\\v1\\setup\\adskaccessservice.exe", "%%14593", "127.0.0.1", "48656", "127.0.0.1", "49675", "6", "1", "AppContainer Loopback"]}
{"timestamp": "2026-04-07 12:36:36", "event_id": 5156, "channel": "Security", "source": "Microsoft-Windows-Security-Auditing", "computer": "Anish", "event_type": "generic", "event_type_label": "Generic System Event", "severity": "INFO", "severity_int": 0, "user": "cer_service.exe", "ip": "", "process_name": "", "cmdline": "", "logon_type": "", "logon_type_label": "", "logon_risk": "INFO", "privileges": "", "message": "The Windows Filtering Platform has permitted a connection.\r\n\r\nApplication Information:\r\n\tProcess ID:\t\t5136\r\n\tApplication Name:\t\\device\\harddiskvolume4\\program files\\autodesk\\autodesk cer\\service\\cer_service.exe\r\n\r\nNetwork Information:\r\n\tDirection:\t\t%%14592\r\n\tSource Address:\t\t127.0.0.1\r\n\tSource Port:\t\t48656\r\n\tDestination Address:\t127.0.0.1\r\n\tDestination Port:\t\t49675\r\n\tProtocol:\t\t6\r\n\tInterface Index:\t\t1\r\n\r\nFilter Information:\r\n\tFilter Origin:\t\tAppContainer Loopback\r\n\tFilter Run-Time ID:\t67104\r\n\tLa", "raw_inserts": ["5136", "\\device\\harddiskvolume4\\program files\\autodesk\\autodesk cer\\service\\cer_service.exe", "%%14592", "127.0.0.1", "48656", "127.0.0.1", "49675", "6", "1", "AppContainer Loopback"]}
{"timestamp": "2026-04-07 12:36:37", "event_id": 5156, "channel": "Security", "source": "Microsoft-Windows-Security-Auditing", "computer": "Anish", "event_type": "generic", "event_type_label": "Generic System Event", "severity": "INFO", "severity_int": 0, "user": "wazuh-agent.exe", "ip": "", "process_name": "", "cmdline": "", "logon_type": "", "logon_type_label": "", "logon_risk": "INFO", "privileges": "", "message": "The Windows Filtering Platform has permitted a connection.\r\n\r\nApplication Information:\r\n\tProcess ID:\t\t5772\r\n\tApplication Name:\t\\device\\harddiskvolume4\\program files (x86)\\ossec-agent\\wazuh-agent.exe\r\n\r\nNetwork Information:\r\n\tDirection:\t\t%%14593\r\n\tSource Address:\t\t10.156.117.84\r\n\tSource Port:\t\t48658\r\n\tDestination Address:\t192.168.0.108\r\n\tDestination Port:\t\t1514\r\n\tProtocol:\t\t6\r\n\tInterface Index:\t\t3\r\n\r\nFilter Information:\r\n\tFilter Origin:\t\tUnknown\r\n\tFilter Run-Time ID:\t0\r\n\tLayer Name:\t\t%%14611\r\n\tLa", "raw_inserts": ["5772", "\\device\\harddiskvolume4\\program files (x86)\\ossec-agent\\wazuh-agent.exe", "%%14593", "10.156.117.84", "48658", "192.168.0.108", "1514", "6", "3", "Unknown"]}
{"timestamp": "2026-04-07 12:36:38", "event_id": 5158, "channel": "Security", "source": "Microsoft-Windows-Security-Auditing", "computer": "Anish", "event_type": "generic", "event_type_label": "Generic System Event", "severity": "INFO", "severity_int": 0, "user": "code.exe", "ip": "", "process_name": "", "cmdline": "", "logon_type": "", "logon_type_label": "", "logon_risk": "INFO", "privileges": "", "message": "The Windows Filtering Platform has permitted a bind to a local port.\r\n\r\nApplication Information:\r\n\tProcess ID:\t\t15748\r\n\tApplication Name:\t\\device\\harddiskvolume4\\users\\nitro 5\\appdata\\local\\programs\\microsoft vs code\\code.exe\r\n\r\nNetwork Information:\r\n\tSource Address:\t\t::\r\n\tSource Port:\t\t61576\r\n\tProtocol:\t\t17\r\n\r\nFilter Information:\r\n\tFilter Run-Time ID:\t0\r\n\tLayer Name:\t\t%%14608\r\n\tLayer Run-Time ID:\t36\r\n", "raw_inserts": ["15748", "\\device\\harddiskvolume4\\users\\nitro 5\\appdata\\local\\programs\\microsoft vs code\\code.exe", "::", "61576", "17", "0", "%%14608", "36"]}
{"timestamp": "2026-04-07 12:36:38", "event_id": 5156, "channel": "Security", "source": "Microsoft-Windows-Security-Auditing", "computer": "Anish", "event_type": "generic", "event_type_label": "Generic System Event", "severity": "INFO", "severity_int": 0, "user": "code.exe", "ip": "", "process_name": "", "cmdline": "", "logon_type": "", "logon_type_label": "", "logon_risk": "INFO", "privileges": "", "message": "The Windows Filtering Platform has permitted a connection.\r\n\r\nApplication Information:\r\n\tProcess ID:\t\t15748\r\n\tApplication Name:\t\\device\\harddiskvolume4\\users\\nitro 5\\appdata\\local\\programs\\microsoft vs code\\code.exe\r\n\r\nNetwork Information:\r\n\tDirection:\t\t%%14593\r\n\tSource Address:\t\t10.156.117.84\r\n\tSource Port:\t\t54383\r\n\tDestination Address:\t1.1.1.1\r\n\tDestination Port:\t\t53\r\n\tProtocol:\t\t17\r\n\tInterface Index:\t\t3\r\n\r\nFilter Information:\r\n\tFilter Origin:\t\tUnknown\r\n\tFilter Run-Time ID:\t0\r\n\tLayer Name:\t\t%%", "raw_inserts": ["15748", "\\device\\harddiskvolume4\\users\\nitro 5\\appdata\\local\\programs\\microsoft vs code\\code.exe", "%%14593", "10.156.117.84", "54383", "1.1.1.1", "53", "17", "3", "Unknown"]}
{"timestamp": "2026-04-07 12:36:40", "event_id": 5156, "channel": "Security", "source": "Microsoft-Windows-Security-Auditing", "computer": "Anish", "event_type": "generic", "event_type_label": "Generic System Event", "severity": "INFO", "severity_int": 0, "user": "lghub_agent.exe", "ip": "", "process_name": "", "cmdline": "", "logon_type": "", "logon_type_label": "", "logon_risk": "INFO", "privileges": "", "message": "The Windows Filtering Platform has permitted a connection.\r\n\r\nApplication Information:\r\n\tProcess ID:\t\t9828\r\n\tApplication Name:\t\\device\\harddiskvolume4\\program files\\lghub\\lghub_agent.exe\r\n\r\nNetwork Information:\r\n\tDirection:\t\t%%14593\r\n\tSource Address:\t\t127.0.0.1\r\n\tSource Port:\t\t48659\r\n\tDestination Address:\t127.0.0.1\r\n\tDestination Port:\t\t28194\r\n\tProtocol:\t\t6\r\n\tInterface Index:\t\t1\r\n\r\nFilter Information:\r\n\tFilter Origin:\t\tAppContainer Loopback\r\n\tFilter Run-Time ID:\t67110\r\n\tLayer Name:\t\t%%14611\r\n\tLay", "raw_inserts": ["9828", "\\device\\harddiskvolume4\\program files\\lghub\\lghub_agent.exe", "%%14593", "127.0.0.1", "48659", "127.0.0.1", "28194", "6", "1", "AppContainer Loopback"]}
{"timestamp": "2026-04-07 12:36:41", "event_id": 4611, "channel": "Security", "source": "Microsoft-Windows-Security-Auditing", "computer": "Anish", "event_type": "generic", "event_type_label": "Generic System Event", "severity": "INFO", "severity_int": 0, "user": "SYSTEM", "ip": "", "process_name": "", "cmdline": "", "logon_type": "", "logon_type_label": "", "logon_risk": "INFO", "privileges": "", "message": "A trusted logon process has been registered with the Local Security Authority.\r\nThis logon process will be trusted to submit logon requests.\r\n\r\nSubject:\r\n\tSecurity ID:\t\tS-1-5-18\r\n\tAccount Name:\t\tANISH$\r\n\tAccount Domain:\t\tWORKGROUP\r\n\tLogon ID:\t\t0x3e7\r\n\r\nLogon Process Name:\t\tUserManager\r\n", "raw_inserts": ["S-1-5-18", "ANISH$", "WORKGROUP", "0x3e7", "UserManager"]}
{"timestamp": "2026-04-07 12:36:41", "event_id": 4673, "channel": "Security", "source": "Microsoft-Windows-Security-Auditing", "computer": "Anish", "event_type": "generic", "event_type_label": "Generic System Event", "severity": "INFO", "severity_int": 0, "user": "lsass.exe", "ip": "", "process_name": "", "cmdline": "", "logon_type": "", "logon_type_label": "", "logon_risk": "INFO", "privileges": "", "message": "A privileged service was called.\r\n\r\nSubject:\r\n\tSecurity ID:\t\tS-1-5-18\r\n\tAccount Name:\t\tANISH$\r\n\tAccount Domain:\t\tWORKGROUP\r\n\tLogon ID:\t\t0x3e7\r\n\r\nService:\r\n\tServer:\tNT Local Security Authority / Authentication Service\r\n\tService Name:\tLsaRegisterLogonProcess()\r\n\r\nProcess:\r\n\tProcess ID:\t0x560\r\n\tProcess Name:\tC:\\Windows\\System32\\lsass.exe\r\n\r\nService Request Information:\r\n\tPrivileges:\t\tSeTcbPrivilege\r\n", "raw_inserts": ["S-1-5-18", "ANISH$", "WORKGROUP", "0x3e7", "NT Local Security Authority / Authentication Service", "LsaRegisterLogonProcess()", "SeTcbPrivilege", "0x560", "C:\\Windows\\System32\\lsass.exe"]}
{"timestamp": "2026-04-07 12:36:41", "event_id": 4776, "channel": "Security", "source": "Microsoft-Windows-Security-Auditing", "computer": "Anish", "event_type": "generic", "event_type_label": "Generic System Event", "severity": "INFO", "severity_int": 0, "user": "SYSTEM", "ip": "", "process_name": "", "cmdline": "", "logon_type": "", "logon_type_label": "", "logon_risk": "INFO", "privileges": "", "message": "The computer attempted to validate the credentials for an account.\r\n\r\nAuthentication Package:\tMICROSOFT_AUTHENTICATION_PACKAGE_V1_0\r\nLogon Account:\tlabuser\r\nSource Workstation:\tANISH\r\nError Code:\t0x0\r\n", "raw_inserts": ["MICROSOFT_AUTHENTICATION_PACKAGE_V1_0", "labuser", "ANISH", "0x0"]}
{"timestamp": "2026-04-07 12:36:41", "event_id": 4648, "channel": "Security", "source": "Microsoft-Windows-Security-Auditing", "computer": "Anish", "event_type": "explicit_cred_logon", "event_type_label": "Logon with Explicit Credentials", "severity": "HIGH", "severity_int": 3, "user": "ANISH$", "ip": "", "process_name": "", "cmdline": "", "logon_type": "localhost", "logon_type_label": "localhost", "logon_risk": "INFO", "privileges": "", "message": "A logon was attempted using explicit credentials.\r\n\r\nSubject:\r\n\tSecurity ID:\t\tS-1-5-18\r\n\tAccount Name:\t\tANISH$\r\n\tAccount Domain:\t\tWORKGROUP\r\n\tLogon ID:\t\t0x3e7\r\n\tLogon GUID:\t\t{00000000-0000-0000-0000-000000000000}\r\n\r\nAccount Whose Credentials Were Used:\r\n\tAccount Name:\t\tlabuser\r\n\tAccount Domain:\t\tANISH\r\n\tLogon GUID:\t\t{00000000-0000-0000-0000-000000000000}\r\n\r\nTarget Server:\r\n\tTarget Server Name:\tlocalhost\r\n\tAdditional Information:\tlocalhost\r\n\r\nProcess Information:\r\n\tProcess ID:\t\t0xa10\r\n\tProcess Na", "raw_inserts": ["S-1-5-18", "ANISH$", "WORKGROUP", "0x3e7", "{00000000-0000-0000-0000-000000000000}", "labuser", "ANISH", "{00000000-0000-0000-0000-000000000000}", "localhost", "localhost"]}
{"timestamp": "2026-04-07 12:36:41", "event_id": 4624, "channel": "Security", "source": "Microsoft-Windows-Security-Auditing", "computer": "Anish", "event_type": "successful_login", "event_type_label": "Successful Logon", "severity": "INFO", "severity_int": 0, "user": "labuser", "ip": "", "process_name": "", "cmdline": "", "logon_type": "2", "logon_type_label": "Interactive", "logon_risk": "LOW", "privileges": "", "message": "An account was successfully logged on.\r\n\r\nSubject:\r\n\tSecurity ID:\t\tS-1-5-18\r\n\tAccount Name:\t\tANISH$\r\n\tAccount Domain:\t\tWORKGROUP\r\n\tLogon ID:\t\t0x3e7\r\n\r\nLogon Information:\r\n\tLogon Type:\t\t2\r\n\tRestricted Admin Mode:\t-\r\n\tRemote Credential Guard:\t-\r\n\tVirtual Account:\t\t%%1843\r\n\tElevated Token:\t\t%%1842\r\n\r\nImpersonation Level:\t\t%%1833\r\n\r\nNew Logon:\r\n\tSecurity ID:\t\tS-1-5-21-1251900359-2259549607-1534340609-1008\r\n\tAccount Name:\t\tlabuser\r\n\tAccount Domain:\t\tANISH\r\n\tLogon ID:\t\t0x1901ba3\r\n\tLinked Logon ID:\t\t0x", "raw_inserts": ["S-1-5-18", "ANISH$", "WORKGROUP", "0x3e7", "S-1-5-21-1251900359-2259549607-1534340609-1008", "labuser", "ANISH", "0x1901ba3", "2", "User32 "]}
{"timestamp": "2026-04-07 12:36:41", "event_id": 4627, "channel": "Security", "source": "Microsoft-Windows-Security-Auditing", "computer": "Anish", "event_type": "generic", "event_type_label": "Generic System Event", "severity": "INFO", "severity_int": 0, "user": "SYSTEM", "ip": "", "process_name": "", "cmdline": "", "logon_type": "", "logon_type_label": "", "logon_risk": "INFO", "privileges": "", "message": "Group membership information.\r\n\r\nSubject:\r\n\tSecurity ID:\t\tS-1-5-18\r\n\tAccount Name:\t\tANISH$\r\n\tAccount Domain:\t\tWORKGROUP\r\n\tLogon ID:\t\t0x3e7\r\n\r\nLogon Type:\t\t\t2\r\n\r\nNew Logon:\r\n\tSecurity ID:\t\tS-1-5-21-1251900359-2259549607-1534340609-1008\r\n\tAccount Name:\t\tlabuser\r\n\tAccount Domain:\t\tANISH\r\n\tLogon ID:\t\t0x1901ba3\r\n\r\nEvent in sequence:\t\t1 of 1\r\n\r\nGroup Membership:\t\t\t\r\n\t\t%{S-1-5-21-1251900359-2259549607-1534340609-513}\r\n\t\t%{S-1-1-0}\r\n\t\t%{S-1-5-114}\r\n\t\t%{S-1-5-32-544}\r\n\t\t%{S-1-5-32-545}\r\n\t\t%{S-1-5-4}\r\n\t\t%", "raw_inserts": ["S-1-5-18", "ANISH$", "WORKGROUP", "0x3e7", "S-1-5-21-1251900359-2259549607-1534340609-1008", "labuser", "ANISH", "0x1901ba3", "2", "1"]}
{"timestamp": "2026-04-07 12:36:41", "event_id": 4672, "channel": "Security", "source": "Microsoft-Windows-Security-Auditing", "computer": "Anish", "event_type": "privilege_assigned", "event_type_label": "Special Privileges Assigned", "severity": "HIGH", "severity_int": 3, "user": "labuser", "ip": "", "process_name": "", "cmdline": "", "logon_type": "", "logon_type_label": "", "logon_risk": "INFO", "privileges": "ANISH", "message": "Special privileges assigned to new logon.\r\n\r\nSubject:\r\n\tSecurity ID:\t\tS-1-5-21-1251900359-2259549607-1534340609-1008\r\n\tAccount Name:\t\tlabuser\r\n\tAccount Domain:\t\tANISH\r\n\tLogon ID:\t\t0x1901ba3\r\n\r\nPrivileges:\t\tSeSecurityPrivilege\r\n\t\t\tSeTakeOwnershipPrivilege\r\n\t\t\tSeLoadDriverPrivilege\r\n\t\t\tSeBackupPrivilege\r\n\t\t\tSeRestorePrivilege\r\n\t\t\tSeDebugPrivilege\r\n\t\t\tSeSystemEnvironmentPrivilege\r\n\t\t\tSeImpersonatePrivilege\r\n\t\t\tSeDelegateSessionUserImpersonatePrivilege\r\n", "raw_inserts": ["S-1-5-21-1251900359-2259549607-1534340609-1008", "labuser", "ANISH", "0x1901ba3", "SeSecurityPrivilege\r\n\t\t\tSeTakeOwnershipPrivilege\r\n\t\t\tSeLoadDriverPrivilege\r\n\t\t\tSeBackupPrivilege\r\n\t\t\tSeRestorePrivilege\r\n\t\t\tSeDebugPrivilege\r\n\t\t\tSeSystemEnvironmentPrivilege\r\n\t\t\tSeImpersonatePrivilege\r\n\t\t\tSeDelegateSessionUserImpersonatePrivilege"]}
{"timestamp": "2026-04-07 12:36:41", "event_id": 4793, "channel": "Security", "source": "Microsoft-Windows-Security-Auditing", "computer": "Anish", "event_type": "generic", "event_type_label": "Generic System Event", "severity": "INFO", "severity_int": 0, "user": "SYSTEM", "ip": "", "process_name": "", "cmdline": "", "logon_type": "", "logon_type_label": "", "logon_risk": "INFO", "privileges": "", "message": "The Password Policy Checking API was called.\r\n\r\nSubject:\r\n\tSecurity ID:\t\tS-1-5-18\r\n\tAccount Name:\t\tANISH$\r\n\tAccount Domain:\t\tWORKGROUP\r\n\tLogon ID:\t\t0x3e7\r\n\r\nAdditional Information:\r\n\tCaller Workstation:\tANISH\r\n\tProvided Account Name (unauthenticated):\t-\r\n\tStatus Code:\t0x0\r\n", "raw_inserts": ["S-1-5-18", "ANISH$", "WORKGROUP", "0x3e7", "ANISH", "-", "0x0"]}
{"timestamp": "2026-04-07 12:36:41", "event_id": 4688, "channel": "Security", "source": "Microsoft-Windows-Security-Auditing", "computer": "Anish", "event_type": "process_created", "event_type_label": "New Process Created", "severity": "LOW", "severity_int": 1, "user": "ANISH$", "ip": "", "process_name": "smss.exe", "cmdline": "\\systemroot\\system32\\smss.exe 000000bc 000000e8 c:\\windows\\system32\\winlogon.exe -userswitch mcnu86lbdcdng9 1 0", "logon_type": "", "logon_type_label": "", "logon_risk": "INFO", "privileges": "", "message": "A new process has been created.\r\n\r\nCreator Subject:\r\n\tSecurity ID:\t\tS-1-5-18\r\n\tAccount Name:\t\tANISH$\r\n\tAccount Domain:\t\tWORKGROUP\r\n\tLogon ID:\t\t0x3e7\r\n\r\nTarget Subject:\r\n\tSecurity ID:\t\tS-1-0-0\r\n\tAccount Name:\t\t-\r\n\tAccount Domain:\t\t-\r\n\tLogon ID:\t\t0x0\r\n\r\nProcess Information:\r\n\tNew Process ID:\t\t0x6db4\r\n\tNew Process Name:\tC\r\n\tToken Elevation Type:\t%%1936\r\n\tMandatory Label:\t\tS-1-16-16384\r\n\tCreator Process ID:\t0x308\r\n\tCreator Process Name:\tC\r\n\tProcess Command Line:\t\\\r\n\r\nToken Elevation Type indicates t", "raw_inserts": ["S-1-5-18", "ANISH$", "WORKGROUP", "0x3e7", "0x6db4", "C:\\Windows\\System32\\smss.exe", "%%1936", "0x308", "\\SystemRoot\\System32\\smss.exe 000000bc 000000e8 C:\\WINDOWS\\System32\\WinLogon.exe -UserSwitch MCNU86LBDCDNG9 1 0", "S-1-0-0"]}
{"timestamp": "2026-04-07 12:36:41", "event_id": 4689, "channel": "Security", "source": "Microsoft-Windows-Security-Auditing", "computer": "Anish", "event_type": "generic", "event_type_label": "Generic System Event", "severity": "INFO", "severity_int": 0, "user": "smss.exe", "ip": "", "process_name": "", "cmdline": "", "logon_type": "", "logon_type_label": "", "logon_risk": "INFO", "privileges": "", "message": "A process has exited.\r\n\r\nSubject:\r\n\tSecurity ID:\t\tS-1-5-18\r\n\tAccount Name:\t\tANISH$\r\n\tAccount Domain:\t\tWORKGROUP\r\n\tLogon ID:\t\t0x3e7\r\n\r\nProcess Information:\r\n\tProcess ID:\t0x6db4\r\n\tProcess Name:\tC:\\Windows\\System32\\smss.exe\r\n\tExit Status:\t0x0\r\n", "raw_inserts": ["S-1-5-18", "ANISH$", "WORKGROUP", "0x3e7", "0x0", "0x6db4", "C:\\Windows\\System32\\smss.exe"]}
{"timestamp": "2026-04-07 12:36:42", "event_id": 4624, "channel": "Security", "source": "Microsoft-Windows-Security-Auditing", "computer": "Anish", "event_type": "successful_login", "event_type_label": "Successful Logon", "severity": "INFO", "severity_int": 0, "user": "UMFD-3", "ip": "", "process_name": "", "cmdline": "", "logon_type": "2", "logon_type_label": "Interactive", "logon_risk": "LOW", "privileges": "", "message": "An account was successfully logged on.\r\n\r\nSubject:\r\n\tSecurity ID:\t\tS-1-5-18\r\n\tAccount Name:\t\tANISH$\r\n\tAccount Domain:\t\tWORKGROUP\r\n\tLogon ID:\t\t0x3e7\r\n\r\nLogon Information:\r\n\tLogon Type:\t\t2\r\n\tRestricted Admin Mode:\t-\r\n\tRemote Credential Guard:\t-\r\n\tVirtual Account:\t\t%%1842\r\n\tElevated Token:\t\t%%1843\r\n\r\nImpersonation Level:\t\t%%1833\r\n\r\nNew Logon:\r\n\tSecurity ID:\t\tS-1-5-96-0-3\r\n\tAccount Name:\t\tUMFD-3\r\n\tAccount Domain:\t\tFont Driver Host\r\n\tLogon ID:\t\t0x19025d8\r\n\tLinked Logon ID:\t\t0x0\r\n\tNetwork Account Name", "raw_inserts": ["S-1-5-18", "ANISH$", "WORKGROUP", "0x3e7", "S-1-5-96-0-3", "UMFD-3", "Font Driver Host", "0x19025d8", "2", "Advapi  "]}
{"timestamp": "2026-04-07 12:36:42", "event_id": 4670, "channel": "Security", "source": "Microsoft-Windows-Security-Auditing", "computer": "Anish", "event_type": "generic", "event_type_label": "Generic System Event", "severity": "INFO", "severity_int": 0, "user": "winlogon.exe", "ip": "", "process_name": "", "cmdline": "", "logon_type": "", "logon_type_label": "", "logon_risk": "INFO", "privileges": "", "message": "Permissions on an object were changed.\r\n\r\nSubject:\r\n\tSecurity ID:\t\tS-1-5-18\r\n\tAccount Name:\t\tANISH$\r\n\tAccount Domain:\t\tWORKGROUP\r\n\tLogon ID:\t\t0x3e7\r\n\r\nObject:\r\n\tObject Server:\tSecurity\r\n\tObject Type:\tToken\r\n\tObject Name:\t-\r\n\tHandle ID:\t0x3f4\r\n\r\nProcess:\r\n\tProcess ID:\t0x1aa4\r\n\tProcess Name:\tC:\\Windows\\System32\\winlogon.exe\r\n\r\nPermissions Change:\r\n\tOriginal Security Descriptor:\tD:(A;;GA;;;SY)(A;;GA;;;S-1-5-96-0-3)\r\n\tNew Security Descriptor:\tD:(A;;GA;;;S-1-5-96-0-3)(A;;GA;;;SY)\r\n", "raw_inserts": ["S-1-5-18", "ANISH$", "WORKGROUP", "0x3e7", "Security", "Token", "-", "0x3f4", "D:(A;;GA;;;SY)(A;;GA;;;S-1-5-96-0-3)", "D:(A;;GA;;;S-1-5-96-0-3)(A;;GA;;;SY)"]}
{"timestamp": "2026-04-07 12:36:42", "event_id": 5449, "channel": "Security", "source": "Microsoft-Windows-Security-Auditing", "computer": "Anish", "event_type": "generic", "event_type_label": "Generic System Event", "severity": "INFO", "severity_int": 0, "user": "LOCAL SERVICE", "ip": "", "process_name": "", "cmdline": "", "logon_type": "", "logon_type_label": "", "logon_risk": "INFO", "privileges": "", "message": "A Windows Filtering Platform provider context has been changed.\r\n\t\r\nSubject:\r\n\tSecurity ID:\t\tS-1-5-19\r\n\tAccount Name:\t\tNT AUTHORITY\\LOCAL SERVICE\r\n\r\nProcess Information:\r\n\tProcess ID:\t4696\r\n\r\nProvider Information:\r\n\tProvider ID:\t{decc16ca-3f33-4346-be1e-8fb4ae0f3d62}\r\n\tProvider Name:\tMicrosoft Corporation\r\n\r\nChange Information:\r\n\tChange Type:\t%%16385\r\n\r\nProvider Context:\r\n\tID:\t{c244ca92-f6fa-460b-b79c-f63b1a910abf}\r\n\tName:\tMPSSVC\r\n\tType:\t%%16388\r\n", "raw_inserts": ["4696", "S-1-5-19", "NT AUTHORITY\\LOCAL SERVICE", "{decc16ca-3f33-4346-be1e-8fb4ae0f3d62}", "Microsoft Corporation", "%%16385", "{c244ca92-f6fa-460b-b79c-f63b1a910abf}", "MPSSVC", "%%16388"]}
{"timestamp": "2026-04-07 12:36:42", "event_id": 4948, "channel": "Security", "source": "Microsoft-Windows-Security-Auditing", "computer": "Anish", "event_type": "generic", "event_type_label": "Generic System Event", "severity": "INFO", "severity_int": 0, "user": "SYSTEM", "ip": "", "process_name": "", "cmdline": "", "logon_type": "", "logon_type_label": "", "logon_risk": "INFO", "privileges": "", "message": "A change was made to the Windows Firewall exception list. A rule was deleted.\r\n\t\r\nProfile Changed:\tAll\r\n\r\nDeleted Rule:\r\n\tRule ID:\tmicrosoft.windows.fontdrvhostS-1-5-18-Out-Block\r\n\tRule Name:\tUsermode Font Driver Host\r\n", "raw_inserts": ["All", "microsoft.windows.fontdrvhostS-1-5-18-Out-Block", "Usermode Font Driver Host"]}
{"timestamp": "2026-04-07 12:36:42", "event_id": 4946, "channel": "Security", "source": "Microsoft-Windows-Security-Auditing", "computer": "Anish", "event_type": "generic", "event_type_label": "Generic System Event", "severity": "INFO", "severity_int": 0, "user": "SYSTEM", "ip": "", "process_name": "", "cmdline": "", "logon_type": "", "logon_type_label": "", "logon_risk": "INFO", "privileges": "", "message": "A change was made to the Windows Firewall exception list. A rule was added.\r\n\t\r\nProfile Changed:\tAll\r\n\r\nAdded Rule:\r\n\tRule ID:\tmicrosoft.windows.fontdrvhostS-1-5-18-In-Block\r\n\tRule Name:\tUsermode Font Driver Host\r\n", "raw_inserts": ["All", "microsoft.windows.fontdrvhostS-1-5-18-In-Block", "Usermode Font Driver Host"]}
{"timestamp": "2026-04-07 12:36:42", "event_id": 4624, "channel": "Security", "source": "Microsoft-Windows-Security-Auditing", "computer": "Anish", "event_type": "successful_login", "event_type_label": "Successful Logon", "severity": "INFO", "severity_int": 0, "user": "services.exe", "ip": "", "process_name": "", "cmdline": "", "logon_type": "5", "logon_type_label": "Service", "logon_risk": "LOW", "privileges": "", "message": "An account was successfully logged on.\r\n\r\nSubject:\r\n\tSecurity ID:\t\tS-1-5-18\r\n\tAccount Name:\t\tANISH$\r\n\tAccount Domain:\t\tWORKGROUP\r\n\tLogon ID:\t\t0x3e7\r\n\r\nLogon Information:\r\n\tLogon Type:\t\t5\r\n\tRestricted Admin Mode:\t-\r\n\tRemote Credential Guard:\t-\r\n\tVirtual Account:\t\t%%1843\r\n\tElevated Token:\t\t%%1842\r\n\r\nImpersonation Level:\t\t%%1833\r\n\r\nNew Logon:\r\n\tSecurity ID:\t\tS-1-5-18\r\n\tAccount Name:\t\tSYSTEM\r\n\tAccount Domain:\t\tNT AUTHORITY\r\n\tLogon ID:\t\t0x3e7\r\n\tLinked Logon ID:\t\t0x0\r\n\tNetwork Account Name:\t-\r\n\tNetwor", "raw_inserts": ["S-1-5-18", "ANISH$", "WORKGROUP", "0x3e7", "S-1-5-18", "SYSTEM", "NT AUTHORITY", "0x3e7", "5", "Advapi  "]}
{"timestamp": "2026-04-07 12:36:42", "event_id": 4672, "channel": "Security", "source": "Microsoft-Windows-Security-Auditing", "computer": "Anish", "event_type": "privilege_assigned", "event_type_label": "Special Privileges Assigned", "severity": "HIGH", "severity_int": 3, "user": "SYSTEM", "ip": "", "process_name": "", "cmdline": "", "logon_type": "", "logon_type_label": "", "logon_risk": "INFO", "privileges": "NT AUTHORITY", "message": "Special privileges assigned to new logon.\r\n\r\nSubject:\r\n\tSecurity ID:\t\tS-1-5-18\r\n\tAccount Name:\t\tSYSTEM\r\n\tAccount Domain:\t\tNT AUTHORITY\r\n\tLogon ID:\t\t0x3e7\r\n\r\nPrivileges:\t\tSeAssignPrimaryTokenPrivilege\r\n\t\t\tSeTcbPrivilege\r\n\t\t\tSeSecurityPrivilege\r\n\t\t\tSeTakeOwnershipPrivilege\r\n\t\t\tSeLoadDriverPrivilege\r\n\t\t\tSeBackupPrivilege\r\n\t\t\tSeRestorePrivilege\r\n\t\t\tSeDebugPrivilege\r\n\t\t\tSeAuditPrivilege\r\n\t\t\tSeSystemEnvironmentPrivilege\r\n\t\t\tSeImpersonatePrivilege\r\n\t\t\tSeDelegateSessionUserImpersonatePrivilege\r\n", "raw_inserts": ["S-1-5-18", "SYSTEM", "NT AUTHORITY", "0x3e7", "SeAssignPrimaryTokenPrivilege\r\n\t\t\tSeTcbPrivilege\r\n\t\t\tSeSecurityPrivilege\r\n\t\t\tSeTakeOwnershipPrivilege\r\n\t\t\tSeLoadDriverPrivilege\r\n\t\t\tSeBackupPrivilege\r\n\t\t\tSeRestorePrivilege\r\n\t\t\tSeDebugPrivilege\r\n\t\t\tSeAuditPrivilege\r\n\t\t\tSeSystemEnvironmentPrivilege\r\n\t\t\tSeImpersonatePrivilege\r\n\t\t\tSeDelegateSessionUserImpersonatePrivilege"]}
{"timestamp": "2026-04-07 12:36:42", "event_id": 4670, "channel": "Security", "source": "Microsoft-Windows-Security-Auditing", "computer": "Anish", "event_type": "generic", "event_type_label": "Generic System Event", "severity": "INFO", "severity_int": 0, "user": "services.exe", "ip": "", "process_name": "", "cmdline": "", "logon_type": "", "logon_type_label": "", "logon_risk": "INFO", "privileges": "", "message": "Permissions on an object were changed.\r\n\r\nSubject:\r\n\tSecurity ID:\t\tS-1-5-18\r\n\tAccount Name:\t\tANISH$\r\n\tAccount Domain:\t\tWORKGROUP\r\n\tLogon ID:\t\t0x3e7\r\n\r\nObject:\r\n\tObject Server:\tSecurity\r\n\tObject Type:\tToken\r\n\tObject Name:\t-\r\n\tHandle ID:\t0x12d0\r\n\r\nProcess:\r\n\tProcess ID:\t0x544\r\n\tProcess Name:\tC:\\Windows\\System32\\services.exe\r\n\r\nPermissions Change:\r\n\tOriginal Security Descriptor:\tD:(A;;GA;;;SY)(A;;RCGXGR;;;BA)\r\n\tNew Security Descriptor:\tD:(A;;GA;;;SY)(A;;RC;;;OW)(A;;GA;;;S-1-5-80-2024188204-24458102", "raw_inserts": ["S-1-5-18", "ANISH$", "WORKGROUP", "0x3e7", "Security", "Token", "-", "0x12d0", "D:(A;;GA;;;SY)(A;;RCGXGR;;;BA)", "D:(A;;GA;;;SY)(A;;RC;;;OW)(A;;GA;;;S-1-5-80-2024188204-2445810227-898691311-2942020084-762398166)"]}
{"timestamp": "2026-04-07 12:36:42", "event_id": 4624, "channel": "Security", "source": "Microsoft-Windows-Security-Auditing", "computer": "Anish", "event_type": "successful_login", "event_type_label": "Successful Logon", "severity": "INFO", "severity_int": 0, "user": "DWM-3", "ip": "", "process_name": "", "cmdline": "", "logon_type": "2", "logon_type_label": "Interactive", "logon_risk": "LOW", "privileges": "", "message": "An account was successfully logged on.\r\n\r\nSubject:\r\n\tSecurity ID:\t\tS-1-5-18\r\n\tAccount Name:\t\tANISH$\r\n\tAccount Domain:\t\tWORKGROUP\r\n\tLogon ID:\t\t0x3e7\r\n\r\nLogon Information:\r\n\tLogon Type:\t\t2\r\n\tRestricted Admin Mode:\t-\r\n\tRemote Credential Guard:\t-\r\n\tVirtual Account:\t\t%%1842\r\n\tElevated Token:\t\t%%1842\r\n\r\nImpersonation Level:\t\t%%1833\r\n\r\nNew Logon:\r\n\tSecurity ID:\t\tS-1-5-90-0-3\r\n\tAccount Name:\t\tDWM-3\r\n\tAccount Domain:\t\tWindow Manager\r\n\tLogon ID:\t\t0x1903140\r\n\tLinked Logon ID:\t\t0x1903178\r\n\tNetwork Account N", "raw_inserts": ["S-1-5-18", "ANISH$", "WORKGROUP", "0x3e7", "S-1-5-90-0-3", "DWM-3", "Window Manager", "0x1903140", "2", "Advapi  "]}
{"timestamp": "2026-04-07 12:36:42", "event_id": 4672, "channel": "Security", "source": "Microsoft-Windows-Security-Auditing", "computer": "Anish", "event_type": "privilege_assigned", "event_type_label": "Special Privileges Assigned", "severity": "HIGH", "severity_int": 3, "user": "DWM-3", "ip": "", "process_name": "", "cmdline": "", "logon_type": "", "logon_type_label": "", "logon_risk": "INFO", "privileges": "Window Manager", "message": "Special privileges assigned to new logon.\r\n\r\nSubject:\r\n\tSecurity ID:\t\tS-1-5-90-0-3\r\n\tAccount Name:\t\tDWM-3\r\n\tAccount Domain:\t\tWindow Manager\r\n\tLogon ID:\t\t0x1903140\r\n\r\nPrivileges:\t\tSeAssignPrimaryTokenPrivilege\r\n\t\t\tSeAuditPrivilege\r\n\t\t\tSeImpersonatePrivilege\r\n", "raw_inserts": ["S-1-5-90-0-3", "DWM-3", "Window Manager", "0x1903140", "SeAssignPrimaryTokenPrivilege\r\n\t\t\tSeAuditPrivilege\r\n\t\t\tSeImpersonatePrivilege"]}
