{"timestamp": "2026-04-07 12:34:50", "event_id": 4672, "channel": "Security", "source": "Microsoft-Windows-Security-Auditing", "computer": "Anish", "event_type": "privilege_assigned", "event_type_label": "Special Privileges Assigned", "severity": "HIGH", "severity_int": 3, "user": "labuser", "ip": "", "process_name": "", "cmdline": "", "logon_type": "", "logon_type_label": "", "logon_risk": "INFO", "privileges": "ANISH", "message": "Special privileges assigned to new logon.\r\n\r\nSubject:\r\n\tSecurity ID:\t\tS-1-5-21-1251900359-2259549607-1534340609-1008\r\n\tAccount Name:\t\tlabuser\r\n\tAccount Domain:\t\tANISH\r\n\tLogon ID:\t\t0x189f095\r\n\r\nPrivileges:\t\tSeSecurityPrivilege\r\n\t\t\tSeBackupPrivilege\r\n\t\t\tSeRestorePrivilege\r\n\t\t\tSeTakeOwnershipPrivilege\r\n\t\t\tSeDebugPrivilege\r\n\t\t\tSeSystemEnvironmentPrivilege\r\n\t\t\tSeLoadDriverPrivilege\r\n\t\t\tSeImpersonatePrivilege\r\n\t\t\tSeDelegateSessionUserImpersonatePrivilege\r\n", "raw_inserts": ["S-1-5-21-1251900359-2259549607-1534340609-1008", "labuser", "ANISH", "0x189f095", "SeSecurityPrivilege\r\n\t\t\tSeBackupPrivilege\r\n\t\t\tSeRestorePrivilege\r\n\t\t\tSeTakeOwnershipPrivilege\r\n\t\t\tSeDebugPrivilege\r\n\t\t\tSeSystemEnvironmentPrivilege\r\n\t\t\tSeLoadDriverPrivilege\r\n\t\t\tSeImpersonatePrivilege\r\n\t\t\tSeDelegateSessionUserImpersonatePrivilege"]}
{"timestamp": "2026-04-07 12:34:50", "event_id": 4624, "channel": "Security", "source": "Microsoft-Windows-Security-Auditing", "computer": "Anish", "event_type": "successful_login", "event_type_label": "Successful Logon", "severity": "INFO", "severity_int": 0, "user": "labuser", "ip": "192.168.56.102", "process_name": "", "cmdline": "", "logon_type": "3", "logon_type_label": "Network", "logon_risk": "MEDIUM", "privileges": "", "message": "An account was successfully logged on.\r\n\r\nSubject:\r\n\tSecurity ID:\t\tS-1-0-0\r\n\tAccount Name:\t\t-\r\n\tAccount Domain:\t\t-\r\n\tLogon ID:\t\t0x0\r\n\r\nLogon Information:\r\n\tLogon Type:\t\t3\r\n\tRestricted Admin Mode:\t-\r\n\tRemote Credential Guard:\t-\r\n\tVirtual Account:\t\t%%1843\r\n\tElevated Token:\t\t%%1842\r\n\r\nImpersonation Level:\t\t%%1833\r\n\r\nNew Logon:\r\n\tSecurity ID:\t\tS-1-5-21-1251900359-2259549607-1534340609-1008\r\n\tAccount Name:\t\tlabuser\r\n\tAccount Domain:\t\tANISH\r\n\tLogon ID:\t\t0x189f095\r\n\tLinked Logon ID:\t\t0x0\r\n\tNetwork Acco", "raw_inserts": ["S-1-0-0", "-", "-", "0x0", "S-1-5-21-1251900359-2259549607-1534340609-1008", "labuser", "ANISH", "0x189f095", "3", "NtLmSsp "]}
{"timestamp": "2026-04-07 12:34:50", "event_id": 4627, "channel": "Security", "source": "Microsoft-Windows-Security-Auditing", "computer": "Anish", "event_type": "generic", "event_type_label": "Generic System Event", "severity": "INFO", "severity_int": 0, "user": "SYSTEM", "ip": "", "process_name": "", "cmdline": "", "logon_type": "", "logon_type_label": "", "logon_risk": "INFO", "privileges": "", "message": "Group membership information.\r\n\r\nSubject:\r\n\tSecurity ID:\t\tS-1-0-0\r\n\tAccount Name:\t\t-\r\n\tAccount Domain:\t\t-\r\n\tLogon ID:\t\t0x0\r\n\r\nLogon Type:\t\t\t3\r\n\r\nNew Logon:\r\n\tSecurity ID:\t\tS-1-5-21-1251900359-2259549607-1534340609-1008\r\n\tAccount Name:\t\tlabuser\r\n\tAccount Domain:\t\tANISH\r\n\tLogon ID:\t\t0x189f095\r\n\r\nEvent in sequence:\t\t1 of 1\r\n\r\nGroup Membership:\t\t\t\r\n\t\t%{S-1-5-21-1251900359-2259549607-1534340609-513}\r\n\t\t%{S-1-1-0}\r\n\t\t%{S-1-5-114}\r\n\t\t%{S-1-5-32-544}\r\n\t\t%{S-1-5-32-545}\r\n\t\t%{S-1-5-2}\r\n\t\t%{S-1-5-11}\r\n\t\t%{", "raw_inserts": ["S-1-0-0", "-", "-", "0x0", "S-1-5-21-1251900359-2259549607-1534340609-1008", "labuser", "ANISH", "0x189f095", "3", "1"]}
{"timestamp": "2026-04-07 12:34:52", "event_id": 5156, "channel": "Security", "source": "Microsoft-Windows-Security-Auditing", "computer": "Anish", "event_type": "generic", "event_type_label": "Generic System Event", "severity": "INFO", "severity_int": 0, "user": "lghub_agent.exe", "ip": "", "process_name": "", "cmdline": "", "logon_type": "", "logon_type_label": "", "logon_risk": "INFO", "privileges": "", "message": "The Windows Filtering Platform has permitted a connection.\r\n\r\nApplication Information:\r\n\tProcess ID:\t\t9828\r\n\tApplication Name:\t\\device\\harddiskvolume4\\program files\\lghub\\lghub_agent.exe\r\n\r\nNetwork Information:\r\n\tDirection:\t\t%%14593\r\n\tSource Address:\t\t127.0.0.1\r\n\tSource Port:\t\t48552\r\n\tDestination Address:\t127.0.0.1\r\n\tDestination Port:\t\t28194\r\n\tProtocol:\t\t6\r\n\tInterface Index:\t\t1\r\n\r\nFilter Information:\r\n\tFilter Origin:\t\tAppContainer Loopback\r\n\tFilter Run-Time ID:\t67110\r\n\tLayer Name:\t\t%%14611\r\n\tLay", "raw_inserts": ["9828", "\\device\\harddiskvolume4\\program files\\lghub\\lghub_agent.exe", "%%14593", "127.0.0.1", "48552", "127.0.0.1", "28194", "6", "1", "AppContainer Loopback"]}
{"timestamp": "2026-04-07 12:34:53", "event_id": 5156, "channel": "Security", "source": "Microsoft-Windows-Security-Auditing", "computer": "Anish", "event_type": "generic", "event_type_label": "Generic System Event", "severity": "INFO", "severity_int": 0, "user": "firefox.exe", "ip": "", "process_name": "", "cmdline": "", "logon_type": "", "logon_type_label": "", "logon_risk": "INFO", "privileges": "", "message": "The Windows Filtering Platform has permitted a connection.\r\n\r\nApplication Information:\r\n\tProcess ID:\t\t5256\r\n\tApplication Name:\t\\device\\harddiskvolume4\\program files\\mozilla firefox\\firefox.exe\r\n\r\nNetwork Information:\r\n\tDirection:\t\t%%14593\r\n\tSource Address:\t\t127.0.0.1\r\n\tSource Port:\t\t48553\r\n\tDestination Address:\t127.0.0.1\r\n\tDestination Port:\t\t5000\r\n\tProtocol:\t\t6\r\n\tInterface Index:\t\t1\r\n\r\nFilter Information:\r\n\tFilter Origin:\t\tAppContainer Loopback\r\n\tFilter Run-Time ID:\t67110\r\n\tLayer Name:\t\t%%14611\r", "raw_inserts": ["5256", "\\device\\harddiskvolume4\\program files\\mozilla firefox\\firefox.exe", "%%14593", "127.0.0.1", "48553", "127.0.0.1", "5000", "6", "1", "AppContainer Loopback"]}
{"timestamp": "2026-04-07 12:34:53", "event_id": 5156, "channel": "Security", "source": "Microsoft-Windows-Security-Auditing", "computer": "Anish", "event_type": "generic", "event_type_label": "Generic System Event", "severity": "INFO", "severity_int": 0, "user": "python.exe", "ip": "", "process_name": "", "cmdline": "", "logon_type": "", "logon_type_label": "", "logon_risk": "INFO", "privileges": "", "message": "The Windows Filtering Platform has permitted a connection.\r\n\r\nApplication Information:\r\n\tProcess ID:\t\t19868\r\n\tApplication Name:\t\\device\\harddiskvolume4\\users\\nitro 5\\appdata\\local\\programs\\python\\python312\\python.exe\r\n\r\nNetwork Information:\r\n\tDirection:\t\t%%14592\r\n\tSource Address:\t\t127.0.0.1\r\n\tSource Port:\t\t48553\r\n\tDestination Address:\t127.0.0.1\r\n\tDestination Port:\t\t5000\r\n\tProtocol:\t\t6\r\n\tInterface Index:\t\t1\r\n\r\nFilter Information:\r\n\tFilter Origin:\t\tAppContainer Loopback\r\n\tFilter Run-Time ID:\t67104", "raw_inserts": ["19868", "\\device\\harddiskvolume4\\users\\nitro 5\\appdata\\local\\programs\\python\\python312\\python.exe", "%%14592", "127.0.0.1", "48553", "127.0.0.1", "5000", "6", "1", "AppContainer Loopback"]}
{"timestamp": "2026-04-07 12:34:56", "event_id": 5156, "channel": "Security", "source": "Microsoft-Windows-Security-Auditing", "computer": "Anish", "event_type": "generic", "event_type_label": "Generic System Event", "severity": "INFO", "severity_int": 0, "user": "adskaccessservice.exe", "ip": "", "process_name": "", "cmdline": "", "logon_type": "", "logon_type_label": "", "logon_risk": "INFO", "privileges": "", "message": "The Windows Filtering Platform has permitted a connection.\r\n\r\nApplication Information:\r\n\tProcess ID:\t\t10124\r\n\tApplication Name:\t\\device\\harddiskvolume4\\program files\\autodesk\\adodis\\v1\\setup\\adskaccessservice.exe\r\n\r\nNetwork Information:\r\n\tDirection:\t\t%%14593\r\n\tSource Address:\t\t127.0.0.1\r\n\tSource Port:\t\t48557\r\n\tDestination Address:\t127.0.0.1\r\n\tDestination Port:\t\t49675\r\n\tProtocol:\t\t6\r\n\tInterface Index:\t\t1\r\n\r\nFilter Information:\r\n\tFilter Origin:\t\tAppContainer Loopback\r\n\tFilter Run-Time ID:\t67110\r\n\t", "raw_inserts": ["10124", "\\device\\harddiskvolume4\\program files\\autodesk\\adodis\\v1\\setup\\adskaccessservice.exe", "%%14593", "127.0.0.1", "48557", "127.0.0.1", "49675", "6", "1", "AppContainer Loopback"]}
{"timestamp": "2026-04-07 12:34:56", "event_id": 5156, "channel": "Security", "source": "Microsoft-Windows-Security-Auditing", "computer": "Anish", "event_type": "generic", "event_type_label": "Generic System Event", "severity": "INFO", "severity_int": 0, "user": "cer_service.exe", "ip": "", "process_name": "", "cmdline": "", "logon_type": "", "logon_type_label": "", "logon_risk": "INFO", "privileges": "", "message": "The Windows Filtering Platform has permitted a connection.\r\n\r\nApplication Information:\r\n\tProcess ID:\t\t5136\r\n\tApplication Name:\t\\device\\harddiskvolume4\\program files\\autodesk\\autodesk cer\\service\\cer_service.exe\r\n\r\nNetwork Information:\r\n\tDirection:\t\t%%14592\r\n\tSource Address:\t\t127.0.0.1\r\n\tSource Port:\t\t48557\r\n\tDestination Address:\t127.0.0.1\r\n\tDestination Port:\t\t49675\r\n\tProtocol:\t\t6\r\n\tInterface Index:\t\t1\r\n\r\nFilter Information:\r\n\tFilter Origin:\t\tAppContainer Loopback\r\n\tFilter Run-Time ID:\t67104\r\n\tLa", "raw_inserts": ["5136", "\\device\\harddiskvolume4\\program files\\autodesk\\autodesk cer\\service\\cer_service.exe", "%%14592", "127.0.0.1", "48557", "127.0.0.1", "49675", "6", "1", "AppContainer Loopback"]}
{"timestamp": "2026-04-07 12:34:57", "event_id": 5158, "channel": "Security", "source": "Microsoft-Windows-Security-Auditing", "computer": "Anish", "event_type": "generic", "event_type_label": "Generic System Event", "severity": "INFO", "severity_int": 0, "user": "svchost.exe", "ip": "", "process_name": "", "cmdline": "", "logon_type": "", "logon_type_label": "", "logon_risk": "INFO", "privileges": "", "message": "The Windows Filtering Platform has permitted a bind to a local port.\r\n\r\nApplication Information:\r\n\tProcess ID:\t\t3164\r\n\tApplication Name:\t\\device\\harddiskvolume4\\windows\\system32\\svchost.exe\r\n\r\nNetwork Information:\r\n\tSource Address:\t\t::\r\n\tSource Port:\t\t59502\r\n\tProtocol:\t\t17\r\n\r\nFilter Information:\r\n\tFilter Run-Time ID:\t0\r\n\tLayer Name:\t\t%%14608\r\n\tLayer Run-Time ID:\t36\r\n", "raw_inserts": ["3164", "\\device\\harddiskvolume4\\windows\\system32\\svchost.exe", "::", "59502", "17", "0", "%%14608", "36"]}
{"timestamp": "2026-04-07 12:34:57", "event_id": 5156, "channel": "Security", "source": "Microsoft-Windows-Security-Auditing", "computer": "Anish", "event_type": "generic", "event_type_label": "Generic System Event", "severity": "INFO", "severity_int": 0, "user": "svchost.exe", "ip": "", "process_name": "", "cmdline": "", "logon_type": "", "logon_type_label": "", "logon_risk": "INFO", "privileges": "", "message": "The Windows Filtering Platform has permitted a connection.\r\n\r\nApplication Information:\r\n\tProcess ID:\t\t3164\r\n\tApplication Name:\t\\device\\harddiskvolume4\\windows\\system32\\svchost.exe\r\n\r\nNetwork Information:\r\n\tDirection:\t\t%%14593\r\n\tSource Address:\t\t10.156.117.84\r\n\tSource Port:\t\t59502\r\n\tDestination Address:\t1.1.1.1\r\n\tDestination Port:\t\t53\r\n\tProtocol:\t\t17\r\n\tInterface Index:\t\t3\r\n\r\nFilter Information:\r\n\tFilter Origin:\t\tUnknown\r\n\tFilter Run-Time ID:\t0\r\n\tLayer Name:\t\t%%14611\r\n\tLayer Run-Time ID:\t48\r\n\tRemo", "raw_inserts": ["3164", "\\device\\harddiskvolume4\\windows\\system32\\svchost.exe", "%%14593", "10.156.117.84", "59502", "1.1.1.1", "53", "17", "3", "Unknown"]}
{"timestamp": "2026-04-07 12:34:58", "event_id": 5156, "channel": "Security", "source": "Microsoft-Windows-Security-Auditing", "computer": "Anish", "event_type": "generic", "event_type_label": "Generic System Event", "severity": "INFO", "severity_int": 0, "user": "lghub_agent.exe", "ip": "", "process_name": "", "cmdline": "", "logon_type": "", "logon_type_label": "", "logon_risk": "INFO", "privileges": "", "message": "The Windows Filtering Platform has permitted a connection.\r\n\r\nApplication Information:\r\n\tProcess ID:\t\t9828\r\n\tApplication Name:\t\\device\\harddiskvolume4\\program files\\lghub\\lghub_agent.exe\r\n\r\nNetwork Information:\r\n\tDirection:\t\t%%14593\r\n\tSource Address:\t\t127.0.0.1\r\n\tSource Port:\t\t48560\r\n\tDestination Address:\t127.0.0.1\r\n\tDestination Port:\t\t28194\r\n\tProtocol:\t\t6\r\n\tInterface Index:\t\t1\r\n\r\nFilter Information:\r\n\tFilter Origin:\t\tAppContainer Loopback\r\n\tFilter Run-Time ID:\t67110\r\n\tLayer Name:\t\t%%14611\r\n\tLay", "raw_inserts": ["9828", "\\device\\harddiskvolume4\\program files\\lghub\\lghub_agent.exe", "%%14593", "127.0.0.1", "48560", "127.0.0.1", "28194", "6", "1", "AppContainer Loopback"]}
{"timestamp": "2026-04-07 12:35:00", "event_id": 5156, "channel": "Security", "source": "Microsoft-Windows-Security-Auditing", "computer": "Anish", "event_type": "generic", "event_type_label": "Generic System Event", "severity": "INFO", "severity_int": 0, "user": "firefox.exe", "ip": "", "process_name": "", "cmdline": "", "logon_type": "", "logon_type_label": "", "logon_risk": "INFO", "privileges": "", "message": "The Windows Filtering Platform has permitted a connection.\r\n\r\nApplication Information:\r\n\tProcess ID:\t\t5256\r\n\tApplication Name:\t\\device\\harddiskvolume4\\program files\\mozilla firefox\\firefox.exe\r\n\r\nNetwork Information:\r\n\tDirection:\t\t%%14593\r\n\tSource Address:\t\t127.0.0.1\r\n\tSource Port:\t\t48561\r\n\tDestination Address:\t127.0.0.1\r\n\tDestination Port:\t\t5000\r\n\tProtocol:\t\t6\r\n\tInterface Index:\t\t1\r\n\r\nFilter Information:\r\n\tFilter Origin:\t\tAppContainer Loopback\r\n\tFilter Run-Time ID:\t67110\r\n\tLayer Name:\t\t%%14611\r", "raw_inserts": ["5256", "\\device\\harddiskvolume4\\program files\\mozilla firefox\\firefox.exe", "%%14593", "127.0.0.1", "48561", "127.0.0.1", "5000", "6", "1", "AppContainer Loopback"]}
{"timestamp": "2026-04-07 12:35:00", "event_id": 5156, "channel": "Security", "source": "Microsoft-Windows-Security-Auditing", "computer": "Anish", "event_type": "generic", "event_type_label": "Generic System Event", "severity": "INFO", "severity_int": 0, "user": "python.exe", "ip": "", "process_name": "", "cmdline": "", "logon_type": "", "logon_type_label": "", "logon_risk": "INFO", "privileges": "", "message": "The Windows Filtering Platform has permitted a connection.\r\n\r\nApplication Information:\r\n\tProcess ID:\t\t19868\r\n\tApplication Name:\t\\device\\harddiskvolume4\\users\\nitro 5\\appdata\\local\\programs\\python\\python312\\python.exe\r\n\r\nNetwork Information:\r\n\tDirection:\t\t%%14592\r\n\tSource Address:\t\t127.0.0.1\r\n\tSource Port:\t\t48561\r\n\tDestination Address:\t127.0.0.1\r\n\tDestination Port:\t\t5000\r\n\tProtocol:\t\t6\r\n\tInterface Index:\t\t1\r\n\r\nFilter Information:\r\n\tFilter Origin:\t\tAppContainer Loopback\r\n\tFilter Run-Time ID:\t67104", "raw_inserts": ["19868", "\\device\\harddiskvolume4\\users\\nitro 5\\appdata\\local\\programs\\python\\python312\\python.exe", "%%14592", "127.0.0.1", "48561", "127.0.0.1", "5000", "6", "1", "AppContainer Loopback"]}
{"timestamp": "2026-04-07 12:35:04", "event_id": 5156, "channel": "Security", "source": "Microsoft-Windows-Security-Auditing", "computer": "Anish", "event_type": "generic", "event_type_label": "Generic System Event", "severity": "INFO", "severity_int": 0, "user": "lghub_agent.exe", "ip": "", "process_name": "", "cmdline": "", "logon_type": "", "logon_type_label": "", "logon_risk": "INFO", "privileges": "", "message": "The Windows Filtering Platform has permitted a connection.\r\n\r\nApplication Information:\r\n\tProcess ID:\t\t9828\r\n\tApplication Name:\t\\device\\harddiskvolume4\\program files\\lghub\\lghub_agent.exe\r\n\r\nNetwork Information:\r\n\tDirection:\t\t%%14593\r\n\tSource Address:\t\t127.0.0.1\r\n\tSource Port:\t\t48567\r\n\tDestination Address:\t127.0.0.1\r\n\tDestination Port:\t\t28194\r\n\tProtocol:\t\t6\r\n\tInterface Index:\t\t1\r\n\r\nFilter Information:\r\n\tFilter Origin:\t\tAppContainer Loopback\r\n\tFilter Run-Time ID:\t67110\r\n\tLayer Name:\t\t%%14611\r\n\tLay", "raw_inserts": ["9828", "\\device\\harddiskvolume4\\program files\\lghub\\lghub_agent.exe", "%%14593", "127.0.0.1", "48567", "127.0.0.1", "28194", "6", "1", "AppContainer Loopback"]}
{"timestamp": "2026-04-07 12:35:06", "event_id": 5156, "channel": "Security", "source": "Microsoft-Windows-Security-Auditing", "computer": "Anish", "event_type": "generic", "event_type_label": "Generic System Event", "severity": "INFO", "severity_int": 0, "user": "adskaccessservice.exe", "ip": "", "process_name": "", "cmdline": "", "logon_type": "", "logon_type_label": "", "logon_risk": "INFO", "privileges": "", "message": "The Windows Filtering Platform has permitted a connection.\r\n\r\nApplication Information:\r\n\tProcess ID:\t\t10124\r\n\tApplication Name:\t\\device\\harddiskvolume4\\program files\\autodesk\\adodis\\v1\\setup\\adskaccessservice.exe\r\n\r\nNetwork Information:\r\n\tDirection:\t\t%%14593\r\n\tSource Address:\t\t127.0.0.1\r\n\tSource Port:\t\t48568\r\n\tDestination Address:\t127.0.0.1\r\n\tDestination Port:\t\t49675\r\n\tProtocol:\t\t6\r\n\tInterface Index:\t\t1\r\n\r\nFilter Information:\r\n\tFilter Origin:\t\tAppContainer Loopback\r\n\tFilter Run-Time ID:\t67110\r\n\t", "raw_inserts": ["10124", "\\device\\harddiskvolume4\\program files\\autodesk\\adodis\\v1\\setup\\adskaccessservice.exe", "%%14593", "127.0.0.1", "48568", "127.0.0.1", "49675", "6", "1", "AppContainer Loopback"]}
{"timestamp": "2026-04-07 12:35:06", "event_id": 5156, "channel": "Security", "source": "Microsoft-Windows-Security-Auditing", "computer": "Anish", "event_type": "generic", "event_type_label": "Generic System Event", "severity": "INFO", "severity_int": 0, "user": "cer_service.exe", "ip": "", "process_name": "", "cmdline": "", "logon_type": "", "logon_type_label": "", "logon_risk": "INFO", "privileges": "", "message": "The Windows Filtering Platform has permitted a connection.\r\n\r\nApplication Information:\r\n\tProcess ID:\t\t5136\r\n\tApplication Name:\t\\device\\harddiskvolume4\\program files\\autodesk\\autodesk cer\\service\\cer_service.exe\r\n\r\nNetwork Information:\r\n\tDirection:\t\t%%14592\r\n\tSource Address:\t\t127.0.0.1\r\n\tSource Port:\t\t48568\r\n\tDestination Address:\t127.0.0.1\r\n\tDestination Port:\t\t49675\r\n\tProtocol:\t\t6\r\n\tInterface Index:\t\t1\r\n\r\nFilter Information:\r\n\tFilter Origin:\t\tAppContainer Loopback\r\n\tFilter Run-Time ID:\t67104\r\n\tLa", "raw_inserts": ["5136", "\\device\\harddiskvolume4\\program files\\autodesk\\autodesk cer\\service\\cer_service.exe", "%%14592", "127.0.0.1", "48568", "127.0.0.1", "49675", "6", "1", "AppContainer Loopback"]}
{"timestamp": "2026-04-07 12:35:06", "event_id": 5158, "channel": "Security", "source": "Microsoft-Windows-Security-Auditing", "computer": "Anish", "event_type": "generic", "event_type_label": "Generic System Event", "severity": "INFO", "severity_int": 0, "user": "msedgewebview2.exe", "ip": "", "process_name": "", "cmdline": "", "logon_type": "", "logon_type_label": "", "logon_risk": "INFO", "privileges": "", "message": "The Windows Filtering Platform has permitted a bind to a local port.\r\n\r\nApplication Information:\r\n\tProcess ID:\t\t22556\r\n\tApplication Name:\t\\device\\harddiskvolume4\\program files (x86)\\microsoft\\edgewebview\\application\\146.0.3856.97\\msedgewebview2.exe\r\n\r\nNetwork Information:\r\n\tSource Address:\t\t::\r\n\tSource Port:\t\t56666\r\n\tProtocol:\t\t17\r\n\r\nFilter Information:\r\n\tFilter Run-Time ID:\t0\r\n\tLayer Name:\t\t%%14608\r\n\tLayer Run-Time ID:\t36\r\n", "raw_inserts": ["22556", "\\device\\harddiskvolume4\\program files (x86)\\microsoft\\edgewebview\\application\\146.0.3856.97\\msedgewebview2.exe", "::", "56666", "17", "0", "%%14608", "36"]}
{"timestamp": "2026-04-07 12:35:06", "event_id": 5156, "channel": "Security", "source": "Microsoft-Windows-Security-Auditing", "computer": "Anish", "event_type": "generic", "event_type_label": "Generic System Event", "severity": "INFO", "severity_int": 0, "user": "grammarly.desktop.exe", "ip": "", "process_name": "", "cmdline": "", "logon_type": "", "logon_type_label": "", "logon_risk": "INFO", "privileges": "", "message": "The Windows Filtering Platform has permitted a connection.\r\n\r\nApplication Information:\r\n\tProcess ID:\t\t6068\r\n\tApplication Name:\t\\device\\harddiskvolume4\\users\\nitro 5\\appdata\\local\\grammarly\\desktopintegrations\\grammarly.desktop.exe\r\n\r\nNetwork Information:\r\n\tDirection:\t\t%%14593\r\n\tSource Address:\t\t10.156.117.84\r\n\tSource Port:\t\t48569\r\n\tDestination Address:\t34.226.33.210\r\n\tDestination Port:\t\t443\r\n\tProtocol:\t\t6\r\n\tInterface Index:\t\t3\r\n\r\nFilter Information:\r\n\tFilter Origin:\t\tUnknown\r\n\tFilter Run-Time ID", "raw_inserts": ["6068", "\\device\\harddiskvolume4\\users\\nitro 5\\appdata\\local\\grammarly\\desktopintegrations\\grammarly.desktop.exe", "%%14593", "10.156.117.84", "48569", "34.226.33.210", "443", "6", "3", "Unknown"]}
{"timestamp": "2026-04-07 12:35:09", "event_id": 4689, "channel": "Security", "source": "Microsoft-Windows-Security-Auditing", "computer": "Anish", "event_type": "generic", "event_type_label": "Generic System Event", "severity": "INFO", "severity_int": 0, "user": "smartscreen.exe", "ip": "", "process_name": "", "cmdline": "", "logon_type": "", "logon_type_label": "", "logon_risk": "INFO", "privileges": "", "message": "A process has exited.\r\n\r\nSubject:\r\n\tSecurity ID:\t\tS-1-5-21-1251900359-2259549607-1534340609-1006\r\n\tAccount Name:\t\tNitro 5\r\n\tAccount Domain:\t\tANISH\r\n\tLogon ID:\t\t0x5e27e\r\n\r\nProcess Information:\r\n\tProcess ID:\t0x3128\r\n\tProcess Name:\tC:\\Windows\\System32\\smartscreen.exe\r\n\tExit Status:\t0x0\r\n", "raw_inserts": ["S-1-5-21-1251900359-2259549607-1534340609-1006", "Nitro 5", "ANISH", "0x5e27e", "0x0", "0x3128", "C:\\Windows\\System32\\smartscreen.exe"]}
{"timestamp": "2026-04-07 12:35:10", "event_id": 5156, "channel": "Security", "source": "Microsoft-Windows-Security-Auditing", "computer": "Anish", "event_type": "generic", "event_type_label": "Generic System Event", "severity": "INFO", "severity_int": 0, "user": "lghub_agent.exe", "ip": "", "process_name": "", "cmdline": "", "logon_type": "", "logon_type_label": "", "logon_risk": "INFO", "privileges": "", "message": "The Windows Filtering Platform has permitted a connection.\r\n\r\nApplication Information:\r\n\tProcess ID:\t\t9828\r\n\tApplication Name:\t\\device\\harddiskvolume4\\program files\\lghub\\lghub_agent.exe\r\n\r\nNetwork Information:\r\n\tDirection:\t\t%%14593\r\n\tSource Address:\t\t127.0.0.1\r\n\tSource Port:\t\t48571\r\n\tDestination Address:\t127.0.0.1\r\n\tDestination Port:\t\t28194\r\n\tProtocol:\t\t6\r\n\tInterface Index:\t\t1\r\n\r\nFilter Information:\r\n\tFilter Origin:\t\tAppContainer Loopback\r\n\tFilter Run-Time ID:\t67110\r\n\tLayer Name:\t\t%%14611\r\n\tLay", "raw_inserts": ["9828", "\\device\\harddiskvolume4\\program files\\lghub\\lghub_agent.exe", "%%14593", "127.0.0.1", "48571", "127.0.0.1", "28194", "6", "1", "AppContainer Loopback"]}
{"timestamp": "2026-04-07 12:35:12", "event_id": 5156, "channel": "Security", "source": "Microsoft-Windows-Security-Auditing", "computer": "Anish", "event_type": "generic", "event_type_label": "Generic System Event", "severity": "INFO", "severity_int": 0, "user": "mpdefendercoreservice.exe", "ip": "", "process_name": "", "cmdline": "", "logon_type": "", "logon_type_label": "", "logon_risk": "INFO", "privileges": "", "message": "The Windows Filtering Platform has permitted a connection.\r\n\r\nApplication Information:\r\n\tProcess ID:\t\t5356\r\n\tApplication Name:\t\\device\\harddiskvolume4\\programdata\\microsoft\\windows defender\\platform\\4.18.26020.6-0\\mpdefendercoreservice.exe\r\n\r\nNetwork Information:\r\n\tDirection:\t\t%%14593\r\n\tSource Address:\t\t10.156.117.84\r\n\tSource Port:\t\t48572\r\n\tDestination Address:\t52.123.131.14\r\n\tDestination Port:\t\t443\r\n\tProtocol:\t\t6\r\n\tInterface Index:\t\t3\r\n\r\nFilter Information:\r\n\tFilter Origin:\t\tUnknown\r\n\tFilter Ru", "raw_inserts": ["5356", "\\device\\harddiskvolume4\\programdata\\microsoft\\windows defender\\platform\\4.18.26020.6-0\\mpdefendercoreservice.exe", "%%14593", "10.156.117.84", "48572", "52.123.131.14", "443", "6", "3", "Unknown"]}
{"timestamp": "2026-04-07 12:35:14", "event_id": 5156, "channel": "Security", "source": "Microsoft-Windows-Security-Auditing", "computer": "Anish", "event_type": "generic", "event_type_label": "Generic System Event", "severity": "INFO", "severity_int": 0, "user": "wazuh-agent.exe", "ip": "", "process_name": "", "cmdline": "", "logon_type": "", "logon_type_label": "", "logon_risk": "INFO", "privileges": "", "message": "The Windows Filtering Platform has permitted a connection.\r\n\r\nApplication Information:\r\n\tProcess ID:\t\t5772\r\n\tApplication Name:\t\\device\\harddiskvolume4\\program files (x86)\\ossec-agent\\wazuh-agent.exe\r\n\r\nNetwork Information:\r\n\tDirection:\t\t%%14593\r\n\tSource Address:\t\t10.156.117.84\r\n\tSource Port:\t\t48574\r\n\tDestination Address:\t192.168.0.108\r\n\tDestination Port:\t\t1514\r\n\tProtocol:\t\t6\r\n\tInterface Index:\t\t3\r\n\r\nFilter Information:\r\n\tFilter Origin:\t\tUnknown\r\n\tFilter Run-Time ID:\t0\r\n\tLayer Name:\t\t%%14611\r\n\tLa", "raw_inserts": ["5772", "\\device\\harddiskvolume4\\program files (x86)\\ossec-agent\\wazuh-agent.exe", "%%14593", "10.156.117.84", "48574", "192.168.0.108", "1514", "6", "3", "Unknown"]}
{"timestamp": "2026-04-07 12:35:15", "event_id": 5156, "channel": "Security", "source": "Microsoft-Windows-Security-Auditing", "computer": "Anish", "event_type": "generic", "event_type_label": "Generic System Event", "severity": "INFO", "severity_int": 0, "user": "firefox.exe", "ip": "", "process_name": "", "cmdline": "", "logon_type": "", "logon_type_label": "", "logon_risk": "INFO", "privileges": "", "message": "The Windows Filtering Platform has permitted a connection.\r\n\r\nApplication Information:\r\n\tProcess ID:\t\t5256\r\n\tApplication Name:\t\\device\\harddiskvolume4\\program files\\mozilla firefox\\firefox.exe\r\n\r\nNetwork Information:\r\n\tDirection:\t\t%%14593\r\n\tSource Address:\t\t127.0.0.1\r\n\tSource Port:\t\t48575\r\n\tDestination Address:\t127.0.0.1\r\n\tDestination Port:\t\t5000\r\n\tProtocol:\t\t6\r\n\tInterface Index:\t\t1\r\n\r\nFilter Information:\r\n\tFilter Origin:\t\tAppContainer Loopback\r\n\tFilter Run-Time ID:\t67110\r\n\tLayer Name:\t\t%%14611\r", "raw_inserts": ["5256", "\\device\\harddiskvolume4\\program files\\mozilla firefox\\firefox.exe", "%%14593", "127.0.0.1", "48575", "127.0.0.1", "5000", "6", "1", "AppContainer Loopback"]}
{"timestamp": "2026-04-07 12:35:15", "event_id": 5156, "channel": "Security", "source": "Microsoft-Windows-Security-Auditing", "computer": "Anish", "event_type": "generic", "event_type_label": "Generic System Event", "severity": "INFO", "severity_int": 0, "user": "python.exe", "ip": "", "process_name": "", "cmdline": "", "logon_type": "", "logon_type_label": "", "logon_risk": "INFO", "privileges": "", "message": "The Windows Filtering Platform has permitted a connection.\r\n\r\nApplication Information:\r\n\tProcess ID:\t\t19868\r\n\tApplication Name:\t\\device\\harddiskvolume4\\users\\nitro 5\\appdata\\local\\programs\\python\\python312\\python.exe\r\n\r\nNetwork Information:\r\n\tDirection:\t\t%%14592\r\n\tSource Address:\t\t127.0.0.1\r\n\tSource Port:\t\t48575\r\n\tDestination Address:\t127.0.0.1\r\n\tDestination Port:\t\t5000\r\n\tProtocol:\t\t6\r\n\tInterface Index:\t\t1\r\n\r\nFilter Information:\r\n\tFilter Origin:\t\tAppContainer Loopback\r\n\tFilter Run-Time ID:\t67104", "raw_inserts": ["19868", "\\device\\harddiskvolume4\\users\\nitro 5\\appdata\\local\\programs\\python\\python312\\python.exe", "%%14592", "127.0.0.1", "48575", "127.0.0.1", "5000", "6", "1", "AppContainer Loopback"]}
{"timestamp": "2026-04-07 12:35:16", "event_id": 5156, "channel": "Security", "source": "Microsoft-Windows-Security-Auditing", "computer": "Anish", "event_type": "generic", "event_type_label": "Generic System Event", "severity": "INFO", "severity_int": 0, "user": "lghub_agent.exe", "ip": "", "process_name": "", "cmdline": "", "logon_type": "", "logon_type_label": "", "logon_risk": "INFO", "privileges": "", "message": "The Windows Filtering Platform has permitted a connection.\r\n\r\nApplication Information:\r\n\tProcess ID:\t\t9828\r\n\tApplication Name:\t\\device\\harddiskvolume4\\program files\\lghub\\lghub_agent.exe\r\n\r\nNetwork Information:\r\n\tDirection:\t\t%%14593\r\n\tSource Address:\t\t127.0.0.1\r\n\tSource Port:\t\t48580\r\n\tDestination Address:\t127.0.0.1\r\n\tDestination Port:\t\t28194\r\n\tProtocol:\t\t6\r\n\tInterface Index:\t\t1\r\n\r\nFilter Information:\r\n\tFilter Origin:\t\tAppContainer Loopback\r\n\tFilter Run-Time ID:\t67110\r\n\tLayer Name:\t\t%%14611\r\n\tLay", "raw_inserts": ["9828", "\\device\\harddiskvolume4\\program files\\lghub\\lghub_agent.exe", "%%14593", "127.0.0.1", "48580", "127.0.0.1", "28194", "6", "1", "AppContainer Loopback"]}
{"timestamp": "2026-04-07 12:35:16", "event_id": 5156, "channel": "Security", "source": "Microsoft-Windows-Security-Auditing", "computer": "Anish", "event_type": "generic", "event_type_label": "Generic System Event", "severity": "INFO", "severity_int": 0, "user": "adskaccessservice.exe", "ip": "", "process_name": "", "cmdline": "", "logon_type": "", "logon_type_label": "", "logon_risk": "INFO", "privileges": "", "message": "The Windows Filtering Platform has permitted a connection.\r\n\r\nApplication Information:\r\n\tProcess ID:\t\t10124\r\n\tApplication Name:\t\\device\\harddiskvolume4\\program files\\autodesk\\adodis\\v1\\setup\\adskaccessservice.exe\r\n\r\nNetwork Information:\r\n\tDirection:\t\t%%14593\r\n\tSource Address:\t\t127.0.0.1\r\n\tSource Port:\t\t48581\r\n\tDestination Address:\t127.0.0.1\r\n\tDestination Port:\t\t49675\r\n\tProtocol:\t\t6\r\n\tInterface Index:\t\t1\r\n\r\nFilter Information:\r\n\tFilter Origin:\t\tAppContainer Loopback\r\n\tFilter Run-Time ID:\t67110\r\n\t", "raw_inserts": ["10124", "\\device\\harddiskvolume4\\program files\\autodesk\\adodis\\v1\\setup\\adskaccessservice.exe", "%%14593", "127.0.0.1", "48581", "127.0.0.1", "49675", "6", "1", "AppContainer Loopback"]}
{"timestamp": "2026-04-07 12:35:16", "event_id": 5156, "channel": "Security", "source": "Microsoft-Windows-Security-Auditing", "computer": "Anish", "event_type": "generic", "event_type_label": "Generic System Event", "severity": "INFO", "severity_int": 0, "user": "cer_service.exe", "ip": "", "process_name": "", "cmdline": "", "logon_type": "", "logon_type_label": "", "logon_risk": "INFO", "privileges": "", "message": "The Windows Filtering Platform has permitted a connection.\r\n\r\nApplication Information:\r\n\tProcess ID:\t\t5136\r\n\tApplication Name:\t\\device\\harddiskvolume4\\program files\\autodesk\\autodesk cer\\service\\cer_service.exe\r\n\r\nNetwork Information:\r\n\tDirection:\t\t%%14592\r\n\tSource Address:\t\t127.0.0.1\r\n\tSource Port:\t\t48581\r\n\tDestination Address:\t127.0.0.1\r\n\tDestination Port:\t\t49675\r\n\tProtocol:\t\t6\r\n\tInterface Index:\t\t1\r\n\r\nFilter Information:\r\n\tFilter Origin:\t\tAppContainer Loopback\r\n\tFilter Run-Time ID:\t67104\r\n\tLa", "raw_inserts": ["5136", "\\device\\harddiskvolume4\\program files\\autodesk\\autodesk cer\\service\\cer_service.exe", "%%14592", "127.0.0.1", "48581", "127.0.0.1", "49675", "6", "1", "AppContainer Loopback"]}
{"timestamp": "2026-04-07 12:35:16", "event_id": 5158, "channel": "Security", "source": "Microsoft-Windows-Security-Auditing", "computer": "Anish", "event_type": "generic", "event_type_label": "Generic System Event", "severity": "INFO", "severity_int": 0, "user": "nvidia overlay.exe", "ip": "", "process_name": "", "cmdline": "", "logon_type": "", "logon_type_label": "", "logon_risk": "INFO", "privileges": "", "message": "The Windows Filtering Platform has permitted a bind to a local port.\r\n\r\nApplication Information:\r\n\tProcess ID:\t\t5568\r\n\tApplication Name:\t\\device\\harddiskvolume4\\program files\\nvidia corporation\\nvidia app\\cef\\nvidia overlay.exe\r\n\r\nNetwork Information:\r\n\tSource Address:\t\t::\r\n\tSource Port:\t\t62868\r\n\tProtocol:\t\t17\r\n\r\nFilter Information:\r\n\tFilter Run-Time ID:\t0\r\n\tLayer Name:\t\t%%14608\r\n\tLayer Run-Time ID:\t36\r\n", "raw_inserts": ["5568", "\\device\\harddiskvolume4\\program files\\nvidia corporation\\nvidia app\\cef\\nvidia overlay.exe", "::", "62868", "17", "0", "%%14608", "36"]}
{"timestamp": "2026-04-07 12:35:16", "event_id": 5156, "channel": "Security", "source": "Microsoft-Windows-Security-Auditing", "computer": "Anish", "event_type": "generic", "event_type_label": "Generic System Event", "severity": "INFO", "severity_int": 0, "user": "nvidia overlay.exe", "ip": "", "process_name": "", "cmdline": "", "logon_type": "", "logon_type_label": "", "logon_risk": "INFO", "privileges": "", "message": "The Windows Filtering Platform has permitted a connection.\r\n\r\nApplication Information:\r\n\tProcess ID:\t\t5568\r\n\tApplication Name:\t\\device\\harddiskvolume4\\program files\\nvidia corporation\\nvidia app\\cef\\nvidia overlay.exe\r\n\r\nNetwork Information:\r\n\tDirection:\t\t%%14593\r\n\tSource Address:\t\t10.156.117.84\r\n\tSource Port:\t\t53880\r\n\tDestination Address:\t1.1.1.1\r\n\tDestination Port:\t\t53\r\n\tProtocol:\t\t17\r\n\tInterface Index:\t\t3\r\n\r\nFilter Information:\r\n\tFilter Origin:\t\tUnknown\r\n\tFilter Run-Time ID:\t0\r\n\tLayer Name:\t\t", "raw_inserts": ["5568", "\\device\\harddiskvolume4\\program files\\nvidia corporation\\nvidia app\\cef\\nvidia overlay.exe", "%%14593", "10.156.117.84", "53880", "1.1.1.1", "53", "17", "3", "Unknown"]}
{"timestamp": "2026-04-07 12:35:17", "event_id": 4634, "channel": "Security", "source": "Microsoft-Windows-Security-Auditing", "computer": "Anish", "event_type": "logoff", "event_type_label": "User Logoff", "severity": "INFO", "severity_int": 0, "user": "labuser", "ip": "", "process_name": "", "cmdline": "", "logon_type": "", "logon_type_label": "", "logon_risk": "INFO", "privileges": "", "message": "An account was logged off.\r\n\r\nSubject:\r\n\tSecurity ID:\t\tS-1-5-21-1251900359-2259549607-1534340609-1008\r\n\tAccount Name:\t\tlabuser\r\n\tAccount Domain:\t\tANISH\r\n\tLogon ID:\t\t0x189f095\r\n\r\nLogon Type:\t\t\t3\r\n\r\nThis event is generated when a logon session is destroyed. It may be positively correlated with a logon event using the Logon ID value. Logon IDs are only unique between reboots on the same computer.\r\n", "raw_inserts": ["S-1-5-21-1251900359-2259549607-1534340609-1008", "labuser", "ANISH", "0x189f095", "3"]}
{"timestamp": "2026-04-07 12:35:17", "event_id": 5156, "channel": "Security", "source": "Microsoft-Windows-Security-Auditing", "computer": "Anish", "event_type": "generic", "event_type_label": "Generic System Event", "severity": "INFO", "severity_int": 0, "user": "SYSTEM", "ip": "", "process_name": "", "cmdline": "", "logon_type": "", "logon_type_label": "", "logon_risk": "INFO", "privileges": "", "message": "The Windows Filtering Platform has permitted a connection.\r\n\r\nApplication Information:\r\n\tProcess ID:\t\t4\r\n\tApplication Name:\tSystem\r\n\r\nNetwork Information:\r\n\tDirection:\t\t%%14592\r\n\tSource Address:\t\t192.168.56.102\r\n\tSource Port:\t\t55912\r\n\tDestination Address:\t192.168.56.1\r\n\tDestination Port:\t\t5985\r\n\tProtocol:\t\t6\r\n\tInterface Index:\t\t18\r\n\r\nFilter Information:\r\n\tFilter Origin:\t\tUnknown\r\n\tFilter Run-Time ID:\t0\r\n\tLayer Name:\t\t%%14610\r\n\tLayer Run-Time ID:\t44\r\n\tRemote User ID:\t\tS-1-0-0\r\n\tRemote Machine ID:", "raw_inserts": ["4", "System", "%%14592", "192.168.56.102", "55912", "192.168.56.1", "5985", "6", "18", "Unknown"]}
{"timestamp": "2026-04-07 12:35:17", "event_id": 4776, "channel": "Security", "source": "Microsoft-Windows-Security-Auditing", "computer": "Anish", "event_type": "generic", "event_type_label": "Generic System Event", "severity": "INFO", "severity_int": 0, "user": "SYSTEM", "ip": "", "process_name": "", "cmdline": "", "logon_type": "", "logon_type_label": "", "logon_risk": "INFO", "privileges": "", "message": "The computer attempted to validate the credentials for an account.\r\n\r\nAuthentication Package:\tMICROSOFT_AUTHENTICATION_PACKAGE_V1_0\r\nLogon Account:\tlabuser\r\nSource Workstation:\t\r\nError Code:\t0x0\r\n", "raw_inserts": ["MICROSOFT_AUTHENTICATION_PACKAGE_V1_0", "labuser", "", "0x0"]}
{"timestamp": "2026-04-07 12:35:17", "event_id": 4672, "channel": "Security", "source": "Microsoft-Windows-Security-Auditing", "computer": "Anish", "event_type": "privilege_assigned", "event_type_label": "Special Privileges Assigned", "severity": "HIGH", "severity_int": 3, "user": "labuser", "ip": "", "process_name": "", "cmdline": "", "logon_type": "", "logon_type_label": "", "logon_risk": "INFO", "privileges": "ANISH", "message": "Special privileges assigned to new logon.\r\n\r\nSubject:\r\n\tSecurity ID:\t\tS-1-5-21-1251900359-2259549607-1534340609-1008\r\n\tAccount Name:\t\tlabuser\r\n\tAccount Domain:\t\tANISH\r\n\tLogon ID:\t\t0x18b2c56\r\n\r\nPrivileges:\t\tSeSecurityPrivilege\r\n\t\t\tSeBackupPrivilege\r\n\t\t\tSeRestorePrivilege\r\n\t\t\tSeTakeOwnershipPrivilege\r\n\t\t\tSeDebugPrivilege\r\n\t\t\tSeSystemEnvironmentPrivilege\r\n\t\t\tSeLoadDriverPrivilege\r\n\t\t\tSeImpersonatePrivilege\r\n\t\t\tSeDelegateSessionUserImpersonatePrivilege\r\n", "raw_inserts": ["S-1-5-21-1251900359-2259549607-1534340609-1008", "labuser", "ANISH", "0x18b2c56", "SeSecurityPrivilege\r\n\t\t\tSeBackupPrivilege\r\n\t\t\tSeRestorePrivilege\r\n\t\t\tSeTakeOwnershipPrivilege\r\n\t\t\tSeDebugPrivilege\r\n\t\t\tSeSystemEnvironmentPrivilege\r\n\t\t\tSeLoadDriverPrivilege\r\n\t\t\tSeImpersonatePrivilege\r\n\t\t\tSeDelegateSessionUserImpersonatePrivilege"]}
{"timestamp": "2026-04-07 12:35:17", "event_id": 4624, "channel": "Security", "source": "Microsoft-Windows-Security-Auditing", "computer": "Anish", "event_type": "successful_login", "event_type_label": "Successful Logon", "severity": "INFO", "severity_int": 0, "user": "labuser", "ip": "192.168.56.102", "process_name": "", "cmdline": "", "logon_type": "3", "logon_type_label": "Network", "logon_risk": "MEDIUM", "privileges": "", "message": "An account was successfully logged on.\r\n\r\nSubject:\r\n\tSecurity ID:\t\tS-1-0-0\r\n\tAccount Name:\t\t-\r\n\tAccount Domain:\t\t-\r\n\tLogon ID:\t\t0x0\r\n\r\nLogon Information:\r\n\tLogon Type:\t\t3\r\n\tRestricted Admin Mode:\t-\r\n\tRemote Credential Guard:\t-\r\n\tVirtual Account:\t\t%%1843\r\n\tElevated Token:\t\t%%1842\r\n\r\nImpersonation Level:\t\t%%1833\r\n\r\nNew Logon:\r\n\tSecurity ID:\t\tS-1-5-21-1251900359-2259549607-1534340609-1008\r\n\tAccount Name:\t\tlabuser\r\n\tAccount Domain:\t\tANISH\r\n\tLogon ID:\t\t0x18b2c56\r\n\tLinked Logon ID:\t\t0x0\r\n\tNetwork Acco", "raw_inserts": ["S-1-0-0", "-", "-", "0x0", "S-1-5-21-1251900359-2259549607-1534340609-1008", "labuser", "ANISH", "0x18b2c56", "3", "NtLmSsp "]}
{"timestamp": "2026-04-07 12:35:17", "event_id": 4627, "channel": "Security", "source": "Microsoft-Windows-Security-Auditing", "computer": "Anish", "event_type": "generic", "event_type_label": "Generic System Event", "severity": "INFO", "severity_int": 0, "user": "SYSTEM", "ip": "", "process_name": "", "cmdline": "", "logon_type": "", "logon_type_label": "", "logon_risk": "INFO", "privileges": "", "message": "Group membership information.\r\n\r\nSubject:\r\n\tSecurity ID:\t\tS-1-0-0\r\n\tAccount Name:\t\t-\r\n\tAccount Domain:\t\t-\r\n\tLogon ID:\t\t0x0\r\n\r\nLogon Type:\t\t\t3\r\n\r\nNew Logon:\r\n\tSecurity ID:\t\tS-1-5-21-1251900359-2259549607-1534340609-1008\r\n\tAccount Name:\t\tlabuser\r\n\tAccount Domain:\t\tANISH\r\n\tLogon ID:\t\t0x18b2c56\r\n\r\nEvent in sequence:\t\t1 of 1\r\n\r\nGroup Membership:\t\t\t\r\n\t\t%{S-1-5-21-1251900359-2259549607-1534340609-513}\r\n\t\t%{S-1-1-0}\r\n\t\t%{S-1-5-114}\r\n\t\t%{S-1-5-32-544}\r\n\t\t%{S-1-5-32-545}\r\n\t\t%{S-1-5-2}\r\n\t\t%{S-1-5-11}\r\n\t\t%{", "raw_inserts": ["S-1-0-0", "-", "-", "0x0", "S-1-5-21-1251900359-2259549607-1534340609-1008", "labuser", "ANISH", "0x18b2c56", "3", "1"]}
{"timestamp": "2026-04-07 12:35:22", "event_id": 5156, "channel": "Security", "source": "Microsoft-Windows-Security-Auditing", "computer": "Anish", "event_type": "generic", "event_type_label": "Generic System Event", "severity": "INFO", "severity_int": 0, "user": "lghub_agent.exe", "ip": "", "process_name": "", "cmdline": "", "logon_type": "", "logon_type_label": "", "logon_risk": "INFO", "privileges": "", "message": "The Windows Filtering Platform has permitted a connection.\r\n\r\nApplication Information:\r\n\tProcess ID:\t\t9828\r\n\tApplication Name:\t\\device\\harddiskvolume4\\program files\\lghub\\lghub_agent.exe\r\n\r\nNetwork Information:\r\n\tDirection:\t\t%%14593\r\n\tSource Address:\t\t127.0.0.1\r\n\tSource Port:\t\t48586\r\n\tDestination Address:\t127.0.0.1\r\n\tDestination Port:\t\t28194\r\n\tProtocol:\t\t6\r\n\tInterface Index:\t\t1\r\n\r\nFilter Information:\r\n\tFilter Origin:\t\tAppContainer Loopback\r\n\tFilter Run-Time ID:\t67110\r\n\tLayer Name:\t\t%%14611\r\n\tLay", "raw_inserts": ["9828", "\\device\\harddiskvolume4\\program files\\lghub\\lghub_agent.exe", "%%14593", "127.0.0.1", "48586", "127.0.0.1", "28194", "6", "1", "AppContainer Loopback"]}
{"timestamp": "2026-04-07 12:35:24", "event_id": 5158, "channel": "Security", "source": "Microsoft-Windows-Security-Auditing", "computer": "Anish", "event_type": "generic", "event_type_label": "Generic System Event", "severity": "INFO", "severity_int": 0, "user": "msedgewebview2.exe", "ip": "", "process_name": "", "cmdline": "", "logon_type": "", "logon_type_label": "", "logon_risk": "INFO", "privileges": "", "message": "The Windows Filtering Platform has permitted a bind to a local port.\r\n\r\nApplication Information:\r\n\tProcess ID:\t\t22556\r\n\tApplication Name:\t\\device\\harddiskvolume4\\program files (x86)\\microsoft\\edgewebview\\application\\146.0.3856.97\\msedgewebview2.exe\r\n\r\nNetwork Information:\r\n\tSource Address:\t\t::\r\n\tSource Port:\t\t50237\r\n\tProtocol:\t\t17\r\n\r\nFilter Information:\r\n\tFilter Run-Time ID:\t0\r\n\tLayer Name:\t\t%%14608\r\n\tLayer Run-Time ID:\t36\r\n", "raw_inserts": ["22556", "\\device\\harddiskvolume4\\program files (x86)\\microsoft\\edgewebview\\application\\146.0.3856.97\\msedgewebview2.exe", "::", "50237", "17", "0", "%%14608", "36"]}
{"timestamp": "2026-04-07 12:35:26", "event_id": 5156, "channel": "Security", "source": "Microsoft-Windows-Security-Auditing", "computer": "Anish", "event_type": "generic", "event_type_label": "Generic System Event", "severity": "INFO", "severity_int": 0, "user": "adskaccessservice.exe", "ip": "", "process_name": "", "cmdline": "", "logon_type": "", "logon_type_label": "", "logon_risk": "INFO", "privileges": "", "message": "The Windows Filtering Platform has permitted a connection.\r\n\r\nApplication Information:\r\n\tProcess ID:\t\t10124\r\n\tApplication Name:\t\\device\\harddiskvolume4\\program files\\autodesk\\adodis\\v1\\setup\\adskaccessservice.exe\r\n\r\nNetwork Information:\r\n\tDirection:\t\t%%14593\r\n\tSource Address:\t\t127.0.0.1\r\n\tSource Port:\t\t48588\r\n\tDestination Address:\t127.0.0.1\r\n\tDestination Port:\t\t49675\r\n\tProtocol:\t\t6\r\n\tInterface Index:\t\t1\r\n\r\nFilter Information:\r\n\tFilter Origin:\t\tAppContainer Loopback\r\n\tFilter Run-Time ID:\t67110\r\n\t", "raw_inserts": ["10124", "\\device\\harddiskvolume4\\program files\\autodesk\\adodis\\v1\\setup\\adskaccessservice.exe", "%%14593", "127.0.0.1", "48588", "127.0.0.1", "49675", "6", "1", "AppContainer Loopback"]}
{"timestamp": "2026-04-07 12:35:26", "event_id": 5156, "channel": "Security", "source": "Microsoft-Windows-Security-Auditing", "computer": "Anish", "event_type": "generic", "event_type_label": "Generic System Event", "severity": "INFO", "severity_int": 0, "user": "cer_service.exe", "ip": "", "process_name": "", "cmdline": "", "logon_type": "", "logon_type_label": "", "logon_risk": "INFO", "privileges": "", "message": "The Windows Filtering Platform has permitted a connection.\r\n\r\nApplication Information:\r\n\tProcess ID:\t\t5136\r\n\tApplication Name:\t\\device\\harddiskvolume4\\program files\\autodesk\\autodesk cer\\service\\cer_service.exe\r\n\r\nNetwork Information:\r\n\tDirection:\t\t%%14592\r\n\tSource Address:\t\t127.0.0.1\r\n\tSource Port:\t\t48588\r\n\tDestination Address:\t127.0.0.1\r\n\tDestination Port:\t\t49675\r\n\tProtocol:\t\t6\r\n\tInterface Index:\t\t1\r\n\r\nFilter Information:\r\n\tFilter Origin:\t\tAppContainer Loopback\r\n\tFilter Run-Time ID:\t67104\r\n\tLa", "raw_inserts": ["5136", "\\device\\harddiskvolume4\\program files\\autodesk\\autodesk cer\\service\\cer_service.exe", "%%14592", "127.0.0.1", "48588", "127.0.0.1", "49675", "6", "1", "AppContainer Loopback"]}
{"timestamp": "2026-04-07 12:35:28", "event_id": 5156, "channel": "Security", "source": "Microsoft-Windows-Security-Auditing", "computer": "Anish", "event_type": "generic", "event_type_label": "Generic System Event", "severity": "INFO", "severity_int": 0, "user": "lghub_agent.exe", "ip": "", "process_name": "", "cmdline": "", "logon_type": "", "logon_type_label": "", "logon_risk": "INFO", "privileges": "", "message": "The Windows Filtering Platform has permitted a connection.\r\n\r\nApplication Information:\r\n\tProcess ID:\t\t9828\r\n\tApplication Name:\t\\device\\harddiskvolume4\\program files\\lghub\\lghub_agent.exe\r\n\r\nNetwork Information:\r\n\tDirection:\t\t%%14593\r\n\tSource Address:\t\t127.0.0.1\r\n\tSource Port:\t\t48589\r\n\tDestination Address:\t127.0.0.1\r\n\tDestination Port:\t\t28194\r\n\tProtocol:\t\t6\r\n\tInterface Index:\t\t1\r\n\r\nFilter Information:\r\n\tFilter Origin:\t\tAppContainer Loopback\r\n\tFilter Run-Time ID:\t67110\r\n\tLayer Name:\t\t%%14611\r\n\tLay", "raw_inserts": ["9828", "\\device\\harddiskvolume4\\program files\\lghub\\lghub_agent.exe", "%%14593", "127.0.0.1", "48589", "127.0.0.1", "28194", "6", "1", "AppContainer Loopback"]}
{"timestamp": "2026-04-07 12:35:30", "event_id": 5156, "channel": "Security", "source": "Microsoft-Windows-Security-Auditing", "computer": "Anish", "event_type": "generic", "event_type_label": "Generic System Event", "severity": "INFO", "severity_int": 0, "user": "firefox.exe", "ip": "", "process_name": "", "cmdline": "", "logon_type": "", "logon_type_label": "", "logon_risk": "INFO", "privileges": "", "message": "The Windows Filtering Platform has permitted a connection.\r\n\r\nApplication Information:\r\n\tProcess ID:\t\t5256\r\n\tApplication Name:\t\\device\\harddiskvolume4\\program files\\mozilla firefox\\firefox.exe\r\n\r\nNetwork Information:\r\n\tDirection:\t\t%%14593\r\n\tSource Address:\t\t127.0.0.1\r\n\tSource Port:\t\t48590\r\n\tDestination Address:\t127.0.0.1\r\n\tDestination Port:\t\t5000\r\n\tProtocol:\t\t6\r\n\tInterface Index:\t\t1\r\n\r\nFilter Information:\r\n\tFilter Origin:\t\tAppContainer Loopback\r\n\tFilter Run-Time ID:\t67110\r\n\tLayer Name:\t\t%%14611\r", "raw_inserts": ["5256", "\\device\\harddiskvolume4\\program files\\mozilla firefox\\firefox.exe", "%%14593", "127.0.0.1", "48590", "127.0.0.1", "5000", "6", "1", "AppContainer Loopback"]}
{"timestamp": "2026-04-07 12:35:30", "event_id": 5156, "channel": "Security", "source": "Microsoft-Windows-Security-Auditing", "computer": "Anish", "event_type": "generic", "event_type_label": "Generic System Event", "severity": "INFO", "severity_int": 0, "user": "python.exe", "ip": "", "process_name": "", "cmdline": "", "logon_type": "", "logon_type_label": "", "logon_risk": "INFO", "privileges": "", "message": "The Windows Filtering Platform has permitted a connection.\r\n\r\nApplication Information:\r\n\tProcess ID:\t\t19868\r\n\tApplication Name:\t\\device\\harddiskvolume4\\users\\nitro 5\\appdata\\local\\programs\\python\\python312\\python.exe\r\n\r\nNetwork Information:\r\n\tDirection:\t\t%%14592\r\n\tSource Address:\t\t127.0.0.1\r\n\tSource Port:\t\t48590\r\n\tDestination Address:\t127.0.0.1\r\n\tDestination Port:\t\t5000\r\n\tProtocol:\t\t6\r\n\tInterface Index:\t\t1\r\n\r\nFilter Information:\r\n\tFilter Origin:\t\tAppContainer Loopback\r\n\tFilter Run-Time ID:\t67104", "raw_inserts": ["19868", "\\device\\harddiskvolume4\\users\\nitro 5\\appdata\\local\\programs\\python\\python312\\python.exe", "%%14592", "127.0.0.1", "48590", "127.0.0.1", "5000", "6", "1", "AppContainer Loopback"]}
