{"timestamp": "2026-04-07 12:36:49", "event_id": 5156, "channel": "Security", "source": "Microsoft-Windows-Security-Auditing", "computer": "Anish", "event_type": "generic", "event_type_label": "Generic System Event", "severity": "INFO", "severity_int": 0, "user": "nvngx_update.exe", "ip": "", "process_name": "", "cmdline": "", "logon_type": "", "logon_type_label": "", "logon_risk": "INFO", "privileges": "", "message": "The Windows Filtering Platform has permitted a connection.\r\n\r\nApplication Information:\r\n\tProcess ID:\t\t32484\r\n\tApplication Name:\t\\device\\harddiskvolume4\\windows\\system32\\driverstore\\filerepository\\nvaci.inf_amd64_626c799c5444666f\\nvngx_update.exe\r\n\r\nNetwork Information:\r\n\tDirection:\t\t%%14593\r\n\tSource Address:\t\t127.0.0.1\r\n\tSource Port:\t\t1491\r\n\tDestination Address:\t127.0.0.1\r\n\tDestination Port:\t\t1490\r\n\tProtocol:\t\t6\r\n\tInterface Index:\t\t1\r\n\r\nFilter Information:\r\n\tFilter Origin:\t\tAppContainer Loopback", "raw_inserts": ["32484", "\\device\\harddiskvolume4\\windows\\system32\\driverstore\\filerepository\\nvaci.inf_amd64_626c799c5444666f\\nvngx_update.exe", "%%14593", "127.0.0.1", "1491", "127.0.0.1", "1490", "6", "1", "AppContainer Loopback"]}
{"timestamp": "2026-04-07 12:36:50", "event_id": 5158, "channel": "Security", "source": "Microsoft-Windows-Security-Auditing", "computer": "Anish", "event_type": "generic", "event_type_label": "Generic System Event", "severity": "INFO", "severity_int": 0, "user": "msedgewebview2.exe", "ip": "", "process_name": "", "cmdline": "", "logon_type": "", "logon_type_label": "", "logon_risk": "INFO", "privileges": "", "message": "The Windows Filtering Platform has permitted a bind to a local port.\r\n\r\nApplication Information:\r\n\tProcess ID:\t\t16592\r\n\tApplication Name:\t\\device\\harddiskvolume4\\program files (x86)\\microsoft\\edgewebview\\application\\146.0.3856.97\\msedgewebview2.exe\r\n\r\nNetwork Information:\r\n\tSource Address:\t\t::\r\n\tSource Port:\t\t64264\r\n\tProtocol:\t\t17\r\n\r\nFilter Information:\r\n\tFilter Run-Time ID:\t0\r\n\tLayer Name:\t\t%%14608\r\n\tLayer Run-Time ID:\t36\r\n", "raw_inserts": ["16592", "\\device\\harddiskvolume4\\program files (x86)\\microsoft\\edgewebview\\application\\146.0.3856.97\\msedgewebview2.exe", "::", "64264", "17", "0", "%%14608", "36"]}
{"timestamp": "2026-04-07 12:36:50", "event_id": 4689, "channel": "Security", "source": "Microsoft-Windows-Security-Auditing", "computer": "Anish", "event_type": "generic", "event_type_label": "Generic System Event", "severity": "INFO", "severity_int": 0, "user": "nvngx_update.exe", "ip": "", "process_name": "", "cmdline": "", "logon_type": "", "logon_type_label": "", "logon_risk": "INFO", "privileges": "", "message": "A process has exited.\r\n\r\nSubject:\r\n\tSecurity ID:\t\tS-1-5-21-1251900359-2259549607-1534340609-1008\r\n\tAccount Name:\t\tlabuser\r\n\tAccount Domain:\t\tANISH\r\n\tLogon ID:\t\t0x1901bdd\r\n\r\nProcess Information:\r\n\tProcess ID:\t0x7ee4\r\n\tProcess Name:\tC:\\Windows\\System32\\DriverStore\\FileRepository\\nvaci.inf_amd64_626c799c5444666f\\nvngx_update.exe\r\n\tExit Status:\t0x0\r\n", "raw_inserts": ["S-1-5-21-1251900359-2259549607-1534340609-1008", "labuser", "ANISH", "0x1901bdd", "0x0", "0x7ee4", "C:\\Windows\\System32\\DriverStore\\FileRepository\\nvaci.inf_amd64_626c799c5444666f\\nvngx_update.exe"]}
{"timestamp": "2026-04-07 12:36:50", "event_id": 4689, "channel": "Security", "source": "Microsoft-Windows-Security-Auditing", "computer": "Anish", "event_type": "generic", "event_type_label": "Generic System Event", "severity": "INFO", "severity_int": 0, "user": "conhost.exe", "ip": "", "process_name": "", "cmdline": "", "logon_type": "", "logon_type_label": "", "logon_risk": "INFO", "privileges": "", "message": "A process has exited.\r\n\r\nSubject:\r\n\tSecurity ID:\t\tS-1-5-21-1251900359-2259549607-1534340609-1008\r\n\tAccount Name:\t\tlabuser\r\n\tAccount Domain:\t\tANISH\r\n\tLogon ID:\t\t0x1901bdd\r\n\r\nProcess Information:\r\n\tProcess ID:\t0x4ee0\r\n\tProcess Name:\tC:\\Windows\\System32\\conhost.exe\r\n\tExit Status:\t0x0\r\n", "raw_inserts": ["S-1-5-21-1251900359-2259549607-1534340609-1008", "labuser", "ANISH", "0x1901bdd", "0x0", "0x4ee0", "C:\\Windows\\System32\\conhost.exe"]}
{"timestamp": "2026-04-07 12:36:52", "event_id": 4689, "channel": "Security", "source": "Microsoft-Windows-Security-Auditing", "computer": "Anish", "event_type": "generic", "event_type_label": "Generic System Event", "severity": "INFO", "severity_int": 0, "user": "dllhost.exe", "ip": "", "process_name": "", "cmdline": "", "logon_type": "", "logon_type_label": "", "logon_risk": "INFO", "privileges": "", "message": "A process has exited.\r\n\r\nSubject:\r\n\tSecurity ID:\t\tS-1-5-21-1251900359-2259549607-1534340609-1008\r\n\tAccount Name:\t\tlabuser\r\n\tAccount Domain:\t\tANISH\r\n\tLogon ID:\t\t0x1901bdd\r\n\r\nProcess Information:\r\n\tProcess ID:\t0x77a4\r\n\tProcess Name:\tC:\\Windows\\System32\\dllhost.exe\r\n\tExit Status:\t0x0\r\n", "raw_inserts": ["S-1-5-21-1251900359-2259549607-1534340609-1008", "labuser", "ANISH", "0x1901bdd", "0x0", "0x77a4", "C:\\Windows\\System32\\dllhost.exe"]}
{"timestamp": "2026-04-07 12:36:52", "event_id": 5058, "channel": "Security", "source": "Microsoft-Windows-Security-Auditing", "computer": "Anish", "event_type": "generic", "event_type_label": "Generic System Event", "severity": "INFO", "severity_int": 0, "user": "1e313dfb17707690d41bc1ce552b952a_233b6cf4-3112-43db-b875-4a2c77f9db7e_da5fd6b349700aefcb92feb194b1222f", "ip": "", "process_name": "", "cmdline": "", "logon_type": "", "logon_type_label": "", "logon_risk": "INFO", "privileges": "", "message": "Key file operation.\r\n\r\nSubject:\r\n\tSecurity ID:\t\tS-1-5-21-1251900359-2259549607-1534340609-1008\r\n\tAccount Name:\t\tlabuser\r\n\tAccount Domain:\t\tANISH\r\n\tLogon ID:\t\t0x1901bdd\r\n\r\nProcess Information:\r\n\tProcess ID:\t\t27328\r\n\tProcess Creation Time:\t2026-04-07T07:06:48.0065997Z\r\n\r\nCryptographic Parameters:\r\n\tProvider Name:\tMicrosoft Software Key Storage Provider\r\n\tAlgorithm Name:\tECDSA_P256\r\n\tKey Name:\tChromeMetricsTestKey\r\n\tKey Type:\t%%2500\r\n\r\nKey File Operation Information:\r\n\tFile Path:\tC:\\Users\\labuser\\A", "raw_inserts": ["S-1-5-21-1251900359-2259549607-1534340609-1008", "labuser", "ANISH", "0x1901bdd", "27328", "2026-04-07T07:06:48.0065997Z", "Microsoft Software Key Storage Provider", "ECDSA_P256", "ChromeMetricsTestKey", "%%2500"]}
{"timestamp": "2026-04-07 12:36:52", "event_id": 5061, "channel": "Security", "source": "Microsoft-Windows-Security-Auditing", "computer": "Anish", "event_type": "generic", "event_type_label": "Generic System Event", "severity": "INFO", "severity_int": 0, "user": "SYSTEM", "ip": "", "process_name": "", "cmdline": "", "logon_type": "", "logon_type_label": "", "logon_risk": "INFO", "privileges": "", "message": "Cryptographic operation.\r\n\r\nSubject:\r\n\tSecurity ID:\t\tS-1-5-21-1251900359-2259549607-1534340609-1008\r\n\tAccount Name:\t\tlabuser\r\n\tAccount Domain:\t\tANISH\r\n\tLogon ID:\t\t0x1901bdd\r\n\r\nCryptographic Parameters:\r\n\tProvider Name:\tMicrosoft Software Key Storage Provider\r\n\tAlgorithm Name:\tECDSA_P256\r\n\tKey Name:\tChromeMetricsTestKey\r\n\tKey Type:\t%%2500\r\n\r\nCryptographic Operation:\r\n\tOperation:\t%%2481\r\n\tReturn Code:\t0x0\r\n", "raw_inserts": ["S-1-5-21-1251900359-2259549607-1534340609-1008", "labuser", "ANISH", "0x1901bdd", "Microsoft Software Key Storage Provider", "ECDSA_P256", "ChromeMetricsTestKey", "%%2500", "%%2481", "0x0"]}
{"timestamp": "2026-04-07 12:36:52", "event_id": 5059, "channel": "Security", "source": "Microsoft-Windows-Security-Auditing", "computer": "Anish", "event_type": "generic", "event_type_label": "Generic System Event", "severity": "INFO", "severity_int": 0, "user": "SYSTEM", "ip": "", "process_name": "", "cmdline": "", "logon_type": "", "logon_type_label": "", "logon_risk": "INFO", "privileges": "", "message": "Key migration operation.\r\n\r\nSubject:\r\n\tSecurity ID:\t\tS-1-5-21-1251900359-2259549607-1534340609-1008\r\n\tAccount Name:\t\tlabuser\r\n\tAccount Domain:\t\tANISH\r\n\tLogon ID:\t\t0x1901bdd\r\n\r\nProcess Information:\r\n\tProcess ID:\t\t27328\r\n\tProcess Creation Time:\t2026-04-07T07:06:48.0065997Z\r\n\r\nCryptographic Parameters:\r\n\tProvider Name:\tMicrosoft Software Key Storage Provider\r\n\tAlgorithm Name:\tECDSA_P256\r\n\tKey Name:\tChromeMetricsTestKey\r\n\tKey Type:\t%%2500\r\n\r\nAdditional Information:\r\n\tOperation:\t%%2464\r\n\tReturn Code:", "raw_inserts": ["S-1-5-21-1251900359-2259549607-1534340609-1008", "labuser", "ANISH", "0x1901bdd", "27328", "2026-04-07T07:06:48.0065997Z", "Microsoft Software Key Storage Provider", "ECDSA_P256", "ChromeMetricsTestKey", "%%2500"]}
{"timestamp": "2026-04-07 12:36:52", "event_id": 4688, "channel": "Security", "source": "Microsoft-Windows-Security-Auditing", "computer": "Anish", "event_type": "process_created", "event_type_label": "New Process Created", "severity": "LOW", "severity_int": 1, "user": "ANISH$", "ip": "", "process_name": "pslauncher.exe", "cmdline": "\"c:\\program files\\acer\\nitrosense service\\pslauncher.exe\"", "logon_type": "", "logon_type_label": "", "logon_risk": "INFO", "privileges": "", "message": "A new process has been created.\r\n\r\nCreator Subject:\r\n\tSecurity ID:\t\tS-1-5-18\r\n\tAccount Name:\t\tANISH$\r\n\tAccount Domain:\t\tWORKGROUP\r\n\tLogon ID:\t\t0x3e7\r\n\r\nTarget Subject:\r\n\tSecurity ID:\t\tS-1-5-21-1251900359-2259549607-1534340609-1008\r\n\tAccount Name:\t\tlabuser\r\n\tAccount Domain:\t\tANISH\r\n\tLogon ID:\t\t0x1901bdd\r\n\r\nProcess Information:\r\n\tNew Process ID:\t\t0x8330\r\n\tNew Process Name:\tC\r\n\tToken Elevation Type:\t%%1938\r\n\tMandatory Label:\t\tS-1-16-8192\r\n\tCreator Process ID:\t0x934\r\n\tCreator Process Name:\tC\r\n\tProce", "raw_inserts": ["S-1-5-18", "ANISH$", "WORKGROUP", "0x3e7", "0x8330", "C:\\Program Files\\Acer\\NitroSense Service\\PSLauncher.exe", "%%1938", "0x934", "\"C:\\Program Files\\Acer\\NitroSense Service\\PSLauncher.exe\"", "S-1-5-21-1251900359-2259549607-1534340609-1008"]}
{"timestamp": "2026-04-07 12:36:52", "event_id": 4688, "channel": "Security", "source": "Microsoft-Windows-Security-Auditing", "computer": "Anish", "event_type": "process_created", "event_type_label": "New Process Created", "severity": "LOW", "severity_int": 1, "user": "labuser", "ip": "", "process_name": "psagent.exe", "cmdline": "\"c:\\program files\\acer\\nitrosense service\\psagent.exe\"", "logon_type": "", "logon_type_label": "", "logon_risk": "INFO", "privileges": "", "message": "A new process has been created.\r\n\r\nCreator Subject:\r\n\tSecurity ID:\t\tS-1-5-21-1251900359-2259549607-1534340609-1008\r\n\tAccount Name:\t\tlabuser\r\n\tAccount Domain:\t\tANISH\r\n\tLogon ID:\t\t0x1901bdd\r\n\r\nTarget Subject:\r\n\tSecurity ID:\t\tS-1-0-0\r\n\tAccount Name:\t\t-\r\n\tAccount Domain:\t\t-\r\n\tLogon ID:\t\t0x0\r\n\r\nProcess Information:\r\n\tNew Process ID:\t\t0x2140\r\n\tNew Process Name:\tC\r\n\tToken Elevation Type:\t%%1938\r\n\tMandatory Label:\t\tS-1-16-8192\r\n\tCreator Process ID:\t0x8330\r\n\tCreator Process Name:\tC\r\n\tProcess Command Line", "raw_inserts": ["S-1-5-21-1251900359-2259549607-1534340609-1008", "labuser", "ANISH", "0x1901bdd", "0x2140", "C:\\Program Files\\Acer\\NitroSense Service\\PSAgent.exe", "%%1938", "0x8330", "\"C:\\Program Files\\Acer\\NitroSense Service\\PSAgent.exe\" ", "S-1-0-0"]}
{"timestamp": "2026-04-07 12:36:52", "event_id": 4689, "channel": "Security", "source": "Microsoft-Windows-Security-Auditing", "computer": "Anish", "event_type": "generic", "event_type_label": "Generic System Event", "severity": "INFO", "severity_int": 0, "user": "PSAgent.exe", "ip": "", "process_name": "", "cmdline": "", "logon_type": "", "logon_type_label": "", "logon_risk": "INFO", "privileges": "", "message": "A process has exited.\r\n\r\nSubject:\r\n\tSecurity ID:\t\tS-1-5-21-1251900359-2259549607-1534340609-1008\r\n\tAccount Name:\t\tlabuser\r\n\tAccount Domain:\t\tANISH\r\n\tLogon ID:\t\t0x1901bdd\r\n\r\nProcess Information:\r\n\tProcess ID:\t0x2140\r\n\tProcess Name:\tC:\\Program Files\\Acer\\NitroSense Service\\PSAgent.exe\r\n\tExit Status:\t0xc000042c\r\n", "raw_inserts": ["S-1-5-21-1251900359-2259549607-1534340609-1008", "labuser", "ANISH", "0x1901bdd", "0xc000042c", "0x2140", "C:\\Program Files\\Acer\\NitroSense Service\\PSAgent.exe"]}
{"timestamp": "2026-04-07 12:36:52", "event_id": 4673, "channel": "Security", "source": "Microsoft-Windows-Security-Auditing", "computer": "Anish", "event_type": "generic", "event_type_label": "Generic System Event", "severity": "INFO", "severity_int": 0, "user": "lsass.exe", "ip": "", "process_name": "", "cmdline": "", "logon_type": "", "logon_type_label": "", "logon_risk": "INFO", "privileges": "", "message": "A privileged service was called.\r\n\r\nSubject:\r\n\tSecurity ID:\t\tS-1-5-18\r\n\tAccount Name:\t\tANISH$\r\n\tAccount Domain:\t\tWORKGROUP\r\n\tLogon ID:\t\t0x3e7\r\n\r\nService:\r\n\tServer:\tNT Local Security Authority / Authentication Service\r\n\tService Name:\tLsaRegisterLogonProcess()\r\n\r\nProcess:\r\n\tProcess ID:\t0x560\r\n\tProcess Name:\tC:\\Windows\\System32\\lsass.exe\r\n\r\nService Request Information:\r\n\tPrivileges:\t\tSeTcbPrivilege\r\n", "raw_inserts": ["S-1-5-18", "ANISH$", "WORKGROUP", "0x3e7", "NT Local Security Authority / Authentication Service", "LsaRegisterLogonProcess()", "SeTcbPrivilege", "0x560", "C:\\Windows\\System32\\lsass.exe"]}
{"timestamp": "2026-04-07 12:36:52", "event_id": 4611, "channel": "Security", "source": "Microsoft-Windows-Security-Auditing", "computer": "Anish", "event_type": "generic", "event_type_label": "Generic System Event", "severity": "INFO", "severity_int": 0, "user": "SYSTEM", "ip": "", "process_name": "", "cmdline": "", "logon_type": "", "logon_type_label": "", "logon_risk": "INFO", "privileges": "", "message": "A trusted logon process has been registered with the Local Security Authority.\r\nThis logon process will be trusted to submit logon requests.\r\n\r\nSubject:\r\n\tSecurity ID:\t\tS-1-5-18\r\n\tAccount Name:\t\tANISH$\r\n\tAccount Domain:\t\tWORKGROUP\r\n\tLogon ID:\t\t0x3e7\r\n\r\nLogon Process Name:\t\tConsentUI\r\n", "raw_inserts": ["S-1-5-18", "ANISH$", "WORKGROUP", "0x3e7", "ConsentUI"]}
{"timestamp": "2026-04-07 12:36:52", "event_id": 4689, "channel": "Security", "source": "Microsoft-Windows-Security-Auditing", "computer": "Anish", "event_type": "generic", "event_type_label": "Generic System Event", "severity": "INFO", "severity_int": 0, "user": "consent.exe", "ip": "", "process_name": "", "cmdline": "", "logon_type": "", "logon_type_label": "", "logon_risk": "INFO", "privileges": "", "message": "A process has exited.\r\n\r\nSubject:\r\n\tSecurity ID:\t\tS-1-5-18\r\n\tAccount Name:\t\tANISH$\r\n\tAccount Domain:\t\tWORKGROUP\r\n\tLogon ID:\t\t0x3e7\r\n\r\nProcess Information:\r\n\tProcess ID:\t0x75f0\r\n\tProcess Name:\tC:\\Windows\\System32\\consent.exe\r\n\tExit Status:\t0x0\r\n", "raw_inserts": ["S-1-5-18", "ANISH$", "WORKGROUP", "0x3e7", "0x0", "0x75f0", "C:\\Windows\\System32\\consent.exe"]}
{"timestamp": "2026-04-07 12:36:52", "event_id": 4690, "channel": "Security", "source": "Microsoft-Windows-Security-Auditing", "computer": "Anish", "event_type": "generic", "event_type_label": "Generic System Event", "severity": "INFO", "severity_int": 0, "user": "SYSTEM", "ip": "", "process_name": "", "cmdline": "", "logon_type": "", "logon_type_label": "", "logon_risk": "INFO", "privileges": "", "message": "An attempt was made to duplicate a handle to an object.\r\n\r\nSubject:\r\n\tSecurity ID:\t\tS-1-5-21-1251900359-2259549607-1534340609-1008\r\n\tAccount Name:\t\tlabuser\r\n\tAccount Domain:\t\tANISH\r\n\tLogon ID:\t\t0x1901bdd\r\n\r\nSource Handle Information:\r\n\tSource Handle ID:\t0x49c\r\n\tSource Process ID:\t0x8330\r\n\r\nNew Handle Information:\r\n\tTarget Handle ID:\t0x4440\r\n\tTarget Process ID:\t0x4\r\n", "raw_inserts": ["S-1-5-21-1251900359-2259549607-1534340609-1008", "labuser", "ANISH", "0x1901bdd", "0x49c", "0x8330", "0x4440", "0x4"]}
{"timestamp": "2026-04-07 12:36:53", "event_id": 4689, "channel": "Security", "source": "Microsoft-Windows-Security-Auditing", "computer": "Anish", "event_type": "generic", "event_type_label": "Generic System Event", "severity": "INFO", "severity_int": 0, "user": "PSLauncher.exe", "ip": "", "process_name": "", "cmdline": "", "logon_type": "", "logon_type_label": "", "logon_risk": "INFO", "privileges": "", "message": "A process has exited.\r\n\r\nSubject:\r\n\tSecurity ID:\t\tS-1-5-21-1251900359-2259549607-1534340609-1008\r\n\tAccount Name:\t\tlabuser\r\n\tAccount Domain:\t\tANISH\r\n\tLogon ID:\t\t0x1901bdd\r\n\r\nProcess Information:\r\n\tProcess ID:\t0x8330\r\n\tProcess Name:\tC:\\Program Files\\Acer\\NitroSense Service\\PSLauncher.exe\r\n\tExit Status:\t0x0\r\n", "raw_inserts": ["S-1-5-21-1251900359-2259549607-1534340609-1008", "labuser", "ANISH", "0x1901bdd", "0x0", "0x8330", "C:\\Program Files\\Acer\\NitroSense Service\\PSLauncher.exe"]}
{"timestamp": "2026-04-07 12:36:53", "event_id": 4673, "channel": "Security", "source": "Microsoft-Windows-Security-Auditing", "computer": "Anish", "event_type": "generic", "event_type_label": "Generic System Event", "severity": "INFO", "severity_int": 0, "user": "audiodg.exe", "ip": "", "process_name": "", "cmdline": "", "logon_type": "", "logon_type_label": "", "logon_risk": "INFO", "privileges": "", "message": "A privileged service was called.\r\n\r\nSubject:\r\n\tSecurity ID:\t\tS-1-5-19\r\n\tAccount Name:\t\tLOCAL SERVICE\r\n\tAccount Domain:\t\tNT AUTHORITY\r\n\tLogon ID:\t\t0x3e5\r\n\r\nService:\r\n\tServer:\tSecurity\r\n\tService Name:\t-\r\n\r\nProcess:\r\n\tProcess ID:\t0x5b04\r\n\tProcess Name:\tC:\\Windows\\System32\\audiodg.exe\r\n\r\nService Request Information:\r\n\tPrivileges:\t\tSeIncreaseBasePriorityPrivilege\r\n", "raw_inserts": ["S-1-5-19", "LOCAL SERVICE", "NT AUTHORITY", "0x3e5", "Security", "-", "SeIncreaseBasePriorityPrivilege", "0x5b04", "C:\\Windows\\System32\\audiodg.exe"]}
{"timestamp": "2026-04-07 12:36:53", "event_id": 4673, "channel": "Security", "source": "Microsoft-Windows-Security-Auditing", "computer": "Anish", "event_type": "generic", "event_type_label": "Generic System Event", "severity": "INFO", "severity_int": 0, "user": "svchost.exe", "ip": "", "process_name": "", "cmdline": "", "logon_type": "", "logon_type_label": "", "logon_risk": "INFO", "privileges": "", "message": "A privileged service was called.\r\n\r\nSubject:\r\n\tSecurity ID:\t\tS-1-5-21-1251900359-2259549607-1534340609-1008\r\n\tAccount Name:\t\tlabuser\r\n\tAccount Domain:\t\tANISH\r\n\tLogon ID:\t\t0x1901bdd\r\n\r\nService:\r\n\tServer:\tSecurity\r\n\tService Name:\t-\r\n\r\nProcess:\r\n\tProcess ID:\t0x63c\r\n\tProcess Name:\tC:\\Windows\\System32\\svchost.exe\r\n\r\nService Request Information:\r\n\tPrivileges:\t\tSeTcbPrivilege\r\n", "raw_inserts": ["S-1-5-21-1251900359-2259549607-1534340609-1008", "labuser", "ANISH", "0x1901bdd", "Security", "-", "SeTcbPrivilege", "0x63c", "C:\\Windows\\System32\\svchost.exe"]}
{"timestamp": "2026-04-07 12:36:53", "event_id": 5156, "channel": "Security", "source": "Microsoft-Windows-Security-Auditing", "computer": "Anish", "event_type": "generic", "event_type_label": "Generic System Event", "severity": "INFO", "severity_int": 0, "user": "msedgewebview2.exe", "ip": "", "process_name": "", "cmdline": "", "logon_type": "", "logon_type_label": "", "logon_risk": "INFO", "privileges": "", "message": "The Windows Filtering Platform has permitted a connection.\r\n\r\nApplication Information:\r\n\tProcess ID:\t\t16592\r\n\tApplication Name:\t\\device\\harddiskvolume4\\program files (x86)\\microsoft\\edgewebview\\application\\146.0.3856.97\\msedgewebview2.exe\r\n\r\nNetwork Information:\r\n\tDirection:\t\t%%14593\r\n\tSource Address:\t\t10.156.117.84\r\n\tSource Port:\t\t51371\r\n\tDestination Address:\t1.1.1.1\r\n\tDestination Port:\t\t53\r\n\tProtocol:\t\t17\r\n\tInterface Index:\t\t3\r\n\r\nFilter Information:\r\n\tFilter Origin:\t\tUnknown\r\n\tFilter Run-Time ", "raw_inserts": ["16592", "\\device\\harddiskvolume4\\program files (x86)\\microsoft\\edgewebview\\application\\146.0.3856.97\\msedgewebview2.exe", "%%14593", "10.156.117.84", "51371", "1.1.1.1", "53", "17", "3", "Unknown"]}
{"timestamp": "2026-04-07 12:36:54", "event_id": 4673, "channel": "Security", "source": "Microsoft-Windows-Security-Auditing", "computer": "Anish", "event_type": "generic", "event_type_label": "Generic System Event", "severity": "INFO", "severity_int": 0, "user": "Grammarly.Desktop.exe", "ip": "", "process_name": "", "cmdline": "", "logon_type": "", "logon_type_label": "", "logon_risk": "INFO", "privileges": "", "message": "A privileged service was called.\r\n\r\nSubject:\r\n\tSecurity ID:\t\tS-1-5-21-1251900359-2259549607-1534340609-1006\r\n\tAccount Name:\t\tNitro 5\r\n\tAccount Domain:\t\tANISH\r\n\tLogon ID:\t\t0x5e27e\r\n\r\nService:\r\n\tServer:\tSecurity\r\n\tService Name:\t-\r\n\r\nProcess:\r\n\tProcess ID:\t0x17b4\r\n\tProcess Name:\tC:\\Users\\Nitro 5\\AppData\\Local\\Grammarly\\DesktopIntegrations\\Grammarly.Desktop.exe\r\n\r\nService Request Information:\r\n\tPrivileges:\t\tSeRelabelPrivilege\r\n", "raw_inserts": ["S-1-5-21-1251900359-2259549607-1534340609-1006", "Nitro 5", "ANISH", "0x5e27e", "Security", "-", "SeRelabelPrivilege", "0x17b4", "C:\\Users\\Nitro 5\\AppData\\Local\\Grammarly\\DesktopIntegrations\\Grammarly.Desktop.exe"]}
{"timestamp": "2026-04-07 12:36:54", "event_id": 4699, "channel": "Security", "source": "Microsoft-Windows-Security-Auditing", "computer": "Anish", "event_type": "generic", "event_type_label": "Generic System Event", "severity": "INFO", "severity_int": 0, "user": "MSIAfterburner", "ip": "", "process_name": "", "cmdline": "", "logon_type": "", "logon_type_label": "", "logon_risk": "INFO", "privileges": "", "message": "A scheduled task was deleted.\r\n\r\nSubject:\r\n\tSecurity ID:\t\tS-1-5-21-1251900359-2259549607-1534340609-1006\r\n\tAccount Name:\t\tNitro 5\r\n\tAccount Domain:\t\tANISH\r\n\tLogon ID:\t\t0x5dfcd\r\n\r\nTask Information:\r\n\tTask Name: \t\t\\MSIAfterburner\r\n\tTask Content: \t\t\r\n\r\nOther Information:\r\n\tProcessCreationTime: \t\t128071114403350036\r\n\tClientProcessId: \t\t\t18452\r\n\tParentProcessId: \t\t\t2356\r\n\tFQDN: \t\t0\r\n\t\r\n", "raw_inserts": ["S-1-5-21-1251900359-2259549607-1534340609-1006", "Nitro 5", "ANISH", "0x5dfcd", "\\MSIAfterburner", "", "128071114403350036", "18452", "2356", "0"]}
{"timestamp": "2026-04-07 12:36:54", "event_id": 4698, "channel": "Security", "source": "Microsoft-Windows-Security-Auditing", "computer": "Anish", "event_type": "generic", "event_type_label": "Generic System Event", "severity": "INFO", "severity_int": 0, "user": "MSIAfterburner", "ip": "", "process_name": "", "cmdline": "", "logon_type": "", "logon_type_label": "", "logon_risk": "INFO", "privileges": "", "message": "A scheduled task was created.\r\n\r\nSubject:\r\n\tSecurity ID:\t\tS-1-5-21-1251900359-2259549607-1534340609-1006\r\n\tAccount Name:\t\tNitro 5\r\n\tAccount Domain:\t\tANISH\r\n\tLogon ID:\t\t0x5dfcd\r\n\r\nTask Information:\r\n\tTask Name: \t\t\\MSIAfterburner\r\n\tTask Content: \t\t<?xml version=\"1.0\" encoding=\"UTF-16\"?>\r\n<Task version=\"1.2\" xmlns=\"http://schemas.microsoft.com/windows/2004/02/mit/task\">\r\n  <RegistrationInfo>\r\n    <URI>\\MSIAfterburner</URI>\r\n  </RegistrationInfo>\r\n  <Triggers>\r\n    <LogonTrigger>\r\n      <Enabled>tru", "raw_inserts": ["S-1-5-21-1251900359-2259549607-1534340609-1006", "Nitro 5", "ANISH", "0x5dfcd", "\\MSIAfterburner", "<?xml version=\"1.0\" encoding=\"UTF-16\"?>\r\n<Task version=\"1.2\" xmlns=\"http://schemas.microsoft.com/windows/2004/02/mit/task\">\r\n  <RegistrationInfo>\r\n    <URI>\\MSIAfterburner</URI>\r\n  </RegistrationInfo>\r\n  <Triggers>\r\n    <LogonTrigger>\r\n      <Enabled>true</Enabled>\r\n    </LogonTrigger>\r\n  </Triggers>\r\n  <Principals>\r\n    <Principal id=\"Author\">\r\n      <RunLevel>HighestAvailable</RunLevel>\r\n      <UserId>ANISH\\Nitro 5</UserId>\r\n      <LogonType>InteractiveToken</LogonType>\r\n    </Principal>\r\n  </Principals>\r\n  <Settings>\r\n    <MultipleInstancesPolicy>IgnoreNew</MultipleInstancesPolicy>\r\n    <DisallowStartIfOnBatteries>false</DisallowStartIfOnBatteries>\r\n    <StopIfGoingOnBatteries>false</StopIfGoingOnBatteries>\r\n    <AllowHardTerminate>true</AllowHardTerminate>\r\n    <StartWhenAvailable>true</StartWhenAvailable>\r\n    <RunOnlyIfNetworkAvailable>false</RunOnlyIfNetworkAvailable>\r\n    <IdleSettings>\r\n      <Duration>PT10M</Duration>\r\n      <WaitTimeout>PT1H</WaitTimeout>\r\n      <StopOnIdleEnd>false</StopOnIdleEnd>\r\n      <RestartOnIdle>false</RestartOnIdle>\r\n    </IdleSettings>\r\n    <AllowStartOnDemand>true</AllowStartOnDemand>\r\n    <Enabled>true</Enabled>\r\n    <Hidden>false</Hidden>\r\n    <RunOnlyIfIdle>false</RunOnlyIfIdle>\r\n    <WakeToRun>false</WakeToRun>\r\n    <ExecutionTimeLimit>PT0S</ExecutionTimeLimit>\r\n    <Priority>7</Priority>\r\n  </Settings>\r\n  <Actions Context=\"Author\">\r\n    <Exec>\r\n      <Command>C:\\Program Files (x86)\\MSI Afterburner\\MSIAfterburner.exe</Command>\r\n      <Arguments>/s</Arguments>\r\n    </Exec>\r\n  </Actions>\r\n</Task>", "128071114403350036", "18452", "2356", "0"]}
{"timestamp": "2026-04-07 12:36:55", "event_id": 5156, "channel": "Security", "source": "Microsoft-Windows-Security-Auditing", "computer": "Anish", "event_type": "generic", "event_type_label": "Generic System Event", "severity": "INFO", "severity_int": 0, "user": "nvcontainer.exe", "ip": "", "process_name": "", "cmdline": "", "logon_type": "", "logon_type_label": "", "logon_risk": "INFO", "privileges": "", "message": "The Windows Filtering Platform has permitted a connection.\r\n\r\nApplication Information:\r\n\tProcess ID:\t\t28264\r\n\tApplication Name:\t\\device\\harddiskvolume4\\program files\\nvidia corporation\\nvcontainer\\nvcontainer.exe\r\n\r\nNetwork Information:\r\n\tDirection:\t\t%%14593\r\n\tSource Address:\t\t10.156.117.84\r\n\tSource Port:\t\t53004\r\n\tDestination Address:\t23.58.95.138\r\n\tDestination Port:\t\t443\r\n\tProtocol:\t\t6\r\n\tInterface Index:\t\t3\r\n\r\nFilter Information:\r\n\tFilter Origin:\t\tUnknown\r\n\tFilter Run-Time ID:\t0\r\n\tLayer Name:\t\t", "raw_inserts": ["28264", "\\device\\harddiskvolume4\\program files\\nvidia corporation\\nvcontainer\\nvcontainer.exe", "%%14593", "10.156.117.84", "53004", "23.58.95.138", "443", "6", "3", "Unknown"]}
{"timestamp": "2026-04-07 12:36:55", "event_id": 4689, "channel": "Security", "source": "Microsoft-Windows-Security-Auditing", "computer": "Anish", "event_type": "generic", "event_type_label": "Generic System Event", "severity": "INFO", "severity_int": 0, "user": "PickerHost.exe", "ip": "", "process_name": "", "cmdline": "", "logon_type": "", "logon_type_label": "", "logon_risk": "INFO", "privileges": "", "message": "A process has exited.\r\n\r\nSubject:\r\n\tSecurity ID:\t\tS-1-5-21-1251900359-2259549607-1534340609-1008\r\n\tAccount Name:\t\tlabuser\r\n\tAccount Domain:\t\tANISH\r\n\tLogon ID:\t\t0x1901bdd\r\n\r\nProcess Information:\r\n\tProcess ID:\t0x31c\r\n\tProcess Name:\tC:\\Windows\\System32\\PickerHost.exe\r\n\tExit Status:\t0x0\r\n", "raw_inserts": ["S-1-5-21-1251900359-2259549607-1534340609-1008", "labuser", "ANISH", "0x1901bdd", "0x0", "0x31c", "C:\\Windows\\System32\\PickerHost.exe"]}
{"timestamp": "2026-04-07 12:36:56", "event_id": 5156, "channel": "Security", "source": "Microsoft-Windows-Security-Auditing", "computer": "Anish", "event_type": "generic", "event_type_label": "Generic System Event", "severity": "INFO", "severity_int": 0, "user": "adskaccessservice.exe", "ip": "", "process_name": "", "cmdline": "", "logon_type": "", "logon_type_label": "", "logon_risk": "INFO", "privileges": "", "message": "The Windows Filtering Platform has permitted a connection.\r\n\r\nApplication Information:\r\n\tProcess ID:\t\t10124\r\n\tApplication Name:\t\\device\\harddiskvolume4\\program files\\autodesk\\adodis\\v1\\setup\\adskaccessservice.exe\r\n\r\nNetwork Information:\r\n\tDirection:\t\t%%14593\r\n\tSource Address:\t\t127.0.0.1\r\n\tSource Port:\t\t53007\r\n\tDestination Address:\t127.0.0.1\r\n\tDestination Port:\t\t49675\r\n\tProtocol:\t\t6\r\n\tInterface Index:\t\t1\r\n\r\nFilter Information:\r\n\tFilter Origin:\t\tAppContainer Loopback\r\n\tFilter Run-Time ID:\t67110\r\n\t", "raw_inserts": ["10124", "\\device\\harddiskvolume4\\program files\\autodesk\\adodis\\v1\\setup\\adskaccessservice.exe", "%%14593", "127.0.0.1", "53007", "127.0.0.1", "49675", "6", "1", "AppContainer Loopback"]}
{"timestamp": "2026-04-07 12:36:56", "event_id": 5156, "channel": "Security", "source": "Microsoft-Windows-Security-Auditing", "computer": "Anish", "event_type": "generic", "event_type_label": "Generic System Event", "severity": "INFO", "severity_int": 0, "user": "cer_service.exe", "ip": "", "process_name": "", "cmdline": "", "logon_type": "", "logon_type_label": "", "logon_risk": "INFO", "privileges": "", "message": "The Windows Filtering Platform has permitted a connection.\r\n\r\nApplication Information:\r\n\tProcess ID:\t\t5136\r\n\tApplication Name:\t\\device\\harddiskvolume4\\program files\\autodesk\\autodesk cer\\service\\cer_service.exe\r\n\r\nNetwork Information:\r\n\tDirection:\t\t%%14592\r\n\tSource Address:\t\t127.0.0.1\r\n\tSource Port:\t\t53007\r\n\tDestination Address:\t127.0.0.1\r\n\tDestination Port:\t\t49675\r\n\tProtocol:\t\t6\r\n\tInterface Index:\t\t1\r\n\r\nFilter Information:\r\n\tFilter Origin:\t\tAppContainer Loopback\r\n\tFilter Run-Time ID:\t67104\r\n\tLa", "raw_inserts": ["5136", "\\device\\harddiskvolume4\\program files\\autodesk\\autodesk cer\\service\\cer_service.exe", "%%14592", "127.0.0.1", "53007", "127.0.0.1", "49675", "6", "1", "AppContainer Loopback"]}
{"timestamp": "2026-04-07 12:36:56", "event_id": 5158, "channel": "Security", "source": "Microsoft-Windows-Security-Auditing", "computer": "Anish", "event_type": "generic", "event_type_label": "Generic System Event", "severity": "INFO", "severity_int": 0, "user": "msedgewebview2.exe", "ip": "", "process_name": "", "cmdline": "", "logon_type": "", "logon_type_label": "", "logon_risk": "INFO", "privileges": "", "message": "The Windows Filtering Platform has permitted a bind to a local port.\r\n\r\nApplication Information:\r\n\tProcess ID:\t\t16592\r\n\tApplication Name:\t\\device\\harddiskvolume4\\program files (x86)\\microsoft\\edgewebview\\application\\146.0.3856.97\\msedgewebview2.exe\r\n\r\nNetwork Information:\r\n\tSource Address:\t\t::\r\n\tSource Port:\t\t61172\r\n\tProtocol:\t\t17\r\n\r\nFilter Information:\r\n\tFilter Run-Time ID:\t0\r\n\tLayer Name:\t\t%%14608\r\n\tLayer Run-Time ID:\t36\r\n", "raw_inserts": ["16592", "\\device\\harddiskvolume4\\program files (x86)\\microsoft\\edgewebview\\application\\146.0.3856.97\\msedgewebview2.exe", "::", "61172", "17", "0", "%%14608", "36"]}
{"timestamp": "2026-04-07 12:36:56", "event_id": 4689, "channel": "Security", "source": "Microsoft-Windows-Security-Auditing", "computer": "Anish", "event_type": "generic", "event_type_label": "Generic System Event", "severity": "INFO", "severity_int": 0, "user": "MSIAfterburner.exe", "ip": "", "process_name": "", "cmdline": "", "logon_type": "", "logon_type_label": "", "logon_risk": "INFO", "privileges": "", "message": "A process has exited.\r\n\r\nSubject:\r\n\tSecurity ID:\t\tS-1-5-21-1251900359-2259549607-1534340609-1006\r\n\tAccount Name:\t\tNitro 5\r\n\tAccount Domain:\t\tANISH\r\n\tLogon ID:\t\t0x5dfcd\r\n\r\nProcess Information:\r\n\tProcess ID:\t0x4814\r\n\tProcess Name:\tC:\\Program Files (x86)\\MSI Afterburner\\MSIAfterburner.exe\r\n\tExit Status:\t0x0\r\n", "raw_inserts": ["S-1-5-21-1251900359-2259549607-1534340609-1006", "Nitro 5", "ANISH", "0x5dfcd", "0x0", "0x4814", "C:\\Program Files (x86)\\MSI Afterburner\\MSIAfterburner.exe"]}
{"timestamp": "2026-04-07 12:36:57", "event_id": 4689, "channel": "Security", "source": "Microsoft-Windows-Security-Auditing", "computer": "Anish", "event_type": "generic", "event_type_label": "Generic System Event", "severity": "INFO", "severity_int": 0, "user": "svchost.exe", "ip": "", "process_name": "", "cmdline": "", "logon_type": "", "logon_type_label": "", "logon_risk": "INFO", "privileges": "", "message": "A process has exited.\r\n\r\nSubject:\r\n\tSecurity ID:\t\tS-1-5-18\r\n\tAccount Name:\t\tANISH$\r\n\tAccount Domain:\t\tWORKGROUP\r\n\tLogon ID:\t\t0x3e7\r\n\r\nProcess Information:\r\n\tProcess ID:\t0x7fd0\r\n\tProcess Name:\tC:\\Windows\\System32\\svchost.exe\r\n\tExit Status:\t0x0\r\n", "raw_inserts": ["S-1-5-18", "ANISH$", "WORKGROUP", "0x3e7", "0x0", "0x7fd0", "C:\\Windows\\System32\\svchost.exe"]}
{"timestamp": "2026-04-07 12:36:57", "event_id": 4688, "channel": "Security", "source": "Microsoft-Windows-Security-Auditing", "computer": "Anish", "event_type": "process_created", "event_type_label": "New Process Created", "severity": "LOW", "severity_int": 1, "user": "ANISH$", "ip": "", "process_name": "notepad.exe", "cmdline": "\"c:\\program files\\windowsapps\\microsoft.windowsnotepad_11.2510.14.0_x64__8wekyb3d8bbwe\\notepad\\notepad.exe\" \"c:\\users\\public\\desktop\\hacked_3.txt\"", "logon_type": "", "logon_type_label": "", "logon_risk": "INFO", "privileges": "", "message": "A new process has been created.\r\n\r\nCreator Subject:\r\n\tSecurity ID:\t\tS-1-5-18\r\n\tAccount Name:\t\tANISH$\r\n\tAccount Domain:\t\tWORKGROUP\r\n\tLogon ID:\t\t0x3e7\r\n\r\nTarget Subject:\r\n\tSecurity ID:\t\tS-1-5-21-1251900359-2259549607-1534340609-1008\r\n\tAccount Name:\t\tlabuser\r\n\tAccount Domain:\t\tANISH\r\n\tLogon ID:\t\t0x1901bdd\r\n\r\nProcess Information:\r\n\tNew Process ID:\t\t0x3b00\r\n\tNew Process Name:\tC\r\n\tToken Elevation Type:\t%%1938\r\n\tMandatory Label:\t\tS-1-16-8192\r\n\tCreator Process ID:\t0x831c\r\n\tCreator Process Name:\tC\r\n\tProc", "raw_inserts": ["S-1-5-18", "ANISH$", "WORKGROUP", "0x3e7", "0x3b00", "C:\\Program Files\\WindowsApps\\Microsoft.WindowsNotepad_11.2510.14.0_x64__8wekyb3d8bbwe\\Notepad\\Notepad.exe", "%%1938", "0x831c", "\"C:\\Program Files\\WindowsApps\\Microsoft.WindowsNotepad_11.2510.14.0_x64__8wekyb3d8bbwe\\Notepad\\Notepad.exe\" \"C:\\Users\\Public\\Desktop\\hacked_3.txt\"", "S-1-5-21-1251900359-2259549607-1534340609-1008"]}
{"timestamp": "2026-04-07 12:36:57", "event_id": 4690, "channel": "Security", "source": "Microsoft-Windows-Security-Auditing", "computer": "Anish", "event_type": "generic", "event_type_label": "Generic System Event", "severity": "INFO", "severity_int": 0, "user": "SYSTEM", "ip": "", "process_name": "", "cmdline": "", "logon_type": "", "logon_type_label": "", "logon_risk": "INFO", "privileges": "", "message": "An attempt was made to duplicate a handle to an object.\r\n\r\nSubject:\r\n\tSecurity ID:\t\tS-1-5-21-1251900359-2259549607-1534340609-1008\r\n\tAccount Name:\t\tlabuser\r\n\tAccount Domain:\t\tANISH\r\n\tLogon ID:\t\t0x1901bdd\r\n\r\nSource Handle Information:\r\n\tSource Handle ID:\t0x2d80\r\n\tSource Process ID:\t0x831c\r\n\r\nNew Handle Information:\r\n\tTarget Handle ID:\t0x8694\r\n\tTarget Process ID:\t0x4\r\n", "raw_inserts": ["S-1-5-21-1251900359-2259549607-1534340609-1008", "labuser", "ANISH", "0x1901bdd", "0x2d80", "0x831c", "0x8694", "0x4"]}
{"timestamp": "2026-04-07 12:36:58", "event_id": 4689, "channel": "Security", "source": "Microsoft-Windows-Security-Auditing", "computer": "Anish", "event_type": "generic", "event_type_label": "Generic System Event", "severity": "INFO", "severity_int": 0, "user": "dllhost.exe", "ip": "", "process_name": "", "cmdline": "", "logon_type": "", "logon_type_label": "", "logon_risk": "INFO", "privileges": "", "message": "A process has exited.\r\n\r\nSubject:\r\n\tSecurity ID:\t\tS-1-5-21-1251900359-2259549607-1534340609-1008\r\n\tAccount Name:\t\tlabuser\r\n\tAccount Domain:\t\tANISH\r\n\tLogon ID:\t\t0x1901bdd\r\n\r\nProcess Information:\r\n\tProcess ID:\t0x7b3c\r\n\tProcess Name:\tC:\\Windows\\System32\\dllhost.exe\r\n\tExit Status:\t0x0\r\n", "raw_inserts": ["S-1-5-21-1251900359-2259549607-1534340609-1008", "labuser", "ANISH", "0x1901bdd", "0x0", "0x7b3c", "C:\\Windows\\System32\\dllhost.exe"]}
{"timestamp": "2026-04-07 12:36:59", "event_id": 4688, "channel": "Security", "source": "Microsoft-Windows-Security-Auditing", "computer": "Anish", "event_type": "process_created", "event_type_label": "New Process Created", "severity": "LOW", "severity_int": 1, "user": "labuser", "ip": "", "process_name": "onedrive.exe", "cmdline": "\"c:\\program files\\microsoft onedrive\\onedrive.exe\" /background", "logon_type": "", "logon_type_label": "", "logon_risk": "INFO", "privileges": "", "message": "A new process has been created.\r\n\r\nCreator Subject:\r\n\tSecurity ID:\t\tS-1-5-21-1251900359-2259549607-1534340609-1008\r\n\tAccount Name:\t\tlabuser\r\n\tAccount Domain:\t\tANISH\r\n\tLogon ID:\t\t0x1901bdd\r\n\r\nTarget Subject:\r\n\tSecurity ID:\t\tS-1-0-0\r\n\tAccount Name:\t\t-\r\n\tAccount Domain:\t\t-\r\n\tLogon ID:\t\t0x0\r\n\r\nProcess Information:\r\n\tNew Process ID:\t\t0x7680\r\n\tNew Process Name:\tC\r\n\tToken Elevation Type:\t%%1938\r\n\tMandatory Label:\t\tS-1-16-8192\r\n\tCreator Process ID:\t0x831c\r\n\tCreator Process Name:\tC\r\n\tProcess Command Line", "raw_inserts": ["S-1-5-21-1251900359-2259549607-1534340609-1008", "labuser", "ANISH", "0x1901bdd", "0x7680", "C:\\Program Files\\Microsoft OneDrive\\OneDrive.exe", "%%1938", "0x831c", "\"C:\\Program Files\\Microsoft OneDrive\\OneDrive.exe\" /background", "S-1-0-0"]}
{"timestamp": "2026-04-07 12:37:00", "event_id": 5156, "channel": "Security", "source": "Microsoft-Windows-Security-Auditing", "computer": "Anish", "event_type": "generic", "event_type_label": "Generic System Event", "severity": "INFO", "severity_int": 0, "user": "microsoftstartfeedprovider.exe", "ip": "", "process_name": "", "cmdline": "", "logon_type": "", "logon_type_label": "", "logon_risk": "INFO", "privileges": "", "message": "The Windows Filtering Platform has permitted a connection.\r\n\r\nApplication Information:\r\n\tProcess ID:\t\t30032\r\n\tApplication Name:\t\\device\\harddiskvolume4\\program files\\windowsapps\\microsoft.startexperiencesapp_1.195.0.0_x64__8wekyb3d8bbwe\\microsoftstartfeedprovider\\microsoftstartfeedprovider.exe\r\n\r\nNetwork Information:\r\n\tDirection:\t\t%%14593\r\n\tSource Address:\t\t10.156.117.84\r\n\tSource Port:\t\t53009\r\n\tDestination Address:\t20.189.173.18\r\n\tDestination Port:\t\t443\r\n\tProtocol:\t\t6\r\n\tInterface Index:\t\t3\r\n\r\nFi", "raw_inserts": ["30032", "\\device\\harddiskvolume4\\program files\\windowsapps\\microsoft.startexperiencesapp_1.195.0.0_x64__8wekyb3d8bbwe\\microsoftstartfeedprovider\\microsoftstartfeedprovider.exe", "%%14593", "10.156.117.84", "53009", "20.189.173.18", "443", "6", "3", "Unknown"]}
{"timestamp": "2026-04-07 12:37:00", "event_id": 5156, "channel": "Security", "source": "Microsoft-Windows-Security-Auditing", "computer": "Anish", "event_type": "generic", "event_type_label": "Generic System Event", "severity": "INFO", "severity_int": 0, "user": "firefox.exe", "ip": "", "process_name": "", "cmdline": "", "logon_type": "", "logon_type_label": "", "logon_risk": "INFO", "privileges": "", "message": "The Windows Filtering Platform has permitted a connection.\r\n\r\nApplication Information:\r\n\tProcess ID:\t\t5256\r\n\tApplication Name:\t\\device\\harddiskvolume4\\program files\\mozilla firefox\\firefox.exe\r\n\r\nNetwork Information:\r\n\tDirection:\t\t%%14593\r\n\tSource Address:\t\t127.0.0.1\r\n\tSource Port:\t\t53011\r\n\tDestination Address:\t127.0.0.1\r\n\tDestination Port:\t\t5000\r\n\tProtocol:\t\t6\r\n\tInterface Index:\t\t1\r\n\r\nFilter Information:\r\n\tFilter Origin:\t\tAppContainer Loopback\r\n\tFilter Run-Time ID:\t67110\r\n\tLayer Name:\t\t%%14611\r", "raw_inserts": ["5256", "\\device\\harddiskvolume4\\program files\\mozilla firefox\\firefox.exe", "%%14593", "127.0.0.1", "53011", "127.0.0.1", "5000", "6", "1", "AppContainer Loopback"]}
{"timestamp": "2026-04-07 12:37:00", "event_id": 5156, "channel": "Security", "source": "Microsoft-Windows-Security-Auditing", "computer": "Anish", "event_type": "generic", "event_type_label": "Generic System Event", "severity": "INFO", "severity_int": 0, "user": "python.exe", "ip": "", "process_name": "", "cmdline": "", "logon_type": "", "logon_type_label": "", "logon_risk": "INFO", "privileges": "", "message": "The Windows Filtering Platform has permitted a connection.\r\n\r\nApplication Information:\r\n\tProcess ID:\t\t19868\r\n\tApplication Name:\t\\device\\harddiskvolume4\\users\\nitro 5\\appdata\\local\\programs\\python\\python312\\python.exe\r\n\r\nNetwork Information:\r\n\tDirection:\t\t%%14592\r\n\tSource Address:\t\t127.0.0.1\r\n\tSource Port:\t\t53011\r\n\tDestination Address:\t127.0.0.1\r\n\tDestination Port:\t\t5000\r\n\tProtocol:\t\t6\r\n\tInterface Index:\t\t1\r\n\r\nFilter Information:\r\n\tFilter Origin:\t\tAppContainer Loopback\r\n\tFilter Run-Time ID:\t67104", "raw_inserts": ["19868", "\\device\\harddiskvolume4\\users\\nitro 5\\appdata\\local\\programs\\python\\python312\\python.exe", "%%14592", "127.0.0.1", "53011", "127.0.0.1", "5000", "6", "1", "AppContainer Loopback"]}
{"timestamp": "2026-04-07 12:37:00", "event_id": 4673, "channel": "Security", "source": "Microsoft-Windows-Security-Auditing", "computer": "Anish", "event_type": "generic", "event_type_label": "Generic System Event", "severity": "INFO", "severity_int": 0, "user": "svchost.exe", "ip": "", "process_name": "", "cmdline": "", "logon_type": "", "logon_type_label": "", "logon_risk": "INFO", "privileges": "", "message": "A privileged service was called.\r\n\r\nSubject:\r\n\tSecurity ID:\t\tS-1-5-21-1251900359-2259549607-1534340609-1008\r\n\tAccount Name:\t\tlabuser\r\n\tAccount Domain:\t\tANISH\r\n\tLogon ID:\t\t0x1901bdd\r\n\r\nService:\r\n\tServer:\tSecurity\r\n\tService Name:\t-\r\n\r\nProcess:\r\n\tProcess ID:\t0x63c\r\n\tProcess Name:\tC:\\Windows\\System32\\svchost.exe\r\n\r\nService Request Information:\r\n\tPrivileges:\t\tSeTcbPrivilege\r\n", "raw_inserts": ["S-1-5-21-1251900359-2259549607-1534340609-1008", "labuser", "ANISH", "0x1901bdd", "Security", "-", "SeTcbPrivilege", "0x63c", "C:\\Windows\\System32\\svchost.exe"]}
{"timestamp": "2026-04-07 12:37:00", "event_id": 5156, "channel": "Security", "source": "Microsoft-Windows-Security-Auditing", "computer": "Anish", "event_type": "generic", "event_type_label": "Generic System Event", "severity": "INFO", "severity_int": 0, "user": "onedrive.exe", "ip": "", "process_name": "", "cmdline": "", "logon_type": "", "logon_type_label": "", "logon_risk": "INFO", "privileges": "", "message": "The Windows Filtering Platform has permitted a connection.\r\n\r\nApplication Information:\r\n\tProcess ID:\t\t30336\r\n\tApplication Name:\t\\device\\harddiskvolume4\\program files\\microsoft onedrive\\onedrive.exe\r\n\r\nNetwork Information:\r\n\tDirection:\t\t%%14593\r\n\tSource Address:\t\t10.156.117.84\r\n\tSource Port:\t\t53016\r\n\tDestination Address:\t150.171.109.130\r\n\tDestination Port:\t\t443\r\n\tProtocol:\t\t6\r\n\tInterface Index:\t\t3\r\n\r\nFilter Information:\r\n\tFilter Origin:\t\tUnknown\r\n\tFilter Run-Time ID:\t0\r\n\tLayer Name:\t\t%%14611\r\n\tLa", "raw_inserts": ["30336", "\\device\\harddiskvolume4\\program files\\microsoft onedrive\\onedrive.exe", "%%14593", "10.156.117.84", "53016", "150.171.109.130", "443", "6", "3", "Unknown"]}
{"timestamp": "2026-04-07 12:37:00", "event_id": 4689, "channel": "Security", "source": "Microsoft-Windows-Security-Auditing", "computer": "Anish", "event_type": "generic", "event_type_label": "Generic System Event", "severity": "INFO", "severity_int": 0, "user": "backgroundTaskHost.exe", "ip": "", "process_name": "", "cmdline": "", "logon_type": "", "logon_type_label": "", "logon_risk": "INFO", "privileges": "", "message": "A process has exited.\r\n\r\nSubject:\r\n\tSecurity ID:\t\tS-1-5-21-1251900359-2259549607-1534340609-1008\r\n\tAccount Name:\t\tlabuser\r\n\tAccount Domain:\t\tANISH\r\n\tLogon ID:\t\t0x1901bdd\r\n\r\nProcess Information:\r\n\tProcess ID:\t0x1e30\r\n\tProcess Name:\tC:\\Windows\\System32\\backgroundTaskHost.exe\r\n\tExit Status:\t0x1\r\n", "raw_inserts": ["S-1-5-21-1251900359-2259549607-1534340609-1008", "labuser", "ANISH", "0x1901bdd", "0x1", "0x1e30", "C:\\Windows\\System32\\backgroundTaskHost.exe"]}
{"timestamp": "2026-04-07 12:37:02", "event_id": 113, "channel": "System", "source": "Microsoft-Windows-HttpService", "computer": "Anish", "event_type": "generic", "event_type_label": "Generic System Event", "severity": "INFO", "severity_int": 0, "user": "svchost.exe", "ip": "", "process_name": "", "cmdline": "", "logon_type": "", "logon_type_label": "", "logon_risk": "INFO", "privileges": "", "message": "Attempted to add URL (http://*:2869/) to URL group (18302628911940370433). Status: 0. Process Id 19412 Executable path \\Device\\HarddiskVolume4\\Windows\\System32\\svchost.exe, User S-1-5-19\r\n", "raw_inserts": ["18302628911940370433", "http://*:2869/", "0", "19412", "\\Device\\HarddiskVolume4\\Windows\\System32\\svchost.exe", "S-1-5-19"]}
{"timestamp": "2026-04-07 12:37:02", "event_id": 5158, "channel": "Security", "source": "Microsoft-Windows-Security-Auditing", "computer": "Anish", "event_type": "generic", "event_type_label": "Generic System Event", "severity": "INFO", "severity_int": 0, "user": "SYSTEM", "ip": "", "process_name": "", "cmdline": "", "logon_type": "", "logon_type_label": "", "logon_risk": "INFO", "privileges": "", "message": "The Windows Filtering Platform has permitted a bind to a local port.\r\n\r\nApplication Information:\r\n\tProcess ID:\t\t4\r\n\tApplication Name:\tSystem\r\n\r\nNetwork Information:\r\n\tSource Address:\t\t::\r\n\tSource Port:\t\t2869\r\n\tProtocol:\t\t6\r\n\r\nFilter Information:\r\n\tFilter Run-Time ID:\t0\r\n\tLayer Name:\t\t%%14608\r\n\tLayer Run-Time ID:\t38\r\n", "raw_inserts": ["4", "System", "::", "2869", "6", "0", "%%14608", "38"]}
{"timestamp": "2026-04-07 12:37:02", "event_id": 5154, "channel": "Security", "source": "Microsoft-Windows-Security-Auditing", "computer": "Anish", "event_type": "generic", "event_type_label": "Generic System Event", "severity": "INFO", "severity_int": 0, "user": "SYSTEM", "ip": "", "process_name": "", "cmdline": "", "logon_type": "", "logon_type_label": "", "logon_risk": "INFO", "privileges": "", "message": "The Windows Filtering Platform has permitted an application or service to listen on a port for incoming connections.\r\n\r\nApplication Information:\r\n\tProcess ID:\t\t4\r\n\tApplication Name:\tSystem\r\n\r\nNetwork Information:\r\n\tSource Address:\t\t::\r\n\tSource Port:\t\t2869\r\n\tProtocol:\t\t6\r\n\r\nFilter Information:\r\n\tFilter Run-Time ID:\t0\r\n\tLayer Name:\t\t%%14609\r\n\tLayer Run-Time ID:\t42\r\n", "raw_inserts": ["4", "System", "::", "2869", "6", "0", "%%14609", "42"]}
{"timestamp": "2026-04-07 12:37:02", "event_id": 5156, "channel": "Security", "source": "Microsoft-Windows-Security-Auditing", "computer": "Anish", "event_type": "generic", "event_type_label": "Generic System Event", "severity": "INFO", "severity_int": 0, "user": "svchost.exe", "ip": "", "process_name": "", "cmdline": "", "logon_type": "", "logon_type_label": "", "logon_risk": "INFO", "privileges": "", "message": "The Windows Filtering Platform has permitted a connection.\r\n\r\nApplication Information:\r\n\tProcess ID:\t\t7720\r\n\tApplication Name:\t\\device\\harddiskvolume4\\windows\\system32\\svchost.exe\r\n\r\nNetwork Information:\r\n\tDirection:\t\t%%14592\r\n\tSource Address:\t\t127.0.0.1\r\n\tSource Port:\t\t1900\r\n\tDestination Address:\t239.255.255.250\r\n\tDestination Port:\t\t1900\r\n\tProtocol:\t\t17\r\n\tInterface Index:\t\t1\r\n\r\nFilter Information:\r\n\tFilter Origin:\t\tAppContainer Loopback\r\n\tFilter Run-Time ID:\t67104\r\n\tLayer Name:\t\t%%14610\r\n\tLayer", "raw_inserts": ["7720", "\\device\\harddiskvolume4\\windows\\system32\\svchost.exe", "%%14592", "127.0.0.1", "1900", "239.255.255.250", "1900", "17", "1", "AppContainer Loopback"]}
{"timestamp": "2026-04-07 12:37:02", "event_id": 4689, "channel": "Security", "source": "Microsoft-Windows-Security-Auditing", "computer": "Anish", "event_type": "generic", "event_type_label": "Generic System Event", "severity": "INFO", "severity_int": 0, "user": "Notepad.exe", "ip": "", "process_name": "", "cmdline": "", "logon_type": "", "logon_type_label": "", "logon_risk": "INFO", "privileges": "", "message": "A process has exited.\r\n\r\nSubject:\r\n\tSecurity ID:\t\tS-1-5-21-1251900359-2259549607-1534340609-1008\r\n\tAccount Name:\t\tlabuser\r\n\tAccount Domain:\t\tANISH\r\n\tLogon ID:\t\t0x1901bdd\r\n\r\nProcess Information:\r\n\tProcess ID:\t0x3b00\r\n\tProcess Name:\tC:\\Program Files\\WindowsApps\\Microsoft.WindowsNotepad_11.2510.14.0_x64__8wekyb3d8bbwe\\Notepad\\Notepad.exe\r\n\tExit Status:\t0x0\r\n", "raw_inserts": ["S-1-5-21-1251900359-2259549607-1534340609-1008", "labuser", "ANISH", "0x1901bdd", "0x0", "0x3b00", "C:\\Program Files\\WindowsApps\\Microsoft.WindowsNotepad_11.2510.14.0_x64__8wekyb3d8bbwe\\Notepad\\Notepad.exe"]}
