{"timestamp": "2026-04-07 12:37:16", "event_id": 5156, "channel": "Security", "source": "Microsoft-Windows-Security-Auditing", "computer": "Anish", "event_type": "generic", "event_type_label": "Generic System Event", "severity": "INFO", "severity_int": 0, "user": "lghub_gl.exe", "ip": "", "process_name": "", "cmdline": "", "logon_type": "", "logon_type_label": "", "logon_risk": "INFO", "privileges": "", "message": "The Windows Filtering Platform has permitted a connection.\r\n\r\nApplication Information:\r\n\tProcess ID:\t\t23152\r\n\tApplication Name:\t\\device\\harddiskvolume4\\program files\\lghub\\lghub_gl.exe\r\n\r\nNetwork Information:\r\n\tDirection:\t\t%%14593\r\n\tSource Address:\t\t127.0.0.1\r\n\tSource Port:\t\t53043\r\n\tDestination Address:\t127.0.0.1\r\n\tDestination Port:\t\t53042\r\n\tProtocol:\t\t6\r\n\tInterface Index:\t\t1\r\n\r\nFilter Information:\r\n\tFilter Origin:\t\tAppContainer Loopback\r\n\tFilter Run-Time ID:\t67110\r\n\tLayer Name:\t\t%%14611\r\n\tLayer", "raw_inserts": ["23152", "\\device\\harddiskvolume4\\program files\\lghub\\lghub_gl.exe", "%%14593", "127.0.0.1", "53043", "127.0.0.1", "53042", "6", "1", "AppContainer Loopback"]}
{"timestamp": "2026-04-07 12:37:16", "event_id": 4689, "channel": "Security", "source": "Microsoft-Windows-Security-Auditing", "computer": "Anish", "event_type": "generic", "event_type_label": "Generic System Event", "severity": "INFO", "severity_int": 0, "user": "taskhostw.exe", "ip": "", "process_name": "", "cmdline": "", "logon_type": "", "logon_type_label": "", "logon_risk": "INFO", "privileges": "", "message": "A process has exited.\r\n\r\nSubject:\r\n\tSecurity ID:\t\tS-1-5-21-1251900359-2259549607-1534340609-1006\r\n\tAccount Name:\t\tNitro 5\r\n\tAccount Domain:\t\tANISH\r\n\tLogon ID:\t\t0x5e27e\r\n\r\nProcess Information:\r\n\tProcess ID:\t0x2314\r\n\tProcess Name:\tC:\\Windows\\System32\\taskhostw.exe\r\n\tExit Status:\t0x0\r\n", "raw_inserts": ["S-1-5-21-1251900359-2259549607-1534340609-1006", "Nitro 5", "ANISH", "0x5e27e", "0x0", "0x2314", "C:\\Windows\\System32\\taskhostw.exe"]}
{"timestamp": "2026-04-07 12:37:16", "event_id": 5156, "channel": "Security", "source": "Microsoft-Windows-Security-Auditing", "computer": "Anish", "event_type": "generic", "event_type_label": "Generic System Event", "severity": "INFO", "severity_int": 0, "user": "adskaccessservice.exe", "ip": "", "process_name": "", "cmdline": "", "logon_type": "", "logon_type_label": "", "logon_risk": "INFO", "privileges": "", "message": "The Windows Filtering Platform has permitted a connection.\r\n\r\nApplication Information:\r\n\tProcess ID:\t\t10124\r\n\tApplication Name:\t\\device\\harddiskvolume4\\program files\\autodesk\\adodis\\v1\\setup\\adskaccessservice.exe\r\n\r\nNetwork Information:\r\n\tDirection:\t\t%%14593\r\n\tSource Address:\t\t127.0.0.1\r\n\tSource Port:\t\t53045\r\n\tDestination Address:\t127.0.0.1\r\n\tDestination Port:\t\t49675\r\n\tProtocol:\t\t6\r\n\tInterface Index:\t\t1\r\n\r\nFilter Information:\r\n\tFilter Origin:\t\tAppContainer Loopback\r\n\tFilter Run-Time ID:\t67110\r\n\t", "raw_inserts": ["10124", "\\device\\harddiskvolume4\\program files\\autodesk\\adodis\\v1\\setup\\adskaccessservice.exe", "%%14593", "127.0.0.1", "53045", "127.0.0.1", "49675", "6", "1", "AppContainer Loopback"]}
{"timestamp": "2026-04-07 12:37:16", "event_id": 5156, "channel": "Security", "source": "Microsoft-Windows-Security-Auditing", "computer": "Anish", "event_type": "generic", "event_type_label": "Generic System Event", "severity": "INFO", "severity_int": 0, "user": "cer_service.exe", "ip": "", "process_name": "", "cmdline": "", "logon_type": "", "logon_type_label": "", "logon_risk": "INFO", "privileges": "", "message": "The Windows Filtering Platform has permitted a connection.\r\n\r\nApplication Information:\r\n\tProcess ID:\t\t5136\r\n\tApplication Name:\t\\device\\harddiskvolume4\\program files\\autodesk\\autodesk cer\\service\\cer_service.exe\r\n\r\nNetwork Information:\r\n\tDirection:\t\t%%14592\r\n\tSource Address:\t\t127.0.0.1\r\n\tSource Port:\t\t53045\r\n\tDestination Address:\t127.0.0.1\r\n\tDestination Port:\t\t49675\r\n\tProtocol:\t\t6\r\n\tInterface Index:\t\t1\r\n\r\nFilter Information:\r\n\tFilter Origin:\t\tAppContainer Loopback\r\n\tFilter Run-Time ID:\t67104\r\n\tLa", "raw_inserts": ["5136", "\\device\\harddiskvolume4\\program files\\autodesk\\autodesk cer\\service\\cer_service.exe", "%%14592", "127.0.0.1", "53045", "127.0.0.1", "49675", "6", "1", "AppContainer Loopback"]}
{"timestamp": "2026-04-07 12:37:17", "event_id": 4670, "channel": "Security", "source": "Microsoft-Windows-Security-Auditing", "computer": "Anish", "event_type": "generic", "event_type_label": "Generic System Event", "severity": "INFO", "severity_int": 0, "user": "services.exe", "ip": "", "process_name": "", "cmdline": "", "logon_type": "", "logon_type_label": "", "logon_risk": "INFO", "privileges": "", "message": "Permissions on an object were changed.\r\n\r\nSubject:\r\n\tSecurity ID:\t\tS-1-5-18\r\n\tAccount Name:\t\tANISH$\r\n\tAccount Domain:\t\tWORKGROUP\r\n\tLogon ID:\t\t0x3e7\r\n\r\nObject:\r\n\tObject Server:\tSecurity\r\n\tObject Type:\tToken\r\n\tObject Name:\t-\r\n\tHandle ID:\t0xf08\r\n\r\nProcess:\r\n\tProcess ID:\t0x544\r\n\tProcess Name:\tC:\\Windows\\System32\\services.exe\r\n\r\nPermissions Change:\r\n\tOriginal Security Descriptor:\tD:(A;;GA;;;SY)(A;;GA;;;LS)\r\n\tNew Security Descriptor:\tD:(A;;GA;;;SY)(A;;RC;;;OW)(A;;GA;;;S-1-5-80-3641914668-2724251012-11", "raw_inserts": ["S-1-5-18", "ANISH$", "WORKGROUP", "0x3e7", "Security", "Token", "-", "0xf08", "D:(A;;GA;;;SY)(A;;GA;;;LS)", "D:(A;;GA;;;SY)(A;;RC;;;OW)(A;;GA;;;S-1-5-80-3641914668-2724251012-1186334157-2460844255-322272688)"]}
{"timestamp": "2026-04-07 12:37:17", "event_id": 5058, "channel": "Security", "source": "Microsoft-Windows-Security-Auditing", "computer": "Anish", "event_type": "generic", "event_type_label": "Generic System Event", "severity": "INFO", "severity_int": 0, "user": "d6087b6a82500ff9bcc691a61c5cd8b3_233b6cf4-3112-43db-b875-4a2c77f9db7e", "ip": "", "process_name": "", "cmdline": "", "logon_type": "", "logon_type_label": "", "logon_risk": "INFO", "privileges": "", "message": "Key file operation.\r\n\r\nSubject:\r\n\tSecurity ID:\t\tS-1-5-21-1251900359-2259549607-1534340609-1006\r\n\tAccount Name:\t\tNitro 5\r\n\tAccount Domain:\t\tANISH\r\n\tLogon ID:\t\t0x5e27e\r\n\r\nProcess Information:\r\n\tProcess ID:\t\t18328\r\n\tProcess Creation Time:\t2026-04-07T06:12:51.6082500Z\r\n\r\nCryptographic Parameters:\r\n\tProvider Name:\tMicrosoft Software Key Storage Provider\r\n\tAlgorithm Name:\tUNKNOWN\r\n\tKey Name:\td34edc6e-267b-4c8b-aea6-7c65f7549889\r\n\tKey Type:\t%%2500\r\n\r\nKey File Operation Information:\r\n\tFile Path:\tC:\\User", "raw_inserts": ["S-1-5-21-1251900359-2259549607-1534340609-1006", "Nitro 5", "ANISH", "0x5e27e", "18328", "2026-04-07T06:12:51.6082500Z", "Microsoft Software Key Storage Provider", "UNKNOWN", "d34edc6e-267b-4c8b-aea6-7c65f7549889", "%%2500"]}
{"timestamp": "2026-04-07 12:37:17", "event_id": 5059, "channel": "Security", "source": "Microsoft-Windows-Security-Auditing", "computer": "Anish", "event_type": "generic", "event_type_label": "Generic System Event", "severity": "INFO", "severity_int": 0, "user": "SYSTEM", "ip": "", "process_name": "", "cmdline": "", "logon_type": "", "logon_type_label": "", "logon_risk": "INFO", "privileges": "", "message": "Key migration operation.\r\n\r\nSubject:\r\n\tSecurity ID:\t\tS-1-5-21-1251900359-2259549607-1534340609-1006\r\n\tAccount Name:\t\tNitro 5\r\n\tAccount Domain:\t\tANISH\r\n\tLogon ID:\t\t0x5e27e\r\n\r\nProcess Information:\r\n\tProcess ID:\t\t18328\r\n\tProcess Creation Time:\t2026-04-07T06:12:51.6082500Z\r\n\r\nCryptographic Parameters:\r\n\tProvider Name:\tMicrosoft Software Key Storage Provider\r\n\tAlgorithm Name:\tECDSA_P384\r\n\tKey Name:\td34edc6e-267b-4c8b-aea6-7c65f7549889\r\n\tKey Type:\t%%2500\r\n\r\nAdditional Information:\r\n\tOperation:\t%%2464\r", "raw_inserts": ["S-1-5-21-1251900359-2259549607-1534340609-1006", "Nitro 5", "ANISH", "0x5e27e", "18328", "2026-04-07T06:12:51.6082500Z", "Microsoft Software Key Storage Provider", "ECDSA_P384", "d34edc6e-267b-4c8b-aea6-7c65f7549889", "%%2500"]}
{"timestamp": "2026-04-07 12:37:17", "event_id": 4673, "channel": "Security", "source": "Microsoft-Windows-Security-Auditing", "computer": "Anish", "event_type": "generic", "event_type_label": "Generic System Event", "severity": "INFO", "severity_int": 0, "user": "CrossDeviceService.exe", "ip": "", "process_name": "", "cmdline": "", "logon_type": "", "logon_type_label": "", "logon_risk": "INFO", "privileges": "", "message": "A privileged service was called.\r\n\r\nSubject:\r\n\tSecurity ID:\t\tS-1-5-21-1251900359-2259549607-1534340609-1006\r\n\tAccount Name:\t\tNitro 5\r\n\tAccount Domain:\t\tANISH\r\n\tLogon ID:\t\t0x5e27e\r\n\r\nService:\r\n\tServer:\tSecurity\r\n\tService Name:\t-\r\n\r\nProcess:\r\n\tProcess ID:\t0x4798\r\n\tProcess Name:\tC:\\Program Files\\WindowsApps\\MicrosoftWindows.CrossDevice_1.26011.30.0_x64__cw5n1h2txyewy\\CrossDeviceService.exe\r\n\r\nService Request Information:\r\n\tPrivileges:\t\tSeLoadDriverPrivilege\r\n", "raw_inserts": ["S-1-5-21-1251900359-2259549607-1534340609-1006", "Nitro 5", "ANISH", "0x5e27e", "Security", "-", "SeLoadDriverPrivilege", "0x4798", "C:\\Program Files\\WindowsApps\\MicrosoftWindows.CrossDevice_1.26011.30.0_x64__cw5n1h2txyewy\\CrossDeviceService.exe"]}
{"timestamp": "2026-04-07 12:37:17", "event_id": 113, "channel": "System", "source": "Microsoft-Windows-HttpService", "computer": "Anish", "event_type": "generic", "event_type_label": "Generic System Event", "severity": "INFO", "severity_int": 0, "user": "svchost.exe", "ip": "", "process_name": "", "cmdline": "", "logon_type": "", "logon_type_label": "", "logon_risk": "INFO", "privileges": "", "message": "Attempted to add URL (http://*:2869/) to URL group (18302628929120239618). Status: 0. Process Id 19412 Executable path \\Device\\HarddiskVolume4\\Windows\\System32\\svchost.exe, User S-1-5-19\r\n", "raw_inserts": ["18302628929120239618", "http://*:2869/", "0", "19412", "\\Device\\HarddiskVolume4\\Windows\\System32\\svchost.exe", "S-1-5-19"]}
{"timestamp": "2026-04-07 12:37:17", "event_id": 5158, "channel": "Security", "source": "Microsoft-Windows-Security-Auditing", "computer": "Anish", "event_type": "generic", "event_type_label": "Generic System Event", "severity": "INFO", "severity_int": 0, "user": "SYSTEM", "ip": "", "process_name": "", "cmdline": "", "logon_type": "", "logon_type_label": "", "logon_risk": "INFO", "privileges": "", "message": "The Windows Filtering Platform has permitted a bind to a local port.\r\n\r\nApplication Information:\r\n\tProcess ID:\t\t4\r\n\tApplication Name:\tSystem\r\n\r\nNetwork Information:\r\n\tSource Address:\t\t::\r\n\tSource Port:\t\t2869\r\n\tProtocol:\t\t6\r\n\r\nFilter Information:\r\n\tFilter Run-Time ID:\t0\r\n\tLayer Name:\t\t%%14608\r\n\tLayer Run-Time ID:\t38\r\n", "raw_inserts": ["4", "System", "::", "2869", "6", "0", "%%14608", "38"]}
{"timestamp": "2026-04-07 12:37:17", "event_id": 5154, "channel": "Security", "source": "Microsoft-Windows-Security-Auditing", "computer": "Anish", "event_type": "generic", "event_type_label": "Generic System Event", "severity": "INFO", "severity_int": 0, "user": "SYSTEM", "ip": "", "process_name": "", "cmdline": "", "logon_type": "", "logon_type_label": "", "logon_risk": "INFO", "privileges": "", "message": "The Windows Filtering Platform has permitted an application or service to listen on a port for incoming connections.\r\n\r\nApplication Information:\r\n\tProcess ID:\t\t4\r\n\tApplication Name:\tSystem\r\n\r\nNetwork Information:\r\n\tSource Address:\t\t::\r\n\tSource Port:\t\t2869\r\n\tProtocol:\t\t6\r\n\r\nFilter Information:\r\n\tFilter Run-Time ID:\t0\r\n\tLayer Name:\t\t%%14609\r\n\tLayer Run-Time ID:\t42\r\n", "raw_inserts": ["4", "System", "::", "2869", "6", "0", "%%14609", "42"]}
{"timestamp": "2026-04-07 12:37:17", "event_id": 5156, "channel": "Security", "source": "Microsoft-Windows-Security-Auditing", "computer": "Anish", "event_type": "generic", "event_type_label": "Generic System Event", "severity": "INFO", "severity_int": 0, "user": "svchost.exe", "ip": "", "process_name": "", "cmdline": "", "logon_type": "", "logon_type_label": "", "logon_risk": "INFO", "privileges": "", "message": "The Windows Filtering Platform has permitted a connection.\r\n\r\nApplication Information:\r\n\tProcess ID:\t\t7720\r\n\tApplication Name:\t\\device\\harddiskvolume4\\windows\\system32\\svchost.exe\r\n\r\nNetwork Information:\r\n\tDirection:\t\t%%14592\r\n\tSource Address:\t\t127.0.0.1\r\n\tSource Port:\t\t1900\r\n\tDestination Address:\t239.255.255.250\r\n\tDestination Port:\t\t1900\r\n\tProtocol:\t\t17\r\n\tInterface Index:\t\t1\r\n\r\nFilter Information:\r\n\tFilter Origin:\t\tAppContainer Loopback\r\n\tFilter Run-Time ID:\t67104\r\n\tLayer Name:\t\t%%14610\r\n\tLayer", "raw_inserts": ["7720", "\\device\\harddiskvolume4\\windows\\system32\\svchost.exe", "%%14592", "127.0.0.1", "1900", "239.255.255.250", "1900", "17", "1", "AppContainer Loopback"]}
{"timestamp": "2026-04-07 12:37:17", "event_id": 5158, "channel": "Security", "source": "Microsoft-Windows-Security-Auditing", "computer": "Anish", "event_type": "generic", "event_type_label": "Generic System Event", "severity": "INFO", "severity_int": 0, "user": "crossdeviceservice.exe", "ip": "", "process_name": "", "cmdline": "", "logon_type": "", "logon_type_label": "", "logon_risk": "INFO", "privileges": "", "message": "The Windows Filtering Platform has permitted a bind to a local port.\r\n\r\nApplication Information:\r\n\tProcess ID:\t\t18328\r\n\tApplication Name:\t\\device\\harddiskvolume4\\program files\\windowsapps\\microsoftwindows.crossdevice_1.26011.30.0_x64__cw5n1h2txyewy\\crossdeviceservice.exe\r\n\r\nNetwork Information:\r\n\tSource Address:\t\t::\r\n\tSource Port:\t\t53046\r\n\tProtocol:\t\t6\r\n\r\nFilter Information:\r\n\tFilter Run-Time ID:\t0\r\n\tLayer Name:\t\t%%14608\r\n\tLayer Run-Time ID:\t38\r\n", "raw_inserts": ["18328", "\\device\\harddiskvolume4\\program files\\windowsapps\\microsoftwindows.crossdevice_1.26011.30.0_x64__cw5n1h2txyewy\\crossdeviceservice.exe", "::", "53046", "6", "0", "%%14608", "38"]}
{"timestamp": "2026-04-07 12:37:17", "event_id": 5156, "channel": "Security", "source": "Microsoft-Windows-Security-Auditing", "computer": "Anish", "event_type": "generic", "event_type_label": "Generic System Event", "severity": "INFO", "severity_int": 0, "user": "crossdeviceservice.exe", "ip": "", "process_name": "", "cmdline": "", "logon_type": "", "logon_type_label": "", "logon_risk": "INFO", "privileges": "", "message": "The Windows Filtering Platform has permitted a connection.\r\n\r\nApplication Information:\r\n\tProcess ID:\t\t18328\r\n\tApplication Name:\t\\device\\harddiskvolume4\\program files\\windowsapps\\microsoftwindows.crossdevice_1.26011.30.0_x64__cw5n1h2txyewy\\crossdeviceservice.exe\r\n\r\nNetwork Information:\r\n\tDirection:\t\t%%14593\r\n\tSource Address:\t\t10.156.117.84\r\n\tSource Port:\t\t53046\r\n\tDestination Address:\t13.107.9.158\r\n\tDestination Port:\t\t443\r\n\tProtocol:\t\t6\r\n\tInterface Index:\t\t3\r\n\r\nFilter Information:\r\n\tFilter Origin:", "raw_inserts": ["18328", "\\device\\harddiskvolume4\\program files\\windowsapps\\microsoftwindows.crossdevice_1.26011.30.0_x64__cw5n1h2txyewy\\crossdeviceservice.exe", "%%14593", "10.156.117.84", "53046", "13.107.9.158", "443", "6", "3", "Unknown"]}
{"timestamp": "2026-04-07 12:37:17", "event_id": 4689, "channel": "Security", "source": "Microsoft-Windows-Security-Auditing", "computer": "Anish", "event_type": "generic", "event_type_label": "Generic System Event", "severity": "INFO", "severity_int": 0, "user": "LogonUI.exe", "ip": "", "process_name": "", "cmdline": "", "logon_type": "", "logon_type_label": "", "logon_risk": "INFO", "privileges": "", "message": "A process has exited.\r\n\r\nSubject:\r\n\tSecurity ID:\t\tS-1-5-18\r\n\tAccount Name:\t\tANISH$\r\n\tAccount Domain:\t\tWORKGROUP\r\n\tLogon ID:\t\t0x3e7\r\n\r\nProcess Information:\r\n\tProcess ID:\t0x8374\r\n\tProcess Name:\tC:\\Windows\\System32\\LogonUI.exe\r\n\tExit Status:\t0x0\r\n", "raw_inserts": ["S-1-5-18", "ANISH$", "WORKGROUP", "0x3e7", "0x0", "0x8374", "C:\\Windows\\System32\\LogonUI.exe"]}
{"timestamp": "2026-04-07 12:37:17", "event_id": 4689, "channel": "Security", "source": "Microsoft-Windows-Security-Auditing", "computer": "Anish", "event_type": "generic", "event_type_label": "Generic System Event", "severity": "INFO", "severity_int": 0, "user": "AtBroker.exe", "ip": "", "process_name": "", "cmdline": "", "logon_type": "", "logon_type_label": "", "logon_risk": "INFO", "privileges": "", "message": "A process has exited.\r\n\r\nSubject:\r\n\tSecurity ID:\t\tS-1-5-21-1251900359-2259549607-1534340609-1006\r\n\tAccount Name:\t\tNitro 5\r\n\tAccount Domain:\t\tANISH\r\n\tLogon ID:\t\t0x5e27e\r\n\r\nProcess Information:\r\n\tProcess ID:\t0x48cc\r\n\tProcess Name:\tC:\\Windows\\System32\\AtBroker.exe\r\n\tExit Status:\t0x1\r\n", "raw_inserts": ["S-1-5-21-1251900359-2259549607-1534340609-1006", "Nitro 5", "ANISH", "0x5e27e", "0x1", "0x48cc", "C:\\Windows\\System32\\AtBroker.exe"]}
{"timestamp": "2026-04-07 12:37:18", "event_id": 4670, "channel": "Security", "source": "Microsoft-Windows-Security-Auditing", "computer": "Anish", "event_type": "generic", "event_type_label": "Generic System Event", "severity": "INFO", "severity_int": 0, "user": "msedgewebview2.exe", "ip": "", "process_name": "", "cmdline": "", "logon_type": "", "logon_type_label": "", "logon_risk": "INFO", "privileges": "", "message": "Permissions on an object were changed.\r\n\r\nSubject:\r\n\tSecurity ID:\t\tS-1-5-21-1251900359-2259549607-1534340609-1006\r\n\tAccount Name:\t\tNitro 5\r\n\tAccount Domain:\t\tANISH\r\n\tLogon ID:\t\t0x5e27e\r\n\r\nObject:\r\n\tObject Server:\tSecurity\r\n\tObject Type:\tToken\r\n\tObject Name:\t-\r\n\tHandle ID:\t0x18a4\r\n\r\nProcess:\r\n\tProcess ID:\t0x45cc\r\n\tProcess Name:\tC:\\Program Files (x86)\\Microsoft\\EdgeWebView\\Application\\146.0.3856.97\\msedgewebview2.exe\r\n\r\nPermissions Change:\r\n\tOriginal Security Descriptor:\tD:(A;;GA;;;S-1-5-21-125190", "raw_inserts": ["S-1-5-21-1251900359-2259549607-1534340609-1006", "Nitro 5", "ANISH", "0x5e27e", "Security", "Token", "-", "0x18a4", "D:(A;;GA;;;S-1-5-21-1251900359-2259549607-1534340609-1006)(A;;GA;;;SY)(A;;GXGR;;;S-1-5-5-0-376586)", "D:(A;;GA;;;S-1-5-21-1251900359-2259549607-1534340609-1006)(A;;GA;;;SY)"]}
{"timestamp": "2026-04-07 12:37:18", "event_id": 4673, "channel": "Security", "source": "Microsoft-Windows-Security-Auditing", "computer": "Anish", "event_type": "generic", "event_type_label": "Generic System Event", "severity": "INFO", "severity_int": 0, "user": "msedgewebview2.exe", "ip": "", "process_name": "", "cmdline": "", "logon_type": "", "logon_type_label": "", "logon_risk": "INFO", "privileges": "", "message": "A privileged service was called.\r\n\r\nSubject:\r\n\tSecurity ID:\t\tS-1-5-21-1251900359-2259549607-1534340609-1006\r\n\tAccount Name:\t\tNitro 5\r\n\tAccount Domain:\t\tANISH\r\n\tLogon ID:\t\t0x5e27e\r\n\r\nService:\r\n\tServer:\tSecurity\r\n\tService Name:\t-\r\n\r\nProcess:\r\n\tProcess ID:\t0x45cc\r\n\tProcess Name:\tC:\\Program Files (x86)\\Microsoft\\EdgeWebView\\Application\\146.0.3856.97\\msedgewebview2.exe\r\n\r\nService Request Information:\r\n\tPrivileges:\t\tSeTcbPrivilege\r\n", "raw_inserts": ["S-1-5-21-1251900359-2259549607-1534340609-1006", "Nitro 5", "ANISH", "0x5e27e", "Security", "-", "SeTcbPrivilege", "0x45cc", "C:\\Program Files (x86)\\Microsoft\\EdgeWebView\\Application\\146.0.3856.97\\msedgewebview2.exe"]}
{"timestamp": "2026-04-07 12:37:18", "event_id": 4688, "channel": "Security", "source": "Microsoft-Windows-Security-Auditing", "computer": "Anish", "event_type": "process_created", "event_type_label": "New Process Created", "severity": "LOW", "severity_int": 1, "user": "Nitro 5", "ip": "", "process_name": "msedgewebview2.exe", "cmdline": "\"c:\\program files (x86)\\microsoft\\edgewebview\\application\\146.0.3856.97\\msedgewebview2.exe\" --type=renderer --noerrdialogs --user-data-dir=\"c:\\users\\nitro 5\\appdata\\local\\packages\\5319275a.whatsappdesktop_cv1g1gvanyjgm\\localcache\\ebwebview\" --webview-exe-name=whatsapp.root.exe --webview-exe-version=1.0.0 --embedded-browser-webview=1 --extension-process --renderer-sub-type=extension --video-capture-use-gpu-memory-buffer --lang=en-us --device-scale-factor=1.25 --num-raster-threads=4 --enable-main-frame-before-activation --renderer-client-id=25 --js-flags=\"--expose-gc --ms-user-locale=en_in\" --time-ticks-at-unix-epoch=-1775542328822867 --launch-time-ticks=3309299250 --ssd-no-pressure-read-main-dll --metrics-shmem-handle=6536,i,3407548112441066083,12946060719476159167,2097152 --field-trial-handle=1996,i,2080035863553207648,4498563800637587614,262144 --variations-seed-version --pseudonymization-salt-handle=2000,i,16991968234703136700,13122488648277212416,4 --trace-process-track-uuid=3190709009737917719 --mojo-platform-channel-handle=5192 /pfhostedapp:1f4ce4e85576482bc70d7a99f10c04c2c7e673ab /prefetch:9", "logon_type": "", "logon_type_label": "", "logon_risk": "INFO", "privileges": "", "message": "A new process has been created.\r\n\r\nCreator Subject:\r\n\tSecurity ID:\t\tS-1-5-21-1251900359-2259549607-1534340609-1006\r\n\tAccount Name:\t\tNitro 5\r\n\tAccount Domain:\t\tANISH\r\n\tLogon ID:\t\t0x5e27e\r\n\r\nTarget Subject:\r\n\tSecurity ID:\t\tS-1-0-0\r\n\tAccount Name:\t\t-\r\n\tAccount Domain:\t\t-\r\n\tLogon ID:\t\t0x0\r\n\r\nProcess Information:\r\n\tNew Process ID:\t\t0x6a64\r\n\tNew Process Name:\tC\r\n\tToken Elevation Type:\t%%1938\r\n\tMandatory Label:\t\tS-1-16-4096\r\n\tCreator Process ID:\t0x45cc\r\n\tCreator Process Name:\tC\r\n\tProcess Command Line:\t", "raw_inserts": ["S-1-5-21-1251900359-2259549607-1534340609-1006", "Nitro 5", "ANISH", "0x5e27e", "0x6a64", "C:\\Program Files (x86)\\Microsoft\\EdgeWebView\\Application\\146.0.3856.97\\msedgewebview2.exe", "%%1938", "0x45cc", "\"C:\\Program Files (x86)\\Microsoft\\EdgeWebView\\Application\\146.0.3856.97\\msedgewebview2.exe\" --type=renderer --noerrdialogs --user-data-dir=\"C:\\Users\\Nitro 5\\AppData\\Local\\Packages\\5319275A.WhatsAppDesktop_cv1g1gvanyjgm\\LocalCache\\EBWebView\" --webview-exe-name=WhatsApp.Root.exe --webview-exe-version=1.0.0 --embedded-browser-webview=1 --extension-process --renderer-sub-type=extension --video-capture-use-gpu-memory-buffer --lang=en-US --device-scale-factor=1.25 --num-raster-threads=4 --enable-main-frame-before-activation --renderer-client-id=25 --js-flags=\"--expose-gc --ms-user-locale=en_IN\" --time-ticks-at-unix-epoch=-1775542328822867 --launch-time-ticks=3309299250 --ssd-no-pressure-read-main-dll --metrics-shmem-handle=6536,i,3407548112441066083,12946060719476159167,2097152 --field-trial-handle=1996,i,2080035863553207648,4498563800637587614,262144 --variations-seed-version --pseudonymization-salt-handle=2000,i,16991968234703136700,13122488648277212416,4 --trace-process-track-uuid=3190709009737917719 --mojo-platform-channel-handle=5192 /pfhostedapp:1f4ce4e85576482bc70d7a99f10c04c2c7e673ab /prefetch:9", "S-1-0-0"]}
{"timestamp": "2026-04-07 12:37:18", "event_id": 4689, "channel": "Security", "source": "Microsoft-Windows-Security-Auditing", "computer": "Anish", "event_type": "generic", "event_type_label": "Generic System Event", "severity": "INFO", "severity_int": 0, "user": "PickerHost.exe", "ip": "", "process_name": "", "cmdline": "", "logon_type": "", "logon_type_label": "", "logon_risk": "INFO", "privileges": "", "message": "A process has exited.\r\n\r\nSubject:\r\n\tSecurity ID:\t\tS-1-5-21-1251900359-2259549607-1534340609-1006\r\n\tAccount Name:\t\tNitro 5\r\n\tAccount Domain:\t\tANISH\r\n\tLogon ID:\t\t0x5e27e\r\n\r\nProcess Information:\r\n\tProcess ID:\t0x70b4\r\n\tProcess Name:\tC:\\Windows\\System32\\PickerHost.exe\r\n\tExit Status:\t0x0\r\n", "raw_inserts": ["S-1-5-21-1251900359-2259549607-1534340609-1006", "Nitro 5", "ANISH", "0x5e27e", "0x0", "0x70b4", "C:\\Windows\\System32\\PickerHost.exe"]}
{"timestamp": "2026-04-07 12:37:18", "event_id": 5156, "channel": "Security", "source": "Microsoft-Windows-Security-Auditing", "computer": "Anish", "event_type": "generic", "event_type_label": "Generic System Event", "severity": "INFO", "severity_int": 0, "user": "msedgewebview2.exe", "ip": "", "process_name": "", "cmdline": "", "logon_type": "", "logon_type_label": "", "logon_risk": "INFO", "privileges": "", "message": "The Windows Filtering Platform has permitted a connection.\r\n\r\nApplication Information:\r\n\tProcess ID:\t\t25108\r\n\tApplication Name:\t\\device\\harddiskvolume4\\program files (x86)\\microsoft\\edgewebview\\application\\146.0.3856.97\\msedgewebview2.exe\r\n\r\nNetwork Information:\r\n\tDirection:\t\t%%14593\r\n\tSource Address:\t\t10.156.117.84\r\n\tSource Port:\t\t63685\r\n\tDestination Address:\t1.1.1.1\r\n\tDestination Port:\t\t53\r\n\tProtocol:\t\t17\r\n\tInterface Index:\t\t3\r\n\r\nFilter Information:\r\n\tFilter Origin:\t\tUnknown\r\n\tFilter Run-Time ", "raw_inserts": ["25108", "\\device\\harddiskvolume4\\program files (x86)\\microsoft\\edgewebview\\application\\146.0.3856.97\\msedgewebview2.exe", "%%14593", "10.156.117.84", "63685", "1.1.1.1", "53", "17", "3", "Unknown"]}
{"timestamp": "2026-04-07 12:37:19", "event_id": 4673, "channel": "Security", "source": "Microsoft-Windows-Security-Auditing", "computer": "Anish", "event_type": "generic", "event_type_label": "Generic System Event", "severity": "INFO", "severity_int": 0, "user": "lghub_agent.exe", "ip": "", "process_name": "", "cmdline": "", "logon_type": "", "logon_type_label": "", "logon_risk": "INFO", "privileges": "", "message": "A privileged service was called.\r\n\r\nSubject:\r\n\tSecurity ID:\t\tS-1-5-21-1251900359-2259549607-1534340609-1006\r\n\tAccount Name:\t\tNitro 5\r\n\tAccount Domain:\t\tANISH\r\n\tLogon ID:\t\t0x5e27e\r\n\r\nService:\r\n\tServer:\tSecurity\r\n\tService Name:\t-\r\n\r\nProcess:\r\n\tProcess ID:\t0x2664\r\n\tProcess Name:\tC:\\Program Files\\LGHUB\\lghub_agent.exe\r\n\r\nService Request Information:\r\n\tPrivileges:\t\tSeTcbPrivilege\r\n", "raw_inserts": ["S-1-5-21-1251900359-2259549607-1534340609-1006", "Nitro 5", "ANISH", "0x5e27e", "Security", "-", "SeTcbPrivilege", "0x2664", "C:\\Program Files\\LGHUB\\lghub_agent.exe"]}
{"timestamp": "2026-04-07 12:37:19", "event_id": 4670, "channel": "Security", "source": "Microsoft-Windows-Security-Auditing", "computer": "Anish", "event_type": "generic", "event_type_label": "Generic System Event", "severity": "INFO", "severity_int": 0, "user": "svchost.exe", "ip": "", "process_name": "", "cmdline": "", "logon_type": "", "logon_type_label": "", "logon_risk": "INFO", "privileges": "", "message": "Permissions on an object were changed.\r\n\r\nSubject:\r\n\tSecurity ID:\t\tS-1-5-18\r\n\tAccount Name:\t\tANISH$\r\n\tAccount Domain:\t\tWORKGROUP\r\n\tLogon ID:\t\t0x3e7\r\n\r\nObject:\r\n\tObject Server:\tSecurity\r\n\tObject Type:\tToken\r\n\tObject Name:\t-\r\n\tHandle ID:\t0xd50\r\n\r\nProcess:\r\n\tProcess ID:\t0x1700\r\n\tProcess Name:\tC:\\Windows\\System32\\svchost.exe\r\n\r\nPermissions Change:\r\n\tOriginal Security Descriptor:\tD:(A;;GA;;;SY)(A;;GA;;;NS)\r\n\tNew Security Descriptor:\tD:(A;;GA;;;SY)(A;;RC;;;OW)(A;;GA;;;S-1-5-86-615999462-62705297-29112", "raw_inserts": ["S-1-5-18", "ANISH$", "WORKGROUP", "0x3e7", "Security", "Token", "-", "0xd50", "D:(A;;GA;;;SY)(A;;GA;;;NS)", "D:(A;;GA;;;SY)(A;;RC;;;OW)(A;;GA;;;S-1-5-86-615999462-62705297-2911207457-59056572-3668589837)"]}
{"timestamp": "2026-04-07 12:37:19", "event_id": 4688, "channel": "Security", "source": "Microsoft-Windows-Security-Auditing", "computer": "Anish", "event_type": "process_created", "event_type_label": "New Process Created", "severity": "LOW", "severity_int": 1, "user": "ANISH$", "ip": "", "process_name": "securityhealthhost.exe", "cmdline": "\\\\?\\c:\\windows\\system32\\securityhealth\\10.0.29510.1001-0\\securityhealthhost.exe {08728914-3f57-4d52-9e31-49daeca5a80a} -embedding", "logon_type": "", "logon_type_label": "", "logon_risk": "INFO", "privileges": "", "message": "A new process has been created.\r\n\r\nCreator Subject:\r\n\tSecurity ID:\t\tS-1-5-18\r\n\tAccount Name:\t\tANISH$\r\n\tAccount Domain:\t\tWORKGROUP\r\n\tLogon ID:\t\t0x3e7\r\n\r\nTarget Subject:\r\n\tSecurity ID:\t\tS-1-5-21-1251900359-2259549607-1534340609-1006\r\n\tAccount Name:\t\tNitro 5\r\n\tAccount Domain:\t\tANISH\r\n\tLogon ID:\t\t0x5e27e\r\n\r\nProcess Information:\r\n\tNew Process ID:\t\t0x32b4\r\n\tNew Process Name:\tC\r\n\tToken Elevation Type:\t%%1938\r\n\tMandatory Label:\t\tS-1-16-8192\r\n\tCreator Process ID:\t0x63c\r\n\tCreator Process Name:\tC\r\n\tProcess", "raw_inserts": ["S-1-5-18", "ANISH$", "WORKGROUP", "0x3e7", "0x32b4", "C:\\Windows\\System32\\SecurityHealth\\10.0.29510.1001-0\\SecurityHealthHost.exe", "%%1938", "0x63c", "\\\\?\\C:\\Windows\\System32\\SecurityHealth\\10.0.29510.1001-0\\SecurityHealthHost.exe {08728914-3F57-4D52-9E31-49DAECA5A80A} -Embedding", "S-1-5-21-1251900359-2259549607-1534340609-1006"]}
{"timestamp": "2026-04-07 12:37:19", "event_id": 4689, "channel": "Security", "source": "Microsoft-Windows-Security-Auditing", "computer": "Anish", "event_type": "generic", "event_type_label": "Generic System Event", "severity": "INFO", "severity_int": 0, "user": "SecurityHealthHost.exe", "ip": "", "process_name": "", "cmdline": "", "logon_type": "", "logon_type_label": "", "logon_risk": "INFO", "privileges": "", "message": "A process has exited.\r\n\r\nSubject:\r\n\tSecurity ID:\t\tS-1-5-21-1251900359-2259549607-1534340609-1006\r\n\tAccount Name:\t\tNitro 5\r\n\tAccount Domain:\t\tANISH\r\n\tLogon ID:\t\t0x5e27e\r\n\r\nProcess Information:\r\n\tProcess ID:\t0x32b4\r\n\tProcess Name:\tC:\\Windows\\System32\\SecurityHealth\\10.0.29510.1001-0\\SecurityHealthHost.exe\r\n\tExit Status:\t0x0\r\n", "raw_inserts": ["S-1-5-21-1251900359-2259549607-1534340609-1006", "Nitro 5", "ANISH", "0x5e27e", "0x0", "0x32b4", "C:\\Windows\\System32\\SecurityHealth\\10.0.29510.1001-0\\SecurityHealthHost.exe"]}
{"timestamp": "2026-04-07 12:37:20", "event_id": 5158, "channel": "Security", "source": "Microsoft-Windows-Security-Auditing", "computer": "Anish", "event_type": "generic", "event_type_label": "Generic System Event", "severity": "INFO", "severity_int": 0, "user": "msedgewebview2.exe", "ip": "", "process_name": "", "cmdline": "", "logon_type": "", "logon_type_label": "", "logon_risk": "INFO", "privileges": "", "message": "The Windows Filtering Platform has permitted a bind to a local port.\r\n\r\nApplication Information:\r\n\tProcess ID:\t\t25108\r\n\tApplication Name:\t\\device\\harddiskvolume4\\program files (x86)\\microsoft\\edgewebview\\application\\146.0.3856.97\\msedgewebview2.exe\r\n\r\nNetwork Information:\r\n\tSource Address:\t\t::\r\n\tSource Port:\t\t52635\r\n\tProtocol:\t\t17\r\n\r\nFilter Information:\r\n\tFilter Run-Time ID:\t0\r\n\tLayer Name:\t\t%%14608\r\n\tLayer Run-Time ID:\t36\r\n", "raw_inserts": ["25108", "\\device\\harddiskvolume4\\program files (x86)\\microsoft\\edgewebview\\application\\146.0.3856.97\\msedgewebview2.exe", "::", "52635", "17", "0", "%%14608", "36"]}
{"timestamp": "2026-04-07 12:37:20", "event_id": 5058, "channel": "Security", "source": "Microsoft-Windows-Security-Auditing", "computer": "Anish", "event_type": "generic", "event_type_label": "Generic System Event", "severity": "INFO", "severity_int": 0, "user": "bc0fde8e59278e1a121f4fa67ca05b45_233b6cf4-3112-43db-b875-4a2c77f9db7e", "ip": "", "process_name": "", "cmdline": "", "logon_type": "", "logon_type_label": "", "logon_risk": "INFO", "privileges": "", "message": "Key file operation.\r\n\r\nSubject:\r\n\tSecurity ID:\t\tS-1-5-21-1251900359-2259549607-1534340609-1006\r\n\tAccount Name:\t\tNitro 5\r\n\tAccount Domain:\t\tANISH\r\n\tLogon ID:\t\t0x5e27e\r\n\r\nProcess Information:\r\n\tProcess ID:\t\t9828\r\n\tProcess Creation Time:\t2026-04-07T06:13:07.8861146Z\r\n\r\nCryptographic Parameters:\r\n\tProvider Name:\tMicrosoft Software Key Storage Provider\r\n\tAlgorithm Name:\tUNKNOWN\r\n\tKey Name:\t62c0f00836fa4babafc1401c52365eff35c3bd9c10604611ae36abe1a0e3af97711fdca1aa0142eda53f8e6c68b6bed7985e8c3dbf954b03", "raw_inserts": ["S-1-5-21-1251900359-2259549607-1534340609-1006", "Nitro 5", "ANISH", "0x5e27e", "9828", "2026-04-07T06:13:07.8861146Z", "Microsoft Software Key Storage Provider", "UNKNOWN", "62c0f00836fa4babafc1401c52365eff35c3bd9c10604611ae36abe1a0e3af97711fdca1aa0142eda53f8e6c68b6bed7985e8c3dbf954b03b4a71e9d8da31f3f", "%%2500"]}
{"timestamp": "2026-04-07 12:37:20", "event_id": 5156, "channel": "Security", "source": "Microsoft-Windows-Security-Auditing", "computer": "Anish", "event_type": "generic", "event_type_label": "Generic System Event", "severity": "INFO", "severity_int": 0, "user": "lghub_agent.exe", "ip": "", "process_name": "", "cmdline": "", "logon_type": "", "logon_type_label": "", "logon_risk": "INFO", "privileges": "", "message": "The Windows Filtering Platform has permitted a connection.\r\n\r\nApplication Information:\r\n\tProcess ID:\t\t9828\r\n\tApplication Name:\t\\device\\harddiskvolume4\\program files\\lghub\\lghub_agent.exe\r\n\r\nNetwork Information:\r\n\tDirection:\t\t%%14593\r\n\tSource Address:\t\t127.0.0.1\r\n\tSource Port:\t\t31791\r\n\tDestination Address:\t127.0.0.1\r\n\tDestination Port:\t\t31790\r\n\tProtocol:\t\t6\r\n\tInterface Index:\t\t1\r\n\r\nFilter Information:\r\n\tFilter Origin:\t\tAppContainer Loopback\r\n\tFilter Run-Time ID:\t67110\r\n\tLayer Name:\t\t%%14611\r\n\tLay", "raw_inserts": ["9828", "\\device\\harddiskvolume4\\program files\\lghub\\lghub_agent.exe", "%%14593", "127.0.0.1", "31791", "127.0.0.1", "31790", "6", "1", "AppContainer Loopback"]}
{"timestamp": "2026-04-07 12:37:20", "event_id": 4689, "channel": "Security", "source": "Microsoft-Windows-Security-Auditing", "computer": "Anish", "event_type": "generic", "event_type_label": "Generic System Event", "severity": "INFO", "severity_int": 0, "user": "ctfmon.exe", "ip": "", "process_name": "", "cmdline": "", "logon_type": "", "logon_type_label": "", "logon_risk": "INFO", "privileges": "", "message": "A process has exited.\r\n\r\nSubject:\r\n\tSecurity ID:\t\tS-1-5-18\r\n\tAccount Name:\t\tANISH$\r\n\tAccount Domain:\t\tWORKGROUP\r\n\tLogon ID:\t\t0x3e7\r\n\r\nProcess Information:\r\n\tProcess ID:\t0x86d4\r\n\tProcess Name:\tC:\\Windows\\System32\\ctfmon.exe\r\n\tExit Status:\t0x0\r\n", "raw_inserts": ["S-1-5-18", "ANISH$", "WORKGROUP", "0x3e7", "0x0", "0x86d4", "C:\\Windows\\System32\\ctfmon.exe"]}
{"timestamp": "2026-04-07 12:37:24", "event_id": 5156, "channel": "Security", "source": "Microsoft-Windows-Security-Auditing", "computer": "Anish", "event_type": "generic", "event_type_label": "Generic System Event", "severity": "INFO", "severity_int": 0, "user": "svchost.exe", "ip": "", "process_name": "", "cmdline": "", "logon_type": "", "logon_type_label": "", "logon_risk": "INFO", "privileges": "", "message": "The Windows Filtering Platform has permitted a connection.\r\n\r\nApplication Information:\r\n\tProcess ID:\t\t3164\r\n\tApplication Name:\t\\device\\harddiskvolume4\\windows\\system32\\svchost.exe\r\n\r\nNetwork Information:\r\n\tDirection:\t\t%%14593\r\n\tSource Address:\t\t10.156.117.84\r\n\tSource Port:\t\t53360\r\n\tDestination Address:\t1.0.0.1\r\n\tDestination Port:\t\t53\r\n\tProtocol:\t\t17\r\n\tInterface Index:\t\t3\r\n\r\nFilter Information:\r\n\tFilter Origin:\t\tUnknown\r\n\tFilter Run-Time ID:\t0\r\n\tLayer Name:\t\t%%14611\r\n\tLayer Run-Time ID:\t48\r\n\tRemo", "raw_inserts": ["3164", "\\device\\harddiskvolume4\\windows\\system32\\svchost.exe", "%%14593", "10.156.117.84", "53360", "1.0.0.1", "53", "17", "3", "Unknown"]}
{"timestamp": "2026-04-07 12:37:25", "event_id": 4689, "channel": "Security", "source": "Microsoft-Windows-Security-Auditing", "computer": "Anish", "event_type": "generic", "event_type_label": "Generic System Event", "severity": "INFO", "severity_int": 0, "user": "RuntimeBroker.exe", "ip": "", "process_name": "", "cmdline": "", "logon_type": "", "logon_type_label": "", "logon_risk": "INFO", "privileges": "", "message": "A process has exited.\r\n\r\nSubject:\r\n\tSecurity ID:\t\tS-1-5-21-1251900359-2259549607-1534340609-1006\r\n\tAccount Name:\t\tNitro 5\r\n\tAccount Domain:\t\tANISH\r\n\tLogon ID:\t\t0x5e27e\r\n\r\nProcess Information:\r\n\tProcess ID:\t0x776c\r\n\tProcess Name:\tC:\\Windows\\System32\\RuntimeBroker.exe\r\n\tExit Status:\t0x0\r\n", "raw_inserts": ["S-1-5-21-1251900359-2259549607-1534340609-1006", "Nitro 5", "ANISH", "0x5e27e", "0x0", "0x776c", "C:\\Windows\\System32\\RuntimeBroker.exe"]}
{"timestamp": "2026-04-07 12:37:26", "event_id": 5156, "channel": "Security", "source": "Microsoft-Windows-Security-Auditing", "computer": "Anish", "event_type": "generic", "event_type_label": "Generic System Event", "severity": "INFO", "severity_int": 0, "user": "lghub_agent.exe", "ip": "", "process_name": "", "cmdline": "", "logon_type": "", "logon_type_label": "", "logon_risk": "INFO", "privileges": "", "message": "The Windows Filtering Platform has permitted a connection.\r\n\r\nApplication Information:\r\n\tProcess ID:\t\t9828\r\n\tApplication Name:\t\\device\\harddiskvolume4\\program files\\lghub\\lghub_agent.exe\r\n\r\nNetwork Information:\r\n\tDirection:\t\t%%14593\r\n\tSource Address:\t\t127.0.0.1\r\n\tSource Port:\t\t31801\r\n\tDestination Address:\t127.0.0.1\r\n\tDestination Port:\t\t28194\r\n\tProtocol:\t\t6\r\n\tInterface Index:\t\t1\r\n\r\nFilter Information:\r\n\tFilter Origin:\t\tAppContainer Loopback\r\n\tFilter Run-Time ID:\t67110\r\n\tLayer Name:\t\t%%14611\r\n\tLay", "raw_inserts": ["9828", "\\device\\harddiskvolume4\\program files\\lghub\\lghub_agent.exe", "%%14593", "127.0.0.1", "31801", "127.0.0.1", "28194", "6", "1", "AppContainer Loopback"]}
{"timestamp": "2026-04-07 12:37:26", "event_id": 5156, "channel": "Security", "source": "Microsoft-Windows-Security-Auditing", "computer": "Anish", "event_type": "generic", "event_type_label": "Generic System Event", "severity": "INFO", "severity_int": 0, "user": "adskaccessservice.exe", "ip": "", "process_name": "", "cmdline": "", "logon_type": "", "logon_type_label": "", "logon_risk": "INFO", "privileges": "", "message": "The Windows Filtering Platform has permitted a connection.\r\n\r\nApplication Information:\r\n\tProcess ID:\t\t10124\r\n\tApplication Name:\t\\device\\harddiskvolume4\\program files\\autodesk\\adodis\\v1\\setup\\adskaccessservice.exe\r\n\r\nNetwork Information:\r\n\tDirection:\t\t%%14593\r\n\tSource Address:\t\t127.0.0.1\r\n\tSource Port:\t\t31802\r\n\tDestination Address:\t127.0.0.1\r\n\tDestination Port:\t\t49675\r\n\tProtocol:\t\t6\r\n\tInterface Index:\t\t1\r\n\r\nFilter Information:\r\n\tFilter Origin:\t\tAppContainer Loopback\r\n\tFilter Run-Time ID:\t67110\r\n\t", "raw_inserts": ["10124", "\\device\\harddiskvolume4\\program files\\autodesk\\adodis\\v1\\setup\\adskaccessservice.exe", "%%14593", "127.0.0.1", "31802", "127.0.0.1", "49675", "6", "1", "AppContainer Loopback"]}
{"timestamp": "2026-04-07 12:37:26", "event_id": 5156, "channel": "Security", "source": "Microsoft-Windows-Security-Auditing", "computer": "Anish", "event_type": "generic", "event_type_label": "Generic System Event", "severity": "INFO", "severity_int": 0, "user": "cer_service.exe", "ip": "", "process_name": "", "cmdline": "", "logon_type": "", "logon_type_label": "", "logon_risk": "INFO", "privileges": "", "message": "The Windows Filtering Platform has permitted a connection.\r\n\r\nApplication Information:\r\n\tProcess ID:\t\t5136\r\n\tApplication Name:\t\\device\\harddiskvolume4\\program files\\autodesk\\autodesk cer\\service\\cer_service.exe\r\n\r\nNetwork Information:\r\n\tDirection:\t\t%%14592\r\n\tSource Address:\t\t127.0.0.1\r\n\tSource Port:\t\t31802\r\n\tDestination Address:\t127.0.0.1\r\n\tDestination Port:\t\t49675\r\n\tProtocol:\t\t6\r\n\tInterface Index:\t\t1\r\n\r\nFilter Information:\r\n\tFilter Origin:\t\tAppContainer Loopback\r\n\tFilter Run-Time ID:\t67104\r\n\tLa", "raw_inserts": ["5136", "\\device\\harddiskvolume4\\program files\\autodesk\\autodesk cer\\service\\cer_service.exe", "%%14592", "127.0.0.1", "31802", "127.0.0.1", "49675", "6", "1", "AppContainer Loopback"]}
{"timestamp": "2026-04-07 12:37:27", "event_id": 5158, "channel": "Security", "source": "Microsoft-Windows-Security-Auditing", "computer": "Anish", "event_type": "generic", "event_type_label": "Generic System Event", "severity": "INFO", "severity_int": 0, "user": "msedgewebview2.exe", "ip": "", "process_name": "", "cmdline": "", "logon_type": "", "logon_type_label": "", "logon_risk": "INFO", "privileges": "", "message": "The Windows Filtering Platform has permitted a bind to a local port.\r\n\r\nApplication Information:\r\n\tProcess ID:\t\t21964\r\n\tApplication Name:\t\\device\\harddiskvolume4\\program files (x86)\\microsoft\\edgewebview\\application\\146.0.3856.97\\msedgewebview2.exe\r\n\r\nNetwork Information:\r\n\tSource Address:\t\t::\r\n\tSource Port:\t\t58786\r\n\tProtocol:\t\t17\r\n\r\nFilter Information:\r\n\tFilter Run-Time ID:\t0\r\n\tLayer Name:\t\t%%14608\r\n\tLayer Run-Time ID:\t36\r\n", "raw_inserts": ["21964", "\\device\\harddiskvolume4\\program files (x86)\\microsoft\\edgewebview\\application\\146.0.3856.97\\msedgewebview2.exe", "::", "58786", "17", "0", "%%14608", "36"]}
{"timestamp": "2026-04-07 12:37:27", "event_id": 4688, "channel": "Security", "source": "Microsoft-Windows-Security-Auditing", "computer": "Anish", "event_type": "process_created", "event_type_label": "New Process Created", "severity": "LOW", "severity_int": 1, "user": "ANISH$", "ip": "", "process_name": "securityhealthhost.exe", "cmdline": "\\\\?\\c:\\windows\\system32\\securityhealth\\10.0.29510.1001-0\\securityhealthhost.exe {08728914-3f57-4d52-9e31-49daeca5a80a} -embedding", "logon_type": "", "logon_type_label": "", "logon_risk": "INFO", "privileges": "", "message": "A new process has been created.\r\n\r\nCreator Subject:\r\n\tSecurity ID:\t\tS-1-5-18\r\n\tAccount Name:\t\tANISH$\r\n\tAccount Domain:\t\tWORKGROUP\r\n\tLogon ID:\t\t0x3e7\r\n\r\nTarget Subject:\r\n\tSecurity ID:\t\tS-1-5-21-1251900359-2259549607-1534340609-1006\r\n\tAccount Name:\t\tNitro 5\r\n\tAccount Domain:\t\tANISH\r\n\tLogon ID:\t\t0x5e27e\r\n\r\nProcess Information:\r\n\tNew Process ID:\t\t0x7930\r\n\tNew Process Name:\tC\r\n\tToken Elevation Type:\t%%1938\r\n\tMandatory Label:\t\tS-1-16-8192\r\n\tCreator Process ID:\t0x63c\r\n\tCreator Process Name:\tC\r\n\tProcess", "raw_inserts": ["S-1-5-18", "ANISH$", "WORKGROUP", "0x3e7", "0x7930", "C:\\Windows\\System32\\SecurityHealth\\10.0.29510.1001-0\\SecurityHealthHost.exe", "%%1938", "0x63c", "\\\\?\\C:\\Windows\\System32\\SecurityHealth\\10.0.29510.1001-0\\SecurityHealthHost.exe {08728914-3F57-4D52-9E31-49DAECA5A80A} -Embedding", "S-1-5-21-1251900359-2259549607-1534340609-1006"]}
{"timestamp": "2026-04-07 12:37:27", "event_id": 4689, "channel": "Security", "source": "Microsoft-Windows-Security-Auditing", "computer": "Anish", "event_type": "generic", "event_type_label": "Generic System Event", "severity": "INFO", "severity_int": 0, "user": "SecurityHealthHost.exe", "ip": "", "process_name": "", "cmdline": "", "logon_type": "", "logon_type_label": "", "logon_risk": "INFO", "privileges": "", "message": "A process has exited.\r\n\r\nSubject:\r\n\tSecurity ID:\t\tS-1-5-21-1251900359-2259549607-1534340609-1006\r\n\tAccount Name:\t\tNitro 5\r\n\tAccount Domain:\t\tANISH\r\n\tLogon ID:\t\t0x5e27e\r\n\r\nProcess Information:\r\n\tProcess ID:\t0x7930\r\n\tProcess Name:\tC:\\Windows\\System32\\SecurityHealth\\10.0.29510.1001-0\\SecurityHealthHost.exe\r\n\tExit Status:\t0x0\r\n", "raw_inserts": ["S-1-5-21-1251900359-2259549607-1534340609-1006", "Nitro 5", "ANISH", "0x5e27e", "0x0", "0x7930", "C:\\Windows\\System32\\SecurityHealth\\10.0.29510.1001-0\\SecurityHealthHost.exe"]}
{"timestamp": "2026-04-07 12:37:30", "event_id": 5156, "channel": "Security", "source": "Microsoft-Windows-Security-Auditing", "computer": "Anish", "event_type": "generic", "event_type_label": "Generic System Event", "severity": "INFO", "severity_int": 0, "user": "firefox.exe", "ip": "", "process_name": "", "cmdline": "", "logon_type": "", "logon_type_label": "", "logon_risk": "INFO", "privileges": "", "message": "The Windows Filtering Platform has permitted a connection.\r\n\r\nApplication Information:\r\n\tProcess ID:\t\t5256\r\n\tApplication Name:\t\\device\\harddiskvolume4\\program files\\mozilla firefox\\firefox.exe\r\n\r\nNetwork Information:\r\n\tDirection:\t\t%%14593\r\n\tSource Address:\t\t127.0.0.1\r\n\tSource Port:\t\t31804\r\n\tDestination Address:\t127.0.0.1\r\n\tDestination Port:\t\t5000\r\n\tProtocol:\t\t6\r\n\tInterface Index:\t\t1\r\n\r\nFilter Information:\r\n\tFilter Origin:\t\tAppContainer Loopback\r\n\tFilter Run-Time ID:\t67110\r\n\tLayer Name:\t\t%%14611\r", "raw_inserts": ["5256", "\\device\\harddiskvolume4\\program files\\mozilla firefox\\firefox.exe", "%%14593", "127.0.0.1", "31804", "127.0.0.1", "5000", "6", "1", "AppContainer Loopback"]}
{"timestamp": "2026-04-07 12:37:30", "event_id": 5156, "channel": "Security", "source": "Microsoft-Windows-Security-Auditing", "computer": "Anish", "event_type": "generic", "event_type_label": "Generic System Event", "severity": "INFO", "severity_int": 0, "user": "python.exe", "ip": "", "process_name": "", "cmdline": "", "logon_type": "", "logon_type_label": "", "logon_risk": "INFO", "privileges": "", "message": "The Windows Filtering Platform has permitted a connection.\r\n\r\nApplication Information:\r\n\tProcess ID:\t\t19868\r\n\tApplication Name:\t\\device\\harddiskvolume4\\users\\nitro 5\\appdata\\local\\programs\\python\\python312\\python.exe\r\n\r\nNetwork Information:\r\n\tDirection:\t\t%%14592\r\n\tSource Address:\t\t127.0.0.1\r\n\tSource Port:\t\t31804\r\n\tDestination Address:\t127.0.0.1\r\n\tDestination Port:\t\t5000\r\n\tProtocol:\t\t6\r\n\tInterface Index:\t\t1\r\n\r\nFilter Information:\r\n\tFilter Origin:\t\tAppContainer Loopback\r\n\tFilter Run-Time ID:\t67104", "raw_inserts": ["19868", "\\device\\harddiskvolume4\\users\\nitro 5\\appdata\\local\\programs\\python\\python312\\python.exe", "%%14592", "127.0.0.1", "31804", "127.0.0.1", "5000", "6", "1", "AppContainer Loopback"]}
{"timestamp": "2026-04-07 12:37:32", "event_id": 5156, "channel": "Security", "source": "Microsoft-Windows-Security-Auditing", "computer": "Anish", "event_type": "generic", "event_type_label": "Generic System Event", "severity": "INFO", "severity_int": 0, "user": "lghub_agent.exe", "ip": "", "process_name": "", "cmdline": "", "logon_type": "", "logon_type_label": "", "logon_risk": "INFO", "privileges": "", "message": "The Windows Filtering Platform has permitted a connection.\r\n\r\nApplication Information:\r\n\tProcess ID:\t\t9828\r\n\tApplication Name:\t\\device\\harddiskvolume4\\program files\\lghub\\lghub_agent.exe\r\n\r\nNetwork Information:\r\n\tDirection:\t\t%%14593\r\n\tSource Address:\t\t127.0.0.1\r\n\tSource Port:\t\t31809\r\n\tDestination Address:\t127.0.0.1\r\n\tDestination Port:\t\t28194\r\n\tProtocol:\t\t6\r\n\tInterface Index:\t\t1\r\n\r\nFilter Information:\r\n\tFilter Origin:\t\tAppContainer Loopback\r\n\tFilter Run-Time ID:\t67110\r\n\tLayer Name:\t\t%%14611\r\n\tLay", "raw_inserts": ["9828", "\\device\\harddiskvolume4\\program files\\lghub\\lghub_agent.exe", "%%14593", "127.0.0.1", "31809", "127.0.0.1", "28194", "6", "1", "AppContainer Loopback"]}
{"timestamp": "2026-04-07 12:37:35", "event_id": 4688, "channel": "Security", "source": "Microsoft-Windows-Security-Auditing", "computer": "Anish", "event_type": "process_created", "event_type_label": "New Process Created", "severity": "LOW", "severity_int": 1, "user": "labuser", "ip": "", "process_name": "runonce.exe", "cmdline": "c:\\windows\\syswow64\\runonce.exe /run6432", "logon_type": "", "logon_type_label": "", "logon_risk": "INFO", "privileges": "", "message": "A new process has been created.\r\n\r\nCreator Subject:\r\n\tSecurity ID:\t\tS-1-5-21-1251900359-2259549607-1534340609-1008\r\n\tAccount Name:\t\tlabuser\r\n\tAccount Domain:\t\tANISH\r\n\tLogon ID:\t\t0x1901bdd\r\n\r\nTarget Subject:\r\n\tSecurity ID:\t\tS-1-0-0\r\n\tAccount Name:\t\t-\r\n\tAccount Domain:\t\t-\r\n\tLogon ID:\t\t0x0\r\n\r\nProcess Information:\r\n\tNew Process ID:\t\t0x8744\r\n\tNew Process Name:\tC\r\n\tToken Elevation Type:\t%%1938\r\n\tMandatory Label:\t\tS-1-16-8192\r\n\tCreator Process ID:\t0x831c\r\n\tCreator Process Name:\tC\r\n\tProcess Command Line", "raw_inserts": ["S-1-5-21-1251900359-2259549607-1534340609-1008", "labuser", "ANISH", "0x1901bdd", "0x8744", "C:\\Windows\\SysWOW64\\runonce.exe", "%%1938", "0x831c", "C:\\WINDOWS\\SysWOW64\\runonce.exe /Run6432", "S-1-0-0"]}
{"timestamp": "2026-04-07 12:37:36", "event_id": 4689, "channel": "Security", "source": "Microsoft-Windows-Security-Auditing", "computer": "Anish", "event_type": "generic", "event_type_label": "Generic System Event", "severity": "INFO", "severity_int": 0, "user": "runonce.exe", "ip": "", "process_name": "", "cmdline": "", "logon_type": "", "logon_type_label": "", "logon_risk": "INFO", "privileges": "", "message": "A process has exited.\r\n\r\nSubject:\r\n\tSecurity ID:\t\tS-1-5-21-1251900359-2259549607-1534340609-1008\r\n\tAccount Name:\t\tlabuser\r\n\tAccount Domain:\t\tANISH\r\n\tLogon ID:\t\t0x1901bdd\r\n\r\nProcess Information:\r\n\tProcess ID:\t0x8744\r\n\tProcess Name:\tC:\\Windows\\SysWOW64\\runonce.exe\r\n\tExit Status:\t0x0\r\n", "raw_inserts": ["S-1-5-21-1251900359-2259549607-1534340609-1008", "labuser", "ANISH", "0x1901bdd", "0x0", "0x8744", "C:\\Windows\\SysWOW64\\runonce.exe"]}
